Sat Dec 05 18:07:18 EST 2020: Peer 1001 is connected from Peer 1002.
Sat Dec 05 18:07:18 EST 2020: Peer 1001 received the 'interested' message from 1002.
Sat Dec 05 18:07:19 EST 2020: Peer 1001 received the 'have' message from 1002 for the piece 13.
Sat Dec 05 18:07:19 EST 2020: Peer 1001 received the 'have' message from 1002 for the piece 46.
Sat Dec 05 18:07:19 EST 2020: Peer 1001 received the 'have' message from 1002 for the piece 56.
Sat Dec 05 18:07:19 EST 2020: Peer 1001 received the 'have' message from 1002 for the piece 11.
Sat Dec 05 18:07:19 EST 2020: Peer 1001 received the 'have' message from 1002 for the piece 0.
Sat Dec 05 18:07:19 EST 2020: Peer 1001 received the 'have' message from 1002 for the piece 28.
Sat Dec 05 18:07:19 EST 2020: Peer 1001 received the 'have' message from 1002 for the piece 2.
Sat Dec 05 18:07:19 EST 2020: Peer 1001 received the 'have' message from 1002 for the piece 1.
Sat Dec 05 18:07:19 EST 2020: Peer 1001 received the 'have' message from 1002 for the piece 23.
Sat Dec 05 18:07:19 EST 2020: Peer 1001 received the 'have' message from 1002 for the piece 57.
Sat Dec 05 18:07:19 EST 2020: Peer 1001 received the 'have' message from 1002 for the piece 40.
Sat Dec 05 18:07:19 EST 2020: Peer 1001 received the 'have' message from 1002 for the piece 37.
Sat Dec 05 18:07:19 EST 2020: Peer 1001 received the 'have' message from 1002 for the piece 63.
Sat Dec 05 18:07:19 EST 2020: Peer 1001 received the 'have' message from 1002 for the piece 34.
Sat Dec 05 18:07:19 EST 2020: Peer 1001 received the 'have' message from 1002 for the piece 44.
Sat Dec 05 18:07:19 EST 2020: Peer 1001 received the 'have' message from 1002 for the piece 47.
Sat Dec 05 18:07:19 EST 2020: Peer 1001 received the 'have' message from 1002 for the piece 66.
Sat Dec 05 18:07:19 EST 2020: Peer 1001 received the 'have' message from 1002 for the piece 45.
Sat Dec 05 18:07:19 EST 2020: Peer 1001 received the 'have' message from 1002 for the piece 31.
Sat Dec 05 18:07:19 EST 2020: Peer 1001 received the 'have' message from 1002 for the piece 54.
Sat Dec 05 18:07:19 EST 2020: Peer 1001 received the 'have' message from 1002 for the piece 24.
Sat Dec 05 18:07:19 EST 2020: Peer 1001 received the 'have' message from 1002 for the piece 25.
Sat Dec 05 18:07:19 EST 2020: Peer 1001 received the 'have' message from 1002 for the piece 20.
Sat Dec 05 18:07:19 EST 2020: Peer 1001 received the 'have' message from 1002 for the piece 30.
Sat Dec 05 18:07:19 EST 2020: Peer 1001 received the 'have' message from 1002 for the piece 60.
Sat Dec 05 18:07:19 EST 2020: Peer 1001 received the 'have' message from 1002 for the piece 32.
Sat Dec 05 18:07:19 EST 2020: Peer 1001 received the 'have' message from 1002 for the piece 4.
Sat Dec 05 18:07:19 EST 2020: Peer 1001 received the 'have' message from 1002 for the piece 50.
Sat Dec 05 18:07:19 EST 2020: Peer 1001 received the 'have' message from 1002 for the piece 12.
Sat Dec 05 18:07:19 EST 2020: Peer 1001 received the 'have' message from 1002 for the piece 7.
Sat Dec 05 18:07:19 EST 2020: Peer 1001 received the 'have' message from 1002 for the piece 26.
Sat Dec 05 18:07:19 EST 2020: Peer 1001 received the 'have' message from 1002 for the piece 53.
Sat Dec 05 18:07:19 EST 2020: Peer 1001 received the 'have' message from 1002 for the piece 62.
Sat Dec 05 18:07:19 EST 2020: Peer 1001 received the 'have' message from 1002 for the piece 49.
Sat Dec 05 18:07:19 EST 2020: Peer 1001 received the 'have' message from 1002 for the piece 18.
Sat Dec 05 18:07:19 EST 2020: Peer 1001 received the 'have' message from 1002 for the piece 6.
Sat Dec 05 18:07:19 EST 2020: Peer 1001 received the 'have' message from 1002 for the piece 65.
Sat Dec 05 18:07:19 EST 2020: Peer 1001 received the 'have' message from 1002 for the piece 38.
Sat Dec 05 18:07:19 EST 2020: Peer 1001 received the 'have' message from 1002 for the piece 16.
Sat Dec 05 18:07:19 EST 2020: Peer 1001 received the 'have' message from 1002 for the piece 27.
Sat Dec 05 18:07:19 EST 2020: Peer 1001 received the 'have' message from 1002 for the piece 15.
Sat Dec 05 18:07:19 EST 2020: Peer 1001 received the 'have' message from 1002 for the piece 9.
Sat Dec 05 18:07:19 EST 2020: Peer 1001 received the 'have' message from 1002 for the piece 43.
Sat Dec 05 18:07:19 EST 2020: Peer 1001 received the 'have' message from 1002 for the piece 19.
Sat Dec 05 18:07:19 EST 2020: Peer 1001 received the 'have' message from 1002 for the piece 48.
Sat Dec 05 18:07:19 EST 2020: Peer 1001 received the 'have' message from 1002 for the piece 22.
Sat Dec 05 18:07:19 EST 2020: Peer 1001 received the 'have' message from 1002 for the piece 5.
Sat Dec 05 18:07:19 EST 2020: Peer 1001 received the 'have' message from 1002 for the piece 8.
Sat Dec 05 18:07:19 EST 2020: Peer 1001 received the 'have' message from 1002 for the piece 3.
Sat Dec 05 18:07:19 EST 2020: Peer 1001 received the 'have' message from 1002 for the piece 61.
Sat Dec 05 18:07:19 EST 2020: Peer 1001 received the 'have' message from 1002 for the piece 29.
Sat Dec 05 18:07:19 EST 2020: Peer 1001 received the 'have' message from 1002 for the piece 55.
Sat Dec 05 18:07:19 EST 2020: Peer 1001 received the 'have' message from 1002 for the piece 39.
Sat Dec 05 18:07:19 EST 2020: Peer 1001 received the 'have' message from 1002 for the piece 51.
Sat Dec 05 18:07:19 EST 2020: Peer 1001 received the 'have' message from 1002 for the piece 59.
Sat Dec 05 18:07:19 EST 2020: Peer 1001 received the 'have' message from 1002 for the piece 33.
Sat Dec 05 18:07:19 EST 2020: Peer 1001 received the 'have' message from 1002 for the piece 14.
Sat Dec 05 18:07:19 EST 2020: Peer 1001 received the 'have' message from 1002 for the piece 36.
Sat Dec 05 18:07:19 EST 2020: Peer 1001 received the 'have' message from 1002 for the piece 41.
Sat Dec 05 18:07:20 EST 2020: Peer 1001 received the 'have' message from 1002 for the piece 35.
Sat Dec 05 18:07:20 EST 2020: Peer 1001 received the 'have' message from 1002 for the piece 17.
Sat Dec 05 18:07:20 EST 2020: Peer 1001 received the 'have' message from 1002 for the piece 58.
Sat Dec 05 18:07:20 EST 2020: Peer 1001 received the 'have' message from 1002 for the piece 42.
Sat Dec 05 18:07:20 EST 2020: Peer 1001 received the 'have' message from 1002 for the piece 21.
Sat Dec 05 18:07:20 EST 2020: Peer 1001 received the 'have' message from 1002 for the piece 64.
Sat Dec 05 18:07:20 EST 2020: Peer 1001 received the 'have' message from 1002 for the piece 10.
Sat Dec 05 18:07:20 EST 2020: Peer 1001 received the 'have' message from 1002 for the piece 52.
Sat Dec 05 18:07:32 EST 2020: Peer 1001 is connected from Peer 1004.
Sat Dec 05 18:07:32 EST 2020: Peer 1001 received the 'interested' message from 1004.
Sat Dec 05 18:07:32 EST 2020: Peer 1001 received the 'have' message from 1004 for the piece 2.
Sat Dec 05 18:07:32 EST 2020: Peer 1001 received the 'have' message from 1004 for the piece 33.
Sat Dec 05 18:07:32 EST 2020: Peer 1001 received the 'have' message from 1004 for the piece 38.
Sat Dec 05 18:07:32 EST 2020: Peer 1001 received the 'have' message from 1004 for the piece 3.
Sat Dec 05 18:07:32 EST 2020: Peer 1001 received the 'have' message from 1004 for the piece 47.
Sat Dec 05 18:07:32 EST 2020: Peer 1001 received the 'have' message from 1004 for the piece 28.
Sat Dec 05 18:07:32 EST 2020: Peer 1001 received the 'have' message from 1004 for the piece 19.
Sat Dec 05 18:07:32 EST 2020: Peer 1001 received the 'have' message from 1004 for the piece 17.
Sat Dec 05 18:07:32 EST 2020: Peer 1001 received the 'have' message from 1004 for the piece 17.
Sat Dec 05 18:07:32 EST 2020: Peer 1001 received the 'have' message from 1004 for the piece 22.
Sat Dec 05 18:07:32 EST 2020: Peer 1001 received the 'have' message from 1004 for the piece 22.
Sat Dec 05 18:07:32 EST 2020: Peer 1001 received the 'have' message from 1004 for the piece 65.
Sat Dec 05 18:07:32 EST 2020: Peer 1001 received the 'have' message from 1004 for the piece 25.
Sat Dec 05 18:07:32 EST 2020: Peer 1001 received the 'have' message from 1004 for the piece 12.
Sat Dec 05 18:07:32 EST 2020: Peer 1001 received the 'have' message from 1004 for the piece 7.
Sat Dec 05 18:07:32 EST 2020: Peer 1001 received the 'have' message from 1004 for the piece 42.
Sat Dec 05 18:07:32 EST 2020: Peer 1001 received the 'have' message from 1004 for the piece 63.
Sat Dec 05 18:07:32 EST 2020: Peer 1001 received the 'have' message from 1004 for the piece 58.
Sat Dec 05 18:07:32 EST 2020: Peer 1001 received the 'have' message from 1004 for the piece 5.
Sat Dec 05 18:07:32 EST 2020: Peer 1001 received the 'have' message from 1004 for the piece 16.
Sat Dec 05 18:07:32 EST 2020: Peer 1001 received the 'have' message from 1004 for the piece 46.
Sat Dec 05 18:07:32 EST 2020: Peer 1001 received the 'have' message from 1004 for the piece 27.
Sat Dec 05 18:07:32 EST 2020: Peer 1001 received the 'have' message from 1004 for the piece 14.
Sat Dec 05 18:07:32 EST 2020: Peer 1001 received the 'have' message from 1004 for the piece 45.
Sat Dec 05 18:07:32 EST 2020: Peer 1001 received the 'have' message from 1004 for the piece 56.
Sat Dec 05 18:07:32 EST 2020: Peer 1001 received the 'have' message from 1004 for the piece 39.
Sat Dec 05 18:07:32 EST 2020: Peer 1001 received the 'have' message from 1004 for the piece 62.
Sat Dec 05 18:07:32 EST 2020: Peer 1001 received the 'have' message from 1004 for the piece 43.
Sat Dec 05 18:07:32 EST 2020: Peer 1001 received the 'have' message from 1004 for the piece 35.
Sat Dec 05 18:07:32 EST 2020: Peer 1001 received the 'have' message from 1004 for the piece 10.
Sat Dec 05 18:07:32 EST 2020: Peer 1001 received the 'have' message from 1004 for the piece 57.
Sat Dec 05 18:07:32 EST 2020: Peer 1001 received the 'have' message from 1004 for the piece 66.
Sat Dec 05 18:07:32 EST 2020: Peer 1001 received the 'have' message from 1004 for the piece 9.
Sat Dec 05 18:07:32 EST 2020: Peer 1001 received the 'have' message from 1004 for the piece 64.
Sat Dec 05 18:07:32 EST 2020: Peer 1001 received the 'have' message from 1004 for the piece 24.
Sat Dec 05 18:07:33 EST 2020: Peer 1001 received the 'have' message from 1004 for the piece 26.
Sat Dec 05 18:07:33 EST 2020: Peer 1001 received the 'have' message from 1004 for the piece 6.
Sat Dec 05 18:07:33 EST 2020: Peer 1001 received the 'have' message from 1004 for the piece 55.
Sat Dec 05 18:07:33 EST 2020: Peer 1001 received the 'have' message from 1004 for the piece 60.
Sat Dec 05 18:07:33 EST 2020: Peer 1001 received the 'have' message from 1004 for the piece 50.
Sat Dec 05 18:07:33 EST 2020: Peer 1001 received the 'have' message from 1004 for the piece 61.
Sat Dec 05 18:07:33 EST 2020: Peer 1001 received the 'have' message from 1004 for the piece 29.
Sat Dec 05 18:07:33 EST 2020: Peer 1001 received the 'have' message from 1004 for the piece 44.
Sat Dec 05 18:07:33 EST 2020: Peer 1001 received the 'have' message from 1004 for the piece 4.
Sat Dec 05 18:07:33 EST 2020: Peer 1001 received the 'have' message from 1004 for the piece 0.
Sat Dec 05 18:07:33 EST 2020: Peer 1001 received the 'have' message from 1004 for the piece 8.
Sat Dec 05 18:07:33 EST 2020: Peer 1001 received the 'have' message from 1004 for the piece 54.
Sat Dec 05 18:07:33 EST 2020: Peer 1001 received the 'have' message from 1004 for the piece 48.
Sat Dec 05 18:07:33 EST 2020: Peer 1001 received the 'have' message from 1004 for the piece 15.
Sat Dec 05 18:07:33 EST 2020: Peer 1001 received the 'have' message from 1004 for the piece 31.
Sat Dec 05 18:07:33 EST 2020: Peer 1001 received the 'have' message from 1004 for the piece 30.
Sat Dec 05 18:07:33 EST 2020: Peer 1001 received the 'have' message from 1004 for the piece 49.
Sat Dec 05 18:07:33 EST 2020: Peer 1001 received the 'have' message from 1004 for the piece 40.
Sat Dec 05 18:07:33 EST 2020: Peer 1001 received the 'have' message from 1004 for the piece 11.
Sat Dec 05 18:07:33 EST 2020: Peer 1001 received the 'have' message from 1004 for the piece 37.
Sat Dec 05 18:07:33 EST 2020: Peer 1001 received the 'have' message from 1004 for the piece 41.
Sat Dec 05 18:07:33 EST 2020: Peer 1001 received the 'have' message from 1004 for the piece 1.
Sat Dec 05 18:07:33 EST 2020: Peer 1001 received the 'have' message from 1004 for the piece 36.
Sat Dec 05 18:07:33 EST 2020: Peer 1001 received the 'have' message from 1004 for the piece 13.
Sat Dec 05 18:07:33 EST 2020: Peer 1001 received the 'have' message from 1004 for the piece 21.
Sat Dec 05 18:07:33 EST 2020: Peer 1001 received the 'have' message from 1004 for the piece 59.
Sat Dec 05 18:07:33 EST 2020: Peer 1001 received the 'have' message from 1004 for the piece 53.
Sat Dec 05 18:07:33 EST 2020: Peer 1001 received the 'have' message from 1004 for the piece 32.
Sat Dec 05 18:07:33 EST 2020: Peer 1001 received the 'have' message from 1004 for the piece 52.
Sat Dec 05 18:07:33 EST 2020: Peer 1001 received the 'have' message from 1004 for the piece 18.
Sat Dec 05 18:07:33 EST 2020: Peer 1001 received the 'have' message from 1004 for the piece 18.
Sat Dec 05 18:07:33 EST 2020: Peer 1001 received the 'have' message from 1004 for the piece 34.
Sat Dec 05 18:07:33 EST 2020: Peer 1001 received the 'have' message from 1004 for the piece 20.
Sat Dec 05 18:07:33 EST 2020: Peer 1001 received the 'have' message from 1004 for the piece 20.
Sat Dec 05 18:07:33 EST 2020: Peer 1001 received the 'have' message from 1004 for the piece 23.
Sat Dec 05 18:07:33 EST 2020: Peer 1001 received the 'have' message from 1004 for the piece 51.
Sat Dec 05 18:07:33 EST 2020: Peer 1001 received the 'have' message from 1004 for the piece 51.
Sat Dec 05 18:07:34 EST 2020: Peer 1001 has the preferred neighbors 1004.
Sat Dec 05 18:07:35 EST 2020: Peer 1001 is connected from Peer 1003.
Sat Dec 05 18:07:35 EST 2020: Peer 1001 received the 'interested' message from 1003.
Sat Dec 05 18:07:35 EST 2020: Peer 1001 received the 'have' message from 1003 for the piece 21.
Sat Dec 05 18:07:35 EST 2020: Peer 1001 received the 'have' message from 1003 for the piece 39.
Sat Dec 05 18:07:35 EST 2020: Peer 1001 received the 'have' message from 1003 for the piece 50.
Sat Dec 05 18:07:36 EST 2020: Peer 1001 received the 'have' message from 1003 for the piece 43.
Sat Dec 05 18:07:36 EST 2020: Peer 1001 received the 'have' message from 1003 for the piece 58.
Sat Dec 05 18:07:36 EST 2020: Peer 1001 received the 'have' message from 1003 for the piece 34.
Sat Dec 05 18:07:36 EST 2020: Peer 1001 received the 'have' message from 1003 for the piece 48.
Sat Dec 05 18:07:36 EST 2020: Peer 1001 received the 'have' message from 1003 for the piece 44.
Sat Dec 05 18:07:36 EST 2020: Peer 1001 received the 'have' message from 1003 for the piece 9.
Sat Dec 05 18:07:36 EST 2020: Peer 1001 received the 'have' message from 1003 for the piece 33.
Sat Dec 05 18:07:36 EST 2020: Peer 1001 received the 'have' message from 1003 for the piece 11.
Sat Dec 05 18:07:36 EST 2020: Peer 1001 received the 'have' message from 1003 for the piece 52.
Sat Dec 05 18:07:36 EST 2020: Peer 1001 received the 'have' message from 1003 for the piece 10.
Sat Dec 05 18:07:36 EST 2020: Peer 1001 received the 'have' message from 1003 for the piece 18.
Sat Dec 05 18:07:36 EST 2020: Peer 1001 received the 'have' message from 1003 for the piece 24.
Sat Dec 05 18:07:36 EST 2020: Peer 1001 received the 'have' message from 1003 for the piece 49.
Sat Dec 05 18:07:36 EST 2020: Peer 1001 received the 'have' message from 1003 for the piece 17.
Sat Dec 05 18:07:36 EST 2020: Peer 1001 received the 'have' message from 1003 for the piece 46.
Sat Dec 05 18:07:36 EST 2020: Peer 1001 received the 'have' message from 1003 for the piece 13.
Sat Dec 05 18:07:36 EST 2020: Peer 1001 received the 'have' message from 1003 for the piece 36.
Sat Dec 05 18:07:36 EST 2020: Peer 1001 received the 'have' message from 1003 for the piece 65.
Sat Dec 05 18:07:36 EST 2020: Peer 1001 received the 'have' message from 1003 for the piece 6.
Sat Dec 05 18:07:36 EST 2020: Peer 1001 received the 'have' message from 1003 for the piece 54.
Sat Dec 05 18:07:36 EST 2020: Peer 1001 received the 'have' message from 1003 for the piece 38.
Sat Dec 05 18:07:36 EST 2020: Peer 1001 received the 'have' message from 1003 for the piece 60.
Sat Dec 05 18:07:36 EST 2020: Peer 1001 received the 'have' message from 1003 for the piece 26.
Sat Dec 05 18:07:36 EST 2020: Peer 1001 received the 'have' message from 1003 for the piece 56.
Sat Dec 05 18:07:36 EST 2020: Peer 1001 received the 'have' message from 1003 for the piece 4.
Sat Dec 05 18:07:36 EST 2020: Peer 1001 received the 'have' message from 1003 for the piece 41.
Sat Dec 05 18:07:36 EST 2020: Peer 1001 received the 'have' message from 1003 for the piece 1.
Sat Dec 05 18:07:36 EST 2020: Peer 1001 received the 'have' message from 1003 for the piece 1.
Sat Dec 05 18:07:36 EST 2020: Peer 1001 received the 'have' message from 1003 for the piece 31.
Sat Dec 05 18:07:36 EST 2020: Peer 1001 received the 'have' message from 1003 for the piece 66.
Sat Dec 05 18:07:36 EST 2020: Peer 1001 received the 'have' message from 1003 for the piece 3.
Sat Dec 05 18:07:36 EST 2020: Peer 1001 received the 'have' message from 1003 for the piece 63.
Sat Dec 05 18:07:36 EST 2020: Peer 1001 received the 'have' message from 1003 for the piece 28.
Sat Dec 05 18:07:36 EST 2020: Peer 1001 received the 'have' message from 1003 for the piece 62.
Sat Dec 05 18:07:36 EST 2020: Peer 1001 received the 'have' message from 1003 for the piece 42.
Sat Dec 05 18:07:36 EST 2020: Peer 1001 received the 'have' message from 1003 for the piece 37.
Sat Dec 05 18:07:36 EST 2020: Peer 1001 received the 'have' message from 1003 for the piece 8.
Sat Dec 05 18:07:36 EST 2020: Peer 1001 received the 'have' message from 1003 for the piece 40.
Sat Dec 05 18:07:36 EST 2020: Peer 1001 received the 'have' message from 1003 for the piece 30.
Sat Dec 05 18:07:36 EST 2020: Peer 1001 received the 'have' message from 1003 for the piece 7.
Sat Dec 05 18:07:36 EST 2020: Peer 1001 received the 'have' message from 1003 for the piece 55.
Sat Dec 05 18:07:36 EST 2020: Peer 1001 received the 'have' message from 1003 for the piece 5.
Sat Dec 05 18:07:36 EST 2020: Peer 1001 received the 'have' message from 1003 for the piece 16.
Sat Dec 05 18:07:36 EST 2020: Peer 1001 received the 'have' message from 1003 for the piece 64.
Sat Dec 05 18:07:36 EST 2020: Peer 1001 received the 'have' message from 1003 for the piece 59.
Sat Dec 05 18:07:36 EST 2020: Peer 1001 received the 'have' message from 1003 for the piece 53.
Sat Dec 05 18:07:36 EST 2020: Peer 1001 received the 'have' message from 1003 for the piece 45.
Sat Dec 05 18:07:36 EST 2020: Peer 1001 received the 'have' message from 1003 for the piece 25.
Sat Dec 05 18:07:36 EST 2020: Peer 1001 received the 'have' message from 1003 for the piece 61.
Sat Dec 05 18:07:36 EST 2020: Peer 1001 received the 'have' message from 1003 for the piece 51.
Sat Dec 05 18:07:36 EST 2020: Peer 1001 received the 'have' message from 1003 for the piece 47.
Sat Dec 05 18:07:36 EST 2020: Peer 1001 received the 'have' message from 1003 for the piece 32.
Sat Dec 05 18:07:36 EST 2020: Peer 1001 received the 'have' message from 1003 for the piece 29.
Sat Dec 05 18:07:36 EST 2020: Peer 1001 received the 'have' message from 1003 for the piece 0.
Sat Dec 05 18:07:36 EST 2020: Peer 1001 received the 'have' message from 1003 for the piece 57.
Sat Dec 05 18:07:36 EST 2020: Peer 1001 received the 'have' message from 1003 for the piece 22.
Sat Dec 05 18:07:36 EST 2020: Peer 1001 received the 'have' message from 1003 for the piece 27.
Sat Dec 05 18:07:36 EST 2020: Peer 1001 received the 'have' message from 1003 for the piece 15.
Sat Dec 05 18:07:36 EST 2020: Peer 1001 received the 'have' message from 1003 for the piece 2.
Sat Dec 05 18:07:36 EST 2020: Peer 1001 received the 'have' message from 1003 for the piece 12.
Sat Dec 05 18:07:36 EST 2020: Peer 1001 received the 'have' message from 1003 for the piece 14.
Sat Dec 05 18:07:36 EST 2020: Peer 1001 received the 'have' message from 1003 for the piece 14.
Sat Dec 05 18:07:36 EST 2020: Peer 1001 received the 'have' message from 1003 for the piece 19.
Sat Dec 05 18:07:36 EST 2020: Peer 1001 received the 'have' message from 1003 for the piece 23.
Sat Dec 05 18:07:36 EST 2020: Peer 1001 received the 'have' message from 1003 for the piece 20.
Sat Dec 05 18:07:36 EST 2020: Peer 1001 received the 'have' message from 1003 for the piece 35.
Sat Dec 05 18:07:36 EST 2020: Peer 1001 received the 'have' message from 1003 for the piece 35.
Sat Dec 05 18:07:37 EST 2020: Peer 1001 has the preferred neighbors 1003.
Sat Dec 05 18:10:24 EST 2020: Peer 1001 is connected from Peer 1004.
Sat Dec 05 18:10:24 EST 2020: Peer 1001 received the 'interested' message from 1004.
Sat Dec 05 18:10:24 EST 2020: Peer 1001 received the 'have' message from 1004 for the piece 16.
Sat Dec 05 18:10:24 EST 2020: Peer 1001 received the 'have' message from 1004 for the piece 6.
Sat Dec 05 18:10:24 EST 2020: Peer 1001 received the 'have' message from 1004 for the piece 49.
Sat Dec 05 18:10:24 EST 2020: Peer 1001 received the 'have' message from 1004 for the piece 18.
Sat Dec 05 18:10:24 EST 2020: Peer 1001 received the 'have' message from 1004 for the piece 42.
Sat Dec 05 18:10:24 EST 2020: Peer 1001 received the 'have' message from 1004 for the piece 13.
Sat Dec 05 18:10:25 EST 2020: Peer 1001 received the 'have' message from 1004 for the piece 54.
Sat Dec 05 18:10:25 EST 2020: Peer 1001 received the 'have' message from 1004 for the piece 53.
Sat Dec 05 18:10:25 EST 2020: Peer 1001 received the 'have' message from 1004 for the piece 4.
Sat Dec 05 18:10:25 EST 2020: Peer 1001 received the 'have' message from 1004 for the piece 34.
Sat Dec 05 18:10:25 EST 2020: Peer 1001 received the 'have' message from 1004 for the piece 65.
Sat Dec 05 18:10:25 EST 2020: Peer 1001 received the 'have' message from 1004 for the piece 26.
Sat Dec 05 18:10:25 EST 2020: Peer 1001 received the 'have' message from 1004 for the piece 14.
Sat Dec 05 18:10:25 EST 2020: Peer 1001 received the 'have' message from 1004 for the piece 55.
Sat Dec 05 18:10:26 EST 2020: Peer 1001 received the 'have' message from 1004 for the piece 22.
Sat Dec 05 18:10:26 EST 2020: Peer 1001 has the preferred neighbors 1004.
Sat Dec 05 18:10:26 EST 2020: Peer 1001 received the 'have' message from 1004 for the piece 43.
Sat Dec 05 18:10:26 EST 2020: Peer 1001 received the 'have' message from 1004 for the piece 31.
Sat Dec 05 18:10:26 EST 2020: Peer 1001 received the 'have' message from 1004 for the piece 41.
Sat Dec 05 18:10:26 EST 2020: Peer 1001 received the 'have' message from 1004 for the piece 23.
Sat Dec 05 18:10:26 EST 2020: Peer 1001 received the 'have' message from 1004 for the piece 41.
Sat Dec 05 18:10:26 EST 2020: Peer 1001 received the 'have' message from 1004 for the piece 62.
Sat Dec 05 18:10:26 EST 2020: Peer 1001 received the 'have' message from 1004 for the piece 64.
Sat Dec 05 18:10:26 EST 2020: Peer 1001 received the 'have' message from 1004 for the piece 3.
Sat Dec 05 18:10:26 EST 2020: Peer 1001 received the 'have' message from 1004 for the piece 56.
Sat Dec 05 18:10:26 EST 2020: Peer 1001 received the 'have' message from 1004 for the piece 44.
Sat Dec 05 18:10:26 EST 2020: Peer 1001 received the 'have' message from 1004 for the piece 48.
Sat Dec 05 18:10:26 EST 2020: Peer 1001 received the 'have' message from 1004 for the piece 37.
Sat Dec 05 18:10:26 EST 2020: Peer 1001 received the 'have' message from 1004 for the piece 15.
Sat Dec 05 18:10:26 EST 2020: Peer 1001 received the 'have' message from 1004 for the piece 38.
Sat Dec 05 18:10:27 EST 2020: Peer 1001 received the 'have' message from 1004 for the piece 66.
Sat Dec 05 18:10:27 EST 2020: Peer 1001 received the 'have' message from 1004 for the piece 57.
Sat Dec 05 18:10:27 EST 2020: Peer 1001 received the 'have' message from 1004 for the piece 2.
Sat Dec 05 18:10:27 EST 2020: Peer 1001 received the 'have' message from 1004 for the piece 47.
Sat Dec 05 18:10:27 EST 2020: Peer 1001 received the 'have' message from 1004 for the piece 21.
Sat Dec 05 18:10:27 EST 2020: Peer 1001 received the 'have' message from 1004 for the piece 50.
Sat Dec 05 18:10:27 EST 2020: Peer 1001 received the 'have' message from 1004 for the piece 51.
Sat Dec 05 18:10:27 EST 2020: Peer 1001 received the 'have' message from 1004 for the piece 46.
Sat Dec 05 18:10:27 EST 2020: Peer 1001 received the 'have' message from 1004 for the piece 27.
Sat Dec 05 18:10:27 EST 2020: Peer 1001 received the 'have' message from 1004 for the piece 0.
Sat Dec 05 18:10:27 EST 2020: Peer 1001 received the 'have' message from 1004 for the piece 45.
Sat Dec 05 18:10:27 EST 2020: Peer 1001 received the 'have' message from 1004 for the piece 52.
Sat Dec 05 18:10:27 EST 2020: Peer 1001 received the 'have' message from 1004 for the piece 10.
Sat Dec 05 18:10:27 EST 2020: Peer 1001 received the 'have' message from 1004 for the piece 24.
Sat Dec 05 18:10:28 EST 2020: Peer 1001 received the 'have' message from 1004 for the piece 25.
Sat Dec 05 18:10:28 EST 2020: Peer 1001 received the 'have' message from 1004 for the piece 5.
Sat Dec 05 18:10:28 EST 2020: Peer 1001 received the 'have' message from 1004 for the piece 35.
Sat Dec 05 18:10:28 EST 2020: Peer 1001 received the 'have' message from 1004 for the piece 58.
Sat Dec 05 18:10:28 EST 2020: Peer 1001 received the 'have' message from 1004 for the piece 35.
Sat Dec 05 18:10:28 EST 2020: Peer 1001 received the 'have' message from 1004 for the piece 39.
Sat Dec 05 18:10:28 EST 2020: Peer 1001 received the 'have' message from 1004 for the piece 60.
Sat Dec 05 18:10:28 EST 2020: Peer 1001 received the 'have' message from 1004 for the piece 60.
Sat Dec 05 18:10:28 EST 2020: Peer 1001 received the 'have' message from 1004 for the piece 63.
Sat Dec 05 18:10:28 EST 2020: Peer 1001 received the 'have' message from 1004 for the piece 40.
Sat Dec 05 18:10:28 EST 2020: Peer 1001 received the 'have' message from 1004 for the piece 32.
Sat Dec 05 18:10:28 EST 2020: Peer 1001 received the 'have' message from 1004 for the piece 20.
Sat Dec 05 18:10:28 EST 2020: Peer 1001 received the 'have' message from 1004 for the piece 1.
Sat Dec 05 18:10:28 EST 2020: Peer 1001 received the 'have' message from 1004 for the piece 12.
Sat Dec 05 18:10:28 EST 2020: Peer 1001 received the 'have' message from 1004 for the piece 36.
Sat Dec 05 18:10:29 EST 2020: Peer 1001 received the 'have' message from 1004 for the piece 19.
Sat Dec 05 18:10:29 EST 2020: Peer 1001 received the 'have' message from 1004 for the piece 17.
Sat Dec 05 18:10:29 EST 2020: Peer 1001 received the 'have' message from 1004 for the piece 11.
Sat Dec 05 18:10:29 EST 2020: Peer 1001 received the 'have' message from 1004 for the piece 59.
Sat Dec 05 18:10:29 EST 2020: Peer 1001 received the 'have' message from 1004 for the piece 7.
Sat Dec 05 18:10:29 EST 2020: Peer 1001 received the 'have' message from 1004 for the piece 59.
Sat Dec 05 18:10:29 EST 2020: Peer 1001 received the 'have' message from 1004 for the piece 7.
Sat Dec 05 18:10:29 EST 2020: Peer 1001 received the 'have' message from 1004 for the piece 28.
Sat Dec 05 18:10:29 EST 2020: Peer 1001 received the 'have' message from 1004 for the piece 30.
Sat Dec 05 18:10:29 EST 2020: Peer 1001 received the 'have' message from 1004 for the piece 8.
Sat Dec 05 18:10:29 EST 2020: Peer 1001 received the 'have' message from 1004 for the piece 29.
Sat Dec 05 18:10:29 EST 2020: Peer 1001 received the 'have' message from 1004 for the piece 61.
Sat Dec 05 18:10:29 EST 2020: Peer 1001 received the 'have' message from 1004 for the piece 9.
Sat Dec 05 18:10:29 EST 2020: Peer 1001 received the 'have' message from 1004 for the piece 9.
Sat Dec 05 18:10:29 EST 2020: Peer 1001 received the 'have' message from 1004 for the piece 9.
Sat Dec 05 18:10:29 EST 2020: Peer 1001 received the 'have' message from 1004 for the piece 33.
Sat Dec 05 18:10:29 EST 2020: Peer 1001 received the 'have' message from 1004 for the piece 33.
Sat Dec 05 18:10:29 EST 2020: Peer 1001 received the 'have' message from 1004 for the piece 33.
Sat Dec 05 18:10:42 EST 2020: Peer 1001 is connected from Peer 1005.
Sat Dec 05 18:10:43 EST 2020: Peer 1001 received the 'interested' message from 1005.
Sat Dec 05 18:10:43 EST 2020: Peer 1001 has the preferred neighbors 1005.
Sat Dec 05 18:10:44 EST 2020: Peer 1001 received the 'have' message from 1005 for the piece 16.
Sat Dec 05 18:10:44 EST 2020: Peer 1001 received the 'have' message from 1005 for the piece 52.
Sat Dec 05 18:10:44 EST 2020: Peer 1001 received the 'have' message from 1005 for the piece 56.
Sat Dec 05 18:10:44 EST 2020: Peer 1001 received the 'have' message from 1005 for the piece 5.
Sat Dec 05 18:10:44 EST 2020: Peer 1001 received the 'have' message from 1005 for the piece 49.
Sat Dec 05 18:10:44 EST 2020: Peer 1001 received the 'have' message from 1005 for the piece 38.
Sat Dec 05 18:10:45 EST 2020: Peer 1001 received the 'have' message from 1005 for the piece 54.
Sat Dec 05 18:10:45 EST 2020: Peer 1001 received the 'have' message from 1005 for the piece 59.
Sat Dec 05 18:10:45 EST 2020: Peer 1001 received the 'have' message from 1005 for the piece 3.
Sat Dec 05 18:10:45 EST 2020: Peer 1001 received the 'have' message from 1005 for the piece 23.
Sat Dec 05 18:10:45 EST 2020: Peer 1001 received the 'have' message from 1005 for the piece 65.
Sat Dec 05 18:10:46 EST 2020: Peer 1001 received the 'have' message from 1005 for the piece 48.
Sat Dec 05 18:10:46 EST 2020: Peer 1001 received the 'have' message from 1005 for the piece 2.
Sat Dec 05 18:10:46 EST 2020: Peer 1001 received the 'have' message from 1005 for the piece 58.
Sat Dec 05 18:10:46 EST 2020: Peer 1001 received the 'have' message from 1005 for the piece 34.
Sat Dec 05 18:10:46 EST 2020: Peer 1001 received the 'have' message from 1005 for the piece 39.
Sat Dec 05 18:10:46 EST 2020: Peer 1001 received the 'have' message from 1005 for the piece 33.
Sat Dec 05 18:10:46 EST 2020: Peer 1001 received the 'have' message from 1005 for the piece 9.
Sat Dec 05 18:10:47 EST 2020: Peer 1001 received the 'have' message from 1005 for the piece 31.
Sat Dec 05 18:10:47 EST 2020: Peer 1001 received the 'have' message from 1005 for the piece 60.
Sat Dec 05 18:10:47 EST 2020: Peer 1001 received the 'have' message from 1005 for the piece 6.
Sat Dec 05 18:10:47 EST 2020: Peer 1001 received the 'have' message from 1005 for the piece 31.
Sat Dec 05 18:10:47 EST 2020: Peer 1001 received the 'have' message from 1005 for the piece 0.
Sat Dec 05 18:10:47 EST 2020: Peer 1001 received the 'have' message from 1005 for the piece 43.
Sat Dec 05 18:10:47 EST 2020: Peer 1001 received the 'have' message from 1005 for the piece 13.
Sat Dec 05 18:10:47 EST 2020: Peer 1001 received the 'have' message from 1005 for the piece 29.
Sat Dec 05 18:10:47 EST 2020: Peer 1001 received the 'have' message from 1005 for the piece 17.
Sat Dec 05 18:10:47 EST 2020: Peer 1001 received the 'have' message from 1005 for the piece 50.
Sat Dec 05 18:10:47 EST 2020: Peer 1001 received the 'have' message from 1005 for the piece 22.
Sat Dec 05 18:10:47 EST 2020: Peer 1001 received the 'have' message from 1005 for the piece 11.
Sat Dec 05 18:10:47 EST 2020: Peer 1001 received the 'have' message from 1005 for the piece 7.
Sat Dec 05 18:10:47 EST 2020: Peer 1001 received the 'have' message from 1005 for the piece 1.
Sat Dec 05 18:10:47 EST 2020: Peer 1001 received the 'have' message from 1005 for the piece 63.
Sat Dec 05 18:10:48 EST 2020: Peer 1001 received the 'have' message from 1005 for the piece 1.
Sat Dec 05 18:10:48 EST 2020: Peer 1001 received the 'have' message from 1005 for the piece 35.
Sat Dec 05 18:10:48 EST 2020: Peer 1001 received the 'have' message from 1005 for the piece 57.
Sat Dec 05 18:10:48 EST 2020: Peer 1001 received the 'have' message from 1005 for the piece 47.
Sat Dec 05 18:10:48 EST 2020: Peer 1001 received the 'have' message from 1005 for the piece 51.
Sat Dec 05 18:10:48 EST 2020: Peer 1001 received the 'have' message from 1005 for the piece 10.
Sat Dec 05 18:10:48 EST 2020: Peer 1001 received the 'have' message from 1005 for the piece 24.
Sat Dec 05 18:10:48 EST 2020: Peer 1001 received the 'have' message from 1005 for the piece 62.
Sat Dec 05 18:10:48 EST 2020: Peer 1001 received the 'have' message from 1005 for the piece 61.
Sat Dec 05 18:10:48 EST 2020: Peer 1001 received the 'have' message from 1005 for the piece 55.
Sat Dec 05 18:10:48 EST 2020: Peer 1001 received the 'have' message from 1005 for the piece 14.
Sat Dec 05 18:10:48 EST 2020: Peer 1001 received the 'have' message from 1005 for the piece 41.
Sat Dec 05 18:10:48 EST 2020: Peer 1001 received the 'have' message from 1005 for the piece 28.
Sat Dec 05 18:10:48 EST 2020: Peer 1001 received the 'have' message from 1005 for the piece 36.
Sat Dec 05 18:10:48 EST 2020: Peer 1001 received the 'have' message from 1005 for the piece 64.
Sat Dec 05 18:10:48 EST 2020: Peer 1001 received the 'have' message from 1005 for the piece 8.
Sat Dec 05 18:10:48 EST 2020: Peer 1001 received the 'have' message from 1005 for the piece 46.
Sat Dec 05 18:10:48 EST 2020: Peer 1001 received the 'have' message from 1005 for the piece 15.
Sat Dec 05 18:10:48 EST 2020: Peer 1001 received the 'have' message from 1005 for the piece 37.
Sat Dec 05 18:10:48 EST 2020: Peer 1001 received the 'have' message from 1005 for the piece 37.
Sat Dec 05 18:10:48 EST 2020: Peer 1001 received the 'have' message from 1005 for the piece 53.
Sat Dec 05 18:10:48 EST 2020: Peer 1001 received the 'have' message from 1005 for the piece 66.
Sat Dec 05 18:10:48 EST 2020: Peer 1001 received the 'have' message from 1005 for the piece 44.
Sat Dec 05 18:10:49 EST 2020: Peer 1001 received the 'have' message from 1005 for the piece 18.
Sat Dec 05 18:10:49 EST 2020: Peer 1001 received the 'have' message from 1005 for the piece 40.
Sat Dec 05 18:10:49 EST 2020: Peer 1001 received the 'have' message from 1005 for the piece 44.
Sat Dec 05 18:10:49 EST 2020: Peer 1001 received the 'have' message from 1005 for the piece 26.
Sat Dec 05 18:10:49 EST 2020: Peer 1001 received the 'have' message from 1005 for the piece 4.
Sat Dec 05 18:10:49 EST 2020: Peer 1001 received the 'have' message from 1005 for the piece 21.
Sat Dec 05 18:10:49 EST 2020: Peer 1001 received the 'have' message from 1005 for the piece 45.
Sat Dec 05 18:10:49 EST 2020: Peer 1001 received the 'have' message from 1005 for the piece 42.
Sat Dec 05 18:10:49 EST 2020: Peer 1001 received the 'have' message from 1005 for the piece 12.
Sat Dec 05 18:10:49 EST 2020: Peer 1001 received the 'have' message from 1005 for the piece 19.
Sat Dec 05 18:10:49 EST 2020: Peer 1001 received the 'have' message from 1005 for the piece 27.
Sat Dec 05 18:10:49 EST 2020: Peer 1001 received the 'have' message from 1005 for the piece 19.
Sat Dec 05 18:10:49 EST 2020: Peer 1001 received the 'have' message from 1005 for the piece 32.
Sat Dec 05 18:10:49 EST 2020: Peer 1001 received the 'have' message from 1005 for the piece 30.
Sat Dec 05 18:10:49 EST 2020: Peer 1001 received the 'have' message from 1005 for the piece 32.
Sat Dec 05 18:10:49 EST 2020: Peer 1001 received the 'have' message from 1005 for the piece 25.
Sat Dec 05 18:10:49 EST 2020: Peer 1001 received the 'have' message from 1005 for the piece 30.
Sat Dec 05 18:10:49 EST 2020: Peer 1001 received the 'have' message from 1005 for the piece 25.
Sat Dec 05 18:10:49 EST 2020: Peer 1001 received the 'have' message from 1005 for the piece 25.
Sat Dec 05 18:10:49 EST 2020: Peer 1001 received the 'have' message from 1005 for the piece 20.
Sat Dec 05 18:10:50 EST 2020: Peer 1001 received the 'have' message from 1005 for the piece 20.
Sat Dec 05 18:10:50 EST 2020: Peer 1001 received the 'have' message from 1005 for the piece 20.
Sat Dec 05 18:10:50 EST 2020: Peer 1001 received the 'have' message from 1005 for the piece 20.
Sat Dec 05 18:29:52 EST 2020: Peer 1001 is connected from Peer 1002.
Sat Dec 05 18:30:14 EST 2020: Peer 1001 has the preferred neighbors 1002.
Sat Dec 05 18:30:03 EST 2020: Peer 1001 has the optimistically unchoked neighbor 1002.
Sat Dec 05 18:34:41 EST 2020: Peer 1001 is connected from Peer 1002.
Sat Dec 05 18:34:52 EST 2020: Peer 1001 has the optimistically unchoked neighbor 1002.
Sat Dec 05 18:35:02 EST 2020: Peer 1001 has the optimistically unchoked neighbor 1002.
Sat Dec 05 18:35:02 EST 2020: Peer 1001 has the preferred neighbors 1002, 1002.
Sat Dec 05 18:35:02 EST 2020: Peer 1001 has the optimistically unchoked neighbor 1002.
Sat Dec 05 18:35:02 EST 2020: Peer 1001 has the preferred neighbors 1002, 1002.
Sat Dec 05 18:35:02 EST 2020: Peer 1001 has the preferred neighbors 1002.
Sat Dec 05 18:35:12 EST 2020: Peer 1001 has the optimistically unchoked neighbor 1002.
Sat Dec 05 18:35:34 EST 2020: Peer 1001 has the optimistically unchoked neighbor 1002.
Sat Dec 05 18:35:34 EST 2020: Peer 1001 received the 'interested' message from 1002.
Sat Dec 05 18:35:23 EST 2020: Peer 1001 has the preferred neighbors 1002, 1002.
Sat Dec 05 18:35:34 EST 2020: Peer 1001 has the preferred neighbors 1002.
Sat Dec 05 18:35:44 EST 2020: Peer 1001 has the optimistically unchoked neighbor 1002.
Sat Dec 05 18:35:55 EST 2020: Peer 1001 has the optimistically unchoked neighbor 1002.
Sat Dec 05 18:35:55 EST 2020: Peer 1001 has the preferred neighbors 1002, 1002.
Sat Dec 05 18:36:37 EST 2020: Peer 1001 has the optimistically unchoked neighbor 1002.
Sat Dec 05 18:36:37 EST 2020: Peer 1001 has the preferred neighbors 1002, 1002.
Sat Dec 05 18:36:37 EST 2020: Peer 1001 has the preferred neighbors 1002.
Sat Dec 05 18:36:48 EST 2020: Peer 1001 has the optimistically unchoked neighbor 1002.
Sat Dec 05 18:36:58 EST 2020: Peer 1001 has the optimistically unchoked neighbor 1002.
Sat Dec 05 18:36:58 EST 2020: Peer 1001 has the preferred neighbors 1002, 1002.
Sat Dec 05 18:37:19 EST 2020: Peer 1001 has the preferred neighbors 1002.
Sat Dec 05 18:37:39 EST 2020: Peer 1001 has the preferred neighbors 1002.
Sat Dec 05 18:37:51 EST 2020: Peer 1001 has the optimistically unchoked neighbor 1002.
Sat Dec 05 18:38:01 EST 2020: Peer 1001 has the preferred neighbors 1002.
Sat Dec 05 18:37:51 EST 2020: Peer 1001 has the optimistically unchoked neighbor 1002.
Sat Dec 05 18:38:10 EST 2020: Peer 1001 has the optimistically unchoked neighbor 1002.
Sat Dec 05 18:38:18 EST 2020: Peer 1001 has the preferred neighbors 1002.
Sat Dec 05 18:38:27 EST 2020: Peer 1001 has the preferred neighbors 1002.
Sat Dec 05 18:38:27 EST 2020: Peer 1001 has the optimistically unchoked neighbor 1002.
Sat Dec 05 18:38:27 EST 2020: Peer 1001 has the optimistically unchoked neighbor 1002.
Sat Dec 05 18:38:36 EST 2020: Peer 1001 has the preferred neighbors 1002, 1002.
Sat Dec 05 18:38:36 EST 2020: Peer 1001 has the optimistically unchoked neighbor 1002.
Sat Dec 05 18:38:36 EST 2020: Peer 1001 has the preferred neighbors 1002, 1002.
Sat Dec 05 18:38:36 EST 2020: Peer 1001 has the optimistically unchoked neighbor 1002.
Sat Dec 05 18:38:36 EST 2020: Peer 1001 has the preferred neighbors 1002, 1002.
Sat Dec 05 18:38:36 EST 2020: Peer 1001 has the optimistically unchoked neighbor 1002.
Sat Dec 05 18:38:46 EST 2020: Peer 1001 has the optimistically unchoked neighbor 1002.
Sat Dec 05 18:38:46 EST 2020: Peer 1001 has the preferred neighbors 1002, 1002.
Sat Dec 05 18:38:55 EST 2020: Peer 1001 has the optimistically unchoked neighbor 1002.
Sat Dec 05 18:38:46 EST 2020: Peer 1001 has the preferred neighbors 1002, 1002.
Sat Dec 05 18:39:22 EST 2020: Peer 1001 has the optimistically unchoked neighbor 1002.
Sat Dec 05 18:39:31 EST 2020: Peer 1001 has the preferred neighbors 1002, 1002.
Sat Dec 05 18:39:49 EST 2020: Peer 1001 has the preferred neighbors 1002.
Sat Dec 05 18:40:10 EST 2020: Peer 1001 has the preferred neighbors 1002.
Sat Dec 05 18:39:58 EST 2020: Peer 1001 has the optimistically unchoked neighbor 1002.
Sat Dec 05 18:41:39 EST 2020: Peer 1001 has the optimistically unchoked neighbor 1002.
Sat Dec 05 18:42:06 EST 2020: Peer 1001 has the optimistically unchoked neighbor 1002.
Sat Dec 05 18:42:19 EST 2020: Peer 1001 has the preferred neighbors 1002, 1002.
Sat Dec 05 18:42:41 EST 2020: Peer 1001 has the preferred neighbors 1002.
Sat Dec 05 18:42:54 EST 2020: Peer 1001 has the optimistically unchoked neighbor 1002.
Sat Dec 05 18:43:19 EST 2020: Peer 1001 has the optimistically unchoked neighbor 1002.
Sat Dec 05 18:43:30 EST 2020: Peer 1001 has the optimistically unchoked neighbor 1002.
Sat Dec 05 18:43:19 EST 2020: Peer 1001 has the preferred neighbors 1002, 1002, 1002.
Sat Dec 05 18:43:42 EST 2020: Peer 1001 has the preferred neighbors 1002, 1002.
Sat Dec 05 18:43:42 EST 2020: Peer 1001 has the preferred neighbors 1002.
Sat Dec 05 18:43:42 EST 2020: Peer 1001 has the optimistically unchoked neighbor 1002.
Sat Dec 05 18:44:05 EST 2020: Peer 1001 has the preferred neighbors 1002.
Sat Dec 05 18:44:05 EST 2020: Peer 1001 has the optimistically unchoked neighbor 1002.
Sat Dec 05 18:44:39 EST 2020: Peer 1001 has the preferred neighbors 1002, 1002.
Sat Dec 05 18:45:20 EST 2020: Peer 1001 has the preferred neighbors 1002.
Sat Dec 05 18:44:49 EST 2020: Peer 1001 has the optimistically unchoked neighbor 1002.
Sat Dec 05 18:45:45 EST 2020: Peer 1001 has the optimistically unchoked neighbor 1002.
Sat Dec 05 18:45:45 EST 2020: Peer 1001 has the preferred neighbors 1002.
Sat Dec 05 18:46:46 EST 2020: Peer 1001 has the optimistically unchoked neighbor 1002.
Sat Dec 05 18:47:32 EST 2020: Peer 1001 has the optimistically unchoked neighbor 1002.
Sat Dec 05 18:47:19 EST 2020: Peer 1001 has the preferred neighbors 1002, 1002.
Sat Dec 05 18:48:39 EST 2020: Peer 1001 has the preferred neighbors 1002.
Sat Dec 05 18:48:53 EST 2020: Peer 1001 has the optimistically unchoked neighbor 1002.
Sat Dec 05 18:49:20 EST 2020: Peer 1001 has the optimistically unchoked neighbor 1002.
Sat Dec 05 18:49:07 EST 2020: Peer 1001 has the preferred neighbors 1002, 1002.
Sat Dec 05 18:50:13 EST 2020: Peer 1001 has the preferred neighbors 1002.
Sat Dec 05 18:50:52 EST 2020: Peer 1001 has the preferred neighbors 1002.
Sat Dec 05 18:50:40 EST 2020: Peer 1001 has the optimistically unchoked neighbor 1002.
Sat Dec 05 18:56:15 EST 2020: Peer 1001 has the optimistically unchoked neighbor 1002.
Sat Dec 05 18:56:27 EST 2020: Peer 1001 has the preferred neighbors 1002.
