Sun Dec 06 17:21:08 EST 2020: Peer 1005 makes a connection to Peer 1003.
Sun Dec 06 17:21:08 EST 2020: Peer 1005 makes a connection to Peer 1004.
Sun Dec 06 17:21:08 EST 2020: Peer 1005 makes a connection to Peer 1001.
Sun Dec 06 17:21:08 EST 2020: Peer 1005 makes a connection to Peer 1002.
Sun Dec 06 17:21:08 EST 2020: Peer 1005 is unchoked by 1003.
Sun Dec 06 17:21:08 EST 2020: Peer 1005 is unchoked by 1001.
Sun Dec 06 17:21:08 EST 2020: Peer 1005 has downloaded the piece 22 from 1003.Now the number of pieces it has is 1
Sun Dec 06 17:21:08 EST 2020: Peer 1005 is unchoked by 1002.
Sun Dec 06 17:21:08 EST 2020: Peer 1005 is unchoked by 1004.
Sun Dec 06 17:21:08 EST 2020: Peer 1005 has downloaded the piece 8 from 1001.Now the number of pieces it has is 2
Sun Dec 06 17:21:08 EST 2020: Peer 1005 received the 'not interested' message from 1001.
Sun Dec 06 17:21:08 EST 2020: Peer 1005 received the 'not interested' message from 1003.
Sun Dec 06 17:21:08 EST 2020: Peer 1005 received the 'not interested' message from 1004.
Sun Dec 06 17:21:08 EST 2020: Peer 1005 received the 'not interested' message from 1002.
Sun Dec 06 17:21:08 EST 2020: Peer 1005 has downloaded the piece 11 from 1003.Now the number of pieces it has is 3
Sun Dec 06 17:21:08 EST 2020: Peer 1005 has downloaded the piece 61 from 1002.Now the number of pieces it has is 4
Sun Dec 06 17:21:08 EST 2020: Peer 1005 has downloaded the piece 64 from 1004.Now the number of pieces it has is 5
Sun Dec 06 17:21:08 EST 2020: Peer 1005 received the 'not interested' message from 1001.
Sun Dec 06 17:21:08 EST 2020: Peer 1005 received the 'not interested' message from 1004.
Sun Dec 06 17:21:08 EST 2020: Peer 1005 received the 'not interested' message from 1003.
Sun Dec 06 17:21:08 EST 2020: Peer 1005 received the 'not interested' message from 1002.
Sun Dec 06 17:21:08 EST 2020: Peer 1005 has downloaded the piece 49 from 1001.Now the number of pieces it has is 6
Sun Dec 06 17:21:08 EST 2020: Peer 1005 received the 'not interested' message from 1001.
Sun Dec 06 17:21:08 EST 2020: Peer 1005 received the 'not interested' message from 1004.
Sun Dec 06 17:21:08 EST 2020: Peer 1005 received the 'not interested' message from 1003.
Sun Dec 06 17:21:08 EST 2020: Peer 1005 received the 'not interested' message from 1002.
Sun Dec 06 17:21:08 EST 2020: Peer 1005 has downloaded the piece 53 from 1003.Now the number of pieces it has is 7
Sun Dec 06 17:21:08 EST 2020: Peer 1005 received the 'not interested' message from 1001.
Sun Dec 06 17:21:08 EST 2020: Peer 1005 received the 'not interested' message from 1004.
Sun Dec 06 17:21:08 EST 2020: Peer 1005 received the 'not interested' message from 1003.
Sun Dec 06 17:21:08 EST 2020: Peer 1005 received the 'not interested' message from 1002.
Sun Dec 06 17:21:08 EST 2020: Peer 1005 has downloaded the piece 65 from 1002.Now the number of pieces it has is 8
Sun Dec 06 17:21:08 EST 2020: Peer 1005 received the 'not interested' message from 1001.
Sun Dec 06 17:21:08 EST 2020: Peer 1005 received the 'not interested' message from 1004.
Sun Dec 06 17:21:08 EST 2020: Peer 1005 received the 'not interested' message from 1003.
Sun Dec 06 17:21:08 EST 2020: Peer 1005 received the 'not interested' message from 1002.
Sun Dec 06 17:21:08 EST 2020: Peer 1005 has downloaded the piece 30 from 1004.Now the number of pieces it has is 9
Sun Dec 06 17:21:08 EST 2020: Peer 1005 received the 'not interested' message from 1001.
Sun Dec 06 17:21:08 EST 2020: Peer 1005 received the 'not interested' message from 1004.
Sun Dec 06 17:21:08 EST 2020: Peer 1005 received the 'not interested' message from 1003.
Sun Dec 06 17:21:08 EST 2020: Peer 1005 received the 'not interested' message from 1002.
Sun Dec 06 17:21:08 EST 2020: Peer 1005 has downloaded the piece 38 from 1001.Now the number of pieces it has is 10
Sun Dec 06 17:21:08 EST 2020: Peer 1005 received the 'not interested' message from 1004.
Sun Dec 06 17:21:08 EST 2020: Peer 1005 received the 'not interested' message from 1003.
Sun Dec 06 17:21:08 EST 2020: Peer 1005 received the 'not interested' message from 1001.
Sun Dec 06 17:21:08 EST 2020: Peer 1005 received the 'not interested' message from 1002.
Sun Dec 06 17:21:08 EST 2020: Peer 1005 has downloaded the piece 29 from 1003.Now the number of pieces it has is 11
Sun Dec 06 17:21:08 EST 2020: Peer 1005 received the 'not interested' message from 1001.
Sun Dec 06 17:21:08 EST 2020: Peer 1005 received the 'not interested' message from 1004.
Sun Dec 06 17:21:08 EST 2020: Peer 1005 received the 'not interested' message from 1003.
Sun Dec 06 17:21:08 EST 2020: Peer 1005 received the 'not interested' message from 1002.
Sun Dec 06 17:21:08 EST 2020: Peer 1005 has downloaded the piece 20 from 1002.Now the number of pieces it has is 12
Sun Dec 06 17:21:08 EST 2020: Peer 1005 received the 'not interested' message from 1001.
Sun Dec 06 17:21:08 EST 2020: Peer 1005 received the 'not interested' message from 1003.
Sun Dec 06 17:21:08 EST 2020: Peer 1005 received the 'not interested' message from 1004.
Sun Dec 06 17:21:08 EST 2020: Peer 1005 received the 'not interested' message from 1002.
Sun Dec 06 17:21:08 EST 2020: Peer 1005 has downloaded the piece 18 from 1004.Now the number of pieces it has is 13
Sun Dec 06 17:21:08 EST 2020: Peer 1005 received the 'not interested' message from 1001.
Sun Dec 06 17:21:08 EST 2020: Peer 1005 received the 'not interested' message from 1004.
Sun Dec 06 17:21:08 EST 2020: Peer 1005 received the 'not interested' message from 1003.
Sun Dec 06 17:21:08 EST 2020: Peer 1005 received the 'not interested' message from 1002.
Sun Dec 06 17:21:08 EST 2020: Peer 1005 has downloaded the piece 51 from 1001.Now the number of pieces it has is 14
Sun Dec 06 17:21:08 EST 2020: Peer 1005 received the 'not interested' message from 1004.
Sun Dec 06 17:21:08 EST 2020: Peer 1005 received the 'not interested' message from 1003.
Sun Dec 06 17:21:08 EST 2020: Peer 1005 received the 'not interested' message from 1001.
Sun Dec 06 17:21:08 EST 2020: Peer 1005 received the 'not interested' message from 1002.
Sun Dec 06 17:21:08 EST 2020: Peer 1005 has downloaded the piece 36 from 1003.Now the number of pieces it has is 15
Sun Dec 06 17:21:08 EST 2020: Peer 1005 received the 'not interested' message from 1001.
Sun Dec 06 17:21:08 EST 2020: Peer 1005 received the 'not interested' message from 1004.
Sun Dec 06 17:21:08 EST 2020: Peer 1005 received the 'not interested' message from 1003.
Sun Dec 06 17:21:08 EST 2020: Peer 1005 received the 'not interested' message from 1002.
Sun Dec 06 17:21:08 EST 2020: Peer 1005 has downloaded the piece 19 from 1002.Now the number of pieces it has is 16
Sun Dec 06 17:21:08 EST 2020: Peer 1005 received the 'not interested' message from 1001.
Sun Dec 06 17:21:08 EST 2020: Peer 1005 received the 'not interested' message from 1004.
Sun Dec 06 17:21:08 EST 2020: Peer 1005 received the 'not interested' message from 1003.
Sun Dec 06 17:21:08 EST 2020: Peer 1005 received the 'not interested' message from 1002.
Sun Dec 06 17:21:08 EST 2020: Peer 1005 has downloaded the piece 19 from 1004.Now the number of pieces it has is 16
Sun Dec 06 17:21:08 EST 2020: Peer 1005 received the 'not interested' message from 1001.
Sun Dec 06 17:21:08 EST 2020: Peer 1005 received the 'not interested' message from 1004.
Sun Dec 06 17:21:08 EST 2020: Peer 1005 received the 'not interested' message from 1003.
Sun Dec 06 17:21:08 EST 2020: Peer 1005 received the 'not interested' message from 1002.
Sun Dec 06 17:21:08 EST 2020: Peer 1005 has downloaded the piece 48 from 1001.Now the number of pieces it has is 17
Sun Dec 06 17:21:08 EST 2020: Peer 1005 received the 'not interested' message from 1004.
Sun Dec 06 17:21:08 EST 2020: Peer 1005 received the 'not interested' message from 1003.
Sun Dec 06 17:21:08 EST 2020: Peer 1005 received the 'not interested' message from 1001.
Sun Dec 06 17:21:08 EST 2020: Peer 1005 received the 'not interested' message from 1002.
Sun Dec 06 17:21:08 EST 2020: Peer 1005 has downloaded the piece 66 from 1003.Now the number of pieces it has is 18
Sun Dec 06 17:21:08 EST 2020: Peer 1005 received the 'not interested' message from 1001.
Sun Dec 06 17:21:08 EST 2020: Peer 1005 received the 'not interested' message from 1004.
Sun Dec 06 17:21:08 EST 2020: Peer 1005 received the 'not interested' message from 1003.
Sun Dec 06 17:21:08 EST 2020: Peer 1005 received the 'not interested' message from 1002.
Sun Dec 06 17:21:08 EST 2020: Peer 1005 has downloaded the piece 32 from 1002.Now the number of pieces it has is 19
Sun Dec 06 17:21:08 EST 2020: Peer 1005 received the 'not interested' message from 1004.
Sun Dec 06 17:21:08 EST 2020: Peer 1005 received the 'not interested' message from 1001.
Sun Dec 06 17:21:08 EST 2020: Peer 1005 received the 'not interested' message from 1003.
Sun Dec 06 17:21:08 EST 2020: Peer 1005 received the 'not interested' message from 1002.
Sun Dec 06 17:21:08 EST 2020: Peer 1005 has downloaded the piece 9 from 1004.Now the number of pieces it has is 20
Sun Dec 06 17:21:08 EST 2020: Peer 1005 received the 'not interested' message from 1001.
Sun Dec 06 17:21:08 EST 2020: Peer 1005 received the 'not interested' message from 1004.
Sun Dec 06 17:21:08 EST 2020: Peer 1005 received the 'not interested' message from 1003.
Sun Dec 06 17:21:08 EST 2020: Peer 1005 received the 'not interested' message from 1002.
Sun Dec 06 17:21:08 EST 2020: Peer 1005 has downloaded the piece 24 from 1001.Now the number of pieces it has is 21
Sun Dec 06 17:21:08 EST 2020: Peer 1005 received the 'not interested' message from 1004.
Sun Dec 06 17:21:08 EST 2020: Peer 1005 received the 'not interested' message from 1003.
Sun Dec 06 17:21:08 EST 2020: Peer 1005 received the 'not interested' message from 1001.
Sun Dec 06 17:21:08 EST 2020: Peer 1005 received the 'not interested' message from 1002.
Sun Dec 06 17:21:08 EST 2020: Peer 1005 has downloaded the piece 43 from 1003.Now the number of pieces it has is 22
Sun Dec 06 17:21:08 EST 2020: Peer 1005 received the 'not interested' message from 1001.
Sun Dec 06 17:21:08 EST 2020: Peer 1005 received the 'not interested' message from 1004.
Sun Dec 06 17:21:08 EST 2020: Peer 1005 received the 'not interested' message from 1003.
Sun Dec 06 17:21:08 EST 2020: Peer 1005 received the 'not interested' message from 1002.
Sun Dec 06 17:21:08 EST 2020: Peer 1005 received the 'not interested' message from 1001.
Sun Dec 06 17:21:08 EST 2020: Peer 1005 received the 'not interested' message from 1004.
Sun Dec 06 17:21:08 EST 2020: Peer 1005 has downloaded the piece 27 from 1002.Now the number of pieces it has is 23
Sun Dec 06 17:21:08 EST 2020: Peer 1005 received the 'not interested' message from 1003.
Sun Dec 06 17:21:08 EST 2020: Peer 1005 received the 'not interested' message from 1002.
Sun Dec 06 17:21:08 EST 2020: Peer 1005 has downloaded the piece 15 from 1004.Now the number of pieces it has is 24
Sun Dec 06 17:21:08 EST 2020: Peer 1005 received the 'not interested' message from 1001.
Sun Dec 06 17:21:08 EST 2020: Peer 1005 received the 'not interested' message from 1003.
Sun Dec 06 17:21:08 EST 2020: Peer 1005 received the 'not interested' message from 1004.
Sun Dec 06 17:21:08 EST 2020: Peer 1005 received the 'not interested' message from 1002.
Sun Dec 06 17:21:08 EST 2020: Peer 1005 has downloaded the piece 40 from 1001.Now the number of pieces it has is 25
Sun Dec 06 17:21:08 EST 2020: Peer 1005 received the 'not interested' message from 1001.
Sun Dec 06 17:21:08 EST 2020: Peer 1005 received the 'not interested' message from 1004.
Sun Dec 06 17:21:08 EST 2020: Peer 1005 received the 'not interested' message from 1003.
Sun Dec 06 17:21:08 EST 2020: Peer 1005 received the 'not interested' message from 1002.
Sun Dec 06 17:21:08 EST 2020: Peer 1005 has downloaded the piece 10 from 1003.Now the number of pieces it has is 26
Sun Dec 06 17:21:08 EST 2020: Peer 1005 received the 'not interested' message from 1001.
Sun Dec 06 17:21:08 EST 2020: Peer 1005 received the 'not interested' message from 1004.
Sun Dec 06 17:21:08 EST 2020: Peer 1005 received the 'not interested' message from 1003.
Sun Dec 06 17:21:08 EST 2020: Peer 1005 received the 'not interested' message from 1002.
Sun Dec 06 17:21:08 EST 2020: Peer 1005 has downloaded the piece 25 from 1002.Now the number of pieces it has is 27
Sun Dec 06 17:21:08 EST 2020: Peer 1005 received the 'not interested' message from 1004.
Sun Dec 06 17:21:08 EST 2020: Peer 1005 received the 'not interested' message from 1001.
Sun Dec 06 17:21:08 EST 2020: Peer 1005 received the 'not interested' message from 1003.
Sun Dec 06 17:21:08 EST 2020: Peer 1005 received the 'not interested' message from 1002.
Sun Dec 06 17:21:08 EST 2020: Peer 1005 has downloaded the piece 0 from 1004.Now the number of pieces it has is 28
Sun Dec 06 17:21:08 EST 2020: Peer 1005 received the 'not interested' message from 1001.
Sun Dec 06 17:21:08 EST 2020: Peer 1005 received the 'not interested' message from 1004.
Sun Dec 06 17:21:08 EST 2020: Peer 1005 received the 'not interested' message from 1003.
Sun Dec 06 17:21:08 EST 2020: Peer 1005 received the 'not interested' message from 1002.
Sun Dec 06 17:21:08 EST 2020: Peer 1005 has downloaded the piece 62 from 1001.Now the number of pieces it has is 29
Sun Dec 06 17:21:08 EST 2020: Peer 1005 received the 'not interested' message from 1004.
Sun Dec 06 17:21:08 EST 2020: Peer 1005 received the 'not interested' message from 1003.
Sun Dec 06 17:21:08 EST 2020: Peer 1005 received the 'not interested' message from 1001.
Sun Dec 06 17:21:08 EST 2020: Peer 1005 received the 'not interested' message from 1002.
Sun Dec 06 17:21:08 EST 2020: Peer 1005 has downloaded the piece 6 from 1003.Now the number of pieces it has is 30
Sun Dec 06 17:21:08 EST 2020: Peer 1005 received the 'not interested' message from 1001.
Sun Dec 06 17:21:08 EST 2020: Peer 1005 received the 'not interested' message from 1004.
Sun Dec 06 17:21:08 EST 2020: Peer 1005 received the 'not interested' message from 1003.
Sun Dec 06 17:21:08 EST 2020: Peer 1005 received the 'not interested' message from 1002.
Sun Dec 06 17:21:08 EST 2020: Peer 1005 received the 'not interested' message from 1001.
Sun Dec 06 17:21:08 EST 2020: Peer 1005 has downloaded the piece 54 from 1002.Now the number of pieces it has is 31
Sun Dec 06 17:21:08 EST 2020: Peer 1005 received the 'not interested' message from 1004.
Sun Dec 06 17:21:08 EST 2020: Peer 1005 received the 'not interested' message from 1003.
Sun Dec 06 17:21:08 EST 2020: Peer 1005 received the 'not interested' message from 1002.
Sun Dec 06 17:21:08 EST 2020: Peer 1005 received the 'not interested' message from 1001.
Sun Dec 06 17:21:08 EST 2020: Peer 1005 has downloaded the piece 39 from 1004.Now the number of pieces it has is 32
Sun Dec 06 17:21:08 EST 2020: Peer 1005 received the 'not interested' message from 1003.
Sun Dec 06 17:21:08 EST 2020: Peer 1005 received the 'not interested' message from 1004.
Sun Dec 06 17:21:08 EST 2020: Peer 1005 received the 'not interested' message from 1002.
Sun Dec 06 17:21:08 EST 2020: Peer 1005 has downloaded the piece 6 from 1001.Now the number of pieces it has is 32
Sun Dec 06 17:21:08 EST 2020: Peer 1005 received the 'not interested' message from 1004.
Sun Dec 06 17:21:08 EST 2020: Peer 1005 received the 'not interested' message from 1003.
Sun Dec 06 17:21:08 EST 2020: Peer 1005 received the 'not interested' message from 1002.
Sun Dec 06 17:21:08 EST 2020: Peer 1005 received the 'not interested' message from 1001.
Sun Dec 06 17:21:08 EST 2020: Peer 1005 has downloaded the piece 44 from 1003.Now the number of pieces it has is 33
Sun Dec 06 17:21:08 EST 2020: Peer 1005 received the 'not interested' message from 1001.
Sun Dec 06 17:21:08 EST 2020: Peer 1005 received the 'not interested' message from 1004.
Sun Dec 06 17:21:08 EST 2020: Peer 1005 received the 'not interested' message from 1003.
Sun Dec 06 17:21:08 EST 2020: Peer 1005 received the 'not interested' message from 1002.
Sun Dec 06 17:21:08 EST 2020: Peer 1005 received the 'not interested' message from 1001.
Sun Dec 06 17:21:08 EST 2020: Peer 1005 has downloaded the piece 1 from 1002.Now the number of pieces it has is 34
Sun Dec 06 17:21:08 EST 2020: Peer 1005 received the 'not interested' message from 1004.
Sun Dec 06 17:21:08 EST 2020: Peer 1005 received the 'not interested' message from 1003.
Sun Dec 06 17:21:08 EST 2020: Peer 1005 received the 'not interested' message from 1002.
Sun Dec 06 17:21:08 EST 2020: Peer 1005 has downloaded the piece 16 from 1004.Now the number of pieces it has is 35
Sun Dec 06 17:21:08 EST 2020: Peer 1005 received the 'not interested' message from 1001.
Sun Dec 06 17:21:08 EST 2020: Peer 1005 received the 'not interested' message from 1003.
Sun Dec 06 17:21:08 EST 2020: Peer 1005 received the 'not interested' message from 1002.
Sun Dec 06 17:21:08 EST 2020: Peer 1005 received the 'not interested' message from 1004.
Sun Dec 06 17:21:08 EST 2020: Peer 1005 has downloaded the piece 50 from 1001.Now the number of pieces it has is 36
Sun Dec 06 17:21:08 EST 2020: Peer 1005 received the 'not interested' message from 1004.
Sun Dec 06 17:21:08 EST 2020: Peer 1005 received the 'not interested' message from 1003.
Sun Dec 06 17:21:08 EST 2020: Peer 1005 received the 'not interested' message from 1001.
Sun Dec 06 17:21:08 EST 2020: Peer 1005 received the 'not interested' message from 1002.
Sun Dec 06 17:21:08 EST 2020: Peer 1005 has downloaded the piece 12 from 1003.Now the number of pieces it has is 37
Sun Dec 06 17:21:08 EST 2020: Peer 1005 received the 'not interested' message from 1001.
Sun Dec 06 17:21:08 EST 2020: Peer 1005 received the 'not interested' message from 1004.
Sun Dec 06 17:21:08 EST 2020: Peer 1005 received the 'not interested' message from 1003.
Sun Dec 06 17:21:08 EST 2020: Peer 1005 received the 'not interested' message from 1002.
Sun Dec 06 17:21:08 EST 2020: Peer 1005 has downloaded the piece 58 from 1002.Now the number of pieces it has is 38
Sun Dec 06 17:21:08 EST 2020: Peer 1005 received the 'not interested' message from 1001.
Sun Dec 06 17:21:08 EST 2020: Peer 1005 received the 'not interested' message from 1004.
Sun Dec 06 17:21:08 EST 2020: Peer 1005 received the 'not interested' message from 1003.
Sun Dec 06 17:21:08 EST 2020: Peer 1005 received the 'not interested' message from 1002.
Sun Dec 06 17:21:08 EST 2020: Peer 1005 has downloaded the piece 12 from 1004.Now the number of pieces it has is 38
Sun Dec 06 17:21:08 EST 2020: Peer 1005 received the 'not interested' message from 1001.
Sun Dec 06 17:21:08 EST 2020: Peer 1005 received the 'not interested' message from 1004.
Sun Dec 06 17:21:08 EST 2020: Peer 1005 received the 'not interested' message from 1003.
Sun Dec 06 17:21:08 EST 2020: Peer 1005 received the 'not interested' message from 1002.
Sun Dec 06 17:21:08 EST 2020: Peer 1005 has downloaded the piece 28 from 1001.Now the number of pieces it has is 39
Sun Dec 06 17:21:08 EST 2020: Peer 1005 received the 'not interested' message from 1004.
Sun Dec 06 17:21:08 EST 2020: Peer 1005 received the 'not interested' message from 1001.
Sun Dec 06 17:21:08 EST 2020: Peer 1005 received the 'not interested' message from 1002.
Sun Dec 06 17:21:08 EST 2020: Peer 1005 received the 'not interested' message from 1003.
Sun Dec 06 17:21:08 EST 2020: Peer 1005 has downloaded the piece 21 from 1003.Now the number of pieces it has is 40
Sun Dec 06 17:21:08 EST 2020: Peer 1005 received the 'not interested' message from 1001.
Sun Dec 06 17:21:08 EST 2020: Peer 1005 received the 'not interested' message from 1004.
Sun Dec 06 17:21:08 EST 2020: Peer 1005 received the 'not interested' message from 1003.
Sun Dec 06 17:21:08 EST 2020: Peer 1005 received the 'not interested' message from 1002.
Sun Dec 06 17:21:08 EST 2020: Peer 1005 received the 'not interested' message from 1001.
Sun Dec 06 17:21:08 EST 2020: Peer 1005 has downloaded the piece 4 from 1002.Now the number of pieces it has is 41
Sun Dec 06 17:21:08 EST 2020: Peer 1005 received the 'not interested' message from 1004.
Sun Dec 06 17:21:08 EST 2020: Peer 1005 received the 'not interested' message from 1003.
Sun Dec 06 17:21:08 EST 2020: Peer 1005 received the 'not interested' message from 1002.
Sun Dec 06 17:21:08 EST 2020: Peer 1005 has downloaded the piece 5 from 1004.Now the number of pieces it has is 42
Sun Dec 06 17:21:08 EST 2020: Peer 1005 received the 'not interested' message from 1001.
Sun Dec 06 17:21:08 EST 2020: Peer 1005 received the 'not interested' message from 1004.
Sun Dec 06 17:21:08 EST 2020: Peer 1005 received the 'not interested' message from 1003.
Sun Dec 06 17:21:08 EST 2020: Peer 1005 received the 'not interested' message from 1002.
Sun Dec 06 17:21:08 EST 2020: Peer 1005 has downloaded the piece 31 from 1001.Now the number of pieces it has is 43
Sun Dec 06 17:21:08 EST 2020: Peer 1005 received the 'not interested' message from 1001.
Sun Dec 06 17:21:08 EST 2020: Peer 1005 received the 'not interested' message from 1004.
Sun Dec 06 17:21:08 EST 2020: Peer 1005 received the 'not interested' message from 1003.
Sun Dec 06 17:21:08 EST 2020: Peer 1005 received the 'not interested' message from 1002.
Sun Dec 06 17:21:08 EST 2020: Peer 1005 has downloaded the piece 14 from 1003.Now the number of pieces it has is 44
Sun Dec 06 17:21:08 EST 2020: Peer 1005 received the 'not interested' message from 1001.
Sun Dec 06 17:21:08 EST 2020: Peer 1005 received the 'not interested' message from 1004.
Sun Dec 06 17:21:08 EST 2020: Peer 1005 received the 'not interested' message from 1003.
Sun Dec 06 17:21:08 EST 2020: Peer 1005 received the 'not interested' message from 1002.
Sun Dec 06 17:21:08 EST 2020: Peer 1005 has downloaded the piece 3 from 1002.Now the number of pieces it has is 45
Sun Dec 06 17:21:08 EST 2020: Peer 1005 received the 'not interested' message from 1001.
Sun Dec 06 17:21:08 EST 2020: Peer 1005 received the 'not interested' message from 1004.
Sun Dec 06 17:21:08 EST 2020: Peer 1005 received the 'not interested' message from 1003.
Sun Dec 06 17:21:08 EST 2020: Peer 1005 received the 'not interested' message from 1002.
Sun Dec 06 17:21:08 EST 2020: Peer 1005 received the 'not interested' message from 1001.
Sun Dec 06 17:21:08 EST 2020: Peer 1005 has downloaded the piece 17 from 1004.Now the number of pieces it has is 46
Sun Dec 06 17:21:08 EST 2020: Peer 1005 received the 'not interested' message from 1003.
Sun Dec 06 17:21:08 EST 2020: Peer 1005 received the 'not interested' message from 1004.
Sun Dec 06 17:21:08 EST 2020: Peer 1005 received the 'not interested' message from 1002.
Sun Dec 06 17:21:08 EST 2020: Peer 1005 has downloaded the piece 56 from 1001.Now the number of pieces it has is 47
Sun Dec 06 17:21:08 EST 2020: Peer 1005 received the 'not interested' message from 1001.
Sun Dec 06 17:21:08 EST 2020: Peer 1005 received the 'not interested' message from 1004.
Sun Dec 06 17:21:08 EST 2020: Peer 1005 received the 'not interested' message from 1003.
Sun Dec 06 17:21:08 EST 2020: Peer 1005 received the 'not interested' message from 1002.
Sun Dec 06 17:21:08 EST 2020: Peer 1005 received the 'not interested' message from 1001.
Sun Dec 06 17:21:08 EST 2020: Peer 1005 has downloaded the piece 57 from 1003.Now the number of pieces it has is 48
Sun Dec 06 17:21:08 EST 2020: Peer 1005 received the 'not interested' message from 1003.
Sun Dec 06 17:21:08 EST 2020: Peer 1005 received the 'not interested' message from 1004.
Sun Dec 06 17:21:08 EST 2020: Peer 1005 received the 'not interested' message from 1002.
Sun Dec 06 17:21:08 EST 2020: Peer 1005 has downloaded the piece 55 from 1002.Now the number of pieces it has is 49
Sun Dec 06 17:21:08 EST 2020: Peer 1005 received the 'not interested' message from 1001.
Sun Dec 06 17:21:08 EST 2020: Peer 1005 received the 'not interested' message from 1004.
Sun Dec 06 17:21:08 EST 2020: Peer 1005 received the 'not interested' message from 1003.
Sun Dec 06 17:21:08 EST 2020: Peer 1005 received the 'not interested' message from 1002.
Sun Dec 06 17:21:08 EST 2020: Peer 1005 received the 'not interested' message from 1001.
Sun Dec 06 17:21:08 EST 2020: Peer 1005 has downloaded the piece 46 from 1004.Now the number of pieces it has is 50
Sun Dec 06 17:21:08 EST 2020: Peer 1005 received the 'not interested' message from 1004.
Sun Dec 06 17:21:08 EST 2020: Peer 1005 received the 'not interested' message from 1003.
Sun Dec 06 17:21:08 EST 2020: Peer 1005 received the 'not interested' message from 1002.
Sun Dec 06 17:21:08 EST 2020: Peer 1005 has downloaded the piece 35 from 1001.Now the number of pieces it has is 51
Sun Dec 06 17:21:08 EST 2020: Peer 1005 received the 'not interested' message from 1001.
Sun Dec 06 17:21:08 EST 2020: Peer 1005 received the 'not interested' message from 1004.
Sun Dec 06 17:21:08 EST 2020: Peer 1005 received the 'not interested' message from 1003.
Sun Dec 06 17:21:08 EST 2020: Peer 1005 received the 'not interested' message from 1002.
Sun Dec 06 17:21:08 EST 2020: Peer 1005 has downloaded the piece 34 from 1003.Now the number of pieces it has is 52
Sun Dec 06 17:21:08 EST 2020: Peer 1005 received the 'not interested' message from 1001.
Sun Dec 06 17:21:08 EST 2020: Peer 1005 received the 'not interested' message from 1004.
Sun Dec 06 17:21:08 EST 2020: Peer 1005 received the 'not interested' message from 1003.
Sun Dec 06 17:21:08 EST 2020: Peer 1005 received the 'not interested' message from 1002.
Sun Dec 06 17:21:08 EST 2020: Peer 1005 has downloaded the piece 7 from 1002.Now the number of pieces it has is 53
Sun Dec 06 17:21:08 EST 2020: Peer 1005 received the 'not interested' message from 1001.
Sun Dec 06 17:21:08 EST 2020: Peer 1005 received the 'not interested' message from 1004.
Sun Dec 06 17:21:08 EST 2020: Peer 1005 received the 'not interested' message from 1003.
Sun Dec 06 17:21:08 EST 2020: Peer 1005 received the 'not interested' message from 1002.
Sun Dec 06 17:21:08 EST 2020: Peer 1005 has downloaded the piece 59 from 1004.Now the number of pieces it has is 54
Sun Dec 06 17:21:08 EST 2020: Peer 1005 received the 'not interested' message from 1001.
Sun Dec 06 17:21:08 EST 2020: Peer 1005 received the 'not interested' message from 1004.
Sun Dec 06 17:21:08 EST 2020: Peer 1005 received the 'not interested' message from 1003.
Sun Dec 06 17:21:08 EST 2020: Peer 1005 received the 'not interested' message from 1002.
Sun Dec 06 17:21:08 EST 2020: Peer 1005 has downloaded the piece 63 from 1001.Now the number of pieces it has is 55
Sun Dec 06 17:21:08 EST 2020: Peer 1005 received the 'not interested' message from 1004.
Sun Dec 06 17:21:08 EST 2020: Peer 1005 received the 'not interested' message from 1001.
Sun Dec 06 17:21:08 EST 2020: Peer 1005 received the 'not interested' message from 1003.
Sun Dec 06 17:21:08 EST 2020: Peer 1005 received the 'not interested' message from 1002.
Sun Dec 06 17:21:08 EST 2020: Peer 1005 has downloaded the piece 47 from 1003.Now the number of pieces it has is 56
Sun Dec 06 17:21:08 EST 2020: Peer 1005 received the 'not interested' message from 1001.
Sun Dec 06 17:21:08 EST 2020: Peer 1005 received the 'not interested' message from 1004.
Sun Dec 06 17:21:08 EST 2020: Peer 1005 received the 'not interested' message from 1003.
Sun Dec 06 17:21:08 EST 2020: Peer 1005 received the 'not interested' message from 1002.
Sun Dec 06 17:21:08 EST 2020: Peer 1005 has downloaded the piece 41 from 1002.Now the number of pieces it has is 57
Sun Dec 06 17:21:08 EST 2020: Peer 1005 received the 'not interested' message from 1001.
Sun Dec 06 17:21:08 EST 2020: Peer 1005 received the 'not interested' message from 1004.
Sun Dec 06 17:21:08 EST 2020: Peer 1005 received the 'not interested' message from 1003.
Sun Dec 06 17:21:08 EST 2020: Peer 1005 received the 'not interested' message from 1002.
Sun Dec 06 17:21:08 EST 2020: Peer 1005 has downloaded the piece 52 from 1004.Now the number of pieces it has is 58
Sun Dec 06 17:21:08 EST 2020: Peer 1005 received the 'not interested' message from 1001.
Sun Dec 06 17:21:08 EST 2020: Peer 1005 received the 'not interested' message from 1004.
Sun Dec 06 17:21:08 EST 2020: Peer 1005 received the 'not interested' message from 1003.
Sun Dec 06 17:21:08 EST 2020: Peer 1005 received the 'not interested' message from 1002.
Sun Dec 06 17:21:08 EST 2020: Peer 1005 has downloaded the piece 26 from 1001.Now the number of pieces it has is 59
Sun Dec 06 17:21:08 EST 2020: Peer 1005 received the 'not interested' message from 1004.
Sun Dec 06 17:21:08 EST 2020: Peer 1005 received the 'not interested' message from 1002.
Sun Dec 06 17:21:08 EST 2020: Peer 1005 received the 'not interested' message from 1001.
Sun Dec 06 17:21:08 EST 2020: Peer 1005 received the 'not interested' message from 1003.
Sun Dec 06 17:21:08 EST 2020: Peer 1005 has downloaded the piece 37 from 1003.Now the number of pieces it has is 60
Sun Dec 06 17:21:08 EST 2020: Peer 1005 received the 'not interested' message from 1001.
Sun Dec 06 17:21:08 EST 2020: Peer 1005 received the 'not interested' message from 1004.
Sun Dec 06 17:21:08 EST 2020: Peer 1005 received the 'not interested' message from 1003.
Sun Dec 06 17:21:08 EST 2020: Peer 1005 received the 'not interested' message from 1002.
Sun Dec 06 17:21:08 EST 2020: Peer 1005 received the 'not interested' message from 1001.
Sun Dec 06 17:21:08 EST 2020: Peer 1005 has downloaded the piece 26 from 1002.Now the number of pieces it has is 60
Sun Dec 06 17:21:08 EST 2020: Peer 1005 received the 'not interested' message from 1004.
Sun Dec 06 17:21:08 EST 2020: Peer 1005 received the 'not interested' message from 1003.
Sun Dec 06 17:21:08 EST 2020: Peer 1005 received the 'not interested' message from 1002.
Sun Dec 06 17:21:08 EST 2020: Peer 1005 has downloaded the piece 60 from 1004.Now the number of pieces it has is 61
Sun Dec 06 17:21:08 EST 2020: Peer 1005 received the 'not interested' message from 1001.
Sun Dec 06 17:21:08 EST 2020: Peer 1005 received the 'not interested' message from 1004.
Sun Dec 06 17:21:08 EST 2020: Peer 1005 received the 'not interested' message from 1003.
Sun Dec 06 17:21:08 EST 2020: Peer 1005 received the 'not interested' message from 1002.
Sun Dec 06 17:21:08 EST 2020: Peer 1005 has downloaded the piece 33 from 1001.Now the number of pieces it has is 62
Sun Dec 06 17:21:08 EST 2020: Peer 1005 received the 'not interested' message from 1004.
Sun Dec 06 17:21:08 EST 2020: Peer 1005 received the 'not interested' message from 1003.
Sun Dec 06 17:21:08 EST 2020: Peer 1005 received the 'not interested' message from 1001.
Sun Dec 06 17:21:08 EST 2020: Peer 1005 received the 'not interested' message from 1002.
Sun Dec 06 17:21:08 EST 2020: Peer 1005 has downloaded the piece 45 from 1003.Now the number of pieces it has is 63
Sun Dec 06 17:21:08 EST 2020: Peer 1005 received the 'not interested' message from 1001.
Sun Dec 06 17:21:08 EST 2020: Peer 1005 received the 'not interested' message from 1004.
Sun Dec 06 17:21:08 EST 2020: Peer 1005 received the 'not interested' message from 1003.
Sun Dec 06 17:21:08 EST 2020: Peer 1005 received the 'not interested' message from 1002.
Sun Dec 06 17:21:08 EST 2020: Peer 1005 has downloaded the piece 42 from 1002.Now the number of pieces it has is 64
Sun Dec 06 17:21:08 EST 2020: Peer 1005 received the 'not interested' message from 1001.
Sun Dec 06 17:21:08 EST 2020: Peer 1005 received the 'not interested' message from 1004.
Sun Dec 06 17:21:08 EST 2020: Peer 1005 received the 'not interested' message from 1003.
Sun Dec 06 17:21:08 EST 2020: Peer 1005 received the 'not interested' message from 1002.
Sun Dec 06 17:21:08 EST 2020: Peer 1005 has downloaded the piece 23 from 1004.Now the number of pieces it has is 65
Sun Dec 06 17:21:08 EST 2020: Peer 1005 received the 'not interested' message from 1001.
Sun Dec 06 17:21:08 EST 2020: Peer 1005 received the 'not interested' message from 1004.
Sun Dec 06 17:21:08 EST 2020: Peer 1005 received the 'not interested' message from 1003.
Sun Dec 06 17:21:08 EST 2020: Peer 1005 received the 'not interested' message from 1002.
Sun Dec 06 17:21:08 EST 2020: Peer 1005 has downloaded the piece 23 from 1001.Now the number of pieces it has is 65
Sun Dec 06 17:21:08 EST 2020: Peer 1005 received the 'not interested' message from 1001.
Sun Dec 06 17:21:08 EST 2020: Peer 1005 received the 'not interested' message from 1004.
Sun Dec 06 17:21:08 EST 2020: Peer 1005 received the 'not interested' message from 1003.
Sun Dec 06 17:21:08 EST 2020: Peer 1005 received the 'not interested' message from 1002.
Sun Dec 06 17:21:08 EST 2020: Peer 1005 received the 'not interested' message from 1001.
Sun Dec 06 17:21:08 EST 2020: Peer 1005 has downloaded the piece 2 from 1003.Now the number of pieces it has is 66
Sun Dec 06 17:21:08 EST 2020: Peer 1005 received the 'not interested' message from 1004.
Sun Dec 06 17:21:08 EST 2020: Peer 1005 received the 'not interested' message from 1003.
Sun Dec 06 17:21:08 EST 2020: Peer 1005 received the 'not interested' message from 1002.
Sun Dec 06 17:21:08 EST 2020: Peer 1005 has downloaded the piece 2 from 1002.Now the number of pieces it has is 66
Sun Dec 06 17:21:08 EST 2020: Peer 1005 received the 'not interested' message from 1001.
Sun Dec 06 17:21:08 EST 2020: Peer 1005 received the 'not interested' message from 1004.
Sun Dec 06 17:21:08 EST 2020: Peer 1005 received the 'not interested' message from 1003.
Sun Dec 06 17:21:08 EST 2020: Peer 1005 received the 'not interested' message from 1002.
Sun Dec 06 17:21:08 EST 2020: Peer 1005 has downloaded the piece 2 from 1004.Now the number of pieces it has is 66
Sun Dec 06 17:21:08 EST 2020: Peer 1005 received the 'not interested' message from 1001.
Sun Dec 06 17:21:08 EST 2020: Peer 1005 received the 'not interested' message from 1004.
Sun Dec 06 17:21:08 EST 2020: Peer 1005 received the 'not interested' message from 1003.
Sun Dec 06 17:21:08 EST 2020: Peer 1005 received the 'not interested' message from 1002.
Sun Dec 06 17:21:08 EST 2020: Peer 1005 has downloaded the piece 13 from 1001.Now the number of pieces it has is 67
Sun Dec 06 17:21:08 EST 2020: Peer 1005 received the 'not interested' message from 1004.
Sun Dec 06 17:21:08 EST 2020: Peer 1005 has downloaded the complete file.
Sun Dec 06 17:21:08 EST 2020: Peer 1005 received the 'not interested' message from 1003.
Sun Dec 06 17:21:08 EST 2020: Peer 1005 received the 'not interested' message from 1002.
Sun Dec 06 17:21:08 EST 2020: Peer 1005 has downloaded the piece 13 from 1003.Now the number of pieces it has is 67
Sun Dec 06 17:21:08 EST 2020: Peer 1005 has downloaded the complete file.
Sun Dec 06 17:21:08 EST 2020: Peer 1005 received the 'not interested' message from 1004.
Sun Dec 06 17:21:08 EST 2020: Peer 1005 received the 'not interested' message from 1002.
Sun Dec 06 17:21:08 EST 2020: Peer 1005 has downloaded the piece 13 from 1002.Now the number of pieces it has is 67
Sun Dec 06 17:21:08 EST 2020: Peer 1005 received the 'not interested' message from 1004.
Sun Dec 06 17:21:08 EST 2020: Peer 1005 has downloaded the complete file.
Sun Dec 06 17:21:08 EST 2020: Peer 1005 has downloaded the piece 13 from 1004.Now the number of pieces it has is 67
Sun Dec 06 17:21:08 EST 2020: Peer 1005 has downloaded the complete file.
