Mon Dec 07 12:01:57 EST 2020: Peer 1002 makes a connection to Peer 1001.
Mon Dec 07 12:01:57 EST 2020: Peer 1002 is unchoked by 1001.
Mon Dec 07 12:01:57 EST 2020: Peer 1002 has downloaded the piece 47 from 1001.Now the number of pieces it has is 1
Mon Dec 07 12:01:57 EST 2020: Peer 1002 received the 'not interested' message from 1001.
Mon Dec 07 12:01:57 EST 2020: Peer 1002 has downloaded the piece 58 from 1001.Now the number of pieces it has is 2
Mon Dec 07 12:01:57 EST 2020: Peer 1002 received the 'not interested' message from 1001.
Mon Dec 07 12:01:57 EST 2020: Peer 1002 has downloaded the piece 49 from 1001.Now the number of pieces it has is 3
Mon Dec 07 12:01:57 EST 2020: Peer 1002 received the 'not interested' message from 1001.
Mon Dec 07 12:01:57 EST 2020: Peer 1002 has downloaded the piece 65 from 1001.Now the number of pieces it has is 4
Mon Dec 07 12:01:57 EST 2020: Peer 1002 received the 'not interested' message from 1001.
Mon Dec 07 12:01:57 EST 2020: Peer 1002 has downloaded the piece 56 from 1001.Now the number of pieces it has is 5
Mon Dec 07 12:01:58 EST 2020: Peer 1002 received the 'not interested' message from 1001.
Mon Dec 07 12:01:58 EST 2020: Peer 1002 has downloaded the piece 3 from 1001.Now the number of pieces it has is 6
Mon Dec 07 12:01:58 EST 2020: Peer 1002 received the 'not interested' message from 1001.
Mon Dec 07 12:01:58 EST 2020: Peer 1002 has downloaded the piece 40 from 1001.Now the number of pieces it has is 7
Mon Dec 07 12:01:58 EST 2020: Peer 1002 received the 'not interested' message from 1001.
Mon Dec 07 12:01:58 EST 2020: Peer 1002 has downloaded the piece 62 from 1001.Now the number of pieces it has is 8
Mon Dec 07 12:01:58 EST 2020: Peer 1002 received the 'not interested' message from 1001.
Mon Dec 07 12:01:58 EST 2020: Peer 1002 has downloaded the piece 6 from 1001.Now the number of pieces it has is 9
Mon Dec 07 12:01:58 EST 2020: Peer 1002 received the 'not interested' message from 1001.
Mon Dec 07 12:01:58 EST 2020: Peer 1002 has downloaded the piece 57 from 1001.Now the number of pieces it has is 10
Mon Dec 07 12:01:58 EST 2020: Peer 1002 received the 'not interested' message from 1001.
Mon Dec 07 12:01:58 EST 2020: Peer 1002 has downloaded the piece 43 from 1001.Now the number of pieces it has is 11
Mon Dec 07 12:01:58 EST 2020: Peer 1002 received the 'not interested' message from 1001.
Mon Dec 07 12:01:58 EST 2020: Peer 1002 has downloaded the piece 60 from 1001.Now the number of pieces it has is 12
Mon Dec 07 12:01:58 EST 2020: Peer 1002 received the 'not interested' message from 1001.
Mon Dec 07 12:01:58 EST 2020: Peer 1002 has downloaded the piece 66 from 1001.Now the number of pieces it has is 13
Mon Dec 07 12:01:58 EST 2020: Peer 1002 received the 'not interested' message from 1001.
Mon Dec 07 12:01:58 EST 2020: Peer 1002 has downloaded the piece 1 from 1001.Now the number of pieces it has is 14
Mon Dec 07 12:01:58 EST 2020: Peer 1002 received the 'not interested' message from 1001.
Mon Dec 07 12:01:58 EST 2020: Peer 1002 has downloaded the piece 5 from 1001.Now the number of pieces it has is 15
Mon Dec 07 12:01:58 EST 2020: Peer 1002 received the 'not interested' message from 1001.
Mon Dec 07 12:01:58 EST 2020: Peer 1002 has downloaded the piece 30 from 1001.Now the number of pieces it has is 16
Mon Dec 07 12:01:58 EST 2020: Peer 1002 received the 'not interested' message from 1001.
Mon Dec 07 12:01:58 EST 2020: Peer 1002 has downloaded the piece 54 from 1001.Now the number of pieces it has is 17
Mon Dec 07 12:01:58 EST 2020: Peer 1002 received the 'not interested' message from 1001.
Mon Dec 07 12:01:58 EST 2020: Peer 1002 has downloaded the piece 10 from 1001.Now the number of pieces it has is 18
Mon Dec 07 12:01:58 EST 2020: Peer 1002 received the 'not interested' message from 1001.
Mon Dec 07 12:01:58 EST 2020: Peer 1002 has downloaded the piece 52 from 1001.Now the number of pieces it has is 19
Mon Dec 07 12:01:58 EST 2020: Peer 1002 received the 'not interested' message from 1001.
Mon Dec 07 12:01:58 EST 2020: Peer 1002 has downloaded the piece 16 from 1001.Now the number of pieces it has is 20
Mon Dec 07 12:01:58 EST 2020: Peer 1002 received the 'not interested' message from 1001.
Mon Dec 07 12:01:58 EST 2020: Peer 1002 has downloaded the piece 55 from 1001.Now the number of pieces it has is 21
Mon Dec 07 12:01:58 EST 2020: Peer 1002 received the 'not interested' message from 1001.
Mon Dec 07 12:01:58 EST 2020: Peer 1002 has downloaded the piece 31 from 1001.Now the number of pieces it has is 22
Mon Dec 07 12:01:58 EST 2020: Peer 1002 received the 'not interested' message from 1001.
Mon Dec 07 12:01:58 EST 2020: Peer 1002 has downloaded the piece 12 from 1001.Now the number of pieces it has is 23
Mon Dec 07 12:01:58 EST 2020: Peer 1002 received the 'not interested' message from 1001.
Mon Dec 07 12:01:58 EST 2020: Peer 1002 has downloaded the piece 38 from 1001.Now the number of pieces it has is 24
Mon Dec 07 12:01:58 EST 2020: Peer 1002 received the 'not interested' message from 1001.
Mon Dec 07 12:01:58 EST 2020: Peer 1002 has downloaded the piece 25 from 1001.Now the number of pieces it has is 25
Mon Dec 07 12:01:58 EST 2020: Peer 1002 received the 'not interested' message from 1001.
Mon Dec 07 12:01:58 EST 2020: Peer 1002 has downloaded the piece 17 from 1001.Now the number of pieces it has is 26
Mon Dec 07 12:01:58 EST 2020: Peer 1002 received the 'not interested' message from 1001.
Mon Dec 07 12:01:58 EST 2020: Peer 1002 has downloaded the piece 63 from 1001.Now the number of pieces it has is 27
Mon Dec 07 12:01:58 EST 2020: Peer 1002 received the 'not interested' message from 1001.
Mon Dec 07 12:01:58 EST 2020: Peer 1002 has downloaded the piece 13 from 1001.Now the number of pieces it has is 28
Mon Dec 07 12:01:58 EST 2020: Peer 1002 received the 'not interested' message from 1001.
Mon Dec 07 12:01:58 EST 2020: Peer 1002 has downloaded the piece 4 from 1001.Now the number of pieces it has is 29
Mon Dec 07 12:01:58 EST 2020: Peer 1002 received the 'not interested' message from 1001.
Mon Dec 07 12:01:58 EST 2020: Peer 1002 has downloaded the piece 14 from 1001.Now the number of pieces it has is 30
Mon Dec 07 12:01:58 EST 2020: Peer 1002 received the 'not interested' message from 1001.
Mon Dec 07 12:01:58 EST 2020: Peer 1002 has downloaded the piece 39 from 1001.Now the number of pieces it has is 31
Mon Dec 07 12:01:58 EST 2020: Peer 1002 received the 'not interested' message from 1001.
Mon Dec 07 12:01:58 EST 2020: Peer 1002 has downloaded the piece 15 from 1001.Now the number of pieces it has is 32
Mon Dec 07 12:01:58 EST 2020: Peer 1002 received the 'not interested' message from 1001.
Mon Dec 07 12:01:58 EST 2020: Peer 1002 has downloaded the piece 2 from 1001.Now the number of pieces it has is 33
Mon Dec 07 12:01:58 EST 2020: Peer 1002 received the 'not interested' message from 1001.
Mon Dec 07 12:01:58 EST 2020: Peer 1002 has downloaded the piece 29 from 1001.Now the number of pieces it has is 34
Mon Dec 07 12:01:58 EST 2020: Peer 1002 received the 'not interested' message from 1001.
Mon Dec 07 12:01:58 EST 2020: Peer 1002 has downloaded the piece 46 from 1001.Now the number of pieces it has is 35
Mon Dec 07 12:01:58 EST 2020: Peer 1002 received the 'not interested' message from 1001.
Mon Dec 07 12:01:58 EST 2020: Peer 1002 has downloaded the piece 26 from 1001.Now the number of pieces it has is 36
Mon Dec 07 12:01:58 EST 2020: Peer 1002 received the 'not interested' message from 1001.
Mon Dec 07 12:01:58 EST 2020: Peer 1002 has downloaded the piece 61 from 1001.Now the number of pieces it has is 37
Mon Dec 07 12:01:58 EST 2020: Peer 1002 received the 'not interested' message from 1001.
Mon Dec 07 12:01:58 EST 2020: Peer 1002 has downloaded the piece 22 from 1001.Now the number of pieces it has is 38
Mon Dec 07 12:01:58 EST 2020: Peer 1002 received the 'not interested' message from 1001.
Mon Dec 07 12:01:58 EST 2020: Peer 1002 has downloaded the piece 33 from 1001.Now the number of pieces it has is 39
Mon Dec 07 12:01:58 EST 2020: Peer 1002 received the 'not interested' message from 1001.
Mon Dec 07 12:01:58 EST 2020: Peer 1002 has downloaded the piece 50 from 1001.Now the number of pieces it has is 40
Mon Dec 07 12:01:58 EST 2020: Peer 1002 received the 'not interested' message from 1001.
Mon Dec 07 12:01:58 EST 2020: Peer 1002 has downloaded the piece 11 from 1001.Now the number of pieces it has is 41
Mon Dec 07 12:01:58 EST 2020: Peer 1002 received the 'not interested' message from 1001.
Mon Dec 07 12:01:58 EST 2020: Peer 1002 has downloaded the piece 20 from 1001.Now the number of pieces it has is 42
Mon Dec 07 12:01:58 EST 2020: Peer 1002 received the 'not interested' message from 1001.
Mon Dec 07 12:01:58 EST 2020: Peer 1002 has downloaded the piece 37 from 1001.Now the number of pieces it has is 43
Mon Dec 07 12:01:58 EST 2020: Peer 1002 received the 'not interested' message from 1001.
Mon Dec 07 12:01:58 EST 2020: Peer 1002 has downloaded the piece 7 from 1001.Now the number of pieces it has is 44
Mon Dec 07 12:01:58 EST 2020: Peer 1002 received the 'not interested' message from 1001.
Mon Dec 07 12:01:58 EST 2020: Peer 1002 has downloaded the piece 24 from 1001.Now the number of pieces it has is 45
Mon Dec 07 12:01:58 EST 2020: Peer 1002 received the 'not interested' message from 1001.
Mon Dec 07 12:01:58 EST 2020: Peer 1002 has downloaded the piece 21 from 1001.Now the number of pieces it has is 46
Mon Dec 07 12:01:58 EST 2020: Peer 1002 received the 'not interested' message from 1001.
Mon Dec 07 12:01:58 EST 2020: Peer 1002 has downloaded the piece 32 from 1001.Now the number of pieces it has is 47
Mon Dec 07 12:01:58 EST 2020: Peer 1002 received the 'not interested' message from 1001.
Mon Dec 07 12:01:58 EST 2020: Peer 1002 has downloaded the piece 18 from 1001.Now the number of pieces it has is 48
Mon Dec 07 12:01:58 EST 2020: Peer 1002 received the 'not interested' message from 1001.
Mon Dec 07 12:01:58 EST 2020: Peer 1002 has downloaded the piece 64 from 1001.Now the number of pieces it has is 49
Mon Dec 07 12:01:58 EST 2020: Peer 1002 received the 'not interested' message from 1001.
Mon Dec 07 12:01:58 EST 2020: Peer 1002 has downloaded the piece 53 from 1001.Now the number of pieces it has is 50
Mon Dec 07 12:01:58 EST 2020: Peer 1002 received the 'not interested' message from 1001.
Mon Dec 07 12:01:58 EST 2020: Peer 1002 has downloaded the piece 42 from 1001.Now the number of pieces it has is 51
Mon Dec 07 12:01:58 EST 2020: Peer 1002 received the 'not interested' message from 1001.
Mon Dec 07 12:01:58 EST 2020: Peer 1002 has downloaded the piece 59 from 1001.Now the number of pieces it has is 52
Mon Dec 07 12:01:58 EST 2020: Peer 1002 received the 'not interested' message from 1001.
Mon Dec 07 12:01:58 EST 2020: Peer 1002 has downloaded the piece 41 from 1001.Now the number of pieces it has is 53
Mon Dec 07 12:01:58 EST 2020: Peer 1002 received the 'not interested' message from 1001.
Mon Dec 07 12:01:58 EST 2020: Peer 1002 has downloaded the piece 44 from 1001.Now the number of pieces it has is 54
Mon Dec 07 12:01:58 EST 2020: Peer 1002 received the 'not interested' message from 1001.
Mon Dec 07 12:01:58 EST 2020: Peer 1002 has downloaded the piece 35 from 1001.Now the number of pieces it has is 55
Mon Dec 07 12:01:58 EST 2020: Peer 1002 received the 'not interested' message from 1001.
Mon Dec 07 12:01:58 EST 2020: Peer 1002 has downloaded the piece 51 from 1001.Now the number of pieces it has is 56
Mon Dec 07 12:01:58 EST 2020: Peer 1002 received the 'not interested' message from 1001.
Mon Dec 07 12:01:58 EST 2020: Peer 1002 has downloaded the piece 23 from 1001.Now the number of pieces it has is 57
Mon Dec 07 12:01:58 EST 2020: Peer 1002 received the 'not interested' message from 1001.
Mon Dec 07 12:01:58 EST 2020: Peer 1002 has downloaded the piece 36 from 1001.Now the number of pieces it has is 58
Mon Dec 07 12:01:58 EST 2020: Peer 1002 received the 'not interested' message from 1001.
Mon Dec 07 12:01:58 EST 2020: Peer 1002 has downloaded the piece 27 from 1001.Now the number of pieces it has is 59
Mon Dec 07 12:01:58 EST 2020: Peer 1002 received the 'not interested' message from 1001.
Mon Dec 07 12:01:58 EST 2020: Peer 1002 has downloaded the piece 28 from 1001.Now the number of pieces it has is 60
Mon Dec 07 12:01:58 EST 2020: Peer 1002 received the 'not interested' message from 1001.
Mon Dec 07 12:01:58 EST 2020: Peer 1002 has downloaded the piece 34 from 1001.Now the number of pieces it has is 61
Mon Dec 07 12:01:58 EST 2020: Peer 1002 received the 'not interested' message from 1001.
Mon Dec 07 12:01:58 EST 2020: Peer 1002 has downloaded the piece 48 from 1001.Now the number of pieces it has is 62
Mon Dec 07 12:01:58 EST 2020: Peer 1002 received the 'not interested' message from 1001.
Mon Dec 07 12:01:58 EST 2020: Peer 1002 has downloaded the piece 0 from 1001.Now the number of pieces it has is 63
Mon Dec 07 12:01:58 EST 2020: Peer 1002 received the 'not interested' message from 1001.
Mon Dec 07 12:01:58 EST 2020: Peer 1002 has downloaded the piece 45 from 1001.Now the number of pieces it has is 64
Mon Dec 07 12:01:58 EST 2020: Peer 1002 received the 'not interested' message from 1001.
Mon Dec 07 12:01:58 EST 2020: Peer 1002 has downloaded the piece 19 from 1001.Now the number of pieces it has is 65
Mon Dec 07 12:01:58 EST 2020: Peer 1002 received the 'not interested' message from 1001.
Mon Dec 07 12:01:58 EST 2020: Peer 1002 has downloaded the piece 9 from 1001.Now the number of pieces it has is 66
Mon Dec 07 12:01:58 EST 2020: Peer 1002 received the 'not interested' message from 1001.
Mon Dec 07 12:01:58 EST 2020: Peer 1002 has downloaded the piece 8 from 1001.Now the number of pieces it has is 67
Mon Dec 07 12:01:58 EST 2020: Peer 1002 has downloaded the complete file.
Mon Dec 07 12:02:02 EST 2020: Peer 1002 is connected from Peer 1003.
Mon Dec 07 12:02:02 EST 2020: Peer 1002 received the 'interested' message from 1003.
Mon Dec 07 12:02:02 EST 2020: Peer 1002 received the 'have' message from 1003 for the piece 16.
Mon Dec 07 12:02:02 EST 2020: Peer 1002 received the 'have' message from 1003 for the piece 17.
Mon Dec 07 12:02:02 EST 2020: Peer 1002 received the 'have' message from 1003 for the piece 4.
Mon Dec 07 12:02:02 EST 2020: Peer 1002 received the 'have' message from 1003 for the piece 66.
Mon Dec 07 12:02:02 EST 2020: Peer 1002 received the 'have' message from 1003 for the piece 8.
Mon Dec 07 12:02:02 EST 2020: Peer 1002 received the 'have' message from 1003 for the piece 56.
Mon Dec 07 12:02:02 EST 2020: Peer 1002 received the 'have' message from 1003 for the piece 49.
Mon Dec 07 12:02:02 EST 2020: Peer 1002 received the 'have' message from 1003 for the piece 37.
Mon Dec 07 12:02:02 EST 2020: Peer 1002 received the 'have' message from 1003 for the piece 42.
Mon Dec 07 12:02:02 EST 2020: Peer 1002 received the 'have' message from 1003 for the piece 57.
Mon Dec 07 12:02:02 EST 2020: Peer 1002 received the 'have' message from 1003 for the piece 24.
Mon Dec 07 12:02:02 EST 2020: Peer 1002 received the 'have' message from 1003 for the piece 19.
Mon Dec 07 12:02:02 EST 2020: Peer 1002 received the 'have' message from 1003 for the piece 45.
Mon Dec 07 12:02:02 EST 2020: Peer 1002 received the 'have' message from 1003 for the piece 59.
Mon Dec 07 12:02:02 EST 2020: Peer 1002 received the 'have' message from 1003 for the piece 43.
Mon Dec 07 12:02:02 EST 2020: Peer 1002 received the 'have' message from 1003 for the piece 44.
Mon Dec 07 12:02:02 EST 2020: Peer 1002 received the 'have' message from 1003 for the piece 34.
Mon Dec 07 12:02:02 EST 2020: Peer 1002 received the 'have' message from 1003 for the piece 58.
Mon Dec 07 12:02:02 EST 2020: Peer 1002 received the 'have' message from 1003 for the piece 0.
Mon Dec 07 12:02:02 EST 2020: Peer 1002 received the 'have' message from 1003 for the piece 3.
Mon Dec 07 12:02:02 EST 2020: Peer 1002 received the 'have' message from 1003 for the piece 52.
Mon Dec 07 12:02:02 EST 2020: Peer 1002 received the 'have' message from 1003 for the piece 62.
Mon Dec 07 12:02:02 EST 2020: Peer 1002 received the 'have' message from 1003 for the piece 31.
Mon Dec 07 12:02:02 EST 2020: Peer 1002 received the 'have' message from 1003 for the piece 47.
Mon Dec 07 12:02:02 EST 2020: Peer 1002 received the 'have' message from 1003 for the piece 20.
Mon Dec 07 12:02:02 EST 2020: Peer 1002 received the 'have' message from 1003 for the piece 21.
Mon Dec 07 12:02:02 EST 2020: Peer 1002 received the 'have' message from 1003 for the piece 64.
Mon Dec 07 12:02:02 EST 2020: Peer 1002 received the 'have' message from 1003 for the piece 35.
Mon Dec 07 12:02:02 EST 2020: Peer 1002 received the 'have' message from 1003 for the piece 15.
Mon Dec 07 12:02:02 EST 2020: Peer 1002 received the 'have' message from 1003 for the piece 38.
Mon Dec 07 12:02:02 EST 2020: Peer 1002 received the 'have' message from 1003 for the piece 22.
Mon Dec 07 12:02:02 EST 2020: Peer 1002 received the 'have' message from 1003 for the piece 33.
Mon Dec 07 12:02:02 EST 2020: Peer 1002 received the 'have' message from 1003 for the piece 14.
Mon Dec 07 12:02:02 EST 2020: Peer 1002 received the 'have' message from 1003 for the piece 30.
Mon Dec 07 12:02:02 EST 2020: Peer 1002 received the 'have' message from 1003 for the piece 41.
Mon Dec 07 12:02:02 EST 2020: Peer 1002 received the 'have' message from 1003 for the piece 28.
Mon Dec 07 12:02:02 EST 2020: Peer 1002 received the 'have' message from 1003 for the piece 1.
Mon Dec 07 12:02:02 EST 2020: Peer 1002 received the 'have' message from 1003 for the piece 13.
Mon Dec 07 12:02:02 EST 2020: Peer 1002 received the 'have' message from 1003 for the piece 27.
Mon Dec 07 12:02:02 EST 2020: Peer 1002 received the 'have' message from 1003 for the piece 53.
Mon Dec 07 12:02:02 EST 2020: Peer 1002 received the 'have' message from 1003 for the piece 63.
Mon Dec 07 12:02:02 EST 2020: Peer 1002 received the 'have' message from 1003 for the piece 9.
Mon Dec 07 12:02:02 EST 2020: Peer 1002 received the 'have' message from 1003 for the piece 61.
Mon Dec 07 12:02:02 EST 2020: Peer 1002 received the 'have' message from 1003 for the piece 10.
Mon Dec 07 12:02:02 EST 2020: Peer 1002 received the 'have' message from 1003 for the piece 55.
Mon Dec 07 12:02:02 EST 2020: Peer 1002 received the 'have' message from 1003 for the piece 39.
Mon Dec 07 12:02:02 EST 2020: Peer 1002 received the 'have' message from 1003 for the piece 2.
Mon Dec 07 12:02:02 EST 2020: Peer 1002 received the 'have' message from 1003 for the piece 18.
Mon Dec 07 12:02:02 EST 2020: Peer 1002 received the 'have' message from 1003 for the piece 60.
Mon Dec 07 12:02:02 EST 2020: Peer 1002 received the 'have' message from 1003 for the piece 48.
Mon Dec 07 12:02:02 EST 2020: Peer 1002 received the 'have' message from 1003 for the piece 54.
Mon Dec 07 12:02:02 EST 2020: Peer 1002 received the 'have' message from 1003 for the piece 29.
Mon Dec 07 12:02:02 EST 2020: Peer 1002 received the 'have' message from 1003 for the piece 40.
Mon Dec 07 12:02:02 EST 2020: Peer 1002 received the 'have' message from 1003 for the piece 65.
Mon Dec 07 12:02:02 EST 2020: Peer 1002 received the 'have' message from 1003 for the piece 12.
Mon Dec 07 12:02:02 EST 2020: Peer 1002 received the 'have' message from 1003 for the piece 6.
Mon Dec 07 12:02:02 EST 2020: Peer 1002 received the 'have' message from 1003 for the piece 5.
Mon Dec 07 12:02:02 EST 2020: Peer 1002 received the 'have' message from 1003 for the piece 7.
Mon Dec 07 12:02:02 EST 2020: Peer 1002 received the 'have' message from 1003 for the piece 50.
Mon Dec 07 12:02:02 EST 2020: Peer 1002 received the 'have' message from 1003 for the piece 25.
Mon Dec 07 12:02:02 EST 2020: Peer 1002 received the 'have' message from 1003 for the piece 46.
Mon Dec 07 12:02:02 EST 2020: Peer 1002 received the 'have' message from 1003 for the piece 51.
Mon Dec 07 12:02:02 EST 2020: Peer 1002 received the 'have' message from 1003 for the piece 36.
Mon Dec 07 12:02:02 EST 2020: Peer 1002 received the 'have' message from 1003 for the piece 23.
Mon Dec 07 12:02:02 EST 2020: Peer 1002 received the 'have' message from 1003 for the piece 11.
Mon Dec 07 12:02:02 EST 2020: Peer 1002 received the 'have' message from 1003 for the piece 26.
Mon Dec 07 12:02:02 EST 2020: Peer 1002 received the 'have' message from 1003 for the piece 32.
Mon Dec 07 12:02:02 EST 2020: Peer 1002 received the 'have' message from 1003 for the piece 32.
Mon Dec 07 12:02:08 EST 2020: Peer 1002 is connected from Peer 1004.
Mon Dec 07 12:02:08 EST 2020: Peer 1002 received the 'interested' message from 1004.
Mon Dec 07 12:02:08 EST 2020: Peer 1002 received the 'have' message from 1004 for the piece 10.
Mon Dec 07 12:02:08 EST 2020: Peer 1002 received the 'have' message from 1004 for the piece 41.
Mon Dec 07 12:02:08 EST 2020: Peer 1002 received the 'have' message from 1004 for the piece 50.
Mon Dec 07 12:02:08 EST 2020: Peer 1002 received the 'have' message from 1004 for the piece 12.
Mon Dec 07 12:02:08 EST 2020: Peer 1002 received the 'have' message from 1004 for the piece 7.
Mon Dec 07 12:02:08 EST 2020: Peer 1002 received the 'have' message from 1004 for the piece 0.
Mon Dec 07 12:02:08 EST 2020: Peer 1002 received the 'have' message from 1004 for the piece 32.
Mon Dec 07 12:02:08 EST 2020: Peer 1002 received the 'have' message from 1004 for the piece 42.
Mon Dec 07 12:02:08 EST 2020: Peer 1002 received the 'have' message from 1004 for the piece 53.
Mon Dec 07 12:02:08 EST 2020: Peer 1002 received the 'have' message from 1004 for the piece 45.
Mon Dec 07 12:02:08 EST 2020: Peer 1002 received the 'have' message from 1004 for the piece 20.
Mon Dec 07 12:02:08 EST 2020: Peer 1002 received the 'have' message from 1004 for the piece 19.
Mon Dec 07 12:02:08 EST 2020: Peer 1002 received the 'have' message from 1004 for the piece 19.
Mon Dec 07 12:02:08 EST 2020: Peer 1002 received the 'have' message from 1004 for the piece 28.
Mon Dec 07 12:02:08 EST 2020: Peer 1002 received the 'have' message from 1004 for the piece 59.
Mon Dec 07 12:02:08 EST 2020: Peer 1002 received the 'have' message from 1004 for the piece 30.
Mon Dec 07 12:02:08 EST 2020: Peer 1002 received the 'have' message from 1004 for the piece 16.
Mon Dec 07 12:02:08 EST 2020: Peer 1002 received the 'have' message from 1004 for the piece 3.
Mon Dec 07 12:02:08 EST 2020: Peer 1002 received the 'have' message from 1004 for the piece 54.
Mon Dec 07 12:02:08 EST 2020: Peer 1002 received the 'have' message from 1004 for the piece 2.
Mon Dec 07 12:02:08 EST 2020: Peer 1002 received the 'have' message from 1004 for the piece 66.
Mon Dec 07 12:02:08 EST 2020: Peer 1002 received the 'have' message from 1004 for the piece 38.
Mon Dec 07 12:02:08 EST 2020: Peer 1002 received the 'have' message from 1004 for the piece 17.
Mon Dec 07 12:02:08 EST 2020: Peer 1002 received the 'have' message from 1004 for the piece 57.
Mon Dec 07 12:02:08 EST 2020: Peer 1002 received the 'have' message from 1004 for the piece 47.
Mon Dec 07 12:02:08 EST 2020: Peer 1002 received the 'have' message from 1004 for the piece 25.
Mon Dec 07 12:02:08 EST 2020: Peer 1002 received the 'have' message from 1004 for the piece 9.
Mon Dec 07 12:02:08 EST 2020: Peer 1002 received the 'have' message from 1004 for the piece 22.
Mon Dec 07 12:02:08 EST 2020: Peer 1002 received the 'have' message from 1004 for the piece 24.
Mon Dec 07 12:02:08 EST 2020: Peer 1002 received the 'have' message from 1004 for the piece 64.
Mon Dec 07 12:02:08 EST 2020: Peer 1002 received the 'have' message from 1004 for the piece 56.
Mon Dec 07 12:02:08 EST 2020: Peer 1002 received the 'have' message from 1004 for the piece 49.
Mon Dec 07 12:02:08 EST 2020: Peer 1002 received the 'have' message from 1004 for the piece 31.
Mon Dec 07 12:02:08 EST 2020: Peer 1002 received the 'have' message from 1004 for the piece 63.
Mon Dec 07 12:02:08 EST 2020: Peer 1002 received the 'have' message from 1004 for the piece 46.
Mon Dec 07 12:02:08 EST 2020: Peer 1002 received the 'have' message from 1004 for the piece 1.
Mon Dec 07 12:02:08 EST 2020: Peer 1002 received the 'have' message from 1004 for the piece 34.
Mon Dec 07 12:02:08 EST 2020: Peer 1002 received the 'have' message from 1004 for the piece 11.
Mon Dec 07 12:02:08 EST 2020: Peer 1002 received the 'have' message from 1004 for the piece 34.
Mon Dec 07 12:02:08 EST 2020: Peer 1002 received the 'have' message from 1004 for the piece 52.
Mon Dec 07 12:02:08 EST 2020: Peer 1002 received the 'have' message from 1004 for the piece 61.
Mon Dec 07 12:02:08 EST 2020: Peer 1002 received the 'have' message from 1004 for the piece 27.
Mon Dec 07 12:02:08 EST 2020: Peer 1002 received the 'have' message from 1004 for the piece 18.
Mon Dec 07 12:02:08 EST 2020: Peer 1002 received the 'have' message from 1004 for the piece 27.
Mon Dec 07 12:02:08 EST 2020: Peer 1002 received the 'have' message from 1004 for the piece 4.
Mon Dec 07 12:02:08 EST 2020: Peer 1002 received the 'have' message from 1004 for the piece 43.
Mon Dec 07 12:02:08 EST 2020: Peer 1002 received the 'have' message from 1004 for the piece 4.
Mon Dec 07 12:02:08 EST 2020: Peer 1002 received the 'have' message from 1004 for the piece 23.
Mon Dec 07 12:02:08 EST 2020: Peer 1002 received the 'have' message from 1004 for the piece 35.
Mon Dec 07 12:02:08 EST 2020: Peer 1002 received the 'have' message from 1004 for the piece 21.
Mon Dec 07 12:02:08 EST 2020: Peer 1002 received the 'have' message from 1004 for the piece 40.
Mon Dec 07 12:02:08 EST 2020: Peer 1002 received the 'have' message from 1004 for the piece 29.
Mon Dec 07 12:02:08 EST 2020: Peer 1002 received the 'have' message from 1004 for the piece 15.
Mon Dec 07 12:02:08 EST 2020: Peer 1002 received the 'have' message from 1004 for the piece 36.
Mon Dec 07 12:02:08 EST 2020: Peer 1002 received the 'have' message from 1004 for the piece 26.
Mon Dec 07 12:02:08 EST 2020: Peer 1002 received the 'have' message from 1004 for the piece 26.
Mon Dec 07 12:02:08 EST 2020: Peer 1002 received the 'have' message from 1004 for the piece 26.
Mon Dec 07 12:02:08 EST 2020: Peer 1002 received the 'have' message from 1004 for the piece 6.
Mon Dec 07 12:02:08 EST 2020: Peer 1002 received the 'have' message from 1004 for the piece 39.
Mon Dec 07 12:02:08 EST 2020: Peer 1002 received the 'have' message from 1004 for the piece 33.
Mon Dec 07 12:02:08 EST 2020: Peer 1002 received the 'have' message from 1004 for the piece 60.
Mon Dec 07 12:02:08 EST 2020: Peer 1002 received the 'have' message from 1004 for the piece 37.
Mon Dec 07 12:02:08 EST 2020: Peer 1002 received the 'have' message from 1004 for the piece 5.
Mon Dec 07 12:02:08 EST 2020: Peer 1002 received the 'have' message from 1004 for the piece 5.
Mon Dec 07 12:02:08 EST 2020: Peer 1002 received the 'have' message from 1004 for the piece 5.
Mon Dec 07 12:02:08 EST 2020: Peer 1002 received the 'have' message from 1004 for the piece 65.
Mon Dec 07 12:02:09 EST 2020: Peer 1002 received the 'have' message from 1004 for the piece 48.
Mon Dec 07 12:02:09 EST 2020: Peer 1002 received the 'have' message from 1004 for the piece 65.
Mon Dec 07 12:02:09 EST 2020: Peer 1002 received the 'have' message from 1004 for the piece 48.
Mon Dec 07 12:02:09 EST 2020: Peer 1002 received the 'have' message from 1004 for the piece 13.
Mon Dec 07 12:02:09 EST 2020: Peer 1002 received the 'have' message from 1004 for the piece 13.
Mon Dec 07 12:02:09 EST 2020: Peer 1002 received the 'have' message from 1004 for the piece 44.
Mon Dec 07 12:02:09 EST 2020: Peer 1002 received the 'have' message from 1004 for the piece 58.
Mon Dec 07 12:02:09 EST 2020: Peer 1002 received the 'have' message from 1004 for the piece 8.
Mon Dec 07 12:02:09 EST 2020: Peer 1002 received the 'have' message from 1004 for the piece 62.
Mon Dec 07 12:02:09 EST 2020: Peer 1002 received the 'have' message from 1004 for the piece 8.
Mon Dec 07 12:02:09 EST 2020: Peer 1002 received the 'have' message from 1004 for the piece 14.
Mon Dec 07 12:02:09 EST 2020: Peer 1002 received the 'have' message from 1004 for the piece 14.
Mon Dec 07 12:02:09 EST 2020: Peer 1002 received the 'have' message from 1004 for the piece 51.
Mon Dec 07 12:02:09 EST 2020: Peer 1002 received the 'have' message from 1004 for the piece 55.
Mon Dec 07 12:02:09 EST 2020: Peer 1002 received the 'have' message from 1004 for the piece 51.
Mon Dec 07 12:02:09 EST 2020: Peer 1002 received the 'have' message from 1004 for the piece 55.
Mon Dec 07 12:02:09 EST 2020: Peer 1002 has the preferred neighbors 1004.
Mon Dec 07 12:02:13 EST 2020: Peer 1002 is connected from Peer 1005.
Mon Dec 07 12:02:13 EST 2020: Peer 1002 received the 'interested' message from 1005.
Mon Dec 07 12:02:13 EST 2020: Peer 1002 received the 'have' message from 1005 for the piece 6.
Mon Dec 07 12:02:13 EST 2020: Peer 1002 received the 'have' message from 1005 for the piece 29.
Mon Dec 07 12:02:13 EST 2020: Peer 1002 received the 'have' message from 1005 for the piece 18.
Mon Dec 07 12:02:13 EST 2020: Peer 1002 received the 'have' message from 1005 for the piece 45.
Mon Dec 07 12:02:13 EST 2020: Peer 1002 received the 'have' message from 1005 for the piece 59.
Mon Dec 07 12:02:13 EST 2020: Peer 1002 received the 'have' message from 1005 for the piece 23.
Mon Dec 07 12:02:13 EST 2020: Peer 1002 received the 'have' message from 1005 for the piece 65.
Mon Dec 07 12:02:13 EST 2020: Peer 1002 received the 'have' message from 1005 for the piece 2.
Mon Dec 07 12:02:13 EST 2020: Peer 1002 received the 'have' message from 1005 for the piece 12.
Mon Dec 07 12:02:13 EST 2020: Peer 1002 received the 'have' message from 1005 for the piece 31.
Mon Dec 07 12:02:13 EST 2020: Peer 1002 received the 'have' message from 1005 for the piece 53.
Mon Dec 07 12:02:13 EST 2020: Peer 1002 received the 'have' message from 1005 for the piece 61.
Mon Dec 07 12:02:13 EST 2020: Peer 1002 received the 'have' message from 1005 for the piece 35.
Mon Dec 07 12:02:13 EST 2020: Peer 1002 received the 'have' message from 1005 for the piece 44.
Mon Dec 07 12:02:13 EST 2020: Peer 1002 received the 'have' message from 1005 for the piece 41.
Mon Dec 07 12:02:13 EST 2020: Peer 1002 received the 'have' message from 1005 for the piece 35.
Mon Dec 07 12:02:13 EST 2020: Peer 1002 received the 'have' message from 1005 for the piece 50.
Mon Dec 07 12:02:13 EST 2020: Peer 1002 received the 'have' message from 1005 for the piece 30.
Mon Dec 07 12:02:13 EST 2020: Peer 1002 received the 'have' message from 1005 for the piece 58.
Mon Dec 07 12:02:13 EST 2020: Peer 1002 received the 'have' message from 1005 for the piece 60.
Mon Dec 07 12:02:13 EST 2020: Peer 1002 received the 'have' message from 1005 for the piece 7.
Mon Dec 07 12:02:13 EST 2020: Peer 1002 received the 'have' message from 1005 for the piece 49.
Mon Dec 07 12:02:13 EST 2020: Peer 1002 received the 'have' message from 1005 for the piece 11.
Mon Dec 07 12:02:13 EST 2020: Peer 1002 received the 'have' message from 1005 for the piece 5.
Mon Dec 07 12:02:13 EST 2020: Peer 1002 received the 'have' message from 1005 for the piece 15.
Mon Dec 07 12:02:13 EST 2020: Peer 1002 received the 'have' message from 1005 for the piece 14.
Mon Dec 07 12:02:13 EST 2020: Peer 1002 received the 'have' message from 1005 for the piece 43.
Mon Dec 07 12:02:13 EST 2020: Peer 1002 received the 'have' message from 1005 for the piece 15.
Mon Dec 07 12:02:13 EST 2020: Peer 1002 received the 'have' message from 1005 for the piece 64.
Mon Dec 07 12:02:13 EST 2020: Peer 1002 received the 'have' message from 1005 for the piece 43.
Mon Dec 07 12:02:13 EST 2020: Peer 1002 received the 'have' message from 1005 for the piece 4.
Mon Dec 07 12:02:13 EST 2020: Peer 1002 received the 'have' message from 1005 for the piece 9.
Mon Dec 07 12:02:13 EST 2020: Peer 1002 received the 'have' message from 1005 for the piece 47.
Mon Dec 07 12:02:13 EST 2020: Peer 1002 received the 'have' message from 1005 for the piece 37.
Mon Dec 07 12:02:13 EST 2020: Peer 1002 received the 'have' message from 1005 for the piece 21.
Mon Dec 07 12:02:13 EST 2020: Peer 1002 received the 'have' message from 1005 for the piece 55.
Mon Dec 07 12:02:13 EST 2020: Peer 1002 received the 'have' message from 1005 for the piece 37.
Mon Dec 07 12:02:13 EST 2020: Peer 1002 received the 'have' message from 1005 for the piece 33.
Mon Dec 07 12:02:13 EST 2020: Peer 1002 received the 'have' message from 1005 for the piece 51.
Mon Dec 07 12:02:13 EST 2020: Peer 1002 received the 'have' message from 1005 for the piece 52.
Mon Dec 07 12:02:13 EST 2020: Peer 1002 received the 'have' message from 1005 for the piece 16.
Mon Dec 07 12:02:13 EST 2020: Peer 1002 received the 'have' message from 1005 for the piece 3.
Mon Dec 07 12:02:13 EST 2020: Peer 1002 received the 'have' message from 1005 for the piece 66.
Mon Dec 07 12:02:13 EST 2020: Peer 1002 received the 'have' message from 1005 for the piece 0.
Mon Dec 07 12:02:13 EST 2020: Peer 1002 received the 'have' message from 1005 for the piece 56.
Mon Dec 07 12:02:13 EST 2020: Peer 1002 received the 'have' message from 1005 for the piece 40.
Mon Dec 07 12:02:13 EST 2020: Peer 1002 received the 'have' message from 1005 for the piece 46.
Mon Dec 07 12:02:13 EST 2020: Peer 1002 received the 'have' message from 1005 for the piece 56.
Mon Dec 07 12:02:13 EST 2020: Peer 1002 received the 'have' message from 1005 for the piece 54.
Mon Dec 07 12:02:13 EST 2020: Peer 1002 received the 'have' message from 1005 for the piece 1.
Mon Dec 07 12:02:13 EST 2020: Peer 1002 received the 'have' message from 1005 for the piece 24.
Mon Dec 07 12:02:13 EST 2020: Peer 1002 received the 'have' message from 1005 for the piece 10.
Mon Dec 07 12:02:13 EST 2020: Peer 1002 received the 'have' message from 1005 for the piece 27.
Mon Dec 07 12:02:13 EST 2020: Peer 1002 received the 'have' message from 1005 for the piece 22.
Mon Dec 07 12:02:13 EST 2020: Peer 1002 received the 'have' message from 1005 for the piece 20.
Mon Dec 07 12:02:13 EST 2020: Peer 1002 received the 'have' message from 1005 for the piece 22.
Mon Dec 07 12:02:13 EST 2020: Peer 1002 received the 'have' message from 1005 for the piece 36.
Mon Dec 07 12:02:13 EST 2020: Peer 1002 received the 'have' message from 1005 for the piece 36.
Mon Dec 07 12:02:13 EST 2020: Peer 1002 received the 'have' message from 1005 for the piece 17.
Mon Dec 07 12:02:13 EST 2020: Peer 1002 received the 'have' message from 1005 for the piece 48.
Mon Dec 07 12:02:13 EST 2020: Peer 1002 received the 'have' message from 1005 for the piece 17.
Mon Dec 07 12:02:13 EST 2020: Peer 1002 received the 'have' message from 1005 for the piece 42.
Mon Dec 07 12:02:13 EST 2020: Peer 1002 received the 'have' message from 1005 for the piece 63.
Mon Dec 07 12:02:13 EST 2020: Peer 1002 received the 'have' message from 1005 for the piece 62.
Mon Dec 07 12:02:13 EST 2020: Peer 1002 received the 'have' message from 1005 for the piece 63.
Mon Dec 07 12:02:13 EST 2020: Peer 1002 received the 'have' message from 1005 for the piece 34.
Mon Dec 07 12:02:13 EST 2020: Peer 1002 received the 'have' message from 1005 for the piece 25.
Mon Dec 07 12:02:13 EST 2020: Peer 1002 received the 'have' message from 1005 for the piece 32.
Mon Dec 07 12:02:13 EST 2020: Peer 1002 received the 'have' message from 1005 for the piece 39.
Mon Dec 07 12:02:13 EST 2020: Peer 1002 received the 'have' message from 1005 for the piece 19.
Mon Dec 07 12:02:13 EST 2020: Peer 1002 received the 'have' message from 1005 for the piece 28.
Mon Dec 07 12:02:13 EST 2020: Peer 1002 received the 'have' message from 1005 for the piece 39.
Mon Dec 07 12:02:13 EST 2020: Peer 1002 received the 'have' message from 1005 for the piece 38.
Mon Dec 07 12:02:13 EST 2020: Peer 1002 received the 'have' message from 1005 for the piece 26.
Mon Dec 07 12:02:13 EST 2020: Peer 1002 received the 'have' message from 1005 for the piece 13.
Mon Dec 07 12:02:13 EST 2020: Peer 1002 received the 'have' message from 1005 for the piece 26.
Mon Dec 07 12:02:13 EST 2020: Peer 1002 received the 'have' message from 1005 for the piece 26.
Mon Dec 07 12:02:13 EST 2020: Peer 1002 received the 'have' message from 1005 for the piece 13.
Mon Dec 07 12:02:13 EST 2020: Peer 1002 received the 'have' message from 1005 for the piece 8.
Mon Dec 07 12:02:13 EST 2020: Peer 1002 received the 'have' message from 1005 for the piece 8.
Mon Dec 07 12:02:13 EST 2020: Peer 1002 received the 'have' message from 1005 for the piece 57.
Mon Dec 07 12:02:13 EST 2020: Peer 1002 received the 'have' message from 1005 for the piece 57.
Mon Dec 07 12:02:13 EST 2020: Peer 1002 received the 'have' message from 1005 for the piece 57.
Mon Dec 07 12:02:13 EST 2020: Peer 1002 received the 'have' message from 1005 for the piece 57.
