<<<<<<< Updated upstream
Thu Dec 10 10:56:34 EST 2020: Peer 1004 makes a TCP Connection to Peer 1003.
Thu Dec 10 10:56:34 EST 2020: Building HANDSHAKE from 1004 to 1003.
Thu Dec 10 10:56:34 EST 2020: Exchanging BITFIELD message from 1004 to 1003.
Thu Dec 10 10:56:34 EST 2020: Peer 1004 makes a TCP Connection to Peer 1002.
Thu Dec 10 10:56:34 EST 2020: Building HANDSHAKE from 1004 to 1002.
Thu Dec 10 10:56:34 EST 2020: Exchanging BITFIELD message from 1004 to 1002.
Thu Dec 10 10:56:34 EST 2020: Peer 1004 makes a TCP Connection to Peer 1001.
Thu Dec 10 10:56:34 EST 2020: Building HANDSHAKE from 1004 to 1001.
Thu Dec 10 10:56:34 EST 2020: Exchanging BITFIELD message from 1004 to 1001.
Thu Dec 10 10:56:34 EST 2020: Peer 1004 is unchoked by 1003.
Thu Dec 10 10:56:34 EST 2020: Peer 1004 is unchoked by 1001.
Thu Dec 10 10:56:34 EST 2020: Peer 1004 is unchoked by 1002.
Thu Dec 10 10:56:34 EST 2020: REQUEST to peer 1003.
Thu Dec 10 10:56:34 EST 2020: REQUEST to peer 1002.
Thu Dec 10 10:56:34 EST 2020: REQUEST to peer 1001.
Thu Dec 10 10:56:34 EST 2020: Peer 1004 has downloaded the 'PIECE' 25 from 1003.Now the number of pieces it has is 2
Thu Dec 10 10:56:34 EST 2020: Peer 1004 has downloaded the 'PIECE' 6 from 1002.Now the number of pieces it has is 1
Thu Dec 10 10:56:34 EST 2020: Peer 1004 has downloaded the 'PIECE' 55 from 1001.Now the number of pieces it has is 3
Thu Dec 10 10:56:34 EST 2020: Peer 1004 received the 'not interested' message from 1002.
Thu Dec 10 10:56:34 EST 2020: Peer 1004 received the 'not interested' message from 1001.
Thu Dec 10 10:56:34 EST 2020: Peer 1004 received the 'not interested' message from 1002.
Thu Dec 10 10:56:34 EST 2020: Peer 1004 received the 'not interested' message from 1001.
Thu Dec 10 10:56:34 EST 2020: Peer 1004 received the 'not interested' message from 1003.
Thu Dec 10 10:56:35 EST 2020: REQUEST to peer 1003.
Thu Dec 10 10:56:35 EST 2020: Peer 1004 received the 'not interested' message from 1003.
Thu Dec 10 10:56:35 EST 2020: REQUEST to peer 1002.
Thu Dec 10 10:56:35 EST 2020: Peer 1004 has downloaded the 'PIECE' 51 from 1003.Now the number of pieces it has is 4
Thu Dec 10 10:56:35 EST 2020: Peer 1004 has downloaded the 'PIECE' 42 from 1002.Now the number of pieces it has is 5
Thu Dec 10 10:56:35 EST 2020: Peer 1004 received the 'not interested' message from 1001.
Thu Dec 10 10:56:35 EST 2020: Peer 1004 received the 'not interested' message from 1003.
Thu Dec 10 10:56:35 EST 2020: REQUEST to peer 1001.
Thu Dec 10 10:56:35 EST 2020: Peer 1004 received the 'not interested' message from 1002.
Thu Dec 10 10:56:35 EST 2020: Peer 1004 has downloaded the 'PIECE' 57 from 1001.Now the number of pieces it has is 6
Thu Dec 10 10:56:35 EST 2020: Peer 1004 received the 'not interested' message from 1002.
Thu Dec 10 10:56:35 EST 2020: Peer 1004 received the 'not interested' message from 1001.
Thu Dec 10 10:56:35 EST 2020: Peer 1004 received the 'not interested' message from 1003.
Thu Dec 10 10:56:35 EST 2020: REQUEST to peer 1003.
Thu Dec 10 10:56:35 EST 2020: Peer 1004 received the 'not interested' message from 1002.
Thu Dec 10 10:56:35 EST 2020: Peer 1004 has downloaded the 'PIECE' 19 from 1003.Now the number of pieces it has is 7
Thu Dec 10 10:56:35 EST 2020: Peer 1004 received the 'not interested' message from 1001.
Thu Dec 10 10:56:35 EST 2020: REQUEST to peer 1002.
Thu Dec 10 10:56:35 EST 2020: Peer 1004 received the 'not interested' message from 1003.
Thu Dec 10 10:56:35 EST 2020: Peer 1004 has downloaded the 'PIECE' 57 from 1002.Now the number of pieces it has is 7
Thu Dec 10 10:56:35 EST 2020: Peer 1004 received the 'not interested' message from 1001.
Thu Dec 10 10:56:35 EST 2020: REQUEST to peer 1001.
Thu Dec 10 10:56:35 EST 2020: Peer 1004 received the 'not interested' message from 1002.
Thu Dec 10 10:56:35 EST 2020: Peer 1004 received the 'not interested' message from 1003.
Thu Dec 10 10:56:35 EST 2020: Peer 1004 has downloaded the 'PIECE' 66 from 1001.Now the number of pieces it has is 8
Thu Dec 10 10:56:35 EST 2020: Peer 1004 received the 'not interested' message from 1002.
Thu Dec 10 10:56:35 EST 2020: REQUEST to peer 1003.
Thu Dec 10 10:56:35 EST 2020: Peer 1004 received the 'not interested' message from 1003.
Thu Dec 10 10:56:35 EST 2020: Peer 1004 received the 'not interested' message from 1001.
Thu Dec 10 10:56:35 EST 2020: Peer 1004 has downloaded the 'PIECE' 36 from 1003.Now the number of pieces it has is 9
Thu Dec 10 10:56:35 EST 2020: Peer 1004 received the 'not interested' message from 1002.
Thu Dec 10 10:56:35 EST 2020: Peer 1004 received the 'not interested' message from 1001.
Thu Dec 10 10:56:35 EST 2020: REQUEST to peer 1002.
Thu Dec 10 10:56:35 EST 2020: Peer 1004 received the 'not interested' message from 1003.
Thu Dec 10 10:56:35 EST 2020: Peer 1004 has downloaded the 'PIECE' 59 from 1002.Now the number of pieces it has is 10
Thu Dec 10 10:56:35 EST 2020: Peer 1004 received the 'not interested' message from 1001.
Thu Dec 10 10:56:35 EST 2020: Peer 1004 received the 'not interested' message from 1002.
Thu Dec 10 10:56:35 EST 2020: REQUEST to peer 1001.
Thu Dec 10 10:56:35 EST 2020: Peer 1004 received the 'not interested' message from 1003.
Thu Dec 10 10:56:35 EST 2020: Peer 1004 has downloaded the 'PIECE' 37 from 1001.Now the number of pieces it has is 11
Thu Dec 10 10:56:35 EST 2020: Peer 1004 received the 'not interested' message from 1002.
Thu Dec 10 10:56:35 EST 2020: Peer 1004 received the 'not interested' message from 1001.
Thu Dec 10 10:56:35 EST 2020: REQUEST to peer 1003.
Thu Dec 10 10:56:35 EST 2020: Peer 1004 received the 'not interested' message from 1003.
Thu Dec 10 10:56:35 EST 2020: Peer 1004 has downloaded the 'PIECE' 23 from 1003.Now the number of pieces it has is 12
Thu Dec 10 10:56:35 EST 2020: REQUEST to peer 1002.
Thu Dec 10 10:56:35 EST 2020: Peer 1004 received the 'not interested' message from 1002.
Thu Dec 10 10:56:35 EST 2020: Peer 1004 received the 'not interested' message from 1003.
Thu Dec 10 10:56:35 EST 2020: Peer 1004 received the 'not interested' message from 1001.
Thu Dec 10 10:56:35 EST 2020: Peer 1004 has downloaded the 'PIECE' 4 from 1002.Now the number of pieces it has is 13
Thu Dec 10 10:56:35 EST 2020: Peer 1004 received the 'not interested' message from 1002.
Thu Dec 10 10:56:35 EST 2020: REQUEST to peer 1001.
Thu Dec 10 10:56:35 EST 2020: Peer 1004 received the 'not interested' message from 1001.
Thu Dec 10 10:56:35 EST 2020: Peer 1004 received the 'not interested' message from 1003.
Thu Dec 10 10:56:35 EST 2020: Peer 1004 has downloaded the 'PIECE' 64 from 1001.Now the number of pieces it has is 14
Thu Dec 10 10:56:35 EST 2020: Peer 1004 received the 'not interested' message from 1002.
Thu Dec 10 10:56:35 EST 2020: Peer 1004 received the 'not interested' message from 1001.
Thu Dec 10 10:56:35 EST 2020: REQUEST to peer 1003.
Thu Dec 10 10:56:35 EST 2020: Peer 1004 received the 'not interested' message from 1003.
Thu Dec 10 10:56:35 EST 2020: Peer 1004 has downloaded the 'PIECE' 7 from 1003.Now the number of pieces it has is 15
Thu Dec 10 10:56:35 EST 2020: Peer 1004 received the 'not interested' message from 1002.
Thu Dec 10 10:56:35 EST 2020: Peer 1004 received the 'not interested' message from 1001.
Thu Dec 10 10:56:35 EST 2020: REQUEST to peer 1002.
Thu Dec 10 10:56:35 EST 2020: Peer 1004 received the 'not interested' message from 1003.
Thu Dec 10 10:56:35 EST 2020: Peer 1004 has downloaded the 'PIECE' 21 from 1002.Now the number of pieces it has is 16
Thu Dec 10 10:56:35 EST 2020: REQUEST to peer 1001.
Thu Dec 10 10:56:35 EST 2020: Peer 1004 received the 'not interested' message from 1001.
Thu Dec 10 10:56:35 EST 2020: Peer 1004 received the 'not interested' message from 1002.
Thu Dec 10 10:56:35 EST 2020: Peer 1004 received the 'not interested' message from 1003.
Thu Dec 10 10:56:35 EST 2020: Peer 1004 has downloaded the 'PIECE' 14 from 1001.Now the number of pieces it has is 17
Thu Dec 10 10:56:35 EST 2020: Peer 1004 received the 'not interested' message from 1002.
Thu Dec 10 10:56:35 EST 2020: Peer 1004 received the 'not interested' message from 1001.
Thu Dec 10 10:56:35 EST 2020: REQUEST to peer 1003.
Thu Dec 10 10:56:35 EST 2020: Peer 1004 received the 'not interested' message from 1003.
Thu Dec 10 10:56:35 EST 2020: Peer 1004 has downloaded the 'PIECE' 47 from 1003.Now the number of pieces it has is 18
Thu Dec 10 10:56:35 EST 2020: Peer 1004 received the 'not interested' message from 1002.
Thu Dec 10 10:56:35 EST 2020: Peer 1004 received the 'not interested' message from 1001.
Thu Dec 10 10:56:35 EST 2020: REQUEST to peer 1002.
Thu Dec 10 10:56:35 EST 2020: Peer 1004 received the 'not interested' message from 1003.
Thu Dec 10 10:56:35 EST 2020: Peer 1004 has downloaded the 'PIECE' 13 from 1002.Now the number of pieces it has is 19
Thu Dec 10 10:56:35 EST 2020: Peer 1004 received the 'not interested' message from 1001.
Thu Dec 10 10:56:35 EST 2020: REQUEST to peer 1001.
Thu Dec 10 10:56:35 EST 2020: Peer 1004 received the 'not interested' message from 1003.
Thu Dec 10 10:56:35 EST 2020: Peer 1004 received the 'not interested' message from 1002.
Thu Dec 10 10:56:35 EST 2020: Peer 1004 has downloaded the 'PIECE' 44 from 1001.Now the number of pieces it has is 20
Thu Dec 10 10:56:35 EST 2020: Peer 1004 received the 'not interested' message from 1002.
Thu Dec 10 10:56:35 EST 2020: Peer 1004 received the 'not interested' message from 1001.
Thu Dec 10 10:56:35 EST 2020: REQUEST to peer 1003.
Thu Dec 10 10:56:35 EST 2020: Peer 1004 received the 'not interested' message from 1003.
Thu Dec 10 10:56:35 EST 2020: Peer 1004 received the 'not interested' message from 1002.
Thu Dec 10 10:56:35 EST 2020: Peer 1004 has downloaded the 'PIECE' 56 from 1003.Now the number of pieces it has is 21
Thu Dec 10 10:56:35 EST 2020: Peer 1004 received the 'not interested' message from 1001.
Thu Dec 10 10:56:35 EST 2020: REQUEST to peer 1002.
Thu Dec 10 10:56:35 EST 2020: Peer 1004 received the 'not interested' message from 1003.
Thu Dec 10 10:56:35 EST 2020: Peer 1004 has downloaded the 'PIECE' 27 from 1002.Now the number of pieces it has is 22
Thu Dec 10 10:56:35 EST 2020: Peer 1004 received the 'not interested' message from 1001.
Thu Dec 10 10:56:35 EST 2020: REQUEST to peer 1001.
Thu Dec 10 10:56:35 EST 2020: Peer 1004 received the 'not interested' message from 1003.
Thu Dec 10 10:56:35 EST 2020: Peer 1004 received the 'not interested' message from 1002.
Thu Dec 10 10:56:35 EST 2020: Peer 1004 has downloaded the 'PIECE' 28 from 1001.Now the number of pieces it has is 23
Thu Dec 10 10:56:35 EST 2020: Peer 1004 received the 'not interested' message from 1002.
Thu Dec 10 10:56:35 EST 2020: Peer 1004 received the 'not interested' message from 1001.
Thu Dec 10 10:56:35 EST 2020: REQUEST to peer 1003.
Thu Dec 10 10:56:35 EST 2020: Peer 1004 received the 'not interested' message from 1003.
Thu Dec 10 10:56:35 EST 2020: Peer 1004 has downloaded the 'PIECE' 10 from 1003.Now the number of pieces it has is 24
Thu Dec 10 10:56:35 EST 2020: Peer 1004 received the 'not interested' message from 1002.
Thu Dec 10 10:56:35 EST 2020: Peer 1004 received the 'not interested' message from 1001.
Thu Dec 10 10:56:35 EST 2020: REQUEST to peer 1002.
Thu Dec 10 10:56:35 EST 2020: Peer 1004 received the 'not interested' message from 1003.
Thu Dec 10 10:56:35 EST 2020: Peer 1004 has downloaded the 'PIECE' 40 from 1002.Now the number of pieces it has is 25
Thu Dec 10 10:56:35 EST 2020: Peer 1004 received the 'not interested' message from 1002.
Thu Dec 10 10:56:35 EST 2020: Peer 1004 received the 'not interested' message from 1001.
Thu Dec 10 10:56:35 EST 2020: REQUEST to peer 1001.
Thu Dec 10 10:56:35 EST 2020: Peer 1004 received the 'not interested' message from 1003.
Thu Dec 10 10:56:35 EST 2020: Peer 1004 has downloaded the 'PIECE' 2 from 1001.Now the number of pieces it has is 26
Thu Dec 10 10:56:35 EST 2020: Peer 1004 received the 'not interested' message from 1002.
Thu Dec 10 10:56:35 EST 2020: Peer 1004 received the 'not interested' message from 1003.
Thu Dec 10 10:56:35 EST 2020: REQUEST to peer 1003.
Thu Dec 10 10:56:35 EST 2020: Peer 1004 received the 'not interested' message from 1001.
Thu Dec 10 10:56:35 EST 2020: Peer 1004 has downloaded the 'PIECE' 24 from 1003.Now the number of pieces it has is 27
Thu Dec 10 10:56:35 EST 2020: Peer 1004 received the 'not interested' message from 1002.
Thu Dec 10 10:56:35 EST 2020: Peer 1004 received the 'not interested' message from 1001.
Thu Dec 10 10:56:35 EST 2020: REQUEST to peer 1002.
Thu Dec 10 10:56:36 EST 2020: Peer 1004 received the 'not interested' message from 1003.
Thu Dec 10 10:56:36 EST 2020: Peer 1004 has downloaded the 'PIECE' 8 from 1002.Now the number of pieces it has is 28
Thu Dec 10 10:56:36 EST 2020: Peer 1004 received the 'not interested' message from 1001.
Thu Dec 10 10:56:36 EST 2020: REQUEST to peer 1001.
Thu Dec 10 10:56:36 EST 2020: Peer 1004 received the 'not interested' message from 1002.
Thu Dec 10 10:56:36 EST 2020: Peer 1004 received the 'not interested' message from 1003.
Thu Dec 10 10:56:36 EST 2020: Peer 1004 has downloaded the 'PIECE' 18 from 1001.Now the number of pieces it has is 29
Thu Dec 10 10:56:36 EST 2020: Peer 1004 received the 'not interested' message from 1002.
Thu Dec 10 10:56:36 EST 2020: Peer 1004 received the 'not interested' message from 1001.
Thu Dec 10 10:56:36 EST 2020: REQUEST to peer 1003.
Thu Dec 10 10:56:36 EST 2020: Peer 1004 received the 'not interested' message from 1003.
Thu Dec 10 10:56:36 EST 2020: Peer 1004 has downloaded the 'PIECE' 3 from 1003.Now the number of pieces it has is 30
Thu Dec 10 10:56:36 EST 2020: Peer 1004 received the 'not interested' message from 1002.
Thu Dec 10 10:56:36 EST 2020: Peer 1004 received the 'not interested' message from 1001.
Thu Dec 10 10:56:36 EST 2020: REQUEST to peer 1002.
Thu Dec 10 10:56:36 EST 2020: Peer 1004 received the 'not interested' message from 1003.
Thu Dec 10 10:56:36 EST 2020: Peer 1004 has downloaded the 'PIECE' 48 from 1002.Now the number of pieces it has is 31
Thu Dec 10 10:56:36 EST 2020: Peer 1004 received the 'not interested' message from 1001.
Thu Dec 10 10:56:36 EST 2020: REQUEST to peer 1001.
Thu Dec 10 10:56:36 EST 2020: Peer 1004 received the 'not interested' message from 1002.
Thu Dec 10 10:56:36 EST 2020: Peer 1004 received the 'not interested' message from 1003.
Thu Dec 10 10:56:36 EST 2020: Peer 1004 has downloaded the 'PIECE' 20 from 1001.Now the number of pieces it has is 32
Thu Dec 10 10:56:36 EST 2020: Peer 1004 received the 'not interested' message from 1002.
Thu Dec 10 10:56:36 EST 2020: Peer 1004 received the 'not interested' message from 1001.
Thu Dec 10 10:56:36 EST 2020: REQUEST to peer 1003.
Thu Dec 10 10:56:36 EST 2020: Peer 1004 received the 'not interested' message from 1003.
Thu Dec 10 10:56:36 EST 2020: Peer 1004 received the 'not interested' message from 1002.
Thu Dec 10 10:56:36 EST 2020: Peer 1004 has downloaded the 'PIECE' 49 from 1003.Now the number of pieces it has is 33
Thu Dec 10 10:56:36 EST 2020: Peer 1004 received the 'not interested' message from 1001.
Thu Dec 10 10:56:36 EST 2020: REQUEST to peer 1002.
Thu Dec 10 10:56:36 EST 2020: Peer 1004 received the 'not interested' message from 1003.
Thu Dec 10 10:56:36 EST 2020: Peer 1004 has downloaded the 'PIECE' 0 from 1002.Now the number of pieces it has is 34
Thu Dec 10 10:56:36 EST 2020: Peer 1004 received the 'not interested' message from 1001.
Thu Dec 10 10:56:36 EST 2020: Peer 1004 received the 'not interested' message from 1003.
Thu Dec 10 10:56:36 EST 2020: Peer 1004 received the 'not interested' message from 1002.
Thu Dec 10 10:56:36 EST 2020: REQUEST to peer 1001.
Thu Dec 10 10:56:36 EST 2020: Peer 1004 has downloaded the 'PIECE' 50 from 1001.Now the number of pieces it has is 35
Thu Dec 10 10:56:36 EST 2020: Peer 1004 received the 'not interested' message from 1002.
Thu Dec 10 10:56:36 EST 2020: Peer 1004 received the 'not interested' message from 1001.
Thu Dec 10 10:56:36 EST 2020: Peer 1004 received the 'not interested' message from 1003.
Thu Dec 10 10:56:36 EST 2020: REQUEST to peer 1003.
Thu Dec 10 10:56:36 EST 2020: Peer 1004 has downloaded the 'PIECE' 39 from 1003.Now the number of pieces it has is 36
Thu Dec 10 10:56:36 EST 2020: Peer 1004 received the 'not interested' message from 1002.
Thu Dec 10 10:56:36 EST 2020: Peer 1004 received the 'not interested' message from 1001.
Thu Dec 10 10:56:36 EST 2020: REQUEST to peer 1002.
Thu Dec 10 10:56:36 EST 2020: Peer 1004 received the 'not interested' message from 1003.
Thu Dec 10 10:56:36 EST 2020: Peer 1004 has downloaded the 'PIECE' 61 from 1002.Now the number of pieces it has is 37
Thu Dec 10 10:56:36 EST 2020: Peer 1004 received the 'not interested' message from 1001.
Thu Dec 10 10:56:36 EST 2020: Peer 1004 received the 'not interested' message from 1002.
Thu Dec 10 10:56:36 EST 2020: Peer 1004 received the 'not interested' message from 1003.
Thu Dec 10 10:56:36 EST 2020: REQUEST to peer 1001.
Thu Dec 10 10:56:36 EST 2020: Peer 1004 has downloaded the 'PIECE' 52 from 1001.Now the number of pieces it has is 38
Thu Dec 10 10:56:36 EST 2020: Peer 1004 received the 'not interested' message from 1002.
Thu Dec 10 10:56:36 EST 2020: Peer 1004 received the 'not interested' message from 1001.
Thu Dec 10 10:56:36 EST 2020: REQUEST to peer 1003.
Thu Dec 10 10:56:36 EST 2020: Peer 1004 received the 'not interested' message from 1003.
Thu Dec 10 10:56:36 EST 2020: Peer 1004 has downloaded the 'PIECE' 1 from 1003.Now the number of pieces it has is 39
Thu Dec 10 10:56:36 EST 2020: Peer 1004 received the 'not interested' message from 1002.
Thu Dec 10 10:56:36 EST 2020: REQUEST to peer 1002.
Thu Dec 10 10:56:36 EST 2020: Peer 1004 received the 'not interested' message from 1001.
Thu Dec 10 10:56:36 EST 2020: Peer 1004 received the 'not interested' message from 1003.
Thu Dec 10 10:56:36 EST 2020: Peer 1004 has downloaded the 'PIECE' 15 from 1002.Now the number of pieces it has is 40
Thu Dec 10 10:56:36 EST 2020: Peer 1004 received the 'not interested' message from 1001.
Thu Dec 10 10:56:36 EST 2020: Peer 1004 received the 'not interested' message from 1002.
Thu Dec 10 10:56:36 EST 2020: Peer 1004 received the 'not interested' message from 1003.
Thu Dec 10 10:56:36 EST 2020: REQUEST to peer 1001.
Thu Dec 10 10:56:36 EST 2020: Peer 1004 has downloaded the 'PIECE' 62 from 1001.Now the number of pieces it has is 41
Thu Dec 10 10:56:36 EST 2020: Peer 1004 received the 'not interested' message from 1002.
Thu Dec 10 10:56:36 EST 2020: Peer 1004 received the 'not interested' message from 1001.
Thu Dec 10 10:56:36 EST 2020: REQUEST to peer 1003.
Thu Dec 10 10:56:36 EST 2020: Peer 1004 received the 'not interested' message from 1003.
Thu Dec 10 10:56:36 EST 2020: Peer 1004 has downloaded the 'PIECE' 58 from 1003.Now the number of pieces it has is 42
Thu Dec 10 10:56:36 EST 2020: Peer 1004 received the 'not interested' message from 1002.
Thu Dec 10 10:56:36 EST 2020: Peer 1004 received the 'not interested' message from 1001.
Thu Dec 10 10:56:36 EST 2020: Peer 1004 received the 'not interested' message from 1003.
Thu Dec 10 10:56:36 EST 2020: REQUEST to peer 1002.
Thu Dec 10 10:56:36 EST 2020: Peer 1004 has downloaded the 'PIECE' 62 from 1002.Now the number of pieces it has is 42
Thu Dec 10 10:56:36 EST 2020: Peer 1004 received the 'not interested' message from 1001.
Thu Dec 10 10:56:36 EST 2020: REQUEST to peer 1001.
Thu Dec 10 10:56:36 EST 2020: Peer 1004 received the 'not interested' message from 1003.
Thu Dec 10 10:56:36 EST 2020: Peer 1004 received the 'not interested' message from 1002.
Thu Dec 10 10:56:36 EST 2020: Peer 1004 has downloaded the 'PIECE' 33 from 1001.Now the number of pieces it has is 43
Thu Dec 10 10:56:36 EST 2020: Peer 1004 received the 'not interested' message from 1002.
Thu Dec 10 10:56:36 EST 2020: Peer 1004 received the 'not interested' message from 1001.
Thu Dec 10 10:56:36 EST 2020: REQUEST to peer 1003.
Thu Dec 10 10:56:36 EST 2020: Peer 1004 received the 'not interested' message from 1003.
Thu Dec 10 10:56:36 EST 2020: Peer 1004 has downloaded the 'PIECE' 38 from 1003.Now the number of pieces it has is 44
Thu Dec 10 10:56:36 EST 2020: Peer 1004 received the 'not interested' message from 1002.
Thu Dec 10 10:56:36 EST 2020: Peer 1004 received the 'not interested' message from 1001.
Thu Dec 10 10:56:36 EST 2020: REQUEST to peer 1002.
Thu Dec 10 10:56:36 EST 2020: Peer 1004 received the 'not interested' message from 1003.
Thu Dec 10 10:56:36 EST 2020: Peer 1004 has downloaded the 'PIECE' 31 from 1002.Now the number of pieces it has is 45
Thu Dec 10 10:56:36 EST 2020: Peer 1004 received the 'not interested' message from 1001.
Thu Dec 10 10:56:36 EST 2020: Peer 1004 received the 'not interested' message from 1002.
Thu Dec 10 10:56:36 EST 2020: Peer 1004 received the 'not interested' message from 1003.
Thu Dec 10 10:56:36 EST 2020: REQUEST to peer 1001.
Thu Dec 10 10:56:36 EST 2020: Peer 1004 has downloaded the 'PIECE' 31 from 1001.Now the number of pieces it has is 45
Thu Dec 10 10:56:36 EST 2020: Peer 1004 received the 'not interested' message from 1002.
Thu Dec 10 10:56:36 EST 2020: REQUEST to peer 1003.
Thu Dec 10 10:56:36 EST 2020: Peer 1004 received the 'not interested' message from 1003.
Thu Dec 10 10:56:36 EST 2020: Peer 1004 received the 'not interested' message from 1001.
Thu Dec 10 10:56:36 EST 2020: Peer 1004 received the 'not interested' message from 1002.
Thu Dec 10 10:56:36 EST 2020: REQUEST to peer 1002.
Thu Dec 10 10:56:36 EST 2020: Peer 1004 received the 'not interested' message from 1001.
Thu Dec 10 10:56:36 EST 2020: Peer 1004 has downloaded the 'PIECE' 34 from 1003.Now the number of pieces it has is 46
Thu Dec 10 10:56:36 EST 2020: Peer 1004 has downloaded the 'PIECE' 46 from 1002.Now the number of pieces it has is 47
Thu Dec 10 10:56:36 EST 2020: Peer 1004 received the 'not interested' message from 1003.
Thu Dec 10 10:56:36 EST 2020: Peer 1004 received the 'not interested' message from 1001.
Thu Dec 10 10:56:36 EST 2020: Peer 1004 received the 'not interested' message from 1002.
Thu Dec 10 10:56:36 EST 2020: REQUEST to peer 1001.
Thu Dec 10 10:56:36 EST 2020: Peer 1004 received the 'not interested' message from 1003.
Thu Dec 10 10:56:36 EST 2020: Peer 1004 received the 'not interested' message from 1002.
Thu Dec 10 10:56:36 EST 2020: Peer 1004 has downloaded the 'PIECE' 53 from 1001.Now the number of pieces it has is 48
Thu Dec 10 10:56:36 EST 2020: REQUEST to peer 1003.
Thu Dec 10 10:56:36 EST 2020: Peer 1004 received the 'not interested' message from 1003.
Thu Dec 10 10:56:36 EST 2020: Peer 1004 received the 'not interested' message from 1001.
Thu Dec 10 10:56:36 EST 2020: Peer 1004 has downloaded the 'PIECE' 11 from 1003.Now the number of pieces it has is 49
Thu Dec 10 10:56:36 EST 2020: Peer 1004 received the 'not interested' message from 1002.
Thu Dec 10 10:56:36 EST 2020: Peer 1004 received the 'not interested' message from 1001.
Thu Dec 10 10:56:36 EST 2020: REQUEST to peer 1002.
Thu Dec 10 10:56:36 EST 2020: Peer 1004 received the 'not interested' message from 1003.
Thu Dec 10 10:56:36 EST 2020: Peer 1004 has downloaded the 'PIECE' 26 from 1002.Now the number of pieces it has is 50
Thu Dec 10 10:56:36 EST 2020: Peer 1004 received the 'not interested' message from 1002.
Thu Dec 10 10:56:36 EST 2020: Peer 1004 received the 'not interested' message from 1001.
Thu Dec 10 10:56:36 EST 2020: REQUEST to peer 1001.
Thu Dec 10 10:56:36 EST 2020: Peer 1004 received the 'not interested' message from 1003.
Thu Dec 10 10:56:36 EST 2020: Peer 1004 has downloaded the 'PIECE' 22 from 1001.Now the number of pieces it has is 51
Thu Dec 10 10:56:36 EST 2020: Peer 1004 received the 'not interested' message from 1002.
Thu Dec 10 10:56:36 EST 2020: REQUEST to peer 1003.
Thu Dec 10 10:56:36 EST 2020: Peer 1004 received the 'not interested' message from 1001.
Thu Dec 10 10:56:36 EST 2020: Peer 1004 received the 'not interested' message from 1003.
Thu Dec 10 10:56:36 EST 2020: Peer 1004 has downloaded the 'PIECE' 16 from 1003.Now the number of pieces it has is 52
Thu Dec 10 10:56:36 EST 2020: Peer 1004 received the 'not interested' message from 1002.
Thu Dec 10 10:56:36 EST 2020: Peer 1004 received the 'not interested' message from 1001.
Thu Dec 10 10:56:36 EST 2020: Peer 1004 received the 'not interested' message from 1003.
Thu Dec 10 10:56:36 EST 2020: REQUEST to peer 1002.
Thu Dec 10 10:56:36 EST 2020: REQUEST to peer 1001.
Thu Dec 10 10:56:36 EST 2020: Peer 1004 received the 'not interested' message from 1001.
Thu Dec 10 10:56:36 EST 2020: Peer 1004 has downloaded the 'PIECE' 12 from 1002.Now the number of pieces it has is 53
Thu Dec 10 10:56:36 EST 2020: Peer 1004 received the 'not interested' message from 1003.
Thu Dec 10 10:56:36 EST 2020: Peer 1004 has downloaded the 'PIECE' 45 from 1001.Now the number of pieces it has is 54
Thu Dec 10 10:56:36 EST 2020: Peer 1004 received the 'not interested' message from 1002.
Thu Dec 10 10:56:36 EST 2020: Peer 1004 received the 'not interested' message from 1002.
Thu Dec 10 10:56:36 EST 2020: REQUEST to peer 1003.
Thu Dec 10 10:56:36 EST 2020: Peer 1004 received the 'not interested' message from 1001.
Thu Dec 10 10:56:36 EST 2020: Peer 1004 received the 'not interested' message from 1003.
Thu Dec 10 10:56:36 EST 2020: Peer 1004 received the 'not interested' message from 1002.
Thu Dec 10 10:56:36 EST 2020: Peer 1004 has downloaded the 'PIECE' 54 from 1003.Now the number of pieces it has is 55
Thu Dec 10 10:56:36 EST 2020: Peer 1004 received the 'not interested' message from 1001.
Thu Dec 10 10:56:36 EST 2020: REQUEST to peer 1002.
Thu Dec 10 10:56:36 EST 2020: Peer 1004 received the 'not interested' message from 1003.
Thu Dec 10 10:56:36 EST 2020: Peer 1004 has downloaded the 'PIECE' 60 from 1002.Now the number of pieces it has is 56
Thu Dec 10 10:56:36 EST 2020: Peer 1004 received the 'not interested' message from 1001.
Thu Dec 10 10:56:36 EST 2020: Peer 1004 received the 'not interested' message from 1002.
Thu Dec 10 10:56:36 EST 2020: REQUEST to peer 1001.
Thu Dec 10 10:56:36 EST 2020: Peer 1004 received the 'not interested' message from 1003.
Thu Dec 10 10:56:36 EST 2020: Peer 1004 has downloaded the 'PIECE' 54 from 1001.Now the number of pieces it has is 56
Thu Dec 10 10:56:36 EST 2020: Peer 1004 received the 'not interested' message from 1002.
Thu Dec 10 10:56:36 EST 2020: Peer 1004 received the 'not interested' message from 1001.
Thu Dec 10 10:56:36 EST 2020: REQUEST to peer 1003.
Thu Dec 10 10:56:36 EST 2020: Peer 1004 received the 'not interested' message from 1003.
Thu Dec 10 10:56:36 EST 2020: Peer 1004 has downloaded the 'PIECE' 30 from 1003.Now the number of pieces it has is 57
Thu Dec 10 10:56:36 EST 2020: Peer 1004 received the 'not interested' message from 1002.
Thu Dec 10 10:56:36 EST 2020: Peer 1004 received the 'not interested' message from 1001.
Thu Dec 10 10:56:36 EST 2020: REQUEST to peer 1002.
Thu Dec 10 10:56:36 EST 2020: Peer 1004 received the 'not interested' message from 1003.
Thu Dec 10 10:56:36 EST 2020: Peer 1004 has downloaded the 'PIECE' 9 from 1002.Now the number of pieces it has is 58
Thu Dec 10 10:56:36 EST 2020: Peer 1004 received the 'not interested' message from 1002.
Thu Dec 10 10:56:36 EST 2020: Peer 1004 received the 'not interested' message from 1001.
Thu Dec 10 10:56:36 EST 2020: REQUEST to peer 1001.
Thu Dec 10 10:56:36 EST 2020: Peer 1004 received the 'not interested' message from 1003.
Thu Dec 10 10:56:36 EST 2020: Peer 1004 has downloaded the 'PIECE' 32 from 1001.Now the number of pieces it has is 59
Thu Dec 10 10:56:36 EST 2020: Peer 1004 received the 'not interested' message from 1002.
Thu Dec 10 10:56:36 EST 2020: Peer 1004 received the 'not interested' message from 1001.
Thu Dec 10 10:56:36 EST 2020: REQUEST to peer 1003.
Thu Dec 10 10:56:36 EST 2020: Peer 1004 received the 'not interested' message from 1003.
Thu Dec 10 10:56:36 EST 2020: Peer 1004 has downloaded the 'PIECE' 9 from 1003.Now the number of pieces it has is 59
Thu Dec 10 10:56:36 EST 2020: Peer 1004 received the 'not interested' message from 1002.
Thu Dec 10 10:56:36 EST 2020: Peer 1004 received the 'not interested' message from 1001.
Thu Dec 10 10:56:36 EST 2020: Peer 1004 received the 'not interested' message from 1003.
Thu Dec 10 10:56:36 EST 2020: REQUEST to peer 1002.
Thu Dec 10 10:56:36 EST 2020: Peer 1004 has downloaded the 'PIECE' 17 from 1002.Now the number of pieces it has is 60
Thu Dec 10 10:56:36 EST 2020: Peer 1004 received the 'not interested' message from 1001.
Thu Dec 10 10:56:36 EST 2020: Peer 1004 received the 'not interested' message from 1002.
Thu Dec 10 10:56:36 EST 2020: Peer 1004 received the 'not interested' message from 1003.
Thu Dec 10 10:56:36 EST 2020: REQUEST to peer 1001.
Thu Dec 10 10:56:36 EST 2020: Peer 1004 has downloaded the 'PIECE' 43 from 1001.Now the number of pieces it has is 61
Thu Dec 10 10:56:36 EST 2020: Peer 1004 received the 'not interested' message from 1002.
Thu Dec 10 10:56:36 EST 2020: REQUEST to peer 1003.
Thu Dec 10 10:56:36 EST 2020: Peer 1004 received the 'not interested' message from 1003.
Thu Dec 10 10:56:36 EST 2020: Peer 1004 received the 'not interested' message from 1001.
Thu Dec 10 10:56:36 EST 2020: Peer 1004 has downloaded the 'PIECE' 43 from 1003.Now the number of pieces it has is 61
Thu Dec 10 10:56:36 EST 2020: Peer 1004 received the 'not interested' message from 1002.
Thu Dec 10 10:56:36 EST 2020: Peer 1004 received the 'not interested' message from 1001.
Thu Dec 10 10:56:36 EST 2020: REQUEST to peer 1002.
Thu Dec 10 10:56:36 EST 2020: Peer 1004 received the 'not interested' message from 1003.
Thu Dec 10 10:56:36 EST 2020: Peer 1004 has downloaded the 'PIECE' 41 from 1002.Now the number of pieces it has is 62
Thu Dec 10 10:56:36 EST 2020: Peer 1004 received the 'not interested' message from 1002.
Thu Dec 10 10:56:36 EST 2020: Peer 1004 received the 'not interested' message from 1001.
Thu Dec 10 10:56:36 EST 2020: REQUEST to peer 1001.
Thu Dec 10 10:56:36 EST 2020: Peer 1004 received the 'not interested' message from 1003.
Thu Dec 10 10:56:36 EST 2020: Peer 1004 has downloaded the 'PIECE' 63 from 1001.Now the number of pieces it has is 63
Thu Dec 10 10:56:36 EST 2020: Peer 1004 received the 'not interested' message from 1002.
Thu Dec 10 10:56:36 EST 2020: Peer 1004 received the 'not interested' message from 1001.
Thu Dec 10 10:56:36 EST 2020: REQUEST to peer 1003.
Thu Dec 10 10:56:36 EST 2020: Peer 1004 received the 'not interested' message from 1003.
Thu Dec 10 10:56:36 EST 2020: Peer 1004 has downloaded the 'PIECE' 63 from 1003.Now the number of pieces it has is 63
Thu Dec 10 10:56:37 EST 2020: Peer 1004 received the 'not interested' message from 1002.
Thu Dec 10 10:56:37 EST 2020: Peer 1004 received the 'not interested' message from 1001.
Thu Dec 10 10:56:37 EST 2020: REQUEST to peer 1002.
Thu Dec 10 10:56:37 EST 2020: Peer 1004 received the 'not interested' message from 1003.
Thu Dec 10 10:56:37 EST 2020: Peer 1004 has downloaded the 'PIECE' 5 from 1002.Now the number of pieces it has is 64
Thu Dec 10 10:56:37 EST 2020: REQUEST to peer 1001.
Thu Dec 10 10:56:37 EST 2020: Peer 1004 received the 'not interested' message from 1001.
Thu Dec 10 10:56:37 EST 2020: Peer 1004 received the 'not interested' message from 1002.
Thu Dec 10 10:56:37 EST 2020: Peer 1004 received the 'not interested' message from 1003.
Thu Dec 10 10:56:37 EST 2020: Peer 1004 has downloaded the 'PIECE' 65 from 1001.Now the number of pieces it has is 65
Thu Dec 10 10:56:37 EST 2020: Peer 1004 received the 'not interested' message from 1002.
Thu Dec 10 10:56:37 EST 2020: Peer 1004 received the 'not interested' message from 1001.
Thu Dec 10 10:56:37 EST 2020: REQUEST to peer 1003.
Thu Dec 10 10:56:37 EST 2020: Peer 1004 received the 'not interested' message from 1003.
Thu Dec 10 10:56:37 EST 2020: Peer 1004 has downloaded the 'PIECE' 35 from 1003.Now the number of pieces it has is 66
Thu Dec 10 10:56:37 EST 2020: Peer 1004 received the 'not interested' message from 1002.
Thu Dec 10 10:56:37 EST 2020: REQUEST to peer 1002.
Thu Dec 10 10:56:37 EST 2020: Peer 1004 received the 'not interested' message from 1003.
Thu Dec 10 10:56:37 EST 2020: Peer 1004 has downloaded the 'PIECE' 29 from 1002.Now the number of pieces it has is 67
Thu Dec 10 10:56:37 EST 2020: Peer 1004 received the 'not interested' message from 1001.
Thu Dec 10 10:56:37 EST 2020: Peer 1004 has downloaded the complete file.
Thu Dec 10 10:56:37 EST 2020: Peer 1004 received the 'not interested' message from 1001.
Thu Dec 10 10:56:37 EST 2020: REQUEST to peer 1001.
Thu Dec 10 10:56:37 EST 2020: Peer 1004 received the 'not interested' message from 1003.
Thu Dec 10 10:56:37 EST 2020: Peer 1004 has downloaded the 'PIECE' 29 from 1001.Now the number of pieces it has is 67
Thu Dec 10 10:56:37 EST 2020: REQUEST to peer 1003.
Thu Dec 10 10:56:37 EST 2020: Peer 1004 has downloaded the complete file.
Thu Dec 10 10:56:37 EST 2020: Peer 1004 received the 'not interested' message from 1003.
Thu Dec 10 10:56:37 EST 2020: Peer 1004 has downloaded the 'PIECE' 29 from 1003.Now the number of pieces it has is 67
Thu Dec 10 10:56:37 EST 2020: Peer 1004 has downloaded the complete file.
Thu Dec 10 10:56:43 EST 2020: Peer 1004 is connected from Peer 1005.
Thu Dec 10 10:56:43 EST 2020: Peer 1004 received the 'interested' message from 1005.
Thu Dec 10 10:56:43 EST 2020: Peer 1004 received the 'have' message from 1005 for the piece 6.
Thu Dec 10 10:56:43 EST 2020: Peer 1004 received the 'have' message from 1005 for the piece 65.
Thu Dec 10 10:56:43 EST 2020: Peer 1004 received the 'have' message from 1005 for the piece 29.
Thu Dec 10 10:56:43 EST 2020: Peer 1004 received the 'have' message from 1005 for the piece 16.
Thu Dec 10 10:56:43 EST 2020: Peer 1004 received the 'have' message from 1005 for the piece 38.
Thu Dec 10 10:56:44 EST 2020: Peer 1004 received the 'have' message from 1005 for the piece 13.
Thu Dec 10 10:56:44 EST 2020: Peer 1004 received the 'have' message from 1005 for the piece 26.
Thu Dec 10 10:56:44 EST 2020: Peer 1004 received the 'have' message from 1005 for the piece 55.
Thu Dec 10 10:56:44 EST 2020: Peer 1004 received the 'have' message from 1005 for the piece 3.
Thu Dec 10 10:56:44 EST 2020: Peer 1004 received the 'have' message from 1005 for the piece 45.
Thu Dec 10 10:56:44 EST 2020: Peer 1004 received the 'have' message from 1005 for the piece 37.
Thu Dec 10 10:56:44 EST 2020: Peer 1004 received the 'have' message from 1005 for the piece 66.
Thu Dec 10 10:56:44 EST 2020: Peer 1004 received the 'have' message from 1005 for the piece 23.
Thu Dec 10 10:56:44 EST 2020: Peer 1004 received the 'have' message from 1005 for the piece 42.
Thu Dec 10 10:56:44 EST 2020: Peer 1004 received the 'have' message from 1005 for the piece 66.
Thu Dec 10 10:56:44 EST 2020: Peer 1004 received the 'have' message from 1005 for the piece 21.
Thu Dec 10 10:56:44 EST 2020: Peer 1004 received the 'have' message from 1005 for the piece 50.
Thu Dec 10 10:56:44 EST 2020: Peer 1004 received the 'have' message from 1005 for the piece 44.
Thu Dec 10 10:56:44 EST 2020: Peer 1004 received the 'have' message from 1005 for the piece 57.
Thu Dec 10 10:56:44 EST 2020: Peer 1004 received the 'have' message from 1005 for the piece 61.
Thu Dec 10 10:56:44 EST 2020: Peer 1004 received the 'have' message from 1005 for the piece 58.
Thu Dec 10 10:56:44 EST 2020: Peer 1004 received the 'have' message from 1005 for the piece 24.
Thu Dec 10 10:56:44 EST 2020: Peer 1004 received the 'have' message from 1005 for the piece 39.
Thu Dec 10 10:56:45 EST 2020: Peer 1004 received the 'have' message from 1005 for the piece 40.
Thu Dec 10 10:56:45 EST 2020: Peer 1004 received the 'have' message from 1005 for the piece 48.
Thu Dec 10 10:56:45 EST 2020: Peer 1004 received the 'have' message from 1005 for the piece 22.
Thu Dec 10 10:56:45 EST 2020: Peer 1004 received the 'have' message from 1005 for the piece 40.
Thu Dec 10 10:56:45 EST 2020: Peer 1004 received the 'have' message from 1005 for the piece 51.
Thu Dec 10 10:56:45 EST 2020: Peer 1004 received the 'have' message from 1005 for the piece 19.
Thu Dec 10 10:56:45 EST 2020: Peer 1004 received the 'have' message from 1005 for the piece 54.
Thu Dec 10 10:56:45 EST 2020: Peer 1004 received the 'have' message from 1005 for the piece 54.
Thu Dec 10 10:56:45 EST 2020: Peer 1004 received the 'have' message from 1005 for the piece 25.
Thu Dec 10 10:56:45 EST 2020: Peer 1004 received the 'have' message from 1005 for the piece 59.
Thu Dec 10 10:56:45 EST 2020: Peer 1004 received the 'have' message from 1005 for the piece 47.
Thu Dec 10 10:56:45 EST 2020: Peer 1004 received the 'have' message from 1005 for the piece 28.
Thu Dec 10 10:56:45 EST 2020: Peer 1004 received the 'have' message from 1005 for the piece 9.
Thu Dec 10 10:56:45 EST 2020: Peer 1004 received the 'have' message from 1005 for the piece 0.
Thu Dec 10 10:56:45 EST 2020: Peer 1004 received the 'have' message from 1005 for the piece 17.
Thu Dec 10 10:56:45 EST 2020: Peer 1004 received the 'have' message from 1005 for the piece 60.
Thu Dec 10 10:56:45 EST 2020: Peer 1004 received the 'have' message from 1005 for the piece 52.
Thu Dec 10 10:56:45 EST 2020: Peer 1004 received the 'have' message from 1005 for the piece 33.
Thu Dec 10 10:56:45 EST 2020: Peer 1004 received the 'have' message from 1005 for the piece 7.
Thu Dec 10 10:56:45 EST 2020: Peer 1004 received the 'have' message from 1005 for the piece 32.
Thu Dec 10 10:56:46 EST 2020: Peer 1004 received the 'have' message from 1005 for the piece 62.
Thu Dec 10 10:56:46 EST 2020: Peer 1004 received the 'have' message from 1005 for the piece 34.
Thu Dec 10 10:56:46 EST 2020: Peer 1004 received the 'have' message from 1005 for the piece 49.
Thu Dec 10 10:56:46 EST 2020: Peer 1004 received the 'have' message from 1005 for the piece 30.
Thu Dec 10 10:56:46 EST 2020: Peer 1004 received the 'have' message from 1005 for the piece 15.
Thu Dec 10 10:56:46 EST 2020: Peer 1004 received the 'have' message from 1005 for the piece 4.
Thu Dec 10 10:56:46 EST 2020: Peer 1004 received the 'have' message from 1005 for the piece 31.
Thu Dec 10 10:56:46 EST 2020: Peer 1004 received the 'have' message from 1005 for the piece 10.
Thu Dec 10 10:56:46 EST 2020: Peer 1004 received the 'have' message from 1005 for the piece 43.
Thu Dec 10 10:56:46 EST 2020: Peer 1004 received the 'have' message from 1005 for the piece 27.
Thu Dec 10 10:56:46 EST 2020: Peer 1004 received the 'have' message from 1005 for the piece 11.
Thu Dec 10 10:56:46 EST 2020: Peer 1004 received the 'have' message from 1005 for the piece 64.
Thu Dec 10 10:56:46 EST 2020: Peer 1004 received the 'have' message from 1005 for the piece 5.
Thu Dec 10 10:56:46 EST 2020: Peer 1004 received the 'have' message from 1005 for the piece 35.
Thu Dec 10 10:56:46 EST 2020: Peer 1004 received the 'have' message from 1005 for the piece 64.
Thu Dec 10 10:56:46 EST 2020: Peer 1004 received the 'have' message from 1005 for the piece 53.
Thu Dec 10 10:56:46 EST 2020: Peer 1004 received the 'have' message from 1005 for the piece 46.
Thu Dec 10 10:56:46 EST 2020: Peer 1004 received the 'have' message from 1005 for the piece 2.
Thu Dec 10 10:56:46 EST 2020: Peer 1004 received the 'have' message from 1005 for the piece 63.
Thu Dec 10 10:56:46 EST 2020: Peer 1004 received the 'have' message from 1005 for the piece 18.
Thu Dec 10 10:56:46 EST 2020: Peer 1004 received the 'have' message from 1005 for the piece 41.
Thu Dec 10 10:56:46 EST 2020: Peer 1004 received the 'have' message from 1005 for the piece 63.
Thu Dec 10 10:56:46 EST 2020: Peer 1004 received the 'have' message from 1005 for the piece 20.
Thu Dec 10 10:56:46 EST 2020: Peer 1004 received the 'have' message from 1005 for the piece 56.
Thu Dec 10 10:56:46 EST 2020: Peer 1004 received the 'have' message from 1005 for the piece 8.
Thu Dec 10 10:56:46 EST 2020: Peer 1004 received the 'have' message from 1005 for the piece 8.
Thu Dec 10 10:56:46 EST 2020: Peer 1004 received the 'have' message from 1005 for the piece 8.
Thu Dec 10 10:56:46 EST 2020: Peer 1004 received the 'have' message from 1005 for the piece 14.
Thu Dec 10 10:56:46 EST 2020: Peer 1004 received the 'have' message from 1005 for the piece 12.
Thu Dec 10 10:56:46 EST 2020: Peer 1004 received the 'have' message from 1005 for the piece 36.
Thu Dec 10 10:56:46 EST 2020: Peer 1004 received the 'have' message from 1005 for the piece 12.
Thu Dec 10 10:56:46 EST 2020: Peer 1004 received the 'have' message from 1005 for the piece 1.
Thu Dec 10 10:56:46 EST 2020: Peer 1004 received the 'have' message from 1005 for the piece 36.
Thu Dec 10 10:56:46 EST 2020: Peer 1004 received the 'have' message from 1005 for the piece 1.
Thu Dec 10 10:56:46 EST 2020: Peer 1004 received the 'have' message from 1005 for the piece 1.
Thu Dec 10 10:56:51 EST 2020: Peer 1004 is connected from Peer 1006.
Thu Dec 10 10:56:51 EST 2020: Peer 1004 received the 'not interested' message from 1006.
Thu Dec 10 10:56:59 EST 2020: Peer 1004 is connected from Peer 1007.
Thu Dec 10 10:57:00 EST 2020: Peer 1004 received the 'interested' message from 1007.
Thu Dec 10 10:57:00 EST 2020: Peer 1004 received the 'have' message from 1007 for the piece 6.
Thu Dec 10 10:57:00 EST 2020: Peer 1004 received the 'have' message from 1007 for the piece 51.
Thu Dec 10 10:57:00 EST 2020: Peer 1004 received the 'have' message from 1007 for the piece 63.
Thu Dec 10 10:57:01 EST 2020: Peer 1004 received the 'have' message from 1007 for the piece 51.
Thu Dec 10 10:57:01 EST 2020: Peer 1004 has the preferred neighbors 1007.
Thu Dec 10 10:57:01 EST 2020: Peer 1004 received the 'have' message from 1007 for the piece 29.
Thu Dec 10 10:57:01 EST 2020: Peer 1004 received the 'have' message from 1007 for the piece 9.
Thu Dec 10 10:57:01 EST 2020: Peer 1004 received the 'have' message from 1007 for the piece 46.
Thu Dec 10 10:57:01 EST 2020: Peer 1004 received the 'have' message from 1007 for the piece 44.
Thu Dec 10 10:57:01 EST 2020: Peer 1004 received the 'have' message from 1007 for the piece 18.
Thu Dec 10 10:57:01 EST 2020: Peer 1004 received the 'have' message from 1007 for the piece 40.
Thu Dec 10 10:57:01 EST 2020: Peer 1004 received the 'have' message from 1007 for the piece 38.
Thu Dec 10 10:57:01 EST 2020: Peer 1004 received the 'have' message from 1007 for the piece 62.
Thu Dec 10 10:57:01 EST 2020: Peer 1004 received the 'have' message from 1007 for the piece 55.
Thu Dec 10 10:57:01 EST 2020: Peer 1004 received the 'have' message from 1007 for the piece 20.
Thu Dec 10 10:57:01 EST 2020: Peer 1004 received the 'have' message from 1007 for the piece 45.
Thu Dec 10 10:57:01 EST 2020: Peer 1004 received the 'have' message from 1007 for the piece 48.
Thu Dec 10 10:57:01 EST 2020: Peer 1004 received the 'have' message from 1007 for the piece 41.
Thu Dec 10 10:57:01 EST 2020: Peer 1004 received the 'have' message from 1007 for the piece 19.
Thu Dec 10 10:57:01 EST 2020: Peer 1004 received the 'have' message from 1007 for the piece 34.
Thu Dec 10 10:57:01 EST 2020: Peer 1004 received the 'have' message from 1007 for the piece 31.
Thu Dec 10 10:57:02 EST 2020: Peer 1004 received the 'have' message from 1007 for the piece 4.
Thu Dec 10 10:57:02 EST 2020: Peer 1004 received the 'have' message from 1007 for the piece 53.
Thu Dec 10 10:57:02 EST 2020: Peer 1004 received the 'have' message from 1007 for the piece 49.
Thu Dec 10 10:57:02 EST 2020: Peer 1004 received the 'have' message from 1007 for the piece 37.
Thu Dec 10 10:57:02 EST 2020: Peer 1004 received the 'have' message from 1007 for the piece 27.
Thu Dec 10 10:57:02 EST 2020: Peer 1004 received the 'have' message from 1007 for the piece 2.
Thu Dec 10 10:57:02 EST 2020: Peer 1004 received the 'have' message from 1007 for the piece 27.
Thu Dec 10 10:57:02 EST 2020: Peer 1004 received the 'have' message from 1007 for the piece 28.
Thu Dec 10 10:57:02 EST 2020: Peer 1004 received the 'have' message from 1007 for the piece 43.
Thu Dec 10 10:57:02 EST 2020: Peer 1004 received the 'have' message from 1007 for the piece 52.
Thu Dec 10 10:57:02 EST 2020: Peer 1004 received the 'have' message from 1007 for the piece 22.
Thu Dec 10 10:57:02 EST 2020: Peer 1004 received the 'have' message from 1007 for the piece 0.
Thu Dec 10 10:57:02 EST 2020: Peer 1004 received the 'have' message from 1007 for the piece 32.
Thu Dec 10 10:57:02 EST 2020: Peer 1004 received the 'have' message from 1007 for the piece 56.
Thu Dec 10 10:57:02 EST 2020: Peer 1004 received the 'have' message from 1007 for the piece 16.
Thu Dec 10 10:57:02 EST 2020: Peer 1004 received the 'have' message from 1007 for the piece 60.
Thu Dec 10 10:57:02 EST 2020: Peer 1004 received the 'have' message from 1007 for the piece 5.
Thu Dec 10 10:57:02 EST 2020: Peer 1004 received the 'have' message from 1007 for the piece 26.
Thu Dec 10 10:57:02 EST 2020: Peer 1004 received the 'have' message from 1007 for the piece 56.
Thu Dec 10 10:57:02 EST 2020: Peer 1004 received the 'have' message from 1007 for the piece 36.
Thu Dec 10 10:57:02 EST 2020: Peer 1004 received the 'have' message from 1007 for the piece 7.
Thu Dec 10 10:57:02 EST 2020: Peer 1004 received the 'have' message from 1007 for the piece 5.
Thu Dec 10 10:57:02 EST 2020: Peer 1004 received the 'have' message from 1007 for the piece 17.
Thu Dec 10 10:57:02 EST 2020: Peer 1004 received the 'have' message from 1007 for the piece 12.
Thu Dec 10 10:57:02 EST 2020: Peer 1004 received the 'have' message from 1007 for the piece 50.
Thu Dec 10 10:57:02 EST 2020: Peer 1004 received the 'have' message from 1007 for the piece 42.
Thu Dec 10 10:57:02 EST 2020: Peer 1004 received the 'have' message from 1007 for the piece 15.
Thu Dec 10 10:57:02 EST 2020: Peer 1004 received the 'have' message from 1007 for the piece 17.
Thu Dec 10 10:57:02 EST 2020: Peer 1004 received the 'have' message from 1007 for the piece 1.
Thu Dec 10 10:57:02 EST 2020: Peer 1004 received the 'have' message from 1007 for the piece 59.
Thu Dec 10 10:57:02 EST 2020: Peer 1004 received the 'have' message from 1007 for the piece 59.
Thu Dec 10 10:57:02 EST 2020: Peer 1004 received the 'have' message from 1007 for the piece 11.
Thu Dec 10 10:57:02 EST 2020: Peer 1004 received the 'have' message from 1007 for the piece 1.
Thu Dec 10 10:57:02 EST 2020: Peer 1004 received the 'have' message from 1007 for the piece 58.
Thu Dec 10 10:57:02 EST 2020: Peer 1004 received the 'have' message from 1007 for the piece 54.
Thu Dec 10 10:57:02 EST 2020: Peer 1004 received the 'have' message from 1007 for the piece 33.
Thu Dec 10 10:57:02 EST 2020: Peer 1004 received the 'have' message from 1007 for the piece 61.
Thu Dec 10 10:57:02 EST 2020: Peer 1004 received the 'have' message from 1007 for the piece 47.
Thu Dec 10 10:57:02 EST 2020: Peer 1004 received the 'have' message from 1007 for the piece 23.
Thu Dec 10 10:57:02 EST 2020: Peer 1004 received the 'have' message from 1007 for the piece 23.
Thu Dec 10 10:57:02 EST 2020: Peer 1004 received the 'have' message from 1007 for the piece 47.
Thu Dec 10 10:57:02 EST 2020: Peer 1004 received the 'have' message from 1007 for the piece 25.
Thu Dec 10 10:57:02 EST 2020: Peer 1004 received the 'have' message from 1007 for the piece 14.
Thu Dec 10 10:57:02 EST 2020: Peer 1004 received the 'have' message from 1007 for the piece 39.
Thu Dec 10 10:57:02 EST 2020: Peer 1004 received the 'have' message from 1007 for the piece 57.
Thu Dec 10 10:57:02 EST 2020: Peer 1004 received the 'have' message from 1007 for the piece 35.
Thu Dec 10 10:57:02 EST 2020: Peer 1004 received the 'have' message from 1007 for the piece 25.
Thu Dec 10 10:57:02 EST 2020: Peer 1004 received the 'have' message from 1007 for the piece 65.
Thu Dec 10 10:57:02 EST 2020: Peer 1004 received the 'have' message from 1007 for the piece 30.
Thu Dec 10 10:57:02 EST 2020: Peer 1004 received the 'have' message from 1007 for the piece 8.
Thu Dec 10 10:57:02 EST 2020: Peer 1004 received the 'have' message from 1007 for the piece 64.
Thu Dec 10 10:57:02 EST 2020: Peer 1004 received the 'have' message from 1007 for the piece 21.
Thu Dec 10 10:57:02 EST 2020: Peer 1004 received the 'have' message from 1007 for the piece 30.
Thu Dec 10 10:57:02 EST 2020: Peer 1004 received the 'have' message from 1007 for the piece 24.
Thu Dec 10 10:57:02 EST 2020: Peer 1004 received the 'have' message from 1007 for the piece 3.
Thu Dec 10 10:57:02 EST 2020: Peer 1004 received the 'have' message from 1007 for the piece 64.
Thu Dec 10 10:57:02 EST 2020: Peer 1004 received the 'have' message from 1007 for the piece 13.
Thu Dec 10 10:57:02 EST 2020: Peer 1004 received the 'have' message from 1007 for the piece 3.
Thu Dec 10 10:57:02 EST 2020: Peer 1004 received the 'have' message from 1007 for the piece 3.
Thu Dec 10 10:57:02 EST 2020: Peer 1004 received the 'have' message from 1007 for the piece 10.
Thu Dec 10 10:57:02 EST 2020: Peer 1004 received the 'have' message from 1007 for the piece 13.
Thu Dec 10 10:57:02 EST 2020: Peer 1004 received the 'have' message from 1007 for the piece 10.
Thu Dec 10 10:57:02 EST 2020: Peer 1004 received the 'have' message from 1007 for the piece 66.
Thu Dec 10 10:57:02 EST 2020: Peer 1004 received the 'have' message from 1007 for the piece 66.
Thu Dec 10 10:57:02 EST 2020: Peer 1004 received the 'have' message from 1007 for the piece 10.
Thu Dec 10 10:57:02 EST 2020: Peer 1004 received the 'have' message from 1007 for the piece 66.
Thu Dec 10 10:57:02 EST 2020: Peer 1004 received the 'have' message from 1007 for the piece 66.
Thu Dec 10 10:57:02 EST 2020: Peer 1004 received the 'have' message from 1007 for the piece 66.
Thu Dec 10 10:57:08 EST 2020: Peer 1004 is connected from Peer 1008.
Thu Dec 10 10:57:08 EST 2020: Peer 1004 received the 'interested' message from 1008.
Thu Dec 10 10:57:09 EST 2020: Peer 1004 received the 'have' message from 1008 for the piece 9.
Thu Dec 10 10:57:09 EST 2020: Peer 1004 received the 'have' message from 1008 for the piece 63.
Thu Dec 10 10:57:09 EST 2020: Peer 1004 received the 'have' message from 1008 for the piece 26.
Thu Dec 10 10:57:09 EST 2020: Peer 1004 received the 'have' message from 1008 for the piece 20.
Thu Dec 10 10:57:09 EST 2020: Peer 1004 received the 'have' message from 1008 for the piece 48.
Thu Dec 10 10:57:09 EST 2020: Peer 1004 received the 'have' message from 1008 for the piece 22.
Thu Dec 10 10:57:09 EST 2020: Peer 1004 received the 'have' message from 1008 for the piece 49.
Thu Dec 10 10:57:10 EST 2020: Peer 1004 received the 'have' message from 1008 for the piece 2.
Thu Dec 10 10:57:10 EST 2020: Peer 1004 received the 'have' message from 1008 for the piece 37.
Thu Dec 10 10:57:10 EST 2020: Peer 1004 received the 'have' message from 1008 for the piece 44.
Thu Dec 10 10:57:10 EST 2020: Peer 1004 received the 'have' message from 1008 for the piece 18.
Thu Dec 10 10:57:10 EST 2020: Peer 1004 received the 'have' message from 1008 for the piece 32.
Thu Dec 10 10:57:10 EST 2020: Peer 1004 received the 'have' message from 1008 for the piece 31.
Thu Dec 10 10:57:10 EST 2020: Peer 1004 received the 'have' message from 1008 for the piece 60.
Thu Dec 10 10:57:10 EST 2020: Peer 1004 received the 'have' message from 1008 for the piece 24.
Thu Dec 10 10:57:10 EST 2020: Peer 1004 received the 'have' message from 1008 for the piece 61.
Thu Dec 10 10:57:10 EST 2020: Peer 1004 received the 'have' message from 1008 for the piece 7.
Thu Dec 10 10:57:10 EST 2020: Peer 1004 received the 'have' message from 1008 for the piece 7.
Thu Dec 10 10:57:10 EST 2020: Peer 1004 received the 'have' message from 1008 for the piece 30.
Thu Dec 10 10:57:10 EST 2020: Peer 1004 received the 'have' message from 1008 for the piece 66.
Thu Dec 10 10:57:10 EST 2020: Peer 1004 received the 'have' message from 1008 for the piece 54.
Thu Dec 10 10:57:10 EST 2020: Peer 1004 received the 'have' message from 1008 for the piece 29.
Thu Dec 10 10:57:10 EST 2020: Peer 1004 has the preferred neighbors 1008.
Thu Dec 10 10:57:10 EST 2020: Peer 1004 received the 'have' message from 1008 for the piece 43.
Thu Dec 10 10:57:10 EST 2020: Peer 1004 received the 'have' message from 1008 for the piece 51.
Thu Dec 10 10:57:10 EST 2020: Peer 1004 received the 'have' message from 1008 for the piece 14.
Thu Dec 10 10:57:10 EST 2020: Peer 1004 received the 'have' message from 1008 for the piece 23.
Thu Dec 10 10:57:10 EST 2020: Peer 1004 received the 'have' message from 1008 for the piece 28.
Thu Dec 10 10:57:10 EST 2020: Peer 1004 received the 'have' message from 1008 for the piece 14.
Thu Dec 10 10:57:10 EST 2020: Peer 1004 received the 'have' message from 1008 for the piece 15.
Thu Dec 10 10:57:10 EST 2020: Peer 1004 received the 'have' message from 1008 for the piece 1.
Thu Dec 10 10:57:10 EST 2020: Peer 1004 received the 'have' message from 1008 for the piece 14.
Thu Dec 10 10:57:10 EST 2020: Peer 1004 received the 'have' message from 1008 for the piece 27.
Thu Dec 10 10:57:10 EST 2020: Peer 1004 received the 'have' message from 1008 for the piece 40.
Thu Dec 10 10:57:10 EST 2020: Peer 1004 received the 'have' message from 1008 for the piece 35.
Thu Dec 10 10:57:10 EST 2020: Peer 1004 received the 'have' message from 1008 for the piece 39.
Thu Dec 10 10:57:10 EST 2020: Peer 1004 received the 'have' message from 1008 for the piece 6.
Thu Dec 10 10:57:10 EST 2020: Peer 1004 received the 'have' message from 1008 for the piece 6.
Thu Dec 10 10:57:10 EST 2020: Peer 1004 received the 'have' message from 1008 for the piece 47.
Thu Dec 10 10:57:10 EST 2020: Peer 1004 received the 'have' message from 1008 for the piece 40.
Thu Dec 10 10:57:10 EST 2020: Peer 1004 received the 'have' message from 1008 for the piece 64.
Thu Dec 10 10:57:10 EST 2020: Peer 1004 received the 'have' message from 1008 for the piece 4.
Thu Dec 10 10:57:10 EST 2020: Peer 1004 received the 'have' message from 1008 for the piece 12.
Thu Dec 10 10:57:10 EST 2020: Peer 1004 received the 'have' message from 1008 for the piece 57.
Thu Dec 10 10:57:10 EST 2020: Peer 1004 received the 'have' message from 1008 for the piece 56.
Thu Dec 10 10:57:10 EST 2020: Peer 1004 received the 'have' message from 1008 for the piece 42.
Thu Dec 10 10:57:10 EST 2020: Peer 1004 received the 'have' message from 1008 for the piece 34.
Thu Dec 10 10:57:10 EST 2020: Peer 1004 received the 'have' message from 1008 for the piece 52.
Thu Dec 10 10:57:10 EST 2020: Peer 1004 received the 'have' message from 1008 for the piece 19.
Thu Dec 10 10:57:10 EST 2020: Peer 1004 received the 'have' message from 1008 for the piece 45.
Thu Dec 10 10:57:10 EST 2020: Peer 1004 received the 'have' message from 1008 for the piece 5.
Thu Dec 10 10:57:10 EST 2020: Peer 1004 received the 'have' message from 1008 for the piece 34.
Thu Dec 10 10:57:10 EST 2020: Peer 1004 received the 'have' message from 1008 for the piece 38.
Thu Dec 10 10:57:10 EST 2020: Peer 1004 received the 'have' message from 1008 for the piece 45.
Thu Dec 10 10:57:10 EST 2020: Peer 1004 received the 'have' message from 1008 for the piece 55.
Thu Dec 10 10:57:10 EST 2020: Peer 1004 received the 'have' message from 1008 for the piece 5.
Thu Dec 10 10:57:10 EST 2020: Peer 1004 received the 'have' message from 1008 for the piece 38.
Thu Dec 10 10:57:10 EST 2020: Peer 1004 received the 'have' message from 1008 for the piece 13.
Thu Dec 10 10:57:10 EST 2020: Peer 1004 received the 'have' message from 1008 for the piece 65.
Thu Dec 10 10:57:10 EST 2020: Peer 1004 received the 'have' message from 1008 for the piece 59.
Thu Dec 10 10:57:10 EST 2020: Peer 1004 received the 'have' message from 1008 for the piece 10.
Thu Dec 10 10:57:10 EST 2020: Peer 1004 received the 'have' message from 1008 for the piece 10.
Thu Dec 10 10:57:10 EST 2020: Peer 1004 received the 'have' message from 1008 for the piece 58.
Thu Dec 10 10:57:10 EST 2020: Peer 1004 received the 'have' message from 1008 for the piece 33.
Thu Dec 10 10:57:10 EST 2020: Peer 1004 received the 'have' message from 1008 for the piece 53.
Thu Dec 10 10:57:10 EST 2020: Peer 1004 received the 'have' message from 1008 for the piece 62.
Thu Dec 10 10:57:11 EST 2020: Peer 1004 received the 'have' message from 1008 for the piece 58.
Thu Dec 10 10:57:11 EST 2020: Peer 1004 received the 'have' message from 1008 for the piece 33.
Thu Dec 10 10:57:11 EST 2020: Peer 1004 received the 'have' message from 1008 for the piece 46.
Thu Dec 10 10:57:11 EST 2020: Peer 1004 received the 'have' message from 1008 for the piece 16.
Thu Dec 10 10:57:11 EST 2020: Peer 1004 received the 'have' message from 1008 for the piece 0.
Thu Dec 10 10:57:11 EST 2020: Peer 1004 received the 'have' message from 1008 for the piece 0.
Thu Dec 10 10:57:11 EST 2020: Peer 1004 received the 'have' message from 1008 for the piece 3.
Thu Dec 10 10:57:11 EST 2020: Peer 1004 received the 'have' message from 1008 for the piece 50.
Thu Dec 10 10:57:11 EST 2020: Peer 1004 received the 'have' message from 1008 for the piece 3.
Thu Dec 10 10:57:11 EST 2020: Peer 1004 received the 'have' message from 1008 for the piece 11.
Thu Dec 10 10:57:11 EST 2020: Peer 1004 received the 'have' message from 1008 for the piece 11.
Thu Dec 10 10:57:11 EST 2020: Peer 1004 received the 'have' message from 1008 for the piece 3.
Thu Dec 10 10:57:11 EST 2020: Peer 1004 received the 'have' message from 1008 for the piece 17.
Thu Dec 10 10:57:11 EST 2020: Peer 1004 received the 'have' message from 1008 for the piece 8.
Thu Dec 10 10:57:11 EST 2020: Peer 1004 received the 'have' message from 1008 for the piece 36.
Thu Dec 10 10:57:11 EST 2020: Peer 1004 received the 'have' message from 1008 for the piece 11.
Thu Dec 10 10:57:11 EST 2020: Peer 1004 received the 'have' message from 1008 for the piece 21.
Thu Dec 10 10:57:11 EST 2020: Peer 1004 received the 'have' message from 1008 for the piece 25.
Thu Dec 10 10:57:11 EST 2020: Peer 1004 received the 'have' message from 1008 for the piece 41.
Thu Dec 10 10:57:11 EST 2020: Peer 1004 received the 'have' message from 1008 for the piece 36.
Thu Dec 10 10:57:11 EST 2020: Peer 1004 received the 'have' message from 1008 for the piece 21.
Thu Dec 10 10:57:11 EST 2020: Peer 1004 received the 'have' message from 1008 for the piece 41.
Thu Dec 10 10:57:11 EST 2020: Peer 1004 received the 'have' message from 1008 for the piece 25.
Thu Dec 10 10:57:11 EST 2020: Peer 1004 received the 'have' message from 1008 for the piece 41.
Thu Dec 10 10:57:11 EST 2020: Peer 1004 received the 'have' message from 1008 for the piece 41.
Thu Dec 10 10:57:16 EST 2020: Peer 1004 is connected from Peer 1009.
Thu Dec 10 10:57:16 EST 2020: Peer 1004 received the 'interested' message from 1009.
Thu Dec 10 10:57:16 EST 2020: Peer 1004 has the preferred neighbors 1009.
Thu Dec 10 10:57:17 EST 2020: Peer 1004 received the 'have' message from 1009 for the piece 32.
Thu Dec 10 10:57:17 EST 2020: Peer 1004 received the 'have' message from 1009 for the piece 52.
Thu Dec 10 10:57:17 EST 2020: Peer 1004 received the 'have' message from 1009 for the piece 5.
Thu Dec 10 10:57:17 EST 2020: Peer 1004 received the 'have' message from 1009 for the piece 0.
Thu Dec 10 10:57:17 EST 2020: Peer 1004 received the 'have' message from 1009 for the piece 54.
Thu Dec 10 10:57:17 EST 2020: Peer 1004 received the 'have' message from 1009 for the piece 50.
Thu Dec 10 10:57:17 EST 2020: Peer 1004 received the 'have' message from 1009 for the piece 34.
Thu Dec 10 10:57:17 EST 2020: Peer 1004 received the 'have' message from 1009 for the piece 20.
Thu Dec 10 10:57:18 EST 2020: Peer 1004 received the 'have' message from 1009 for the piece 5.
Thu Dec 10 10:57:18 EST 2020: Peer 1004 received the 'have' message from 1009 for the piece 17.
Thu Dec 10 10:57:18 EST 2020: Peer 1004 received the 'have' message from 1009 for the piece 56.
Thu Dec 10 10:57:18 EST 2020: Peer 1004 received the 'have' message from 1009 for the piece 44.
Thu Dec 10 10:57:18 EST 2020: Peer 1004 received the 'have' message from 1009 for the piece 1.
Thu Dec 10 10:57:18 EST 2020: Peer 1004 received the 'have' message from 1009 for the piece 59.
Thu Dec 10 10:57:18 EST 2020: Peer 1004 received the 'have' message from 1009 for the piece 8.
Thu Dec 10 10:57:19 EST 2020: Peer 1004 received the 'have' message from 1009 for the piece 43.
Thu Dec 10 10:57:19 EST 2020: Peer 1004 received the 'have' message from 1009 for the piece 24.
Thu Dec 10 10:57:19 EST 2020: Peer 1004 received the 'have' message from 1009 for the piece 63.
Thu Dec 10 10:57:19 EST 2020: Peer 1004 received the 'have' message from 1009 for the piece 60.
Thu Dec 10 10:57:19 EST 2020: Peer 1004 received the 'have' message from 1009 for the piece 3.
Thu Dec 10 10:57:20 EST 2020: Peer 1004 received the 'have' message from 1009 for the piece 64.
Thu Dec 10 10:57:20 EST 2020: Peer 1004 received the 'have' message from 1009 for the piece 47.
Thu Dec 10 10:57:20 EST 2020: Peer 1004 received the 'have' message from 1009 for the piece 27.
Thu Dec 10 10:57:20 EST 2020: Peer 1004 received the 'have' message from 1009 for the piece 62.
Thu Dec 10 10:57:20 EST 2020: Peer 1004 received the 'have' message from 1009 for the piece 58.
Thu Dec 10 10:57:20 EST 2020: Peer 1004 received the 'have' message from 1009 for the piece 62.
Thu Dec 10 10:57:20 EST 2020: Peer 1004 received the 'have' message from 1009 for the piece 29.
Thu Dec 10 10:57:21 EST 2020: Peer 1004 received the 'have' message from 1009 for the piece 61.
Thu Dec 10 10:57:21 EST 2020: Peer 1004 received the 'have' message from 1009 for the piece 18.
Thu Dec 10 10:57:21 EST 2020: Peer 1004 received the 'have' message from 1009 for the piece 14.
Thu Dec 10 10:57:21 EST 2020: Peer 1004 received the 'have' message from 1009 for the piece 26.
Thu Dec 10 10:57:21 EST 2020: Peer 1004 received the 'have' message from 1009 for the piece 15.
Thu Dec 10 10:57:21 EST 2020: Peer 1004 received the 'have' message from 1009 for the piece 36.
Thu Dec 10 10:57:21 EST 2020: Peer 1004 received the 'have' message from 1009 for the piece 61.
Thu Dec 10 10:57:21 EST 2020: Peer 1004 received the 'have' message from 1009 for the piece 9.
Thu Dec 10 10:57:22 EST 2020: Peer 1004 received the 'have' message from 1009 for the piece 53.
Thu Dec 10 10:57:22 EST 2020: Peer 1004 received the 'have' message from 1009 for the piece 33.
Thu Dec 10 10:57:22 EST 2020: Peer 1004 received the 'have' message from 1009 for the piece 37.
Thu Dec 10 10:57:22 EST 2020: Peer 1004 received the 'have' message from 1009 for the piece 13.
Thu Dec 10 10:57:22 EST 2020: Peer 1004 received the 'have' message from 1009 for the piece 4.
Thu Dec 10 10:57:22 EST 2020: Peer 1004 received the 'have' message from 1009 for the piece 39.
Thu Dec 10 10:57:22 EST 2020: Peer 1004 received the 'have' message from 1009 for the piece 40.
Thu Dec 10 10:57:22 EST 2020: Peer 1004 received the 'have' message from 1009 for the piece 51.
Thu Dec 10 10:57:22 EST 2020: Peer 1004 received the 'have' message from 1009 for the piece 65.
Thu Dec 10 10:57:23 EST 2020: Peer 1004 received the 'have' message from 1009 for the piece 51.
Thu Dec 10 10:57:23 EST 2020: Peer 1004 received the 'have' message from 1009 for the piece 22.
Thu Dec 10 10:57:23 EST 2020: Peer 1004 received the 'have' message from 1009 for the piece 2.
Thu Dec 10 10:57:23 EST 2020: Peer 1004 received the 'have' message from 1009 for the piece 25.
Thu Dec 10 10:57:23 EST 2020: Peer 1004 received the 'have' message from 1009 for the piece 16.
Thu Dec 10 10:57:23 EST 2020: Peer 1004 received the 'have' message from 1009 for the piece 41.
Thu Dec 10 10:57:23 EST 2020: Peer 1004 received the 'have' message from 1009 for the piece 10.
Thu Dec 10 10:57:23 EST 2020: Peer 1004 received the 'have' message from 1009 for the piece 41.
Thu Dec 10 10:57:23 EST 2020: Peer 1004 received the 'have' message from 1009 for the piece 16.
Thu Dec 10 10:57:23 EST 2020: Peer 1004 received the 'have' message from 1009 for the piece 12.
Thu Dec 10 10:57:23 EST 2020: Peer 1004 received the 'have' message from 1009 for the piece 30.
Thu Dec 10 10:57:24 EST 2020: Peer 1004 received the 'have' message from 1009 for the piece 66.
Thu Dec 10 10:57:24 EST 2020: Peer 1004 received the 'have' message from 1009 for the piece 46.
Thu Dec 10 10:57:24 EST 2020: Peer 1004 received the 'have' message from 1009 for the piece 49.
Thu Dec 10 10:57:24 EST 2020: Peer 1004 received the 'have' message from 1009 for the piece 66.
Thu Dec 10 10:57:24 EST 2020: Peer 1004 received the 'have' message from 1009 for the piece 12.
Thu Dec 10 10:57:24 EST 2020: Peer 1004 received the 'have' message from 1009 for the piece 49.
Thu Dec 10 10:57:24 EST 2020: Peer 1004 received the 'have' message from 1009 for the piece 45.
Thu Dec 10 10:57:24 EST 2020: Peer 1004 received the 'have' message from 1009 for the piece 28.
Thu Dec 10 10:57:24 EST 2020: Peer 1004 received the 'have' message from 1009 for the piece 55.
Thu Dec 10 10:57:24 EST 2020: Peer 1004 received the 'have' message from 1009 for the piece 35.
Thu Dec 10 10:57:24 EST 2020: Peer 1004 received the 'have' message from 1009 for the piece 19.
Thu Dec 10 10:57:24 EST 2020: Peer 1004 received the 'have' message from 1009 for the piece 28.
Thu Dec 10 10:57:24 EST 2020: Peer 1004 received the 'have' message from 1009 for the piece 57.
Thu Dec 10 10:57:25 EST 2020: Peer 1004 received the 'have' message from 1009 for the piece 57.
Thu Dec 10 10:57:25 EST 2020: Peer 1004 received the 'have' message from 1009 for the piece 6.
Thu Dec 10 10:57:25 EST 2020: Peer 1004 received the 'have' message from 1009 for the piece 23.
Thu Dec 10 10:57:25 EST 2020: Peer 1004 received the 'have' message from 1009 for the piece 7.
Thu Dec 10 10:57:25 EST 2020: Peer 1004 received the 'have' message from 1009 for the piece 31.
Thu Dec 10 10:57:25 EST 2020: Peer 1004 received the 'have' message from 1009 for the piece 38.
Thu Dec 10 10:57:25 EST 2020: Peer 1004 received the 'have' message from 1009 for the piece 38.
Thu Dec 10 10:57:25 EST 2020: Peer 1004 received the 'have' message from 1009 for the piece 48.
Thu Dec 10 10:57:25 EST 2020: Peer 1004 received the 'have' message from 1009 for the piece 38.
Thu Dec 10 10:57:25 EST 2020: Peer 1004 received the 'have' message from 1009 for the piece 42.
Thu Dec 10 10:57:25 EST 2020: Peer 1004 received the 'have' message from 1009 for the piece 42.
Thu Dec 10 10:57:26 EST 2020: Peer 1004 received the 'have' message from 1009 for the piece 48.
Thu Dec 10 10:57:26 EST 2020: Peer 1004 received the 'have' message from 1009 for the piece 48.
Thu Dec 10 10:57:26 EST 2020: Peer 1004 received the 'have' message from 1009 for the piece 21.
Thu Dec 10 10:57:26 EST 2020: Peer 1004 received the 'have' message from 1009 for the piece 11.
Thu Dec 10 10:57:26 EST 2020: Peer 1004 received the 'have' message from 1009 for the piece 21.
Thu Dec 10 10:57:26 EST 2020: Peer 1004 received the 'have' message from 1009 for the piece 11.
Thu Dec 10 10:57:26 EST 2020: Peer 1004 received the 'have' message from 1009 for the piece 11.
Thu Dec 10 10:57:26 EST 2020: Peer 1004 received the 'have' message from 1009 for the piece 21.
Thu Dec 10 10:57:26 EST 2020: Peer 1004 received the 'have' message from 1009 for the piece 21.
Thu Dec 10 10:57:26 EST 2020: Peer 1004 received the 'have' message from 1009 for the piece 21.
Thu Dec 10 10:57:26 EST 2020: Peer 1004 received the 'have' message from 1009 for the piece 11.
=======
Mon Dec 07 18:43:43 EST 2020: Peer 1004 makes a connection to Peer 1001.
Mon Dec 07 18:43:43 EST 2020: Peer 1004 makes a connection to Peer 1002.
Mon Dec 07 18:43:43 EST 2020: Peer 1004 makes a connection to Peer 1003.
Mon Dec 07 18:43:43 EST 2020: Peer 1004 is unchoked by 1001.
Mon Dec 07 18:43:43 EST 2020: Peer 1004 is unchoked by 1002.
Mon Dec 07 18:43:43 EST 2020: Peer 1004 is unchoked by 1003.
Mon Dec 07 18:43:43 EST 2020: Peer 1004 has downloaded the piece 62 from 1002.Now the number of pieces it has is 2
Mon Dec 07 18:43:43 EST 2020: Peer 1004 has downloaded the piece 60 from 1001.Now the number of pieces it has is 1
Mon Dec 07 18:43:43 EST 2020: Peer 1004 has downloaded the piece 50 from 1003.Now the number of pieces it has is 3
Mon Dec 07 18:43:43 EST 2020: Peer 1004 received the 'not interested' message from 1002.
Mon Dec 07 18:43:43 EST 2020: Peer 1004 received the 'not interested' message from 1001.
Mon Dec 07 18:43:43 EST 2020: Peer 1004 received the 'not interested' message from 1001.
Mon Dec 07 18:43:43 EST 2020: Peer 1004 received the 'not interested' message from 1002.
Mon Dec 07 18:43:43 EST 2020: Peer 1004 received the 'not interested' message from 1001.
Mon Dec 07 18:43:43 EST 2020: Peer 1004 received the 'not interested' message from 1003.
Mon Dec 07 18:43:43 EST 2020: Peer 1004 received the 'not interested' message from 1002.
Mon Dec 07 18:43:43 EST 2020: Peer 1004 received the 'not interested' message from 1003.
Mon Dec 07 18:43:43 EST 2020: Peer 1004 received the 'not interested' message from 1003.
Mon Dec 07 18:43:43 EST 2020: Peer 1004 has downloaded the piece 40 from 1002.Now the number of pieces it has is 4
Mon Dec 07 18:43:43 EST 2020: Peer 1004 has downloaded the piece 39 from 1003.Now the number of pieces it has is 5
Mon Dec 07 18:43:43 EST 2020: Peer 1004 has downloaded the piece 26 from 1001.Now the number of pieces it has is 6
Mon Dec 07 18:43:43 EST 2020: Peer 1004 received the 'not interested' message from 1002.
Mon Dec 07 18:43:43 EST 2020: Peer 1004 received the 'not interested' message from 1001.
Mon Dec 07 18:43:43 EST 2020: Peer 1004 received the 'not interested' message from 1003.
Mon Dec 07 18:43:43 EST 2020: Peer 1004 has downloaded the piece 18 from 1002.Now the number of pieces it has is 7
Mon Dec 07 18:43:43 EST 2020: Peer 1004 received the 'not interested' message from 1001.
Mon Dec 07 18:43:43 EST 2020: Peer 1004 received the 'not interested' message from 1002.
Mon Dec 07 18:43:43 EST 2020: Peer 1004 received the 'not interested' message from 1003.
Mon Dec 07 18:43:43 EST 2020: Peer 1004 has downloaded the piece 16 from 1003.Now the number of pieces it has is 8
Mon Dec 07 18:43:43 EST 2020: Peer 1004 received the 'not interested' message from 1001.
Mon Dec 07 18:43:43 EST 2020: Peer 1004 received the 'not interested' message from 1002.
Mon Dec 07 18:43:43 EST 2020: Peer 1004 received the 'not interested' message from 1003.
Mon Dec 07 18:43:43 EST 2020: Peer 1004 has downloaded the piece 15 from 1001.Now the number of pieces it has is 9
Mon Dec 07 18:43:43 EST 2020: Peer 1004 received the 'not interested' message from 1003.
Mon Dec 07 18:43:43 EST 2020: Peer 1004 received the 'not interested' message from 1002.
Mon Dec 07 18:43:43 EST 2020: Peer 1004 has downloaded the piece 21 from 1002.Now the number of pieces it has is 10
Mon Dec 07 18:43:43 EST 2020: Peer 1004 received the 'not interested' message from 1001.
Mon Dec 07 18:43:43 EST 2020: Peer 1004 received the 'not interested' message from 1001.
Mon Dec 07 18:43:43 EST 2020: Peer 1004 received the 'not interested' message from 1002.
Mon Dec 07 18:43:43 EST 2020: Peer 1004 received the 'not interested' message from 1003.
Mon Dec 07 18:43:43 EST 2020: Peer 1004 has downloaded the piece 29 from 1003.Now the number of pieces it has is 11
Mon Dec 07 18:43:43 EST 2020: Peer 1004 received the 'not interested' message from 1001.
Mon Dec 07 18:43:43 EST 2020: Peer 1004 received the 'not interested' message from 1002.
Mon Dec 07 18:43:43 EST 2020: Peer 1004 received the 'not interested' message from 1003.
Mon Dec 07 18:43:43 EST 2020: Peer 1004 has downloaded the piece 49 from 1001.Now the number of pieces it has is 12
Mon Dec 07 18:43:43 EST 2020: Peer 1004 received the 'not interested' message from 1002.
Mon Dec 07 18:43:43 EST 2020: Peer 1004 received the 'not interested' message from 1001.
Mon Dec 07 18:43:43 EST 2020: Peer 1004 received the 'not interested' message from 1003.
Mon Dec 07 18:43:43 EST 2020: Peer 1004 has downloaded the piece 51 from 1002.Now the number of pieces it has is 13
Mon Dec 07 18:43:43 EST 2020: Peer 1004 received the 'not interested' message from 1001.
Mon Dec 07 18:43:43 EST 2020: Peer 1004 received the 'not interested' message from 1002.
Mon Dec 07 18:43:43 EST 2020: Peer 1004 received the 'not interested' message from 1003.
Mon Dec 07 18:43:43 EST 2020: Peer 1004 received the 'not interested' message from 1001.
Mon Dec 07 18:43:43 EST 2020: Peer 1004 has downloaded the piece 7 from 1003.Now the number of pieces it has is 14
Mon Dec 07 18:43:43 EST 2020: Peer 1004 received the 'not interested' message from 1002.
Mon Dec 07 18:43:43 EST 2020: Peer 1004 received the 'not interested' message from 1003.
Mon Dec 07 18:43:43 EST 2020: Peer 1004 has downloaded the piece 10 from 1001.Now the number of pieces it has is 15
Mon Dec 07 18:43:43 EST 2020: Peer 1004 received the 'not interested' message from 1001.
Mon Dec 07 18:43:43 EST 2020: Peer 1004 received the 'not interested' message from 1002.
Mon Dec 07 18:43:43 EST 2020: Peer 1004 received the 'not interested' message from 1003.
Mon Dec 07 18:43:43 EST 2020: Peer 1004 has downloaded the piece 24 from 1002.Now the number of pieces it has is 16
Mon Dec 07 18:43:43 EST 2020: Peer 1004 received the 'not interested' message from 1001.
Mon Dec 07 18:43:43 EST 2020: Peer 1004 received the 'not interested' message from 1002.
Mon Dec 07 18:43:43 EST 2020: Peer 1004 received the 'not interested' message from 1003.
Mon Dec 07 18:43:43 EST 2020: Peer 1004 received the 'not interested' message from 1001.
Mon Dec 07 18:43:43 EST 2020: Peer 1004 has downloaded the piece 25 from 1003.Now the number of pieces it has is 17
Mon Dec 07 18:43:43 EST 2020: Peer 1004 received the 'not interested' message from 1002.
Mon Dec 07 18:43:43 EST 2020: Peer 1004 received the 'not interested' message from 1003.
Mon Dec 07 18:43:43 EST 2020: Peer 1004 has downloaded the piece 37 from 1001.Now the number of pieces it has is 18
Mon Dec 07 18:43:43 EST 2020: Peer 1004 received the 'not interested' message from 1002.
Mon Dec 07 18:43:43 EST 2020: Peer 1004 received the 'not interested' message from 1001.
Mon Dec 07 18:43:43 EST 2020: Peer 1004 received the 'not interested' message from 1003.
Mon Dec 07 18:43:43 EST 2020: Peer 1004 has downloaded the piece 19 from 1002.Now the number of pieces it has is 19
Mon Dec 07 18:43:43 EST 2020: Peer 1004 received the 'not interested' message from 1001.
Mon Dec 07 18:43:43 EST 2020: Peer 1004 received the 'not interested' message from 1002.
Mon Dec 07 18:43:43 EST 2020: Peer 1004 received the 'not interested' message from 1003.
Mon Dec 07 18:43:43 EST 2020: Peer 1004 received the 'not interested' message from 1001.
Mon Dec 07 18:43:43 EST 2020: Peer 1004 has downloaded the piece 38 from 1003.Now the number of pieces it has is 20
Mon Dec 07 18:43:43 EST 2020: Peer 1004 received the 'not interested' message from 1002.
Mon Dec 07 18:43:43 EST 2020: Peer 1004 received the 'not interested' message from 1003.
Mon Dec 07 18:43:43 EST 2020: Peer 1004 has downloaded the piece 48 from 1001.Now the number of pieces it has is 21
Mon Dec 07 18:43:43 EST 2020: Peer 1004 received the 'not interested' message from 1002.
Mon Dec 07 18:43:43 EST 2020: Peer 1004 received the 'not interested' message from 1001.
Mon Dec 07 18:43:43 EST 2020: Peer 1004 received the 'not interested' message from 1003.
Mon Dec 07 18:43:43 EST 2020: Peer 1004 has downloaded the piece 43 from 1002.Now the number of pieces it has is 22
Mon Dec 07 18:43:43 EST 2020: Peer 1004 received the 'not interested' message from 1001.
Mon Dec 07 18:43:43 EST 2020: Peer 1004 received the 'not interested' message from 1002.
Mon Dec 07 18:43:43 EST 2020: Peer 1004 received the 'not interested' message from 1003.
Mon Dec 07 18:43:43 EST 2020: Peer 1004 received the 'not interested' message from 1001.
Mon Dec 07 18:43:43 EST 2020: Peer 1004 has downloaded the piece 28 from 1003.Now the number of pieces it has is 23
Mon Dec 07 18:43:43 EST 2020: Peer 1004 received the 'not interested' message from 1002.
Mon Dec 07 18:43:43 EST 2020: Peer 1004 has downloaded the piece 20 from 1001.Now the number of pieces it has is 24
Mon Dec 07 18:43:43 EST 2020: Peer 1004 received the 'not interested' message from 1003.
Mon Dec 07 18:43:43 EST 2020: Peer 1004 received the 'not interested' message from 1001.
Mon Dec 07 18:43:43 EST 2020: Peer 1004 received the 'not interested' message from 1002.
Mon Dec 07 18:43:43 EST 2020: Peer 1004 received the 'not interested' message from 1003.
Mon Dec 07 18:43:43 EST 2020: Peer 1004 has downloaded the piece 22 from 1002.Now the number of pieces it has is 25
Mon Dec 07 18:43:43 EST 2020: Peer 1004 received the 'not interested' message from 1001.
Mon Dec 07 18:43:43 EST 2020: Peer 1004 received the 'not interested' message from 1002.
Mon Dec 07 18:43:43 EST 2020: Peer 1004 received the 'not interested' message from 1003.
Mon Dec 07 18:43:43 EST 2020: Peer 1004 has downloaded the piece 12 from 1003.Now the number of pieces it has is 26
Mon Dec 07 18:43:43 EST 2020: Peer 1004 received the 'not interested' message from 1001.
Mon Dec 07 18:43:43 EST 2020: Peer 1004 received the 'not interested' message from 1002.
Mon Dec 07 18:43:43 EST 2020: Peer 1004 received the 'not interested' message from 1003.
Mon Dec 07 18:43:43 EST 2020: Peer 1004 has downloaded the piece 8 from 1001.Now the number of pieces it has is 27
Mon Dec 07 18:43:43 EST 2020: Peer 1004 received the 'not interested' message from 1002.
Mon Dec 07 18:43:43 EST 2020: Peer 1004 received the 'not interested' message from 1003.
Mon Dec 07 18:43:43 EST 2020: Peer 1004 received the 'not interested' message from 1001.
Mon Dec 07 18:43:43 EST 2020: Peer 1004 received the 'not interested' message from 1001.
Mon Dec 07 18:43:43 EST 2020: Peer 1004 has downloaded the piece 35 from 1002.Now the number of pieces it has is 28
Mon Dec 07 18:43:43 EST 2020: Peer 1004 received the 'not interested' message from 1002.
Mon Dec 07 18:43:43 EST 2020: Peer 1004 received the 'not interested' message from 1003.
Mon Dec 07 18:43:43 EST 2020: Peer 1004 has downloaded the piece 9 from 1003.Now the number of pieces it has is 29
Mon Dec 07 18:43:43 EST 2020: Peer 1004 received the 'not interested' message from 1001.
Mon Dec 07 18:43:43 EST 2020: Peer 1004 received the 'not interested' message from 1002.
Mon Dec 07 18:43:43 EST 2020: Peer 1004 received the 'not interested' message from 1003.
Mon Dec 07 18:43:43 EST 2020: Peer 1004 has downloaded the piece 58 from 1001.Now the number of pieces it has is 30
Mon Dec 07 18:43:43 EST 2020: Peer 1004 received the 'not interested' message from 1003.
Mon Dec 07 18:43:43 EST 2020: Peer 1004 received the 'not interested' message from 1002.
Mon Dec 07 18:43:43 EST 2020: Peer 1004 received the 'not interested' message from 1001.
Mon Dec 07 18:43:43 EST 2020: Peer 1004 has downloaded the piece 61 from 1002.Now the number of pieces it has is 31
Mon Dec 07 18:43:43 EST 2020: Peer 1004 received the 'not interested' message from 1001.
Mon Dec 07 18:43:43 EST 2020: Peer 1004 received the 'not interested' message from 1002.
Mon Dec 07 18:43:43 EST 2020: Peer 1004 received the 'not interested' message from 1003.
Mon Dec 07 18:43:43 EST 2020: Peer 1004 has downloaded the piece 33 from 1003.Now the number of pieces it has is 32
Mon Dec 07 18:43:43 EST 2020: Peer 1004 received the 'not interested' message from 1001.
Mon Dec 07 18:43:43 EST 2020: Peer 1004 received the 'not interested' message from 1002.
Mon Dec 07 18:43:43 EST 2020: Peer 1004 received the 'not interested' message from 1003.
Mon Dec 07 18:43:43 EST 2020: Peer 1004 has downloaded the piece 5 from 1001.Now the number of pieces it has is 33
Mon Dec 07 18:43:43 EST 2020: Peer 1004 received the 'not interested' message from 1002.
Mon Dec 07 18:43:43 EST 2020: Peer 1004 received the 'not interested' message from 1001.
Mon Dec 07 18:43:43 EST 2020: Peer 1004 received the 'not interested' message from 1003.
Mon Dec 07 18:43:43 EST 2020: Peer 1004 has downloaded the piece 55 from 1002.Now the number of pieces it has is 34
Mon Dec 07 18:43:43 EST 2020: Peer 1004 received the 'not interested' message from 1001.
Mon Dec 07 18:43:43 EST 2020: Peer 1004 received the 'not interested' message from 1003.
Mon Dec 07 18:43:43 EST 2020: Peer 1004 received the 'not interested' message from 1002.
Mon Dec 07 18:43:43 EST 2020: Peer 1004 has downloaded the piece 59 from 1003.Now the number of pieces it has is 35
Mon Dec 07 18:43:43 EST 2020: Peer 1004 received the 'not interested' message from 1001.
Mon Dec 07 18:43:43 EST 2020: Peer 1004 received the 'not interested' message from 1002.
Mon Dec 07 18:43:43 EST 2020: Peer 1004 received the 'not interested' message from 1003.
Mon Dec 07 18:43:43 EST 2020: Peer 1004 has downloaded the piece 63 from 1001.Now the number of pieces it has is 36
Mon Dec 07 18:43:43 EST 2020: Peer 1004 received the 'not interested' message from 1002.
Mon Dec 07 18:43:43 EST 2020: Peer 1004 received the 'not interested' message from 1003.
Mon Dec 07 18:43:43 EST 2020: Peer 1004 received the 'not interested' message from 1001.
Mon Dec 07 18:43:43 EST 2020: Peer 1004 has downloaded the piece 57 from 1002.Now the number of pieces it has is 37
Mon Dec 07 18:43:43 EST 2020: Peer 1004 received the 'not interested' message from 1001.
Mon Dec 07 18:43:43 EST 2020: Peer 1004 received the 'not interested' message from 1002.
Mon Dec 07 18:43:43 EST 2020: Peer 1004 received the 'not interested' message from 1003.
Mon Dec 07 18:43:43 EST 2020: Peer 1004 received the 'not interested' message from 1001.
Mon Dec 07 18:43:43 EST 2020: Peer 1004 has downloaded the piece 53 from 1003.Now the number of pieces it has is 38
Mon Dec 07 18:43:43 EST 2020: Peer 1004 received the 'not interested' message from 1002.
Mon Dec 07 18:43:43 EST 2020: Peer 1004 has downloaded the piece 36 from 1001.Now the number of pieces it has is 39
Mon Dec 07 18:43:43 EST 2020: Peer 1004 received the 'not interested' message from 1003.
Mon Dec 07 18:43:43 EST 2020: Peer 1004 received the 'not interested' message from 1001.
Mon Dec 07 18:43:43 EST 2020: Peer 1004 received the 'not interested' message from 1002.
Mon Dec 07 18:43:43 EST 2020: Peer 1004 received the 'not interested' message from 1003.
Mon Dec 07 18:43:43 EST 2020: Peer 1004 has downloaded the piece 41 from 1002.Now the number of pieces it has is 40
Mon Dec 07 18:43:43 EST 2020: Peer 1004 received the 'not interested' message from 1001.
Mon Dec 07 18:43:43 EST 2020: Peer 1004 received the 'not interested' message from 1002.
Mon Dec 07 18:43:43 EST 2020: Peer 1004 received the 'not interested' message from 1003.
Mon Dec 07 18:43:43 EST 2020: Peer 1004 has downloaded the piece 44 from 1003.Now the number of pieces it has is 41
Mon Dec 07 18:43:43 EST 2020: Peer 1004 received the 'not interested' message from 1001.
Mon Dec 07 18:43:43 EST 2020: Peer 1004 received the 'not interested' message from 1002.
Mon Dec 07 18:43:43 EST 2020: Peer 1004 received the 'not interested' message from 1003.
Mon Dec 07 18:43:43 EST 2020: Peer 1004 has downloaded the piece 4 from 1001.Now the number of pieces it has is 42
Mon Dec 07 18:43:43 EST 2020: Peer 1004 received the 'not interested' message from 1001.
Mon Dec 07 18:43:43 EST 2020: Peer 1004 received the 'not interested' message from 1002.
Mon Dec 07 18:43:43 EST 2020: Peer 1004 received the 'not interested' message from 1003.
Mon Dec 07 18:43:43 EST 2020: Peer 1004 has downloaded the piece 31 from 1002.Now the number of pieces it has is 43
Mon Dec 07 18:43:43 EST 2020: Peer 1004 received the 'not interested' message from 1001.
Mon Dec 07 18:43:43 EST 2020: Peer 1004 received the 'not interested' message from 1002.
Mon Dec 07 18:43:43 EST 2020: Peer 1004 received the 'not interested' message from 1003.
Mon Dec 07 18:43:43 EST 2020: Peer 1004 received the 'not interested' message from 1001.
Mon Dec 07 18:43:43 EST 2020: Peer 1004 has downloaded the piece 6 from 1003.Now the number of pieces it has is 44
Mon Dec 07 18:43:43 EST 2020: Peer 1004 received the 'not interested' message from 1002.
Mon Dec 07 18:43:43 EST 2020: Peer 1004 received the 'not interested' message from 1003.
Mon Dec 07 18:43:43 EST 2020: Peer 1004 has downloaded the piece 3 from 1001.Now the number of pieces it has is 45
Mon Dec 07 18:43:43 EST 2020: Peer 1004 received the 'not interested' message from 1001.
Mon Dec 07 18:43:43 EST 2020: Peer 1004 received the 'not interested' message from 1002.
Mon Dec 07 18:43:43 EST 2020: Peer 1004 received the 'not interested' message from 1003.
Mon Dec 07 18:43:43 EST 2020: Peer 1004 has downloaded the piece 1 from 1002.Now the number of pieces it has is 46
Mon Dec 07 18:43:43 EST 2020: Peer 1004 received the 'not interested' message from 1001.
Mon Dec 07 18:43:43 EST 2020: Peer 1004 received the 'not interested' message from 1002.
Mon Dec 07 18:43:43 EST 2020: Peer 1004 received the 'not interested' message from 1003.
Mon Dec 07 18:43:43 EST 2020: Peer 1004 has downloaded the piece 23 from 1003.Now the number of pieces it has is 47
Mon Dec 07 18:43:43 EST 2020: Peer 1004 received the 'not interested' message from 1001.
Mon Dec 07 18:43:43 EST 2020: Peer 1004 received the 'not interested' message from 1002.
Mon Dec 07 18:43:43 EST 2020: Peer 1004 received the 'not interested' message from 1003.
Mon Dec 07 18:43:43 EST 2020: Peer 1004 has downloaded the piece 1 from 1001.Now the number of pieces it has is 47
Mon Dec 07 18:43:43 EST 2020: Peer 1004 received the 'not interested' message from 1001.
Mon Dec 07 18:43:43 EST 2020: Peer 1004 received the 'not interested' message from 1002.
Mon Dec 07 18:43:43 EST 2020: Peer 1004 received the 'not interested' message from 1003.
Mon Dec 07 18:43:43 EST 2020: Peer 1004 has downloaded the piece 27 from 1002.Now the number of pieces it has is 48
Mon Dec 07 18:43:43 EST 2020: Peer 1004 received the 'not interested' message from 1001.
Mon Dec 07 18:43:43 EST 2020: Peer 1004 received the 'not interested' message from 1002.
Mon Dec 07 18:43:43 EST 2020: Peer 1004 received the 'not interested' message from 1003.
Mon Dec 07 18:43:43 EST 2020: Peer 1004 has downloaded the piece 2 from 1003.Now the number of pieces it has is 49
Mon Dec 07 18:43:43 EST 2020: Peer 1004 received the 'not interested' message from 1001.
Mon Dec 07 18:43:43 EST 2020: Peer 1004 received the 'not interested' message from 1002.
Mon Dec 07 18:43:43 EST 2020: Peer 1004 received the 'not interested' message from 1003.
Mon Dec 07 18:43:43 EST 2020: Peer 1004 has downloaded the piece 64 from 1001.Now the number of pieces it has is 50
Mon Dec 07 18:43:43 EST 2020: Peer 1004 received the 'not interested' message from 1001.
Mon Dec 07 18:43:43 EST 2020: Peer 1004 received the 'not interested' message from 1002.
Mon Dec 07 18:43:43 EST 2020: Peer 1004 received the 'not interested' message from 1003.
Mon Dec 07 18:43:43 EST 2020: Peer 1004 has downloaded the piece 0 from 1002.Now the number of pieces it has is 51
Mon Dec 07 18:43:43 EST 2020: Peer 1004 received the 'not interested' message from 1001.
Mon Dec 07 18:43:43 EST 2020: Peer 1004 received the 'not interested' message from 1002.
Mon Dec 07 18:43:43 EST 2020: Peer 1004 received the 'not interested' message from 1003.
Mon Dec 07 18:43:43 EST 2020: Peer 1004 has downloaded the piece 52 from 1003.Now the number of pieces it has is 52
Mon Dec 07 18:43:43 EST 2020: Peer 1004 received the 'not interested' message from 1001.
Mon Dec 07 18:43:43 EST 2020: Peer 1004 received the 'not interested' message from 1002.
Mon Dec 07 18:43:43 EST 2020: Peer 1004 received the 'not interested' message from 1003.
Mon Dec 07 18:43:43 EST 2020: Peer 1004 has downloaded the piece 32 from 1001.Now the number of pieces it has is 53
Mon Dec 07 18:43:43 EST 2020: Peer 1004 received the 'not interested' message from 1002.
Mon Dec 07 18:43:43 EST 2020: Peer 1004 received the 'not interested' message from 1001.
Mon Dec 07 18:43:43 EST 2020: Peer 1004 received the 'not interested' message from 1003.
Mon Dec 07 18:43:43 EST 2020: Peer 1004 has downloaded the piece 17 from 1002.Now the number of pieces it has is 54
Mon Dec 07 18:43:43 EST 2020: Peer 1004 received the 'not interested' message from 1001.
Mon Dec 07 18:43:43 EST 2020: Peer 1004 received the 'not interested' message from 1002.
Mon Dec 07 18:43:43 EST 2020: Peer 1004 received the 'not interested' message from 1003.
Mon Dec 07 18:43:43 EST 2020: Peer 1004 has downloaded the piece 46 from 1003.Now the number of pieces it has is 55
Mon Dec 07 18:43:43 EST 2020: Peer 1004 received the 'not interested' message from 1001.
Mon Dec 07 18:43:43 EST 2020: Peer 1004 received the 'not interested' message from 1002.
Mon Dec 07 18:43:43 EST 2020: Peer 1004 received the 'not interested' message from 1003.
Mon Dec 07 18:43:43 EST 2020: Peer 1004 has downloaded the piece 66 from 1001.Now the number of pieces it has is 56
Mon Dec 07 18:43:43 EST 2020: Peer 1004 received the 'not interested' message from 1001.
Mon Dec 07 18:43:43 EST 2020: Peer 1004 received the 'not interested' message from 1002.
Mon Dec 07 18:43:43 EST 2020: Peer 1004 received the 'not interested' message from 1003.
Mon Dec 07 18:43:43 EST 2020: Peer 1004 has downloaded the piece 54 from 1002.Now the number of pieces it has is 57
Mon Dec 07 18:43:43 EST 2020: Peer 1004 received the 'not interested' message from 1001.
Mon Dec 07 18:43:43 EST 2020: Peer 1004 received the 'not interested' message from 1002.
Mon Dec 07 18:43:43 EST 2020: Peer 1004 received the 'not interested' message from 1003.
Mon Dec 07 18:43:43 EST 2020: Peer 1004 has downloaded the piece 34 from 1003.Now the number of pieces it has is 58
Mon Dec 07 18:43:43 EST 2020: Peer 1004 received the 'not interested' message from 1001.
Mon Dec 07 18:43:43 EST 2020: Peer 1004 received the 'not interested' message from 1002.
Mon Dec 07 18:43:43 EST 2020: Peer 1004 received the 'not interested' message from 1003.
Mon Dec 07 18:43:43 EST 2020: Peer 1004 has downloaded the piece 42 from 1001.Now the number of pieces it has is 59
Mon Dec 07 18:43:43 EST 2020: Peer 1004 received the 'not interested' message from 1001.
Mon Dec 07 18:43:43 EST 2020: Peer 1004 received the 'not interested' message from 1002.
Mon Dec 07 18:43:43 EST 2020: Peer 1004 received the 'not interested' message from 1003.
Mon Dec 07 18:43:43 EST 2020: Peer 1004 has downloaded the piece 30 from 1002.Now the number of pieces it has is 60
Mon Dec 07 18:43:43 EST 2020: Peer 1004 received the 'not interested' message from 1001.
Mon Dec 07 18:43:43 EST 2020: Peer 1004 received the 'not interested' message from 1002.
Mon Dec 07 18:43:43 EST 2020: Peer 1004 received the 'not interested' message from 1003.
Mon Dec 07 18:43:43 EST 2020: Peer 1004 has downloaded the piece 45 from 1003.Now the number of pieces it has is 61
Mon Dec 07 18:43:43 EST 2020: Peer 1004 received the 'not interested' message from 1001.
Mon Dec 07 18:43:43 EST 2020: Peer 1004 received the 'not interested' message from 1002.
Mon Dec 07 18:43:43 EST 2020: Peer 1004 received the 'not interested' message from 1003.
Mon Dec 07 18:43:43 EST 2020: Peer 1004 has downloaded the piece 13 from 1001.Now the number of pieces it has is 62
Mon Dec 07 18:43:43 EST 2020: Peer 1004 received the 'not interested' message from 1001.
Mon Dec 07 18:43:43 EST 2020: Peer 1004 received the 'not interested' message from 1002.
Mon Dec 07 18:43:43 EST 2020: Peer 1004 received the 'not interested' message from 1003.
Mon Dec 07 18:43:43 EST 2020: Peer 1004 has downloaded the piece 13 from 1002.Now the number of pieces it has is 62
Mon Dec 07 18:43:43 EST 2020: Peer 1004 received the 'not interested' message from 1002.
Mon Dec 07 18:43:43 EST 2020: Peer 1004 received the 'not interested' message from 1001.
Mon Dec 07 18:43:43 EST 2020: Peer 1004 received the 'not interested' message from 1003.
Mon Dec 07 18:43:43 EST 2020: Peer 1004 has downloaded the piece 11 from 1003.Now the number of pieces it has is 63
Mon Dec 07 18:43:43 EST 2020: Peer 1004 received the 'not interested' message from 1001.
Mon Dec 07 18:43:43 EST 2020: Peer 1004 received the 'not interested' message from 1002.
Mon Dec 07 18:43:43 EST 2020: Peer 1004 received the 'not interested' message from 1003.
Mon Dec 07 18:43:43 EST 2020: Peer 1004 has downloaded the piece 56 from 1001.Now the number of pieces it has is 64
Mon Dec 07 18:43:43 EST 2020: Peer 1004 received the 'not interested' message from 1002.
Mon Dec 07 18:43:43 EST 2020: Peer 1004 received the 'not interested' message from 1003.
Mon Dec 07 18:43:43 EST 2020: Peer 1004 received the 'not interested' message from 1001.
Mon Dec 07 18:43:43 EST 2020: Peer 1004 has downloaded the piece 14 from 1002.Now the number of pieces it has is 65
Mon Dec 07 18:43:43 EST 2020: Peer 1004 received the 'not interested' message from 1001.
Mon Dec 07 18:43:43 EST 2020: Peer 1004 received the 'not interested' message from 1002.
Mon Dec 07 18:43:43 EST 2020: Peer 1004 received the 'not interested' message from 1003.
Mon Dec 07 18:43:43 EST 2020: Peer 1004 has downloaded the piece 47 from 1003.Now the number of pieces it has is 66
Mon Dec 07 18:43:43 EST 2020: Peer 1004 received the 'not interested' message from 1001.
Mon Dec 07 18:43:43 EST 2020: Peer 1004 received the 'not interested' message from 1002.
Mon Dec 07 18:43:43 EST 2020: Peer 1004 received the 'not interested' message from 1003.
Mon Dec 07 18:43:43 EST 2020: Peer 1004 has downloaded the piece 14 from 1001.Now the number of pieces it has is 66
Mon Dec 07 18:43:43 EST 2020: Peer 1004 received the 'not interested' message from 1001.
Mon Dec 07 18:43:43 EST 2020: Peer 1004 received the 'not interested' message from 1002.
Mon Dec 07 18:43:43 EST 2020: Peer 1004 received the 'not interested' message from 1003.
Mon Dec 07 18:43:44 EST 2020: Peer 1004 has downloaded the piece 65 from 1002.Now the number of pieces it has is 67
Mon Dec 07 18:43:44 EST 2020: Peer 1004 received the 'not interested' message from 1001.
Mon Dec 07 18:43:44 EST 2020: Peer 1004 has downloaded the complete file.
Mon Dec 07 18:43:44 EST 2020: Peer 1004 received the 'not interested' message from 1003.
Mon Dec 07 18:43:44 EST 2020: Peer 1004 received the 'not interested' message from 1001.
Mon Dec 07 18:43:44 EST 2020: Peer 1004 has downloaded the piece 65 from 1003.Now the number of pieces it has is 67
Mon Dec 07 18:43:44 EST 2020: Peer 1004 has downloaded the complete file.
Mon Dec 07 18:43:44 EST 2020: Peer 1004 has downloaded the piece 65 from 1001.Now the number of pieces it has is 67
Mon Dec 07 18:43:44 EST 2020: Peer 1004 has downloaded the complete file.
>>>>>>> Stashed changes
