Thu Dec 10 10:57:16 EST 2020: Peer 1009 makes a TCP Connection to Peer 1004.
Thu Dec 10 10:57:16 EST 2020: Building HANDSHAKE from 1009 to 1004.
Thu Dec 10 10:57:16 EST 2020: Exchanging BITFIELD message from 1009 to 1004.
Thu Dec 10 10:57:16 EST 2020: Peer 1009 makes a TCP Connection to Peer 1001.
Thu Dec 10 10:57:16 EST 2020: Building HANDSHAKE from 1009 to 1001.
Thu Dec 10 10:57:16 EST 2020: Exchanging BITFIELD message from 1009 to 1001.
Thu Dec 10 10:57:16 EST 2020: Peer 1009 makes a TCP Connection to Peer 1005.
Thu Dec 10 10:57:16 EST 2020: Building HANDSHAKE from 1009 to 1005.
Thu Dec 10 10:57:16 EST 2020: Exchanging BITFIELD message from 1009 to 1005.
Thu Dec 10 10:57:16 EST 2020: Peer 1009 makes a TCP Connection to Peer 1008.
Thu Dec 10 10:57:16 EST 2020: Building HANDSHAKE from 1009 to 1008.
Thu Dec 10 10:57:16 EST 2020: Exchanging BITFIELD message from 1009 to 1008.
Thu Dec 10 10:57:16 EST 2020: Peer 1009 makes a TCP Connection to Peer 1003.
Thu Dec 10 10:57:16 EST 2020: Building HANDSHAKE from 1009 to 1003.
Thu Dec 10 10:57:16 EST 2020: Exchanging BITFIELD message from 1009 to 1003.
Thu Dec 10 10:57:16 EST 2020: Peer 1009 makes a TCP Connection to Peer 1007.
Thu Dec 10 10:57:16 EST 2020: Building HANDSHAKE from 1009 to 1007.
Thu Dec 10 10:57:16 EST 2020: Exchanging BITFIELD message from 1009 to 1007.
Thu Dec 10 10:57:16 EST 2020: Peer 1009 makes a TCP Connection to Peer 1006.
Thu Dec 10 10:57:16 EST 2020: Building HANDSHAKE from 1009 to 1006.
Thu Dec 10 10:57:16 EST 2020: Exchanging BITFIELD message from 1009 to 1006.
Thu Dec 10 10:57:16 EST 2020: Peer 1009 makes a TCP Connection to Peer 1002.
Thu Dec 10 10:57:16 EST 2020: Building HANDSHAKE from 1009 to 1002.
Thu Dec 10 10:57:16 EST 2020: Exchanging BITFIELD message from 1009 to 1002.
Thu Dec 10 10:57:16 EST 2020: Peer 1009 is unchoked by 1006.
Thu Dec 10 10:57:16 EST 2020: Peer 1009 is unchoked by 1004.
Thu Dec 10 10:57:16 EST 2020: Peer 1009 is unchoked by 1001.
Thu Dec 10 10:57:16 EST 2020: Peer 1009 is unchoked by 1003.
Thu Dec 10 10:57:16 EST 2020: Peer 1009 is unchoked by 1005.
Thu Dec 10 10:57:17 EST 2020: Peer 1009 is unchoked by 1008.
Thu Dec 10 10:57:17 EST 2020: Peer 1009 is unchoked by 1007.
Thu Dec 10 10:57:17 EST 2020: REQUEST to peer 1006.
Thu Dec 10 10:57:17 EST 2020: REQUEST to peer 1004.
Thu Dec 10 10:57:17 EST 2020: Peer 1009 is unchoked by 1002.
Thu Dec 10 10:57:17 EST 2020: REQUEST to peer 1001.
Thu Dec 10 10:57:17 EST 2020: Peer 1009 has downloaded the 'PIECE' 32 from 1006.Now the number of pieces it has is 1
Thu Dec 10 10:57:17 EST 2020: REQUEST to peer 1003.
Thu Dec 10 10:57:17 EST 2020: Peer 1009 has downloaded the 'PIECE' 52 from 1004.Now the number of pieces it has is 2
Thu Dec 10 10:57:17 EST 2020: REQUEST to peer 1005.
Thu Dec 10 10:57:17 EST 2020: Peer 1009 has downloaded the 'PIECE' 5 from 1003.Now the number of pieces it has is 4
Thu Dec 10 10:57:17 EST 2020: Peer 1009 has downloaded the 'PIECE' 0 from 1001.Now the number of pieces it has is 4
Thu Dec 10 10:57:17 EST 2020: REQUEST to peer 1008.
Thu Dec 10 10:57:17 EST 2020: REQUEST to peer 1007.
Thu Dec 10 10:57:17 EST 2020: Peer 1009 has downloaded the 'PIECE' 54 from 1005.Now the number of pieces it has is 5
Thu Dec 10 10:57:17 EST 2020: Peer 1009 has downloaded the 'PIECE' 50 from 1007.Now the number of pieces it has is 7
Thu Dec 10 10:57:17 EST 2020: Peer 1009 has downloaded the 'PIECE' 34 from 1008.Now the number of pieces it has is 7
Thu Dec 10 10:57:17 EST 2020: REQUEST to peer 1002.
Thu Dec 10 10:57:17 EST 2020: Peer 1009 has downloaded the 'PIECE' 20 from 1002.Now the number of pieces it has is 8
Thu Dec 10 10:57:17 EST 2020: Peer 1009 received the 'not interested' message from 1003.
Thu Dec 10 10:57:17 EST 2020: Peer 1009 received the 'not interested' message from 1004.
Thu Dec 10 10:57:17 EST 2020: Peer 1009 received the 'not interested' message from 1005.
Thu Dec 10 10:57:17 EST 2020: Peer 1009 received the 'not interested' message from 1006.
Thu Dec 10 10:57:17 EST 2020: Peer 1009 received the 'not interested' message from 1007.
Thu Dec 10 10:57:17 EST 2020: Peer 1009 received the 'not interested' message from 1002.
Thu Dec 10 10:57:17 EST 2020: REQUEST to peer 1006.
Thu Dec 10 10:57:17 EST 2020: Peer 1009 received the 'not interested' message from 1001.
Thu Dec 10 10:57:17 EST 2020: Peer 1009 has downloaded the 'PIECE' 5 from 1006.Now the number of pieces it has is 8
Thu Dec 10 10:57:17 EST 2020: Peer 1009 received the 'not interested' message from 1003.
Thu Dec 10 10:57:17 EST 2020: Peer 1009 received the 'not interested' message from 1004.
Thu Dec 10 10:57:17 EST 2020: Peer 1009 received the 'not interested' message from 1008.
Thu Dec 10 10:57:17 EST 2020: Peer 1009 received the 'not interested' message from 1005.
Thu Dec 10 10:57:17 EST 2020: Peer 1009 received the 'not interested' message from 1007.
Thu Dec 10 10:57:17 EST 2020: Peer 1009 received the 'not interested' message from 1006.
Thu Dec 10 10:57:17 EST 2020: Peer 1009 received the 'not interested' message from 1002.
Thu Dec 10 10:57:17 EST 2020: REQUEST to peer 1004.
Thu Dec 10 10:57:17 EST 2020: Peer 1009 received the 'not interested' message from 1001.
Thu Dec 10 10:57:17 EST 2020: Peer 1009 received the 'not interested' message from 1008.
Thu Dec 10 10:57:17 EST 2020: Peer 1009 has downloaded the 'PIECE' 17 from 1004.Now the number of pieces it has is 9
Thu Dec 10 10:57:17 EST 2020: Peer 1009 received the 'not interested' message from 1003.
Thu Dec 10 10:57:17 EST 2020: Peer 1009 received the 'not interested' message from 1004.
Thu Dec 10 10:57:17 EST 2020: Peer 1009 received the 'not interested' message from 1005.
Thu Dec 10 10:57:17 EST 2020: Peer 1009 received the 'not interested' message from 1006.
Thu Dec 10 10:57:17 EST 2020: Peer 1009 received the 'not interested' message from 1007.
Thu Dec 10 10:57:17 EST 2020: Peer 1009 received the 'not interested' message from 1002.
Thu Dec 10 10:57:17 EST 2020: Peer 1009 received the 'not interested' message from 1001.
Thu Dec 10 10:57:17 EST 2020: Peer 1009 received the 'not interested' message from 1008.
Thu Dec 10 10:57:17 EST 2020: Peer 1009 received the 'not interested' message from 1003.
Thu Dec 10 10:57:17 EST 2020: Peer 1009 received the 'not interested' message from 1004.
Thu Dec 10 10:57:17 EST 2020: Peer 1009 received the 'not interested' message from 1005.
Thu Dec 10 10:57:17 EST 2020: Peer 1009 received the 'not interested' message from 1006.
Thu Dec 10 10:57:17 EST 2020: Peer 1009 received the 'not interested' message from 1007.
Thu Dec 10 10:57:17 EST 2020: Peer 1009 received the 'not interested' message from 1002.
Thu Dec 10 10:57:17 EST 2020: Peer 1009 received the 'not interested' message from 1001.
Thu Dec 10 10:57:17 EST 2020: REQUEST to peer 1003.
Thu Dec 10 10:57:17 EST 2020: Peer 1009 received the 'not interested' message from 1008.
Thu Dec 10 10:57:17 EST 2020: REQUEST to peer 1001.
Thu Dec 10 10:57:17 EST 2020: Peer 1009 has downloaded the 'PIECE' 56 from 1003.Now the number of pieces it has is 10
Thu Dec 10 10:57:17 EST 2020: Peer 1009 has downloaded the 'PIECE' 44 from 1001.Now the number of pieces it has is 11
Thu Dec 10 10:57:17 EST 2020: Peer 1009 received the 'not interested' message from 1003.
Thu Dec 10 10:57:17 EST 2020: Peer 1009 received the 'not interested' message from 1004.
Thu Dec 10 10:57:17 EST 2020: Peer 1009 received the 'not interested' message from 1005.
Thu Dec 10 10:57:17 EST 2020: Peer 1009 received the 'not interested' message from 1006.
Thu Dec 10 10:57:17 EST 2020: Peer 1009 received the 'not interested' message from 1007.
Thu Dec 10 10:57:17 EST 2020: Peer 1009 received the 'not interested' message from 1002.
Thu Dec 10 10:57:17 EST 2020: Peer 1009 received the 'not interested' message from 1001.
Thu Dec 10 10:57:17 EST 2020: REQUEST to peer 1005.
Thu Dec 10 10:57:17 EST 2020: Peer 1009 received the 'not interested' message from 1008.
Thu Dec 10 10:57:17 EST 2020: Peer 1009 has downloaded the 'PIECE' 1 from 1005.Now the number of pieces it has is 12
Thu Dec 10 10:57:17 EST 2020: Peer 1009 received the 'not interested' message from 1003.
Thu Dec 10 10:57:17 EST 2020: Peer 1009 received the 'not interested' message from 1004.
Thu Dec 10 10:57:17 EST 2020: Peer 1009 received the 'not interested' message from 1005.
Thu Dec 10 10:57:17 EST 2020: Peer 1009 received the 'not interested' message from 1006.
Thu Dec 10 10:57:17 EST 2020: Peer 1009 received the 'not interested' message from 1007.
Thu Dec 10 10:57:17 EST 2020: Peer 1009 received the 'not interested' message from 1002.
Thu Dec 10 10:57:17 EST 2020: Peer 1009 received the 'not interested' message from 1001.
Thu Dec 10 10:57:17 EST 2020: Peer 1009 received the 'not interested' message from 1008.
Thu Dec 10 10:57:17 EST 2020: Peer 1009 received the 'not interested' message from 1003.
Thu Dec 10 10:57:17 EST 2020: Peer 1009 received the 'not interested' message from 1004.
Thu Dec 10 10:57:17 EST 2020: Peer 1009 received the 'not interested' message from 1005.
Thu Dec 10 10:57:17 EST 2020: Peer 1009 received the 'not interested' message from 1006.
Thu Dec 10 10:57:17 EST 2020: Peer 1009 received the 'not interested' message from 1007.
Thu Dec 10 10:57:17 EST 2020: Peer 1009 received the 'not interested' message from 1002.
Thu Dec 10 10:57:17 EST 2020: Peer 1009 received the 'not interested' message from 1001.
Thu Dec 10 10:57:17 EST 2020: REQUEST to peer 1007.
Thu Dec 10 10:57:17 EST 2020: Peer 1009 received the 'not interested' message from 1008.
Thu Dec 10 10:57:17 EST 2020: REQUEST to peer 1008.
Thu Dec 10 10:57:17 EST 2020: Peer 1009 has downloaded the 'PIECE' 59 from 1007.Now the number of pieces it has is 13
Thu Dec 10 10:57:17 EST 2020: Peer 1009 received the 'not interested' message from 1003.
Thu Dec 10 10:57:17 EST 2020: Peer 1009 has downloaded the 'PIECE' 8 from 1008.Now the number of pieces it has is 14
Thu Dec 10 10:57:17 EST 2020: Peer 1009 received the 'not interested' message from 1004.
Thu Dec 10 10:57:17 EST 2020: Peer 1009 received the 'not interested' message from 1005.
Thu Dec 10 10:57:17 EST 2020: Peer 1009 received the 'not interested' message from 1006.
Thu Dec 10 10:57:17 EST 2020: Peer 1009 received the 'not interested' message from 1007.
Thu Dec 10 10:57:17 EST 2020: Peer 1009 received the 'not interested' message from 1002.
Thu Dec 10 10:57:17 EST 2020: Peer 1009 received the 'not interested' message from 1001.
Thu Dec 10 10:57:17 EST 2020: REQUEST to peer 1002.
Thu Dec 10 10:57:17 EST 2020: Peer 1009 received the 'not interested' message from 1008.
Thu Dec 10 10:57:17 EST 2020: Peer 1009 has downloaded the 'PIECE' 43 from 1002.Now the number of pieces it has is 15
Thu Dec 10 10:57:18 EST 2020: Peer 1009 received the 'not interested' message from 1003.
Thu Dec 10 10:57:18 EST 2020: Peer 1009 received the 'not interested' message from 1004.
Thu Dec 10 10:57:18 EST 2020: Peer 1009 received the 'not interested' message from 1006.
Thu Dec 10 10:57:18 EST 2020: Peer 1009 received the 'not interested' message from 1005.
Thu Dec 10 10:57:18 EST 2020: Peer 1009 received the 'not interested' message from 1007.
Thu Dec 10 10:57:18 EST 2020: Peer 1009 received the 'not interested' message from 1002.
Thu Dec 10 10:57:18 EST 2020: Peer 1009 received the 'not interested' message from 1001.
Thu Dec 10 10:57:18 EST 2020: REQUEST to peer 1006.
Thu Dec 10 10:57:18 EST 2020: Peer 1009 received the 'not interested' message from 1008.
Thu Dec 10 10:57:18 EST 2020: Peer 1009 has downloaded the 'PIECE' 24 from 1006.Now the number of pieces it has is 16
Thu Dec 10 10:57:18 EST 2020: Peer 1009 received the 'not interested' message from 1003.
Thu Dec 10 10:57:18 EST 2020: Peer 1009 received the 'not interested' message from 1004.
Thu Dec 10 10:57:18 EST 2020: Peer 1009 received the 'not interested' message from 1005.
Thu Dec 10 10:57:18 EST 2020: Peer 1009 received the 'not interested' message from 1006.
Thu Dec 10 10:57:18 EST 2020: Peer 1009 received the 'not interested' message from 1007.
Thu Dec 10 10:57:18 EST 2020: Peer 1009 received the 'not interested' message from 1002.
Thu Dec 10 10:57:18 EST 2020: Peer 1009 received the 'not interested' message from 1001.
Thu Dec 10 10:57:18 EST 2020: REQUEST to peer 1004.
Thu Dec 10 10:57:18 EST 2020: Peer 1009 received the 'not interested' message from 1008.
Thu Dec 10 10:57:18 EST 2020: Peer 1009 received the 'not interested' message from 1003.
Thu Dec 10 10:57:18 EST 2020: Peer 1009 has downloaded the 'PIECE' 63 from 1004.Now the number of pieces it has is 17
Thu Dec 10 10:57:18 EST 2020: Peer 1009 received the 'not interested' message from 1005.
Thu Dec 10 10:57:18 EST 2020: Peer 1009 received the 'not interested' message from 1004.
Thu Dec 10 10:57:18 EST 2020: Peer 1009 received the 'not interested' message from 1006.
Thu Dec 10 10:57:18 EST 2020: Peer 1009 received the 'not interested' message from 1007.
Thu Dec 10 10:57:18 EST 2020: Peer 1009 received the 'not interested' message from 1002.
Thu Dec 10 10:57:18 EST 2020: REQUEST to peer 1003.
Thu Dec 10 10:57:18 EST 2020: Peer 1009 received the 'not interested' message from 1001.
Thu Dec 10 10:57:18 EST 2020: Peer 1009 received the 'not interested' message from 1008.
Thu Dec 10 10:57:18 EST 2020: Peer 1009 has downloaded the 'PIECE' 60 from 1003.Now the number of pieces it has is 18
Thu Dec 10 10:57:18 EST 2020: Peer 1009 received the 'not interested' message from 1004.
Thu Dec 10 10:57:18 EST 2020: Peer 1009 received the 'not interested' message from 1003.
Thu Dec 10 10:57:18 EST 2020: Peer 1009 received the 'not interested' message from 1005.
Thu Dec 10 10:57:18 EST 2020: Peer 1009 received the 'not interested' message from 1006.
Thu Dec 10 10:57:18 EST 2020: Peer 1009 received the 'not interested' message from 1007.
Thu Dec 10 10:57:18 EST 2020: Peer 1009 received the 'not interested' message from 1002.
Thu Dec 10 10:57:18 EST 2020: REQUEST to peer 1001.
Thu Dec 10 10:57:18 EST 2020: Peer 1009 received the 'not interested' message from 1001.
Thu Dec 10 10:57:18 EST 2020: Peer 1009 received the 'not interested' message from 1008.
Thu Dec 10 10:57:18 EST 2020: Peer 1009 has downloaded the 'PIECE' 3 from 1001.Now the number of pieces it has is 19
Thu Dec 10 10:57:18 EST 2020: Peer 1009 received the 'not interested' message from 1003.
Thu Dec 10 10:57:18 EST 2020: Peer 1009 received the 'not interested' message from 1004.
Thu Dec 10 10:57:18 EST 2020: Peer 1009 received the 'not interested' message from 1005.
Thu Dec 10 10:57:18 EST 2020: Peer 1009 received the 'not interested' message from 1007.
Thu Dec 10 10:57:18 EST 2020: Peer 1009 received the 'not interested' message from 1002.
Thu Dec 10 10:57:18 EST 2020: Peer 1009 received the 'not interested' message from 1006.
Thu Dec 10 10:57:18 EST 2020: Peer 1009 received the 'not interested' message from 1001.
Thu Dec 10 10:57:18 EST 2020: REQUEST to peer 1005.
Thu Dec 10 10:57:18 EST 2020: Peer 1009 received the 'not interested' message from 1008.
Thu Dec 10 10:57:18 EST 2020: Peer 1009 has downloaded the 'PIECE' 64 from 1005.Now the number of pieces it has is 20
Thu Dec 10 10:57:18 EST 2020: Peer 1009 received the 'not interested' message from 1003.
Thu Dec 10 10:57:18 EST 2020: Peer 1009 received the 'not interested' message from 1004.
Thu Dec 10 10:57:18 EST 2020: Peer 1009 received the 'not interested' message from 1005.
Thu Dec 10 10:57:18 EST 2020: Peer 1009 received the 'not interested' message from 1006.
Thu Dec 10 10:57:18 EST 2020: Peer 1009 received the 'not interested' message from 1007.
Thu Dec 10 10:57:18 EST 2020: Peer 1009 received the 'not interested' message from 1002.
Thu Dec 10 10:57:18 EST 2020: Peer 1009 received the 'not interested' message from 1001.
Thu Dec 10 10:57:18 EST 2020: REQUEST to peer 1007.
Thu Dec 10 10:57:18 EST 2020: Peer 1009 received the 'not interested' message from 1008.
Thu Dec 10 10:57:18 EST 2020: Peer 1009 has downloaded the 'PIECE' 47 from 1007.Now the number of pieces it has is 21
Thu Dec 10 10:57:18 EST 2020: Peer 1009 received the 'not interested' message from 1003.
Thu Dec 10 10:57:18 EST 2020: Peer 1009 received the 'not interested' message from 1004.
Thu Dec 10 10:57:18 EST 2020: Peer 1009 received the 'not interested' message from 1005.
Thu Dec 10 10:57:18 EST 2020: Peer 1009 received the 'not interested' message from 1006.
Thu Dec 10 10:57:18 EST 2020: Peer 1009 received the 'not interested' message from 1007.
Thu Dec 10 10:57:19 EST 2020: Peer 1009 received the 'not interested' message from 1002.
Thu Dec 10 10:57:19 EST 2020: Peer 1009 received the 'not interested' message from 1001.
Thu Dec 10 10:57:19 EST 2020: REQUEST to peer 1008.
Thu Dec 10 10:57:19 EST 2020: Peer 1009 received the 'not interested' message from 1008.
Thu Dec 10 10:57:19 EST 2020: Peer 1009 has downloaded the 'PIECE' 27 from 1008.Now the number of pieces it has is 22
Thu Dec 10 10:57:19 EST 2020: Peer 1009 received the 'not interested' message from 1003.
Thu Dec 10 10:57:19 EST 2020: Peer 1009 received the 'not interested' message from 1004.
Thu Dec 10 10:57:19 EST 2020: Peer 1009 received the 'not interested' message from 1005.
Thu Dec 10 10:57:19 EST 2020: Peer 1009 received the 'not interested' message from 1006.
Thu Dec 10 10:57:19 EST 2020: Peer 1009 received the 'not interested' message from 1007.
Thu Dec 10 10:57:19 EST 2020: Peer 1009 received the 'not interested' message from 1002.
Thu Dec 10 10:57:19 EST 2020: Peer 1009 received the 'not interested' message from 1001.
Thu Dec 10 10:57:19 EST 2020: REQUEST to peer 1002.
Thu Dec 10 10:57:19 EST 2020: Peer 1009 received the 'not interested' message from 1008.
Thu Dec 10 10:57:19 EST 2020: Peer 1009 has downloaded the 'PIECE' 62 from 1002.Now the number of pieces it has is 23
Thu Dec 10 10:57:19 EST 2020: Peer 1009 received the 'not interested' message from 1003.
Thu Dec 10 10:57:19 EST 2020: Peer 1009 received the 'not interested' message from 1004.
Thu Dec 10 10:57:19 EST 2020: Peer 1009 received the 'not interested' message from 1005.
Thu Dec 10 10:57:19 EST 2020: Peer 1009 received the 'not interested' message from 1006.
Thu Dec 10 10:57:19 EST 2020: Peer 1009 received the 'not interested' message from 1007.
Thu Dec 10 10:57:19 EST 2020: Peer 1009 received the 'not interested' message from 1002.
Thu Dec 10 10:57:19 EST 2020: Peer 1009 received the 'not interested' message from 1001.
Thu Dec 10 10:57:19 EST 2020: REQUEST to peer 1006.
Thu Dec 10 10:57:19 EST 2020: Peer 1009 received the 'not interested' message from 1008.
Thu Dec 10 10:57:19 EST 2020: Peer 1009 received the 'not interested' message from 1003.
Thu Dec 10 10:57:19 EST 2020: Peer 1009 has downloaded the 'PIECE' 58 from 1006.Now the number of pieces it has is 24
Thu Dec 10 10:57:19 EST 2020: Peer 1009 received the 'not interested' message from 1004.
Thu Dec 10 10:57:19 EST 2020: Peer 1009 received the 'not interested' message from 1005.
Thu Dec 10 10:57:19 EST 2020: Peer 1009 received the 'not interested' message from 1006.
Thu Dec 10 10:57:19 EST 2020: Peer 1009 received the 'not interested' message from 1007.
Thu Dec 10 10:57:19 EST 2020: Peer 1009 received the 'not interested' message from 1002.
Thu Dec 10 10:57:19 EST 2020: Peer 1009 received the 'not interested' message from 1001.
Thu Dec 10 10:57:19 EST 2020: REQUEST to peer 1004.
Thu Dec 10 10:57:19 EST 2020: Peer 1009 received the 'not interested' message from 1008.
Thu Dec 10 10:57:19 EST 2020: Peer 1009 has downloaded the 'PIECE' 62 from 1004.Now the number of pieces it has is 24
Thu Dec 10 10:57:19 EST 2020: Peer 1009 received the 'not interested' message from 1003.
Thu Dec 10 10:57:19 EST 2020: Peer 1009 received the 'not interested' message from 1004.
Thu Dec 10 10:57:19 EST 2020: Peer 1009 received the 'not interested' message from 1005.
Thu Dec 10 10:57:19 EST 2020: Peer 1009 received the 'not interested' message from 1006.
Thu Dec 10 10:57:19 EST 2020: Peer 1009 received the 'not interested' message from 1007.
Thu Dec 10 10:57:19 EST 2020: Peer 1009 received the 'not interested' message from 1002.
Thu Dec 10 10:57:19 EST 2020: Peer 1009 received the 'not interested' message from 1001.
Thu Dec 10 10:57:19 EST 2020: REQUEST to peer 1003.
Thu Dec 10 10:57:19 EST 2020: Peer 1009 received the 'not interested' message from 1008.
Thu Dec 10 10:57:19 EST 2020: Peer 1009 has downloaded the 'PIECE' 29 from 1003.Now the number of pieces it has is 25
Thu Dec 10 10:57:19 EST 2020: Peer 1009 received the 'not interested' message from 1004.
Thu Dec 10 10:57:19 EST 2020: Peer 1009 received the 'not interested' message from 1003.
Thu Dec 10 10:57:19 EST 2020: Peer 1009 received the 'not interested' message from 1005.
Thu Dec 10 10:57:20 EST 2020: Peer 1009 received the 'not interested' message from 1006.
Thu Dec 10 10:57:20 EST 2020: Peer 1009 received the 'not interested' message from 1007.
Thu Dec 10 10:57:20 EST 2020: Peer 1009 received the 'not interested' message from 1002.
Thu Dec 10 10:57:20 EST 2020: REQUEST to peer 1001.
Thu Dec 10 10:57:20 EST 2020: Peer 1009 received the 'not interested' message from 1008.
Thu Dec 10 10:57:20 EST 2020: Peer 1009 received the 'not interested' message from 1001.
Thu Dec 10 10:57:20 EST 2020: Peer 1009 has downloaded the 'PIECE' 61 from 1001.Now the number of pieces it has is 26
Thu Dec 10 10:57:20 EST 2020: Peer 1009 received the 'not interested' message from 1003.
Thu Dec 10 10:57:20 EST 2020: Peer 1009 received the 'not interested' message from 1004.
Thu Dec 10 10:57:20 EST 2020: Peer 1009 received the 'not interested' message from 1005.
Thu Dec 10 10:57:20 EST 2020: Peer 1009 received the 'not interested' message from 1006.
Thu Dec 10 10:57:20 EST 2020: Peer 1009 received the 'not interested' message from 1007.
Thu Dec 10 10:57:20 EST 2020: Peer 1009 received the 'not interested' message from 1002.
Thu Dec 10 10:57:20 EST 2020: REQUEST to peer 1005.
Thu Dec 10 10:57:20 EST 2020: Peer 1009 received the 'not interested' message from 1001.
Thu Dec 10 10:57:20 EST 2020: Peer 1009 received the 'not interested' message from 1008.
Thu Dec 10 10:57:20 EST 2020: Peer 1009 has downloaded the 'PIECE' 18 from 1005.Now the number of pieces it has is 27
Thu Dec 10 10:57:20 EST 2020: Peer 1009 received the 'not interested' message from 1003.
Thu Dec 10 10:57:20 EST 2020: Peer 1009 received the 'not interested' message from 1004.
Thu Dec 10 10:57:20 EST 2020: Peer 1009 received the 'not interested' message from 1005.
Thu Dec 10 10:57:20 EST 2020: Peer 1009 received the 'not interested' message from 1006.
Thu Dec 10 10:57:20 EST 2020: Peer 1009 received the 'not interested' message from 1007.
Thu Dec 10 10:57:20 EST 2020: Peer 1009 received the 'not interested' message from 1002.
Thu Dec 10 10:57:20 EST 2020: Peer 1009 received the 'not interested' message from 1001.
Thu Dec 10 10:57:20 EST 2020: REQUEST to peer 1007.
Thu Dec 10 10:57:20 EST 2020: Peer 1009 received the 'not interested' message from 1008.
Thu Dec 10 10:57:20 EST 2020: Peer 1009 has downloaded the 'PIECE' 14 from 1007.Now the number of pieces it has is 28
Thu Dec 10 10:57:20 EST 2020: Peer 1009 received the 'not interested' message from 1003.
Thu Dec 10 10:57:20 EST 2020: Peer 1009 received the 'not interested' message from 1004.
Thu Dec 10 10:57:20 EST 2020: Peer 1009 received the 'not interested' message from 1005.
Thu Dec 10 10:57:20 EST 2020: Peer 1009 received the 'not interested' message from 1006.
Thu Dec 10 10:57:20 EST 2020: Peer 1009 received the 'not interested' message from 1007.
Thu Dec 10 10:57:20 EST 2020: Peer 1009 received the 'not interested' message from 1002.
Thu Dec 10 10:57:20 EST 2020: Peer 1009 received the 'not interested' message from 1001.
Thu Dec 10 10:57:20 EST 2020: REQUEST to peer 1008.
Thu Dec 10 10:57:20 EST 2020: Peer 1009 received the 'not interested' message from 1008.
Thu Dec 10 10:57:20 EST 2020: Peer 1009 has downloaded the 'PIECE' 26 from 1008.Now the number of pieces it has is 29
Thu Dec 10 10:57:20 EST 2020: Peer 1009 received the 'not interested' message from 1003.
Thu Dec 10 10:57:20 EST 2020: Peer 1009 received the 'not interested' message from 1004.
Thu Dec 10 10:57:20 EST 2020: Peer 1009 received the 'not interested' message from 1005.
Thu Dec 10 10:57:20 EST 2020: Peer 1009 received the 'not interested' message from 1006.
Thu Dec 10 10:57:20 EST 2020: Peer 1009 received the 'not interested' message from 1007.
Thu Dec 10 10:57:20 EST 2020: Peer 1009 received the 'not interested' message from 1002.
Thu Dec 10 10:57:20 EST 2020: Peer 1009 received the 'not interested' message from 1001.
Thu Dec 10 10:57:20 EST 2020: REQUEST to peer 1002.
Thu Dec 10 10:57:20 EST 2020: Peer 1009 received the 'not interested' message from 1008.
Thu Dec 10 10:57:20 EST 2020: Peer 1009 has downloaded the 'PIECE' 15 from 1002.Now the number of pieces it has is 30
Thu Dec 10 10:57:20 EST 2020: Peer 1009 received the 'not interested' message from 1003.
Thu Dec 10 10:57:20 EST 2020: Peer 1009 received the 'not interested' message from 1004.
Thu Dec 10 10:57:20 EST 2020: Peer 1009 received the 'not interested' message from 1005.
Thu Dec 10 10:57:20 EST 2020: Peer 1009 received the 'not interested' message from 1006.
Thu Dec 10 10:57:20 EST 2020: Peer 1009 received the 'not interested' message from 1007.
Thu Dec 10 10:57:20 EST 2020: Peer 1009 received the 'not interested' message from 1002.
Thu Dec 10 10:57:20 EST 2020: Peer 1009 received the 'not interested' message from 1001.
Thu Dec 10 10:57:20 EST 2020: REQUEST to peer 1006.
Thu Dec 10 10:57:20 EST 2020: Peer 1009 received the 'not interested' message from 1008.
Thu Dec 10 10:57:20 EST 2020: Peer 1009 received the 'not interested' message from 1003.
Thu Dec 10 10:57:20 EST 2020: Peer 1009 has downloaded the 'PIECE' 36 from 1006.Now the number of pieces it has is 31
Thu Dec 10 10:57:20 EST 2020: Peer 1009 received the 'not interested' message from 1004.
Thu Dec 10 10:57:20 EST 2020: Peer 1009 received the 'not interested' message from 1005.
Thu Dec 10 10:57:20 EST 2020: Peer 1009 received the 'not interested' message from 1006.
Thu Dec 10 10:57:20 EST 2020: Peer 1009 received the 'not interested' message from 1007.
Thu Dec 10 10:57:20 EST 2020: Peer 1009 received the 'not interested' message from 1002.
Thu Dec 10 10:57:20 EST 2020: Peer 1009 received the 'not interested' message from 1001.
Thu Dec 10 10:57:20 EST 2020: REQUEST to peer 1004.
Thu Dec 10 10:57:20 EST 2020: Peer 1009 received the 'not interested' message from 1008.
Thu Dec 10 10:57:20 EST 2020: Peer 1009 has downloaded the 'PIECE' 61 from 1004.Now the number of pieces it has is 31
Thu Dec 10 10:57:20 EST 2020: Peer 1009 received the 'not interested' message from 1003.
Thu Dec 10 10:57:20 EST 2020: Peer 1009 received the 'not interested' message from 1004.
Thu Dec 10 10:57:20 EST 2020: Peer 1009 received the 'not interested' message from 1005.
Thu Dec 10 10:57:21 EST 2020: Peer 1009 received the 'not interested' message from 1006.
Thu Dec 10 10:57:21 EST 2020: Peer 1009 received the 'not interested' message from 1007.
Thu Dec 10 10:57:21 EST 2020: Peer 1009 received the 'not interested' message from 1002.
Thu Dec 10 10:57:21 EST 2020: Peer 1009 received the 'not interested' message from 1001.
Thu Dec 10 10:57:21 EST 2020: REQUEST to peer 1003.
Thu Dec 10 10:57:21 EST 2020: Peer 1009 received the 'not interested' message from 1008.
Thu Dec 10 10:57:21 EST 2020: Peer 1009 has downloaded the 'PIECE' 9 from 1003.Now the number of pieces it has is 32
Thu Dec 10 10:57:21 EST 2020: Peer 1009 received the 'not interested' message from 1004.
Thu Dec 10 10:57:21 EST 2020: Peer 1009 received the 'not interested' message from 1003.
Thu Dec 10 10:57:21 EST 2020: Peer 1009 received the 'not interested' message from 1005.
Thu Dec 10 10:57:21 EST 2020: Peer 1009 received the 'not interested' message from 1006.
Thu Dec 10 10:57:21 EST 2020: Peer 1009 received the 'not interested' message from 1002.
Thu Dec 10 10:57:21 EST 2020: Peer 1009 received the 'not interested' message from 1007.
Thu Dec 10 10:57:21 EST 2020: Peer 1009 received the 'not interested' message from 1001.
Thu Dec 10 10:57:21 EST 2020: REQUEST to peer 1001.
Thu Dec 10 10:57:21 EST 2020: Peer 1009 received the 'not interested' message from 1008.
Thu Dec 10 10:57:21 EST 2020: Peer 1009 has downloaded the 'PIECE' 53 from 1001.Now the number of pieces it has is 33
Thu Dec 10 10:57:21 EST 2020: Peer 1009 received the 'not interested' message from 1004.
Thu Dec 10 10:57:21 EST 2020: Peer 1009 received the 'not interested' message from 1003.
Thu Dec 10 10:57:21 EST 2020: Peer 1009 received the 'not interested' message from 1005.
Thu Dec 10 10:57:21 EST 2020: Peer 1009 received the 'not interested' message from 1006.
Thu Dec 10 10:57:21 EST 2020: Peer 1009 received the 'not interested' message from 1007.
Thu Dec 10 10:57:21 EST 2020: Peer 1009 received the 'not interested' message from 1002.
Thu Dec 10 10:57:21 EST 2020: Peer 1009 received the 'not interested' message from 1001.
Thu Dec 10 10:57:21 EST 2020: REQUEST to peer 1005.
Thu Dec 10 10:57:21 EST 2020: Peer 1009 received the 'not interested' message from 1008.
Thu Dec 10 10:57:21 EST 2020: Peer 1009 has downloaded the 'PIECE' 33 from 1005.Now the number of pieces it has is 34
Thu Dec 10 10:57:21 EST 2020: Peer 1009 received the 'not interested' message from 1003.
Thu Dec 10 10:57:21 EST 2020: Peer 1009 received the 'not interested' message from 1004.
Thu Dec 10 10:57:21 EST 2020: Peer 1009 received the 'not interested' message from 1006.
Thu Dec 10 10:57:21 EST 2020: Peer 1009 received the 'not interested' message from 1005.
Thu Dec 10 10:57:21 EST 2020: Peer 1009 received the 'not interested' message from 1007.
Thu Dec 10 10:57:21 EST 2020: Peer 1009 received the 'not interested' message from 1002.
Thu Dec 10 10:57:21 EST 2020: Peer 1009 received the 'not interested' message from 1001.
Thu Dec 10 10:57:21 EST 2020: REQUEST to peer 1007.
Thu Dec 10 10:57:21 EST 2020: Peer 1009 received the 'not interested' message from 1008.
Thu Dec 10 10:57:21 EST 2020: Peer 1009 has downloaded the 'PIECE' 37 from 1007.Now the number of pieces it has is 35
Thu Dec 10 10:57:21 EST 2020: Peer 1009 received the 'not interested' message from 1003.
Thu Dec 10 10:57:21 EST 2020: Peer 1009 received the 'not interested' message from 1004.
Thu Dec 10 10:57:21 EST 2020: Peer 1009 received the 'not interested' message from 1005.
Thu Dec 10 10:57:21 EST 2020: Peer 1009 received the 'not interested' message from 1006.
Thu Dec 10 10:57:21 EST 2020: Peer 1009 received the 'not interested' message from 1007.
Thu Dec 10 10:57:21 EST 2020: Peer 1009 received the 'not interested' message from 1002.
Thu Dec 10 10:57:21 EST 2020: Peer 1009 received the 'not interested' message from 1001.
Thu Dec 10 10:57:21 EST 2020: REQUEST to peer 1008.
Thu Dec 10 10:57:21 EST 2020: Peer 1009 received the 'not interested' message from 1008.
Thu Dec 10 10:57:21 EST 2020: Peer 1009 received the 'not interested' message from 1003.
Thu Dec 10 10:57:21 EST 2020: Peer 1009 has downloaded the 'PIECE' 13 from 1008.Now the number of pieces it has is 36
Thu Dec 10 10:57:21 EST 2020: Peer 1009 received the 'not interested' message from 1004.
Thu Dec 10 10:57:21 EST 2020: Peer 1009 received the 'not interested' message from 1005.
Thu Dec 10 10:57:21 EST 2020: Peer 1009 received the 'not interested' message from 1007.
Thu Dec 10 10:57:21 EST 2020: Peer 1009 received the 'not interested' message from 1006.
Thu Dec 10 10:57:21 EST 2020: Peer 1009 received the 'not interested' message from 1002.
Thu Dec 10 10:57:21 EST 2020: REQUEST to peer 1002.
Thu Dec 10 10:57:21 EST 2020: Peer 1009 received the 'not interested' message from 1001.
Thu Dec 10 10:57:21 EST 2020: Peer 1009 received the 'not interested' message from 1008.
Thu Dec 10 10:57:21 EST 2020: Peer 1009 has downloaded the 'PIECE' 4 from 1002.Now the number of pieces it has is 37
Thu Dec 10 10:57:21 EST 2020: Peer 1009 received the 'not interested' message from 1003.
Thu Dec 10 10:57:21 EST 2020: Peer 1009 received the 'not interested' message from 1004.
Thu Dec 10 10:57:21 EST 2020: Peer 1009 received the 'not interested' message from 1005.
Thu Dec 10 10:57:21 EST 2020: Peer 1009 received the 'not interested' message from 1006.
Thu Dec 10 10:57:21 EST 2020: Peer 1009 received the 'not interested' message from 1007.
Thu Dec 10 10:57:21 EST 2020: Peer 1009 received the 'not interested' message from 1002.
Thu Dec 10 10:57:21 EST 2020: Peer 1009 received the 'not interested' message from 1001.
Thu Dec 10 10:57:21 EST 2020: REQUEST to peer 1006.
Thu Dec 10 10:57:21 EST 2020: Peer 1009 received the 'not interested' message from 1008.
Thu Dec 10 10:57:21 EST 2020: Peer 1009 has downloaded the 'PIECE' 39 from 1006.Now the number of pieces it has is 38
Thu Dec 10 10:57:21 EST 2020: Peer 1009 received the 'not interested' message from 1003.
Thu Dec 10 10:57:21 EST 2020: Peer 1009 received the 'not interested' message from 1004.
Thu Dec 10 10:57:21 EST 2020: Peer 1009 received the 'not interested' message from 1005.
Thu Dec 10 10:57:21 EST 2020: Peer 1009 received the 'not interested' message from 1006.
Thu Dec 10 10:57:21 EST 2020: Peer 1009 received the 'not interested' message from 1007.
Thu Dec 10 10:57:21 EST 2020: Peer 1009 received the 'not interested' message from 1002.
Thu Dec 10 10:57:21 EST 2020: Peer 1009 received the 'not interested' message from 1001.
Thu Dec 10 10:57:21 EST 2020: REQUEST to peer 1004.
Thu Dec 10 10:57:21 EST 2020: Peer 1009 received the 'not interested' message from 1008.
Thu Dec 10 10:57:21 EST 2020: Peer 1009 has downloaded the 'PIECE' 40 from 1004.Now the number of pieces it has is 39
Thu Dec 10 10:57:21 EST 2020: Peer 1009 received the 'not interested' message from 1003.
Thu Dec 10 10:57:21 EST 2020: Peer 1009 received the 'not interested' message from 1004.
Thu Dec 10 10:57:22 EST 2020: Peer 1009 received the 'not interested' message from 1005.
Thu Dec 10 10:57:22 EST 2020: Peer 1009 received the 'not interested' message from 1006.
Thu Dec 10 10:57:22 EST 2020: Peer 1009 received the 'not interested' message from 1007.
Thu Dec 10 10:57:22 EST 2020: Peer 1009 received the 'not interested' message from 1002.
Thu Dec 10 10:57:22 EST 2020: Peer 1009 received the 'not interested' message from 1001.
Thu Dec 10 10:57:22 EST 2020: REQUEST to peer 1003.
Thu Dec 10 10:57:22 EST 2020: Peer 1009 received the 'not interested' message from 1008.
Thu Dec 10 10:57:22 EST 2020: Peer 1009 has downloaded the 'PIECE' 51 from 1003.Now the number of pieces it has is 40
Thu Dec 10 10:57:22 EST 2020: Peer 1009 received the 'not interested' message from 1003.
Thu Dec 10 10:57:22 EST 2020: Peer 1009 received the 'not interested' message from 1004.
Thu Dec 10 10:57:22 EST 2020: Peer 1009 received the 'not interested' message from 1005.
Thu Dec 10 10:57:22 EST 2020: Peer 1009 received the 'not interested' message from 1006.
Thu Dec 10 10:57:22 EST 2020: Peer 1009 received the 'not interested' message from 1007.
Thu Dec 10 10:57:22 EST 2020: Peer 1009 received the 'not interested' message from 1002.
Thu Dec 10 10:57:22 EST 2020: Peer 1009 received the 'not interested' message from 1001.
Thu Dec 10 10:57:22 EST 2020: REQUEST to peer 1001.
Thu Dec 10 10:57:22 EST 2020: Peer 1009 received the 'not interested' message from 1008.
Thu Dec 10 10:57:22 EST 2020: Peer 1009 has downloaded the 'PIECE' 65 from 1001.Now the number of pieces it has is 41
Thu Dec 10 10:57:22 EST 2020: Peer 1009 received the 'not interested' message from 1003.
Thu Dec 10 10:57:22 EST 2020: Peer 1009 received the 'not interested' message from 1004.
Thu Dec 10 10:57:22 EST 2020: Peer 1009 received the 'not interested' message from 1005.
Thu Dec 10 10:57:22 EST 2020: Peer 1009 received the 'not interested' message from 1006.
Thu Dec 10 10:57:22 EST 2020: Peer 1009 received the 'not interested' message from 1007.
Thu Dec 10 10:57:22 EST 2020: Peer 1009 received the 'not interested' message from 1002.
Thu Dec 10 10:57:22 EST 2020: REQUEST to peer 1005.
Thu Dec 10 10:57:22 EST 2020: Peer 1009 received the 'not interested' message from 1001.
Thu Dec 10 10:57:22 EST 2020: Peer 1009 received the 'not interested' message from 1008.
Thu Dec 10 10:57:22 EST 2020: Peer 1009 has downloaded the 'PIECE' 51 from 1005.Now the number of pieces it has is 41
Thu Dec 10 10:57:22 EST 2020: Peer 1009 received the 'not interested' message from 1003.
Thu Dec 10 10:57:22 EST 2020: Peer 1009 received the 'not interested' message from 1004.
Thu Dec 10 10:57:22 EST 2020: Peer 1009 received the 'not interested' message from 1005.
Thu Dec 10 10:57:22 EST 2020: Peer 1009 received the 'not interested' message from 1006.
Thu Dec 10 10:57:22 EST 2020: Peer 1009 received the 'not interested' message from 1007.
Thu Dec 10 10:57:22 EST 2020: Peer 1009 received the 'not interested' message from 1002.
Thu Dec 10 10:57:22 EST 2020: REQUEST to peer 1007.
Thu Dec 10 10:57:22 EST 2020: Peer 1009 received the 'not interested' message from 1001.
Thu Dec 10 10:57:22 EST 2020: Peer 1009 received the 'not interested' message from 1008.
Thu Dec 10 10:57:22 EST 2020: Peer 1009 has downloaded the 'PIECE' 22 from 1007.Now the number of pieces it has is 42
Thu Dec 10 10:57:22 EST 2020: Peer 1009 received the 'not interested' message from 1003.
Thu Dec 10 10:57:22 EST 2020: Peer 1009 received the 'not interested' message from 1004.
Thu Dec 10 10:57:22 EST 2020: Peer 1009 received the 'not interested' message from 1005.
Thu Dec 10 10:57:22 EST 2020: Peer 1009 received the 'not interested' message from 1006.
Thu Dec 10 10:57:22 EST 2020: Peer 1009 received the 'not interested' message from 1007.
Thu Dec 10 10:57:22 EST 2020: Peer 1009 received the 'not interested' message from 1002.
Thu Dec 10 10:57:22 EST 2020: Peer 1009 received the 'not interested' message from 1001.
Thu Dec 10 10:57:22 EST 2020: REQUEST to peer 1008.
Thu Dec 10 10:57:22 EST 2020: Peer 1009 received the 'not interested' message from 1008.
Thu Dec 10 10:57:22 EST 2020: Peer 1009 has downloaded the 'PIECE' 2 from 1008.Now the number of pieces it has is 43
Thu Dec 10 10:57:22 EST 2020: Peer 1009 received the 'not interested' message from 1003.
Thu Dec 10 10:57:22 EST 2020: Peer 1009 received the 'not interested' message from 1004.
Thu Dec 10 10:57:22 EST 2020: Peer 1009 received the 'not interested' message from 1005.
Thu Dec 10 10:57:22 EST 2020: Peer 1009 received the 'not interested' message from 1006.
Thu Dec 10 10:57:22 EST 2020: Peer 1009 received the 'not interested' message from 1007.
Thu Dec 10 10:57:22 EST 2020: Peer 1009 received the 'not interested' message from 1002.
Thu Dec 10 10:57:22 EST 2020: Peer 1009 received the 'not interested' message from 1001.
Thu Dec 10 10:57:22 EST 2020: REQUEST to peer 1002.
Thu Dec 10 10:57:22 EST 2020: Peer 1009 received the 'not interested' message from 1008.
Thu Dec 10 10:57:22 EST 2020: Peer 1009 has downloaded the 'PIECE' 25 from 1002.Now the number of pieces it has is 44
Thu Dec 10 10:57:22 EST 2020: Peer 1009 received the 'not interested' message from 1003.
Thu Dec 10 10:57:22 EST 2020: Peer 1009 received the 'not interested' message from 1005.
Thu Dec 10 10:57:22 EST 2020: Peer 1009 received the 'not interested' message from 1004.
Thu Dec 10 10:57:22 EST 2020: Peer 1009 received the 'not interested' message from 1006.
Thu Dec 10 10:57:22 EST 2020: Peer 1009 received the 'not interested' message from 1007.
Thu Dec 10 10:57:22 EST 2020: Peer 1009 received the 'not interested' message from 1002.
Thu Dec 10 10:57:22 EST 2020: Peer 1009 received the 'not interested' message from 1001.
Thu Dec 10 10:57:22 EST 2020: REQUEST to peer 1006.
Thu Dec 10 10:57:22 EST 2020: Peer 1009 received the 'not interested' message from 1008.
Thu Dec 10 10:57:22 EST 2020: Peer 1009 has downloaded the 'PIECE' 16 from 1006.Now the number of pieces it has is 45
Thu Dec 10 10:57:22 EST 2020: Peer 1009 received the 'not interested' message from 1003.
Thu Dec 10 10:57:22 EST 2020: Peer 1009 received the 'not interested' message from 1004.
Thu Dec 10 10:57:22 EST 2020: Peer 1009 received the 'not interested' message from 1005.
Thu Dec 10 10:57:22 EST 2020: Peer 1009 received the 'not interested' message from 1006.
Thu Dec 10 10:57:22 EST 2020: Peer 1009 received the 'not interested' message from 1007.
Thu Dec 10 10:57:22 EST 2020: Peer 1009 received the 'not interested' message from 1002.
Thu Dec 10 10:57:22 EST 2020: Peer 1009 received the 'not interested' message from 1001.
Thu Dec 10 10:57:22 EST 2020: REQUEST to peer 1004.
Thu Dec 10 10:57:22 EST 2020: Peer 1009 received the 'not interested' message from 1008.
Thu Dec 10 10:57:22 EST 2020: Peer 1009 has downloaded the 'PIECE' 41 from 1004.Now the number of pieces it has is 46
Thu Dec 10 10:57:22 EST 2020: Peer 1009 received the 'not interested' message from 1003.
Thu Dec 10 10:57:22 EST 2020: Peer 1009 received the 'not interested' message from 1004.
Thu Dec 10 10:57:22 EST 2020: Peer 1009 received the 'not interested' message from 1005.
Thu Dec 10 10:57:22 EST 2020: Peer 1009 received the 'not interested' message from 1006.
Thu Dec 10 10:57:22 EST 2020: Peer 1009 received the 'not interested' message from 1007.
Thu Dec 10 10:57:22 EST 2020: Peer 1009 received the 'not interested' message from 1002.
Thu Dec 10 10:57:22 EST 2020: REQUEST to peer 1003.
Thu Dec 10 10:57:22 EST 2020: Peer 1009 received the 'not interested' message from 1001.
Thu Dec 10 10:57:22 EST 2020: Peer 1009 received the 'not interested' message from 1008.
Thu Dec 10 10:57:22 EST 2020: Peer 1009 has downloaded the 'PIECE' 10 from 1003.Now the number of pieces it has is 47
Thu Dec 10 10:57:22 EST 2020: Peer 1009 received the 'not interested' message from 1003.
Thu Dec 10 10:57:22 EST 2020: Peer 1009 received the 'not interested' message from 1004.
Thu Dec 10 10:57:22 EST 2020: Peer 1009 received the 'not interested' message from 1005.
Thu Dec 10 10:57:22 EST 2020: Peer 1009 received the 'not interested' message from 1006.
Thu Dec 10 10:57:22 EST 2020: Peer 1009 received the 'not interested' message from 1007.
Thu Dec 10 10:57:22 EST 2020: Peer 1009 received the 'not interested' message from 1002.
Thu Dec 10 10:57:22 EST 2020: Peer 1009 received the 'not interested' message from 1001.
Thu Dec 10 10:57:22 EST 2020: REQUEST to peer 1001.
Thu Dec 10 10:57:23 EST 2020: Peer 1009 received the 'not interested' message from 1008.
Thu Dec 10 10:57:23 EST 2020: Peer 1009 has downloaded the 'PIECE' 41 from 1001.Now the number of pieces it has is 47
Thu Dec 10 10:57:23 EST 2020: Peer 1009 received the 'not interested' message from 1003.
Thu Dec 10 10:57:23 EST 2020: Peer 1009 received the 'not interested' message from 1004.
Thu Dec 10 10:57:23 EST 2020: Peer 1009 received the 'not interested' message from 1005.
Thu Dec 10 10:57:23 EST 2020: Peer 1009 received the 'not interested' message from 1006.
Thu Dec 10 10:57:23 EST 2020: Peer 1009 received the 'not interested' message from 1007.
Thu Dec 10 10:57:23 EST 2020: Peer 1009 received the 'not interested' message from 1002.
Thu Dec 10 10:57:23 EST 2020: REQUEST to peer 1005.
Thu Dec 10 10:57:23 EST 2020: Peer 1009 received the 'not interested' message from 1001.
Thu Dec 10 10:57:23 EST 2020: Peer 1009 received the 'not interested' message from 1008.
Thu Dec 10 10:57:23 EST 2020: Peer 1009 has downloaded the 'PIECE' 16 from 1005.Now the number of pieces it has is 47
Thu Dec 10 10:57:23 EST 2020: Peer 1009 received the 'not interested' message from 1003.
Thu Dec 10 10:57:23 EST 2020: Peer 1009 received the 'not interested' message from 1004.
Thu Dec 10 10:57:23 EST 2020: Peer 1009 received the 'not interested' message from 1005.
Thu Dec 10 10:57:23 EST 2020: Peer 1009 received the 'not interested' message from 1006.
Thu Dec 10 10:57:23 EST 2020: Peer 1009 received the 'not interested' message from 1007.
Thu Dec 10 10:57:23 EST 2020: Peer 1009 received the 'not interested' message from 1002.
Thu Dec 10 10:57:23 EST 2020: REQUEST to peer 1007.
Thu Dec 10 10:57:23 EST 2020: Peer 1009 received the 'not interested' message from 1001.
Thu Dec 10 10:57:23 EST 2020: Peer 1009 received the 'not interested' message from 1008.
Thu Dec 10 10:57:23 EST 2020: Peer 1009 has downloaded the 'PIECE' 12 from 1007.Now the number of pieces it has is 48
Thu Dec 10 10:57:23 EST 2020: Peer 1009 received the 'not interested' message from 1003.
Thu Dec 10 10:57:23 EST 2020: Peer 1009 received the 'not interested' message from 1004.
Thu Dec 10 10:57:23 EST 2020: Peer 1009 received the 'not interested' message from 1005.
Thu Dec 10 10:57:23 EST 2020: Peer 1009 received the 'not interested' message from 1006.
Thu Dec 10 10:57:23 EST 2020: Peer 1009 received the 'not interested' message from 1007.
Thu Dec 10 10:57:23 EST 2020: Peer 1009 received the 'not interested' message from 1002.
Thu Dec 10 10:57:23 EST 2020: Peer 1009 received the 'not interested' message from 1001.
Thu Dec 10 10:57:23 EST 2020: REQUEST to peer 1008.
Thu Dec 10 10:57:23 EST 2020: Peer 1009 received the 'not interested' message from 1008.
Thu Dec 10 10:57:23 EST 2020: Peer 1009 has downloaded the 'PIECE' 30 from 1008.Now the number of pieces it has is 49
Thu Dec 10 10:57:23 EST 2020: Peer 1009 received the 'not interested' message from 1003.
Thu Dec 10 10:57:23 EST 2020: Peer 1009 received the 'not interested' message from 1004.
Thu Dec 10 10:57:23 EST 2020: Peer 1009 received the 'not interested' message from 1005.
Thu Dec 10 10:57:23 EST 2020: Peer 1009 received the 'not interested' message from 1006.
Thu Dec 10 10:57:23 EST 2020: Peer 1009 received the 'not interested' message from 1007.
Thu Dec 10 10:57:23 EST 2020: Peer 1009 received the 'not interested' message from 1002.
Thu Dec 10 10:57:23 EST 2020: REQUEST to peer 1002.
Thu Dec 10 10:57:23 EST 2020: Peer 1009 received the 'not interested' message from 1001.
Thu Dec 10 10:57:23 EST 2020: Peer 1009 received the 'not interested' message from 1008.
Thu Dec 10 10:57:23 EST 2020: Peer 1009 has downloaded the 'PIECE' 66 from 1002.Now the number of pieces it has is 50
Thu Dec 10 10:57:23 EST 2020: Peer 1009 received the 'not interested' message from 1003.
Thu Dec 10 10:57:23 EST 2020: Peer 1009 received the 'not interested' message from 1004.
Thu Dec 10 10:57:23 EST 2020: Peer 1009 received the 'not interested' message from 1005.
Thu Dec 10 10:57:23 EST 2020: Peer 1009 received the 'not interested' message from 1006.
Thu Dec 10 10:57:23 EST 2020: Peer 1009 received the 'not interested' message from 1007.
Thu Dec 10 10:57:23 EST 2020: Peer 1009 received the 'not interested' message from 1002.
Thu Dec 10 10:57:23 EST 2020: REQUEST to peer 1006.
Thu Dec 10 10:57:23 EST 2020: Peer 1009 received the 'not interested' message from 1001.
Thu Dec 10 10:57:23 EST 2020: Peer 1009 received the 'not interested' message from 1008.
Thu Dec 10 10:57:23 EST 2020: Peer 1009 has downloaded the 'PIECE' 46 from 1006.Now the number of pieces it has is 51
Thu Dec 10 10:57:23 EST 2020: Peer 1009 received the 'not interested' message from 1003.
Thu Dec 10 10:57:23 EST 2020: Peer 1009 received the 'not interested' message from 1004.
Thu Dec 10 10:57:23 EST 2020: Peer 1009 received the 'not interested' message from 1005.
Thu Dec 10 10:57:23 EST 2020: Peer 1009 received the 'not interested' message from 1006.
Thu Dec 10 10:57:23 EST 2020: Peer 1009 received the 'not interested' message from 1007.
Thu Dec 10 10:57:23 EST 2020: Peer 1009 received the 'not interested' message from 1002.
Thu Dec 10 10:57:23 EST 2020: REQUEST to peer 1004.
Thu Dec 10 10:57:23 EST 2020: Peer 1009 received the 'not interested' message from 1001.
Thu Dec 10 10:57:23 EST 2020: Peer 1009 received the 'not interested' message from 1008.
Thu Dec 10 10:57:23 EST 2020: Peer 1009 has downloaded the 'PIECE' 49 from 1004.Now the number of pieces it has is 52
Thu Dec 10 10:57:23 EST 2020: Peer 1009 received the 'not interested' message from 1003.
Thu Dec 10 10:57:23 EST 2020: Peer 1009 received the 'not interested' message from 1004.
Thu Dec 10 10:57:23 EST 2020: Peer 1009 received the 'not interested' message from 1005.
Thu Dec 10 10:57:23 EST 2020: Peer 1009 received the 'not interested' message from 1006.
Thu Dec 10 10:57:23 EST 2020: Peer 1009 received the 'not interested' message from 1007.
Thu Dec 10 10:57:23 EST 2020: Peer 1009 received the 'not interested' message from 1002.
Thu Dec 10 10:57:23 EST 2020: Peer 1009 received the 'not interested' message from 1001.
Thu Dec 10 10:57:23 EST 2020: Peer 1009 received the 'not interested' message from 1008.
Thu Dec 10 10:57:23 EST 2020: REQUEST to peer 1003.
Thu Dec 10 10:57:23 EST 2020: Peer 1009 has downloaded the 'PIECE' 66 from 1003.Now the number of pieces it has is 52
Thu Dec 10 10:57:23 EST 2020: Peer 1009 received the 'not interested' message from 1004.
Thu Dec 10 10:57:23 EST 2020: Peer 1009 received the 'not interested' message from 1003.
Thu Dec 10 10:57:23 EST 2020: Peer 1009 received the 'not interested' message from 1005.
Thu Dec 10 10:57:23 EST 2020: Peer 1009 received the 'not interested' message from 1006.
Thu Dec 10 10:57:23 EST 2020: Peer 1009 received the 'not interested' message from 1007.
Thu Dec 10 10:57:23 EST 2020: Peer 1009 received the 'not interested' message from 1002.
Thu Dec 10 10:57:23 EST 2020: Peer 1009 received the 'not interested' message from 1001.
Thu Dec 10 10:57:23 EST 2020: REQUEST to peer 1001.
Thu Dec 10 10:57:23 EST 2020: Peer 1009 received the 'not interested' message from 1008.
Thu Dec 10 10:57:23 EST 2020: Peer 1009 has downloaded the 'PIECE' 12 from 1001.Now the number of pieces it has is 52
Thu Dec 10 10:57:23 EST 2020: Peer 1009 received the 'not interested' message from 1003.
Thu Dec 10 10:57:23 EST 2020: Peer 1009 received the 'not interested' message from 1004.
Thu Dec 10 10:57:23 EST 2020: Peer 1009 received the 'not interested' message from 1005.
Thu Dec 10 10:57:23 EST 2020: Peer 1009 received the 'not interested' message from 1006.
Thu Dec 10 10:57:23 EST 2020: Peer 1009 received the 'not interested' message from 1007.
Thu Dec 10 10:57:23 EST 2020: Peer 1009 received the 'not interested' message from 1002.
Thu Dec 10 10:57:23 EST 2020: Peer 1009 received the 'not interested' message from 1001.
Thu Dec 10 10:57:23 EST 2020: REQUEST to peer 1005.
Thu Dec 10 10:57:23 EST 2020: Peer 1009 received the 'not interested' message from 1008.
Thu Dec 10 10:57:23 EST 2020: Peer 1009 has downloaded the 'PIECE' 49 from 1005.Now the number of pieces it has is 52
Thu Dec 10 10:57:23 EST 2020: Peer 1009 received the 'not interested' message from 1003.
Thu Dec 10 10:57:23 EST 2020: Peer 1009 received the 'not interested' message from 1004.
Thu Dec 10 10:57:23 EST 2020: Peer 1009 received the 'not interested' message from 1005.
Thu Dec 10 10:57:23 EST 2020: Peer 1009 received the 'not interested' message from 1006.
Thu Dec 10 10:57:23 EST 2020: Peer 1009 received the 'not interested' message from 1007.
Thu Dec 10 10:57:23 EST 2020: Peer 1009 received the 'not interested' message from 1002.
Thu Dec 10 10:57:23 EST 2020: Peer 1009 received the 'not interested' message from 1001.
Thu Dec 10 10:57:23 EST 2020: REQUEST to peer 1007.
Thu Dec 10 10:57:23 EST 2020: Peer 1009 received the 'not interested' message from 1008.
Thu Dec 10 10:57:23 EST 2020: Peer 1009 has downloaded the 'PIECE' 45 from 1007.Now the number of pieces it has is 53
Thu Dec 10 10:57:23 EST 2020: Peer 1009 received the 'not interested' message from 1004.
Thu Dec 10 10:57:23 EST 2020: Peer 1009 received the 'not interested' message from 1003.
Thu Dec 10 10:57:23 EST 2020: Peer 1009 received the 'not interested' message from 1005.
Thu Dec 10 10:57:23 EST 2020: Peer 1009 received the 'not interested' message from 1006.
Thu Dec 10 10:57:23 EST 2020: Peer 1009 received the 'not interested' message from 1007.
Thu Dec 10 10:57:23 EST 2020: Peer 1009 received the 'not interested' message from 1002.
Thu Dec 10 10:57:23 EST 2020: Peer 1009 received the 'not interested' message from 1001.
Thu Dec 10 10:57:23 EST 2020: REQUEST to peer 1008.
Thu Dec 10 10:57:23 EST 2020: Peer 1009 received the 'not interested' message from 1008.
Thu Dec 10 10:57:23 EST 2020: Peer 1009 has downloaded the 'PIECE' 28 from 1008.Now the number of pieces it has is 54
Thu Dec 10 10:57:24 EST 2020: Peer 1009 received the 'not interested' message from 1003.
Thu Dec 10 10:57:24 EST 2020: Peer 1009 received the 'not interested' message from 1004.
Thu Dec 10 10:57:24 EST 2020: Peer 1009 received the 'not interested' message from 1005.
Thu Dec 10 10:57:24 EST 2020: Peer 1009 received the 'not interested' message from 1006.
Thu Dec 10 10:57:24 EST 2020: Peer 1009 received the 'not interested' message from 1007.
Thu Dec 10 10:57:24 EST 2020: Peer 1009 received the 'not interested' message from 1002.
Thu Dec 10 10:57:24 EST 2020: Peer 1009 received the 'not interested' message from 1001.
Thu Dec 10 10:57:24 EST 2020: REQUEST to peer 1002.
Thu Dec 10 10:57:24 EST 2020: Peer 1009 received the 'not interested' message from 1008.
Thu Dec 10 10:57:24 EST 2020: Peer 1009 has downloaded the 'PIECE' 55 from 1002.Now the number of pieces it has is 55
Thu Dec 10 10:57:24 EST 2020: Peer 1009 received the 'not interested' message from 1003.
Thu Dec 10 10:57:24 EST 2020: Peer 1009 received the 'not interested' message from 1004.
Thu Dec 10 10:57:24 EST 2020: Peer 1009 received the 'not interested' message from 1005.
Thu Dec 10 10:57:24 EST 2020: Peer 1009 received the 'not interested' message from 1006.
Thu Dec 10 10:57:24 EST 2020: Peer 1009 received the 'not interested' message from 1007.
Thu Dec 10 10:57:24 EST 2020: Peer 1009 received the 'not interested' message from 1002.
Thu Dec 10 10:57:24 EST 2020: Peer 1009 received the 'not interested' message from 1001.
Thu Dec 10 10:57:24 EST 2020: REQUEST to peer 1006.
Thu Dec 10 10:57:24 EST 2020: Peer 1009 received the 'not interested' message from 1008.
Thu Dec 10 10:57:24 EST 2020: Peer 1009 has downloaded the 'PIECE' 35 from 1006.Now the number of pieces it has is 56
Thu Dec 10 10:57:24 EST 2020: Peer 1009 received the 'not interested' message from 1003.
Thu Dec 10 10:57:24 EST 2020: Peer 1009 received the 'not interested' message from 1004.
Thu Dec 10 10:57:24 EST 2020: Peer 1009 received the 'not interested' message from 1005.
Thu Dec 10 10:57:24 EST 2020: Peer 1009 received the 'not interested' message from 1006.
Thu Dec 10 10:57:24 EST 2020: Peer 1009 received the 'not interested' message from 1007.
Thu Dec 10 10:57:24 EST 2020: Peer 1009 received the 'not interested' message from 1002.
Thu Dec 10 10:57:24 EST 2020: Peer 1009 received the 'not interested' message from 1001.
Thu Dec 10 10:57:24 EST 2020: REQUEST to peer 1004.
Thu Dec 10 10:57:24 EST 2020: Peer 1009 received the 'not interested' message from 1008.
Thu Dec 10 10:57:24 EST 2020: Peer 1009 has downloaded the 'PIECE' 19 from 1004.Now the number of pieces it has is 57
Thu Dec 10 10:57:24 EST 2020: Peer 1009 received the 'not interested' message from 1003.
Thu Dec 10 10:57:24 EST 2020: Peer 1009 received the 'not interested' message from 1004.
Thu Dec 10 10:57:24 EST 2020: Peer 1009 received the 'not interested' message from 1005.
Thu Dec 10 10:57:24 EST 2020: Peer 1009 received the 'not interested' message from 1006.
Thu Dec 10 10:57:24 EST 2020: Peer 1009 received the 'not interested' message from 1007.
Thu Dec 10 10:57:24 EST 2020: Peer 1009 received the 'not interested' message from 1002.
Thu Dec 10 10:57:24 EST 2020: Peer 1009 received the 'not interested' message from 1001.
Thu Dec 10 10:57:24 EST 2020: REQUEST to peer 1003.
Thu Dec 10 10:57:24 EST 2020: Peer 1009 received the 'not interested' message from 1008.
Thu Dec 10 10:57:24 EST 2020: Peer 1009 has downloaded the 'PIECE' 28 from 1003.Now the number of pieces it has is 57
Thu Dec 10 10:57:24 EST 2020: Peer 1009 received the 'not interested' message from 1003.
Thu Dec 10 10:57:24 EST 2020: Peer 1009 received the 'not interested' message from 1004.
Thu Dec 10 10:57:24 EST 2020: Peer 1009 received the 'not interested' message from 1005.
Thu Dec 10 10:57:24 EST 2020: Peer 1009 received the 'not interested' message from 1006.
Thu Dec 10 10:57:24 EST 2020: Peer 1009 received the 'not interested' message from 1007.
Thu Dec 10 10:57:24 EST 2020: Peer 1009 received the 'not interested' message from 1002.
Thu Dec 10 10:57:24 EST 2020: Peer 1009 received the 'not interested' message from 1001.
Thu Dec 10 10:57:24 EST 2020: REQUEST to peer 1001.
Thu Dec 10 10:57:24 EST 2020: Peer 1009 received the 'not interested' message from 1008.
Thu Dec 10 10:57:24 EST 2020: Peer 1009 has downloaded the 'PIECE' 57 from 1001.Now the number of pieces it has is 58
Thu Dec 10 10:57:24 EST 2020: Peer 1009 received the 'not interested' message from 1003.
Thu Dec 10 10:57:24 EST 2020: Peer 1009 received the 'not interested' message from 1004.
Thu Dec 10 10:57:24 EST 2020: Peer 1009 received the 'not interested' message from 1005.
Thu Dec 10 10:57:24 EST 2020: Peer 1009 received the 'not interested' message from 1006.
Thu Dec 10 10:57:24 EST 2020: Peer 1009 received the 'not interested' message from 1007.
Thu Dec 10 10:57:24 EST 2020: Peer 1009 received the 'not interested' message from 1002.
Thu Dec 10 10:57:24 EST 2020: Peer 1009 received the 'not interested' message from 1001.
Thu Dec 10 10:57:24 EST 2020: REQUEST to peer 1005.
Thu Dec 10 10:57:24 EST 2020: Peer 1009 received the 'not interested' message from 1008.
Thu Dec 10 10:57:24 EST 2020: Peer 1009 has downloaded the 'PIECE' 57 from 1005.Now the number of pieces it has is 58
Thu Dec 10 10:57:24 EST 2020: Peer 1009 received the 'not interested' message from 1003.
Thu Dec 10 10:57:24 EST 2020: Peer 1009 received the 'not interested' message from 1004.
Thu Dec 10 10:57:24 EST 2020: Peer 1009 received the 'not interested' message from 1005.
Thu Dec 10 10:57:24 EST 2020: Peer 1009 received the 'not interested' message from 1006.
Thu Dec 10 10:57:24 EST 2020: Peer 1009 received the 'not interested' message from 1007.
Thu Dec 10 10:57:24 EST 2020: Peer 1009 received the 'not interested' message from 1002.
Thu Dec 10 10:57:24 EST 2020: REQUEST to peer 1007.
Thu Dec 10 10:57:24 EST 2020: Peer 1009 received the 'not interested' message from 1001.
Thu Dec 10 10:57:24 EST 2020: Peer 1009 received the 'not interested' message from 1008.
Thu Dec 10 10:57:24 EST 2020: Peer 1009 has downloaded the 'PIECE' 6 from 1007.Now the number of pieces it has is 59
Thu Dec 10 10:57:24 EST 2020: Peer 1009 received the 'not interested' message from 1003.
Thu Dec 10 10:57:24 EST 2020: Peer 1009 received the 'not interested' message from 1004.
Thu Dec 10 10:57:24 EST 2020: Peer 1009 received the 'not interested' message from 1005.
Thu Dec 10 10:57:24 EST 2020: Peer 1009 received the 'not interested' message from 1006.
Thu Dec 10 10:57:24 EST 2020: Peer 1009 received the 'not interested' message from 1007.
Thu Dec 10 10:57:24 EST 2020: Peer 1009 received the 'not interested' message from 1002.
Thu Dec 10 10:57:24 EST 2020: Peer 1009 received the 'not interested' message from 1001.
Thu Dec 10 10:57:24 EST 2020: REQUEST to peer 1008.
Thu Dec 10 10:57:24 EST 2020: Peer 1009 received the 'not interested' message from 1008.
Thu Dec 10 10:57:24 EST 2020: Peer 1009 has downloaded the 'PIECE' 23 from 1008.Now the number of pieces it has is 60
Thu Dec 10 10:57:24 EST 2020: Peer 1009 received the 'not interested' message from 1003.
Thu Dec 10 10:57:24 EST 2020: Peer 1009 received the 'not interested' message from 1005.
Thu Dec 10 10:57:24 EST 2020: Peer 1009 received the 'not interested' message from 1004.
Thu Dec 10 10:57:24 EST 2020: Peer 1009 received the 'not interested' message from 1006.
Thu Dec 10 10:57:24 EST 2020: Peer 1009 received the 'not interested' message from 1007.
Thu Dec 10 10:57:24 EST 2020: Peer 1009 received the 'not interested' message from 1002.
Thu Dec 10 10:57:24 EST 2020: Peer 1009 received the 'not interested' message from 1001.
Thu Dec 10 10:57:24 EST 2020: REQUEST to peer 1002.
Thu Dec 10 10:57:24 EST 2020: Peer 1009 received the 'not interested' message from 1008.
Thu Dec 10 10:57:24 EST 2020: Peer 1009 has downloaded the 'PIECE' 7 from 1002.Now the number of pieces it has is 61
Thu Dec 10 10:57:24 EST 2020: Peer 1009 received the 'not interested' message from 1003.
Thu Dec 10 10:57:24 EST 2020: Peer 1009 received the 'not interested' message from 1004.
Thu Dec 10 10:57:24 EST 2020: Peer 1009 received the 'not interested' message from 1005.
Thu Dec 10 10:57:24 EST 2020: Peer 1009 received the 'not interested' message from 1006.
Thu Dec 10 10:57:24 EST 2020: Peer 1009 received the 'not interested' message from 1007.
Thu Dec 10 10:57:24 EST 2020: Peer 1009 received the 'not interested' message from 1002.
Thu Dec 10 10:57:24 EST 2020: Peer 1009 received the 'not interested' message from 1001.
Thu Dec 10 10:57:24 EST 2020: REQUEST to peer 1006.
Thu Dec 10 10:57:24 EST 2020: Peer 1009 received the 'not interested' message from 1008.
Thu Dec 10 10:57:24 EST 2020: Peer 1009 has downloaded the 'PIECE' 31 from 1006.Now the number of pieces it has is 62
Thu Dec 10 10:57:24 EST 2020: Peer 1009 received the 'not interested' message from 1003.
Thu Dec 10 10:57:24 EST 2020: Peer 1009 received the 'not interested' message from 1004.
Thu Dec 10 10:57:24 EST 2020: Peer 1009 received the 'not interested' message from 1005.
Thu Dec 10 10:57:24 EST 2020: Peer 1009 received the 'not interested' message from 1006.
Thu Dec 10 10:57:24 EST 2020: Peer 1009 received the 'not interested' message from 1007.
Thu Dec 10 10:57:24 EST 2020: Peer 1009 received the 'not interested' message from 1002.
Thu Dec 10 10:57:24 EST 2020: REQUEST to peer 1004.
Thu Dec 10 10:57:24 EST 2020: Peer 1009 received the 'not interested' message from 1001.
Thu Dec 10 10:57:24 EST 2020: Peer 1009 received the 'not interested' message from 1008.
Thu Dec 10 10:57:24 EST 2020: Peer 1009 has downloaded the 'PIECE' 38 from 1004.Now the number of pieces it has is 63
Thu Dec 10 10:57:24 EST 2020: Peer 1009 received the 'not interested' message from 1003.
Thu Dec 10 10:57:24 EST 2020: Peer 1009 received the 'not interested' message from 1004.
Thu Dec 10 10:57:24 EST 2020: Peer 1009 received the 'not interested' message from 1005.
Thu Dec 10 10:57:24 EST 2020: Peer 1009 received the 'not interested' message from 1006.
Thu Dec 10 10:57:24 EST 2020: Peer 1009 received the 'not interested' message from 1007.
Thu Dec 10 10:57:24 EST 2020: Peer 1009 received the 'not interested' message from 1002.
Thu Dec 10 10:57:24 EST 2020: Peer 1009 received the 'not interested' message from 1001.
Thu Dec 10 10:57:24 EST 2020: REQUEST to peer 1003.
Thu Dec 10 10:57:24 EST 2020: Peer 1009 received the 'not interested' message from 1008.
Thu Dec 10 10:57:24 EST 2020: Peer 1009 has downloaded the 'PIECE' 38 from 1003.Now the number of pieces it has is 63
Thu Dec 10 10:57:24 EST 2020: Peer 1009 received the 'not interested' message from 1003.
Thu Dec 10 10:57:24 EST 2020: Peer 1009 received the 'not interested' message from 1004.
Thu Dec 10 10:57:24 EST 2020: Peer 1009 received the 'not interested' message from 1005.
Thu Dec 10 10:57:25 EST 2020: Peer 1009 received the 'not interested' message from 1006.
Thu Dec 10 10:57:25 EST 2020: Peer 1009 received the 'not interested' message from 1007.
Thu Dec 10 10:57:25 EST 2020: Peer 1009 received the 'not interested' message from 1002.
Thu Dec 10 10:57:25 EST 2020: Peer 1009 received the 'not interested' message from 1001.
Thu Dec 10 10:57:25 EST 2020: REQUEST to peer 1001.
Thu Dec 10 10:57:25 EST 2020: Peer 1009 received the 'not interested' message from 1008.
Thu Dec 10 10:57:25 EST 2020: Peer 1009 has downloaded the 'PIECE' 48 from 1001.Now the number of pieces it has is 64
Thu Dec 10 10:57:25 EST 2020: Peer 1009 received the 'not interested' message from 1003.
Thu Dec 10 10:57:25 EST 2020: Peer 1009 received the 'not interested' message from 1004.
Thu Dec 10 10:57:25 EST 2020: Peer 1009 received the 'not interested' message from 1005.
Thu Dec 10 10:57:25 EST 2020: Peer 1009 received the 'not interested' message from 1006.
Thu Dec 10 10:57:25 EST 2020: Peer 1009 received the 'not interested' message from 1007.
Thu Dec 10 10:57:25 EST 2020: Peer 1009 received the 'not interested' message from 1002.
Thu Dec 10 10:57:25 EST 2020: Peer 1009 received the 'not interested' message from 1001.
Thu Dec 10 10:57:25 EST 2020: REQUEST to peer 1005.
Thu Dec 10 10:57:25 EST 2020: Peer 1009 received the 'not interested' message from 1008.
Thu Dec 10 10:57:25 EST 2020: Peer 1009 has downloaded the 'PIECE' 38 from 1005.Now the number of pieces it has is 64
Thu Dec 10 10:57:25 EST 2020: Peer 1009 received the 'not interested' message from 1003.
Thu Dec 10 10:57:25 EST 2020: Peer 1009 received the 'not interested' message from 1004.
Thu Dec 10 10:57:25 EST 2020: Peer 1009 received the 'not interested' message from 1005.
Thu Dec 10 10:57:25 EST 2020: Peer 1009 received the 'not interested' message from 1006.
Thu Dec 10 10:57:25 EST 2020: Peer 1009 received the 'not interested' message from 1007.
Thu Dec 10 10:57:25 EST 2020: Peer 1009 received the 'not interested' message from 1002.
Thu Dec 10 10:57:25 EST 2020: Peer 1009 received the 'not interested' message from 1001.
Thu Dec 10 10:57:25 EST 2020: REQUEST to peer 1007.
Thu Dec 10 10:57:25 EST 2020: Peer 1009 received the 'not interested' message from 1008.
Thu Dec 10 10:57:25 EST 2020: Peer 1009 has downloaded the 'PIECE' 42 from 1007.Now the number of pieces it has is 65
Thu Dec 10 10:57:25 EST 2020: Peer 1009 received the 'not interested' message from 1003.
Thu Dec 10 10:57:25 EST 2020: Peer 1009 received the 'not interested' message from 1004.
Thu Dec 10 10:57:25 EST 2020: Peer 1009 received the 'not interested' message from 1005.
Thu Dec 10 10:57:25 EST 2020: Peer 1009 received the 'not interested' message from 1006.
Thu Dec 10 10:57:25 EST 2020: Peer 1009 received the 'not interested' message from 1007.
Thu Dec 10 10:57:25 EST 2020: Peer 1009 received the 'not interested' message from 1002.
Thu Dec 10 10:57:25 EST 2020: Peer 1009 received the 'not interested' message from 1001.
Thu Dec 10 10:57:25 EST 2020: REQUEST to peer 1008.
Thu Dec 10 10:57:25 EST 2020: Peer 1009 received the 'not interested' message from 1008.
Thu Dec 10 10:57:25 EST 2020: Peer 1009 has downloaded the 'PIECE' 42 from 1008.Now the number of pieces it has is 65
Thu Dec 10 10:57:25 EST 2020: Peer 1009 received the 'not interested' message from 1003.
Thu Dec 10 10:57:25 EST 2020: Peer 1009 received the 'not interested' message from 1004.
Thu Dec 10 10:57:25 EST 2020: Peer 1009 received the 'not interested' message from 1005.
Thu Dec 10 10:57:25 EST 2020: Peer 1009 received the 'not interested' message from 1006.
Thu Dec 10 10:57:25 EST 2020: Peer 1009 received the 'not interested' message from 1007.
Thu Dec 10 10:57:25 EST 2020: Peer 1009 received the 'not interested' message from 1002.
Thu Dec 10 10:57:25 EST 2020: REQUEST to peer 1002.
Thu Dec 10 10:57:25 EST 2020: Peer 1009 received the 'not interested' message from 1001.
Thu Dec 10 10:57:25 EST 2020: Peer 1009 received the 'not interested' message from 1008.
Thu Dec 10 10:57:25 EST 2020: Peer 1009 has downloaded the 'PIECE' 48 from 1002.Now the number of pieces it has is 65
Thu Dec 10 10:57:25 EST 2020: Peer 1009 received the 'not interested' message from 1003.
Thu Dec 10 10:57:25 EST 2020: Peer 1009 received the 'not interested' message from 1004.
Thu Dec 10 10:57:25 EST 2020: Peer 1009 received the 'not interested' message from 1005.
Thu Dec 10 10:57:25 EST 2020: Peer 1009 received the 'not interested' message from 1006.
Thu Dec 10 10:57:25 EST 2020: Peer 1009 received the 'not interested' message from 1007.
Thu Dec 10 10:57:25 EST 2020: REQUEST to peer 1006.
Thu Dec 10 10:57:25 EST 2020: Peer 1009 received the 'not interested' message from 1002.
Thu Dec 10 10:57:25 EST 2020: Peer 1009 received the 'not interested' message from 1008.
Thu Dec 10 10:57:25 EST 2020: Peer 1009 received the 'not interested' message from 1001.
Thu Dec 10 10:57:25 EST 2020: Peer 1009 has downloaded the 'PIECE' 48 from 1006.Now the number of pieces it has is 65
Thu Dec 10 10:57:25 EST 2020: Peer 1009 received the 'not interested' message from 1003.
Thu Dec 10 10:57:25 EST 2020: Peer 1009 received the 'not interested' message from 1004.
Thu Dec 10 10:57:25 EST 2020: Peer 1009 received the 'not interested' message from 1005.
Thu Dec 10 10:57:25 EST 2020: Peer 1009 received the 'not interested' message from 1006.
Thu Dec 10 10:57:25 EST 2020: Peer 1009 received the 'not interested' message from 1007.
Thu Dec 10 10:57:25 EST 2020: Peer 1009 received the 'not interested' message from 1002.
Thu Dec 10 10:57:25 EST 2020: Peer 1009 received the 'not interested' message from 1001.
Thu Dec 10 10:57:25 EST 2020: REQUEST to peer 1004.
Thu Dec 10 10:57:25 EST 2020: Peer 1009 received the 'not interested' message from 1008.
Thu Dec 10 10:57:25 EST 2020: Peer 1009 received the 'not interested' message from 1003.
Thu Dec 10 10:57:25 EST 2020: Peer 1009 has downloaded the 'PIECE' 21 from 1004.Now the number of pieces it has is 66
Thu Dec 10 10:57:25 EST 2020: Peer 1009 received the 'not interested' message from 1004.
Thu Dec 10 10:57:25 EST 2020: Peer 1009 received the 'not interested' message from 1005.
Thu Dec 10 10:57:25 EST 2020: Peer 1009 received the 'not interested' message from 1006.
Thu Dec 10 10:57:25 EST 2020: Peer 1009 received the 'not interested' message from 1007.
Thu Dec 10 10:57:25 EST 2020: Peer 1009 received the 'not interested' message from 1002.
Thu Dec 10 10:57:25 EST 2020: Peer 1009 received the 'not interested' message from 1001.
Thu Dec 10 10:57:25 EST 2020: REQUEST to peer 1003.
Thu Dec 10 10:57:25 EST 2020: Peer 1009 received the 'not interested' message from 1008.
Thu Dec 10 10:57:25 EST 2020: Peer 1009 has downloaded the 'PIECE' 11 from 1003.Now the number of pieces it has is 67
Thu Dec 10 10:57:25 EST 2020: Peer 1009 received the 'not interested' message from 1004.
Thu Dec 10 10:57:25 EST 2020: Peer 1009 has downloaded the complete file.
Thu Dec 10 10:57:25 EST 2020: Peer 1009 received the 'not interested' message from 1005.
Thu Dec 10 10:57:25 EST 2020: Peer 1009 received the 'not interested' message from 1006.
Thu Dec 10 10:57:25 EST 2020: Peer 1009 received the 'not interested' message from 1007.
Thu Dec 10 10:57:25 EST 2020: Peer 1009 received the 'not interested' message from 1002.
Thu Dec 10 10:57:25 EST 2020: Peer 1009 received the 'not interested' message from 1001.
Thu Dec 10 10:57:25 EST 2020: REQUEST to peer 1001.
Thu Dec 10 10:57:25 EST 2020: Peer 1009 received the 'not interested' message from 1008.
Thu Dec 10 10:57:25 EST 2020: Peer 1009 has downloaded the 'PIECE' 21 from 1001.Now the number of pieces it has is 67
Thu Dec 10 10:57:25 EST 2020: Peer 1009 has downloaded the complete file.
Thu Dec 10 10:57:25 EST 2020: Peer 1009 received the 'not interested' message from 1004.
Thu Dec 10 10:57:25 EST 2020: Peer 1009 received the 'not interested' message from 1005.
Thu Dec 10 10:57:25 EST 2020: Peer 1009 received the 'not interested' message from 1006.
Thu Dec 10 10:57:25 EST 2020: Peer 1009 received the 'not interested' message from 1007.
Thu Dec 10 10:57:25 EST 2020: Peer 1009 received the 'not interested' message from 1002.
Thu Dec 10 10:57:25 EST 2020: REQUEST to peer 1005.
Thu Dec 10 10:57:25 EST 2020: Peer 1009 received the 'not interested' message from 1008.
Thu Dec 10 10:57:25 EST 2020: Peer 1009 has downloaded the 'PIECE' 11 from 1005.Now the number of pieces it has is 67
Thu Dec 10 10:57:25 EST 2020: Peer 1009 received the 'not interested' message from 1004.
Thu Dec 10 10:57:25 EST 2020: Peer 1009 has downloaded the complete file.
Thu Dec 10 10:57:25 EST 2020: Peer 1009 received the 'not interested' message from 1006.
Thu Dec 10 10:57:25 EST 2020: Peer 1009 received the 'not interested' message from 1007.
Thu Dec 10 10:57:25 EST 2020: Peer 1009 received the 'not interested' message from 1002.
Thu Dec 10 10:57:25 EST 2020: REQUEST to peer 1007.
Thu Dec 10 10:57:25 EST 2020: Peer 1009 received the 'not interested' message from 1008.
Thu Dec 10 10:57:25 EST 2020: Peer 1009 has downloaded the 'PIECE' 11 from 1007.Now the number of pieces it has is 67
Thu Dec 10 10:57:25 EST 2020: Peer 1009 has downloaded the complete file.
Thu Dec 10 10:57:25 EST 2020: Peer 1009 received the 'not interested' message from 1004.
Thu Dec 10 10:57:25 EST 2020: Peer 1009 received the 'not interested' message from 1006.
Thu Dec 10 10:57:26 EST 2020: Peer 1009 received the 'not interested' message from 1002.
Thu Dec 10 10:57:26 EST 2020: REQUEST to peer 1008.
Thu Dec 10 10:57:26 EST 2020: Peer 1009 received the 'not interested' message from 1008.
Thu Dec 10 10:57:26 EST 2020: Peer 1009 has downloaded the 'PIECE' 21 from 1008.Now the number of pieces it has is 67
Thu Dec 10 10:57:26 EST 2020: Peer 1009 has downloaded the complete file.
Thu Dec 10 10:57:26 EST 2020: Peer 1009 received the 'not interested' message from 1004.
Thu Dec 10 10:57:26 EST 2020: Peer 1009 received the 'not interested' message from 1006.
Thu Dec 10 10:57:26 EST 2020: Peer 1009 received the 'not interested' message from 1002.
Thu Dec 10 10:57:26 EST 2020: REQUEST to peer 1002.
Thu Dec 10 10:57:26 EST 2020: Peer 1009 has downloaded the 'PIECE' 21 from 1002.Now the number of pieces it has is 67
Thu Dec 10 10:57:26 EST 2020: Peer 1009 has downloaded the complete file.
Thu Dec 10 10:57:26 EST 2020: Peer 1009 received the 'not interested' message from 1004.
Thu Dec 10 10:57:26 EST 2020: Peer 1009 received the 'not interested' message from 1006.
Thu Dec 10 10:57:26 EST 2020: REQUEST to peer 1006.
Thu Dec 10 10:57:26 EST 2020: Peer 1009 has downloaded the 'PIECE' 21 from 1006.Now the number of pieces it has is 67
Thu Dec 10 10:57:26 EST 2020: Peer 1009 has downloaded the complete file.
Thu Dec 10 10:57:26 EST 2020: Peer 1009 received the 'not interested' message from 1004.
Thu Dec 10 10:57:26 EST 2020: REQUEST to peer 1004.
Thu Dec 10 10:57:26 EST 2020: Peer 1009 has downloaded the 'PIECE' 11 from 1004.Now the number of pieces it has is 67
Thu Dec 10 10:57:26 EST 2020: Peer 1009 has downloaded the complete file.
