Sat Dec 12 21:36:46 EST 2020: Peer 1007 makes a TCP Connection to Peer 1004.
Sat Dec 12 21:36:46 EST 2020: Building HANDSHAKE from 1007 to 1004.
Sat Dec 12 21:36:46 EST 2020: Exchanging BITFIELD message from 1007 to 1004.
Sat Dec 12 21:36:46 EST 2020: Peer 1007 makes a TCP Connection to Peer 1001.
Sat Dec 12 21:36:46 EST 2020: Building HANDSHAKE from 1007 to 1001.
Sat Dec 12 21:36:46 EST 2020: Exchanging BITFIELD message from 1007 to 1001.
Sat Dec 12 21:36:46 EST 2020: Peer 1007 makes a TCP Connection to Peer 1005.
Sat Dec 12 21:36:46 EST 2020: Building HANDSHAKE from 1007 to 1005.
Sat Dec 12 21:36:46 EST 2020: Exchanging BITFIELD message from 1007 to 1005.
Sat Dec 12 21:36:46 EST 2020: Peer 1007 makes a TCP Connection to Peer 1003.
Sat Dec 12 21:36:46 EST 2020: Building HANDSHAKE from 1007 to 1003.
Sat Dec 12 21:36:46 EST 2020: Exchanging BITFIELD message from 1007 to 1003.
Sat Dec 12 21:36:46 EST 2020: Peer 1007 makes a TCP Connection to Peer 1006.
Sat Dec 12 21:36:46 EST 2020: Building HANDSHAKE from 1007 to 1006.
Sat Dec 12 21:36:46 EST 2020: Exchanging BITFIELD message from 1007 to 1006.
Sat Dec 12 21:36:46 EST 2020: Peer 1007 makes a TCP Connection to Peer 1002.
Sat Dec 12 21:36:46 EST 2020: Building HANDSHAKE from 1007 to 1002.
Sat Dec 12 21:36:46 EST 2020: Exchanging BITFIELD message from 1007 to 1002.
Sat Dec 12 21:36:46 EST 2020: Peer 1007 is unchoked by 1004.
Sat Dec 12 21:36:46 EST 2020: Peer 1007 is unchoked by 1001.
Sat Dec 12 21:36:46 EST 2020: Peer 1007 is unchoked by 1005.
Sat Dec 12 21:36:46 EST 2020: Peer 1007 is unchoked by 1003.
Sat Dec 12 21:36:46 EST 2020: Peer 1007 is unchoked by 1006.
Sat Dec 12 21:36:46 EST 2020: REQUEST to peer 1004.
Sat Dec 12 21:36:46 EST 2020: REQUEST to peer 1006.
Sat Dec 12 21:36:46 EST 2020: REQUEST to peer 1003.
Sat Dec 12 21:36:46 EST 2020: Peer 1007 has downloaded the 'PIECE' 62 from 1004.Now the number of pieces it has is 1
Sat Dec 12 21:36:46 EST 2020: Peer 1007 is unchoked by 1002.
Sat Dec 12 21:36:46 EST 2020: REQUEST to peer 1005.
Sat Dec 12 21:36:46 EST 2020: Peer 1007 has downloaded the 'PIECE' 29 from 1006.Now the number of pieces it has is 2
Sat Dec 12 21:36:46 EST 2020: Peer 1007 has downloaded the 'PIECE' 41 from 1003.Now the number of pieces it has is 3
Sat Dec 12 21:36:46 EST 2020: Peer 1007 has downloaded the 'PIECE' 12 from 1005.Now the number of pieces it has is 4
Sat Dec 12 21:36:46 EST 2020: REQUEST to peer 1001.
Sat Dec 12 21:36:46 EST 2020: Peer 1007 has downloaded the 'PIECE' 27 from 1001.Now the number of pieces it has is 5
Sat Dec 12 21:36:46 EST 2020: Peer 1007 received the 'not interested' message from 1001.
Sat Dec 12 21:36:46 EST 2020: Peer 1007 received the 'not interested' message from 1002.
Sat Dec 12 21:36:46 EST 2020: Peer 1007 received the 'not interested' message from 1004.
Sat Dec 12 21:36:46 EST 2020: REQUEST to peer 1004.
Sat Dec 12 21:36:46 EST 2020: Peer 1007 received the 'not interested' message from 1003.
Sat Dec 12 21:36:46 EST 2020: REQUEST to peer 1002.
Sat Dec 12 21:36:46 EST 2020: Peer 1007 received the 'not interested' message from 1006.
Sat Dec 12 21:36:46 EST 2020: Peer 1007 received the 'not interested' message from 1005.
Sat Dec 12 21:36:46 EST 2020: Peer 1007 has downloaded the 'PIECE' 23 from 1004.Now the number of pieces it has is 6
Sat Dec 12 21:36:46 EST 2020: Peer 1007 has downloaded the 'PIECE' 5 from 1002.Now the number of pieces it has is 7
Sat Dec 12 21:36:46 EST 2020: Peer 1007 received the 'not interested' message from 1001.
Sat Dec 12 21:36:46 EST 2020: Peer 1007 received the 'not interested' message from 1006.
Sat Dec 12 21:36:46 EST 2020: Peer 1007 received the 'not interested' message from 1002.
Sat Dec 12 21:36:46 EST 2020: Peer 1007 received the 'not interested' message from 1004.
Sat Dec 12 21:36:47 EST 2020: Peer 1007 received the 'not interested' message from 1005.
Sat Dec 12 21:36:47 EST 2020: REQUEST to peer 1006.
Sat Dec 12 21:36:47 EST 2020: Peer 1007 received the 'not interested' message from 1003.
Sat Dec 12 21:36:47 EST 2020: Peer 1007 has downloaded the 'PIECE' 64 from 1006.Now the number of pieces it has is 8
Sat Dec 12 21:36:47 EST 2020: Peer 1007 received the 'not interested' message from 1001.
Sat Dec 12 21:36:47 EST 2020: Peer 1007 received the 'not interested' message from 1006.
Sat Dec 12 21:36:47 EST 2020: Peer 1007 received the 'not interested' message from 1002.
Sat Dec 12 21:36:47 EST 2020: Peer 1007 received the 'not interested' message from 1004.
Sat Dec 12 21:36:47 EST 2020: REQUEST to peer 1003.
Sat Dec 12 21:36:47 EST 2020: Peer 1007 received the 'not interested' message from 1005.
Sat Dec 12 21:36:47 EST 2020: Peer 1007 received the 'not interested' message from 1003.
Sat Dec 12 21:36:47 EST 2020: Peer 1007 has downloaded the 'PIECE' 42 from 1003.Now the number of pieces it has is 9
Sat Dec 12 21:36:47 EST 2020: Peer 1007 received the 'not interested' message from 1001.
Sat Dec 12 21:36:47 EST 2020: Peer 1007 is choked by 1006.
Sat Dec 12 21:36:47 EST 2020: Peer 1007 received the 'not interested' message from 1006.
Sat Dec 12 21:36:47 EST 2020: Peer 1007 received the 'not interested' message from 1002.
Sat Dec 12 21:36:47 EST 2020: Peer 1007 received the 'not interested' message from 1004.
Sat Dec 12 21:36:47 EST 2020: Peer 1007 received the 'not interested' message from 1005.
Sat Dec 12 21:36:47 EST 2020: REQUEST to peer 1005.
Sat Dec 12 21:36:47 EST 2020: Peer 1007 received the 'not interested' message from 1003.
Sat Dec 12 21:36:47 EST 2020: Peer 1007 has downloaded the 'PIECE' 1 from 1005.Now the number of pieces it has is 10
Sat Dec 12 21:36:47 EST 2020: Peer 1007 received the 'not interested' message from 1006.
Sat Dec 12 21:36:47 EST 2020: Peer 1007 received the 'not interested' message from 1001.
Sat Dec 12 21:36:47 EST 2020: Peer 1007 received the 'not interested' message from 1002.
Sat Dec 12 21:36:47 EST 2020: Peer 1007 received the 'not interested' message from 1004.
Sat Dec 12 21:36:47 EST 2020: Peer 1007 received the 'not interested' message from 1005.
Sat Dec 12 21:36:47 EST 2020: REQUEST to peer 1001.
Sat Dec 12 21:36:47 EST 2020: Peer 1007 received the 'not interested' message from 1003.
Sat Dec 12 21:36:47 EST 2020: Peer 1007 has downloaded the 'PIECE' 37 from 1001.Now the number of pieces it has is 11
Sat Dec 12 21:36:47 EST 2020: Peer 1007 received the 'not interested' message from 1006.
Sat Dec 12 21:36:47 EST 2020: Peer 1007 received the 'not interested' message from 1001.
Sat Dec 12 21:36:47 EST 2020: Peer 1007 received the 'not interested' message from 1002.
Sat Dec 12 21:36:47 EST 2020: Peer 1007 is choked by 1003.
Sat Dec 12 21:36:48 EST 2020: Peer 1007 is choked by 1005.
Sat Dec 12 21:36:48 EST 2020: Peer 1007 received the 'not interested' message from 1004.
Sat Dec 12 21:36:48 EST 2020: Peer 1007 received the 'not interested' message from 1005.
Sat Dec 12 21:36:48 EST 2020: Peer 1007 received the 'not interested' message from 1003.
Sat Dec 12 21:36:48 EST 2020: REQUEST to peer 1004.
Sat Dec 12 21:36:48 EST 2020: Peer 1007 has downloaded the 'PIECE' 15 from 1004.Now the number of pieces it has is 12
Sat Dec 12 21:36:48 EST 2020: Peer 1007 received the 'not interested' message from 1001.
Sat Dec 12 21:36:48 EST 2020: Peer 1007 received the 'not interested' message from 1006.
Sat Dec 12 21:36:48 EST 2020: Peer 1007 received the 'not interested' message from 1002.
Sat Dec 12 21:36:48 EST 2020: Peer 1007 received the 'not interested' message from 1004.
Sat Dec 12 21:36:48 EST 2020: Peer 1007 received the 'not interested' message from 1005.
Sat Dec 12 21:36:48 EST 2020: REQUEST to peer 1002.
Sat Dec 12 21:36:48 EST 2020: Peer 1007 received the 'not interested' message from 1003.
Sat Dec 12 21:36:48 EST 2020: Peer 1007 has downloaded the 'PIECE' 38 from 1002.Now the number of pieces it has is 13
Sat Dec 12 21:36:48 EST 2020: Peer 1007 received the 'not interested' message from 1001.
Sat Dec 12 21:36:48 EST 2020: Peer 1007 received the 'not interested' message from 1006.
Sat Dec 12 21:36:48 EST 2020: Peer 1007 received the 'not interested' message from 1002.
Sat Dec 12 21:36:48 EST 2020: Peer 1007 received the 'not interested' message from 1004.
Sat Dec 12 21:36:48 EST 2020: Peer 1007 received the 'not interested' message from 1005.
Sat Dec 12 21:36:48 EST 2020: REQUEST to peer 1006.
Sat Dec 12 21:36:48 EST 2020: Peer 1007 received the 'not interested' message from 1003.
Sat Dec 12 21:36:48 EST 2020: Peer 1007 received the 'not interested' message from 1001.
Sat Dec 12 21:36:48 EST 2020: Peer 1007 has downloaded the 'PIECE' 4 from 1006.Now the number of pieces it has is 14
Sat Dec 12 21:36:48 EST 2020: Peer 1007 received the 'not interested' message from 1006.
Sat Dec 12 21:36:48 EST 2020: Peer 1007 received the 'not interested' message from 1002.
Sat Dec 12 21:36:48 EST 2020: Peer 1007 received the 'not interested' message from 1004.
Sat Dec 12 21:36:48 EST 2020: Peer 1007 received the 'not interested' message from 1005.
Sat Dec 12 21:36:48 EST 2020: REQUEST to peer 1003.
Sat Dec 12 21:36:48 EST 2020: Peer 1007 received the 'not interested' message from 1003.
Sat Dec 12 21:36:48 EST 2020: Peer 1007 has downloaded the 'PIECE' 9 from 1003.Now the number of pieces it has is 15
Sat Dec 12 21:36:48 EST 2020: Peer 1007 received the 'not interested' message from 1001.
Sat Dec 12 21:36:48 EST 2020: Peer 1007 received the 'not interested' message from 1006.
Sat Dec 12 21:36:48 EST 2020: Peer 1007 received the 'not interested' message from 1002.
Sat Dec 12 21:36:48 EST 2020: Peer 1007 received the 'not interested' message from 1004.
Sat Dec 12 21:36:48 EST 2020: Peer 1007 received the 'not interested' message from 1005.
Sat Dec 12 21:36:48 EST 2020: Peer 1007 received the 'not interested' message from 1003.
Sat Dec 12 21:36:48 EST 2020: REQUEST to peer 1005.
Sat Dec 12 21:36:48 EST 2020: Peer 1007 has downloaded the 'PIECE' 50 from 1005.Now the number of pieces it has is 16
Sat Dec 12 21:36:48 EST 2020: Peer 1007 received the 'not interested' message from 1001.
Sat Dec 12 21:36:48 EST 2020: Peer 1007 received the 'not interested' message from 1006.
Sat Dec 12 21:36:48 EST 2020: Peer 1007 received the 'not interested' message from 1002.
Sat Dec 12 21:36:48 EST 2020: Peer 1007 received the 'not interested' message from 1004.
Sat Dec 12 21:36:48 EST 2020: Peer 1007 received the 'not interested' message from 1005.
Sat Dec 12 21:36:48 EST 2020: REQUEST to peer 1001.
Sat Dec 12 21:36:48 EST 2020: Peer 1007 received the 'not interested' message from 1003.
Sat Dec 12 21:36:48 EST 2020: Peer 1007 has downloaded the 'PIECE' 18 from 1001.Now the number of pieces it has is 17
Sat Dec 12 21:36:48 EST 2020: Peer 1007 received the 'not interested' message from 1001.
Sat Dec 12 21:36:48 EST 2020: Peer 1007 received the 'not interested' message from 1006.
Sat Dec 12 21:36:48 EST 2020: Peer 1007 received the 'not interested' message from 1004.
Sat Dec 12 21:36:48 EST 2020: Peer 1007 received the 'not interested' message from 1002.
Sat Dec 12 21:36:48 EST 2020: Peer 1007 received the 'not interested' message from 1005.
Sat Dec 12 21:36:48 EST 2020: REQUEST to peer 1004.
Sat Dec 12 21:36:48 EST 2020: Peer 1007 received the 'not interested' message from 1003.
Sat Dec 12 21:36:48 EST 2020: Peer 1007 has downloaded the 'PIECE' 52 from 1004.Now the number of pieces it has is 18
Sat Dec 12 21:36:48 EST 2020: Peer 1007 received the 'not interested' message from 1001.
Sat Dec 12 21:36:48 EST 2020: Peer 1007 received the 'not interested' message from 1006.
Sat Dec 12 21:36:48 EST 2020: Peer 1007 received the 'not interested' message from 1002.
Sat Dec 12 21:36:48 EST 2020: Peer 1007 received the 'not interested' message from 1004.
Sat Dec 12 21:36:48 EST 2020: Peer 1007 received the 'not interested' message from 1005.
Sat Dec 12 21:36:48 EST 2020: REQUEST to peer 1002.
Sat Dec 12 21:36:48 EST 2020: Peer 1007 received the 'not interested' message from 1003.
Sat Dec 12 21:36:48 EST 2020: Peer 1007 has downloaded the 'PIECE' 55 from 1002.Now the number of pieces it has is 19
Sat Dec 12 21:36:48 EST 2020: Peer 1007 received the 'not interested' message from 1001.
Sat Dec 12 21:36:48 EST 2020: Peer 1007 received the 'not interested' message from 1006.
Sat Dec 12 21:36:48 EST 2020: Peer 1007 received the 'not interested' message from 1002.
Sat Dec 12 21:36:48 EST 2020: Peer 1007 received the 'not interested' message from 1004.
Sat Dec 12 21:36:48 EST 2020: Peer 1007 received the 'not interested' message from 1005.
Sat Dec 12 21:36:48 EST 2020: REQUEST to peer 1006.
Sat Dec 12 21:36:48 EST 2020: Peer 1007 received the 'not interested' message from 1003.
Sat Dec 12 21:36:48 EST 2020: Peer 1007 has downloaded the 'PIECE' 40 from 1006.Now the number of pieces it has is 20
Sat Dec 12 21:36:48 EST 2020: Peer 1007 received the 'not interested' message from 1001.
Sat Dec 12 21:36:48 EST 2020: Peer 1007 received the 'not interested' message from 1006.
Sat Dec 12 21:36:48 EST 2020: Peer 1007 received the 'not interested' message from 1002.
Sat Dec 12 21:36:48 EST 2020: Peer 1007 received the 'not interested' message from 1004.
Sat Dec 12 21:36:48 EST 2020: Peer 1007 received the 'not interested' message from 1005.
Sat Dec 12 21:36:48 EST 2020: REQUEST to peer 1003.
Sat Dec 12 21:36:48 EST 2020: Peer 1007 received the 'not interested' message from 1003.
Sat Dec 12 21:36:48 EST 2020: Peer 1007 has downloaded the 'PIECE' 3 from 1003.Now the number of pieces it has is 21
Sat Dec 12 21:36:48 EST 2020: Peer 1007 received the 'not interested' message from 1001.
Sat Dec 12 21:36:48 EST 2020: Peer 1007 received the 'not interested' message from 1006.
Sat Dec 12 21:36:48 EST 2020: Peer 1007 received the 'not interested' message from 1002.
Sat Dec 12 21:36:48 EST 2020: Peer 1007 received the 'not interested' message from 1004.
Sat Dec 12 21:36:48 EST 2020: Peer 1007 received the 'not interested' message from 1005.
Sat Dec 12 21:36:48 EST 2020: REQUEST to peer 1005.
Sat Dec 12 21:36:48 EST 2020: Peer 1007 received the 'not interested' message from 1003.
Sat Dec 12 21:36:48 EST 2020: Peer 1007 has downloaded the 'PIECE' 51 from 1005.Now the number of pieces it has is 22
Sat Dec 12 21:36:48 EST 2020: Peer 1007 received the 'not interested' message from 1006.
Sat Dec 12 21:36:48 EST 2020: Peer 1007 received the 'not interested' message from 1001.
Sat Dec 12 21:36:48 EST 2020: Peer 1007 is choked by 1001.
Sat Dec 12 21:36:48 EST 2020: Peer 1007 received the 'not interested' message from 1002.
Sat Dec 12 21:36:48 EST 2020: Peer 1007 received the 'not interested' message from 1004.
Sat Dec 12 21:36:48 EST 2020: Peer 1007 received the 'not interested' message from 1005.
Sat Dec 12 21:36:48 EST 2020: REQUEST to peer 1001.
Sat Dec 12 21:36:48 EST 2020: Peer 1007 received the 'not interested' message from 1003.
Sat Dec 12 21:36:48 EST 2020: Peer 1007 has downloaded the 'PIECE' 48 from 1001.Now the number of pieces it has is 23
Sat Dec 12 21:36:48 EST 2020: Peer 1007 received the 'not interested' message from 1001.
Sat Dec 12 21:36:48 EST 2020: Peer 1007 received the 'not interested' message from 1006.
Sat Dec 12 21:36:48 EST 2020: Peer 1007 received the 'not interested' message from 1002.
Sat Dec 12 21:36:48 EST 2020: Peer 1007 received the 'not interested' message from 1004.
Sat Dec 12 21:36:48 EST 2020: Peer 1007 received the 'not interested' message from 1005.
Sat Dec 12 21:36:48 EST 2020: REQUEST to peer 1004.
Sat Dec 12 21:36:48 EST 2020: Peer 1007 received the 'not interested' message from 1003.
Sat Dec 12 21:36:48 EST 2020: Peer 1007 has downloaded the 'PIECE' 44 from 1004.Now the number of pieces it has is 24
Sat Dec 12 21:36:48 EST 2020: Peer 1007 received the 'not interested' message from 1001.
Sat Dec 12 21:36:48 EST 2020: Peer 1007 received the 'not interested' message from 1006.
Sat Dec 12 21:36:48 EST 2020: Peer 1007 received the 'not interested' message from 1002.
Sat Dec 12 21:36:48 EST 2020: Peer 1007 received the 'not interested' message from 1004.
Sat Dec 12 21:36:48 EST 2020: Peer 1007 received the 'not interested' message from 1005.
Sat Dec 12 21:36:48 EST 2020: REQUEST to peer 1002.
Sat Dec 12 21:36:48 EST 2020: Peer 1007 received the 'not interested' message from 1003.
Sat Dec 12 21:36:48 EST 2020: Peer 1007 has downloaded the 'PIECE' 44 from 1002.Now the number of pieces it has is 24
Sat Dec 12 21:36:48 EST 2020: Peer 1007 received the 'not interested' message from 1001.
Sat Dec 12 21:36:48 EST 2020: Peer 1007 received the 'not interested' message from 1006.
Sat Dec 12 21:36:48 EST 2020: Peer 1007 received the 'not interested' message from 1002.
Sat Dec 12 21:36:48 EST 2020: Peer 1007 received the 'not interested' message from 1004.
Sat Dec 12 21:36:48 EST 2020: Peer 1007 received the 'not interested' message from 1005.
Sat Dec 12 21:36:48 EST 2020: REQUEST to peer 1006.
Sat Dec 12 21:36:48 EST 2020: Peer 1007 received the 'not interested' message from 1003.
Sat Dec 12 21:36:48 EST 2020: Peer 1007 has downloaded the 'PIECE' 56 from 1006.Now the number of pieces it has is 25
Sat Dec 12 21:36:48 EST 2020: Peer 1007 received the 'not interested' message from 1001.
Sat Dec 12 21:36:48 EST 2020: Peer 1007 received the 'not interested' message from 1002.
Sat Dec 12 21:36:48 EST 2020: Peer 1007 received the 'not interested' message from 1006.
Sat Dec 12 21:36:48 EST 2020: Peer 1007 received the 'not interested' message from 1004.
Sat Dec 12 21:36:48 EST 2020: Peer 1007 received the 'not interested' message from 1005.
Sat Dec 12 21:36:48 EST 2020: REQUEST to peer 1003.
Sat Dec 12 21:36:48 EST 2020: Peer 1007 received the 'not interested' message from 1003.
Sat Dec 12 21:36:48 EST 2020: Peer 1007 has downloaded the 'PIECE' 34 from 1003.Now the number of pieces it has is 26
Sat Dec 12 21:36:48 EST 2020: Peer 1007 received the 'not interested' message from 1001.
Sat Dec 12 21:36:48 EST 2020: Peer 1007 received the 'not interested' message from 1006.
Sat Dec 12 21:36:48 EST 2020: Peer 1007 received the 'not interested' message from 1002.
Sat Dec 12 21:36:48 EST 2020: Peer 1007 received the 'not interested' message from 1004.
Sat Dec 12 21:36:48 EST 2020: Peer 1007 received the 'not interested' message from 1005.
Sat Dec 12 21:36:48 EST 2020: REQUEST to peer 1005.
Sat Dec 12 21:36:48 EST 2020: Peer 1007 received the 'not interested' message from 1003.
Sat Dec 12 21:36:48 EST 2020: Peer 1007 has downloaded the 'PIECE' 6 from 1005.Now the number of pieces it has is 27
Sat Dec 12 21:36:48 EST 2020: Peer 1007 received the 'not interested' message from 1001.
Sat Dec 12 21:36:48 EST 2020: Peer 1007 received the 'not interested' message from 1006.
Sat Dec 12 21:36:48 EST 2020: Peer 1007 received the 'not interested' message from 1002.
Sat Dec 12 21:36:48 EST 2020: Peer 1007 received the 'not interested' message from 1004.
Sat Dec 12 21:36:48 EST 2020: Peer 1007 received the 'not interested' message from 1005.
Sat Dec 12 21:36:48 EST 2020: REQUEST to peer 1001.
Sat Dec 12 21:36:48 EST 2020: Peer 1007 received the 'not interested' message from 1003.
Sat Dec 12 21:36:48 EST 2020: Peer 1007 has downloaded the 'PIECE' 26 from 1001.Now the number of pieces it has is 28
Sat Dec 12 21:36:48 EST 2020: Peer 1007 received the 'not interested' message from 1001.
Sat Dec 12 21:36:48 EST 2020: Peer 1007 received the 'not interested' message from 1006.
Sat Dec 12 21:36:48 EST 2020: Peer 1007 received the 'not interested' message from 1002.
Sat Dec 12 21:36:48 EST 2020: Peer 1007 received the 'not interested' message from 1004.
Sat Dec 12 21:36:48 EST 2020: Peer 1007 received the 'not interested' message from 1005.
Sat Dec 12 21:36:48 EST 2020: REQUEST to peer 1004.
Sat Dec 12 21:36:48 EST 2020: Peer 1007 received the 'not interested' message from 1003.
Sat Dec 12 21:36:48 EST 2020: Peer 1007 received the 'not interested' message from 1001.
Sat Dec 12 21:36:48 EST 2020: Peer 1007 has downloaded the 'PIECE' 58 from 1004.Now the number of pieces it has is 29
Sat Dec 12 21:36:48 EST 2020: Peer 1007 received the 'not interested' message from 1006.
Sat Dec 12 21:36:48 EST 2020: Peer 1007 received the 'not interested' message from 1002.
Sat Dec 12 21:36:48 EST 2020: Peer 1007 received the 'not interested' message from 1004.
Sat Dec 12 21:36:48 EST 2020: Peer 1007 received the 'not interested' message from 1005.
Sat Dec 12 21:36:48 EST 2020: REQUEST to peer 1002.
Sat Dec 12 21:36:48 EST 2020: Peer 1007 received the 'not interested' message from 1003.
Sat Dec 12 21:36:48 EST 2020: Peer 1007 received the 'not interested' message from 1001.
Sat Dec 12 21:36:48 EST 2020: Peer 1007 has downloaded the 'PIECE' 14 from 1002.Now the number of pieces it has is 30
Sat Dec 12 21:36:48 EST 2020: Peer 1007 received the 'not interested' message from 1006.
Sat Dec 12 21:36:48 EST 2020: Peer 1007 received the 'not interested' message from 1002.
Sat Dec 12 21:36:48 EST 2020: Peer 1007 received the 'not interested' message from 1004.
Sat Dec 12 21:36:48 EST 2020: Peer 1007 received the 'not interested' message from 1005.
Sat Dec 12 21:36:48 EST 2020: Peer 1007 received the 'not interested' message from 1003.
Sat Dec 12 21:36:48 EST 2020: REQUEST to peer 1006.
Sat Dec 12 21:36:48 EST 2020: Peer 1007 has downloaded the 'PIECE' 54 from 1006.Now the number of pieces it has is 31
Sat Dec 12 21:36:48 EST 2020: Peer 1007 received the 'not interested' message from 1001.
Sat Dec 12 21:36:48 EST 2020: Peer 1007 received the 'not interested' message from 1006.
Sat Dec 12 21:36:48 EST 2020: Peer 1007 received the 'not interested' message from 1002.
Sat Dec 12 21:36:48 EST 2020: Peer 1007 received the 'not interested' message from 1004.
Sat Dec 12 21:36:48 EST 2020: Peer 1007 received the 'not interested' message from 1005.
Sat Dec 12 21:36:48 EST 2020: REQUEST to peer 1003.
Sat Dec 12 21:36:48 EST 2020: Peer 1007 received the 'not interested' message from 1003.
Sat Dec 12 21:36:48 EST 2020: Peer 1007 has downloaded the 'PIECE' 17 from 1003.Now the number of pieces it has is 32
Sat Dec 12 21:36:48 EST 2020: Peer 1007 received the 'not interested' message from 1001.
Sat Dec 12 21:36:48 EST 2020: Peer 1007 received the 'not interested' message from 1006.
Sat Dec 12 21:36:48 EST 2020: Peer 1007 received the 'not interested' message from 1002.
Sat Dec 12 21:36:48 EST 2020: Peer 1007 received the 'not interested' message from 1004.
Sat Dec 12 21:36:48 EST 2020: REQUEST to peer 1005.
Sat Dec 12 21:36:48 EST 2020: Peer 1007 received the 'not interested' message from 1005.
Sat Dec 12 21:36:48 EST 2020: Peer 1007 received the 'not interested' message from 1003.
Sat Dec 12 21:36:48 EST 2020: Peer 1007 has downloaded the 'PIECE' 49 from 1005.Now the number of pieces it has is 33
Sat Dec 12 21:36:48 EST 2020: Peer 1007 received the 'not interested' message from 1001.
Sat Dec 12 21:36:48 EST 2020: Peer 1007 received the 'not interested' message from 1006.
Sat Dec 12 21:36:48 EST 2020: Peer 1007 received the 'not interested' message from 1002.
Sat Dec 12 21:36:48 EST 2020: Peer 1007 received the 'not interested' message from 1004.
Sat Dec 12 21:36:48 EST 2020: Peer 1007 received the 'not interested' message from 1005.
Sat Dec 12 21:36:48 EST 2020: REQUEST to peer 1001.
Sat Dec 12 21:36:48 EST 2020: Peer 1007 received the 'not interested' message from 1003.
Sat Dec 12 21:36:48 EST 2020: Peer 1007 has downloaded the 'PIECE' 66 from 1001.Now the number of pieces it has is 34
Sat Dec 12 21:36:48 EST 2020: Peer 1007 received the 'not interested' message from 1001.
Sat Dec 12 21:36:48 EST 2020: Peer 1007 received the 'not interested' message from 1006.
Sat Dec 12 21:36:48 EST 2020: Peer 1007 received the 'not interested' message from 1002.
Sat Dec 12 21:36:48 EST 2020: Peer 1007 received the 'not interested' message from 1004.
Sat Dec 12 21:36:48 EST 2020: Peer 1007 received the 'not interested' message from 1005.
Sat Dec 12 21:36:48 EST 2020: REQUEST to peer 1004.
Sat Dec 12 21:36:48 EST 2020: Peer 1007 received the 'not interested' message from 1003.
Sat Dec 12 21:36:48 EST 2020: Peer 1007 has downloaded the 'PIECE' 54 from 1004.Now the number of pieces it has is 34
Sat Dec 12 21:36:48 EST 2020: Peer 1007 received the 'not interested' message from 1001.
Sat Dec 12 21:36:48 EST 2020: Peer 1007 received the 'not interested' message from 1006.
Sat Dec 12 21:36:48 EST 2020: Peer 1007 received the 'not interested' message from 1002.
Sat Dec 12 21:36:48 EST 2020: Peer 1007 received the 'not interested' message from 1004.
Sat Dec 12 21:36:48 EST 2020: Peer 1007 received the 'not interested' message from 1005.
Sat Dec 12 21:36:48 EST 2020: REQUEST to peer 1002.
Sat Dec 12 21:36:48 EST 2020: Peer 1007 received the 'not interested' message from 1003.
Sat Dec 12 21:36:48 EST 2020: Peer 1007 has downloaded the 'PIECE' 47 from 1002.Now the number of pieces it has is 35
Sat Dec 12 21:36:48 EST 2020: Peer 1007 received the 'not interested' message from 1001.
Sat Dec 12 21:36:48 EST 2020: Peer 1007 received the 'not interested' message from 1006.
Sat Dec 12 21:36:48 EST 2020: Peer 1007 received the 'not interested' message from 1002.
Sat Dec 12 21:36:48 EST 2020: Peer 1007 received the 'not interested' message from 1004.
Sat Dec 12 21:36:48 EST 2020: Peer 1007 received the 'not interested' message from 1005.
Sat Dec 12 21:36:48 EST 2020: Peer 1007 received the 'not interested' message from 1003.
Sat Dec 12 21:36:48 EST 2020: REQUEST to peer 1006.
Sat Dec 12 21:36:48 EST 2020: Peer 1007 received the 'not interested' message from 1001.
Sat Dec 12 21:36:48 EST 2020: Peer 1007 has downloaded the 'PIECE' 61 from 1006.Now the number of pieces it has is 36
Sat Dec 12 21:36:48 EST 2020: Peer 1007 received the 'not interested' message from 1006.
Sat Dec 12 21:36:48 EST 2020: Peer 1007 received the 'not interested' message from 1002.
Sat Dec 12 21:36:48 EST 2020: Peer 1007 received the 'not interested' message from 1004.
Sat Dec 12 21:36:48 EST 2020: Peer 1007 received the 'not interested' message from 1005.
Sat Dec 12 21:36:48 EST 2020: REQUEST to peer 1003.
Sat Dec 12 21:36:48 EST 2020: Peer 1007 received the 'not interested' message from 1003.
Sat Dec 12 21:36:48 EST 2020: Peer 1007 has downloaded the 'PIECE' 2 from 1003.Now the number of pieces it has is 37
Sat Dec 12 21:36:48 EST 2020: Peer 1007 received the 'not interested' message from 1001.
Sat Dec 12 21:36:48 EST 2020: Peer 1007 received the 'not interested' message from 1006.
Sat Dec 12 21:36:48 EST 2020: Peer 1007 received the 'not interested' message from 1002.
Sat Dec 12 21:36:48 EST 2020: Peer 1007 received the 'not interested' message from 1004.
Sat Dec 12 21:36:48 EST 2020: Peer 1007 received the 'not interested' message from 1005.
Sat Dec 12 21:36:48 EST 2020: REQUEST to peer 1005.
Sat Dec 12 21:36:48 EST 2020: Peer 1007 received the 'not interested' message from 1003.
Sat Dec 12 21:36:48 EST 2020: Peer 1007 is choked by 1002.
Sat Dec 12 21:36:48 EST 2020: Peer 1007 has downloaded the 'PIECE' 66 from 1005.Now the number of pieces it has is 37
Sat Dec 12 21:36:48 EST 2020: Peer 1007 received the 'not interested' message from 1001.
Sat Dec 12 21:36:48 EST 2020: Peer 1007 received the 'not interested' message from 1006.
Sat Dec 12 21:36:48 EST 2020: Peer 1007 received the 'not interested' message from 1002.
Sat Dec 12 21:36:48 EST 2020: Peer 1007 received the 'not interested' message from 1004.
Sat Dec 12 21:36:48 EST 2020: Peer 1007 received the 'not interested' message from 1005.
Sat Dec 12 21:36:48 EST 2020: REQUEST to peer 1001.
Sat Dec 12 21:36:48 EST 2020: Peer 1007 received the 'not interested' message from 1003.
Sat Dec 12 21:36:48 EST 2020: Peer 1007 has downloaded the 'PIECE' 7 from 1001.Now the number of pieces it has is 38
Sat Dec 12 21:36:48 EST 2020: Peer 1007 received the 'not interested' message from 1001.
Sat Dec 12 21:36:48 EST 2020: Peer 1007 received the 'not interested' message from 1002.
Sat Dec 12 21:36:48 EST 2020: Peer 1007 received the 'not interested' message from 1006.
Sat Dec 12 21:36:48 EST 2020: Peer 1007 received the 'not interested' message from 1004.
Sat Dec 12 21:36:48 EST 2020: Peer 1007 received the 'not interested' message from 1005.
Sat Dec 12 21:36:48 EST 2020: REQUEST to peer 1004.
Sat Dec 12 21:36:48 EST 2020: Peer 1007 received the 'not interested' message from 1003.
Sat Dec 12 21:36:48 EST 2020: Peer 1007 has downloaded the 'PIECE' 30 from 1004.Now the number of pieces it has is 39
Sat Dec 12 21:36:48 EST 2020: Peer 1007 received the 'not interested' message from 1006.
Sat Dec 12 21:36:48 EST 2020: Peer 1007 received the 'not interested' message from 1001.
Sat Dec 12 21:36:48 EST 2020: Peer 1007 received the 'not interested' message from 1002.
Sat Dec 12 21:36:48 EST 2020: Peer 1007 received the 'not interested' message from 1004.
Sat Dec 12 21:36:48 EST 2020: Peer 1007 received the 'not interested' message from 1005.
Sat Dec 12 21:36:48 EST 2020: REQUEST to peer 1002.
Sat Dec 12 21:36:48 EST 2020: Peer 1007 received the 'not interested' message from 1003.
Sat Dec 12 21:36:48 EST 2020: Peer 1007 has downloaded the 'PIECE' 13 from 1002.Now the number of pieces it has is 40
Sat Dec 12 21:36:48 EST 2020: Peer 1007 received the 'not interested' message from 1001.
Sat Dec 12 21:36:48 EST 2020: Peer 1007 received the 'not interested' message from 1006.
Sat Dec 12 21:36:48 EST 2020: Peer 1007 received the 'not interested' message from 1004.
Sat Dec 12 21:36:48 EST 2020: Peer 1007 received the 'not interested' message from 1002.
Sat Dec 12 21:36:48 EST 2020: REQUEST to peer 1006.
Sat Dec 12 21:36:48 EST 2020: Peer 1007 received the 'not interested' message from 1005.
Sat Dec 12 21:36:48 EST 2020: Peer 1007 received the 'not interested' message from 1003.
Sat Dec 12 21:36:48 EST 2020: Peer 1007 has downloaded the 'PIECE' 57 from 1006.Now the number of pieces it has is 41
Sat Dec 12 21:36:48 EST 2020: Peer 1007 received the 'not interested' message from 1001.
Sat Dec 12 21:36:48 EST 2020: Peer 1007 received the 'not interested' message from 1006.
Sat Dec 12 21:36:48 EST 2020: Peer 1007 received the 'not interested' message from 1002.
Sat Dec 12 21:36:48 EST 2020: Peer 1007 received the 'not interested' message from 1004.
Sat Dec 12 21:36:48 EST 2020: Peer 1007 received the 'not interested' message from 1005.
Sat Dec 12 21:36:48 EST 2020: REQUEST to peer 1003.
Sat Dec 12 21:36:48 EST 2020: Peer 1007 received the 'not interested' message from 1003.
Sat Dec 12 21:36:48 EST 2020: Peer 1007 has downloaded the 'PIECE' 43 from 1003.Now the number of pieces it has is 42
Sat Dec 12 21:36:48 EST 2020: Peer 1007 received the 'not interested' message from 1001.
Sat Dec 12 21:36:48 EST 2020: Peer 1007 received the 'not interested' message from 1006.
Sat Dec 12 21:36:48 EST 2020: Peer 1007 received the 'not interested' message from 1002.
Sat Dec 12 21:36:48 EST 2020: Peer 1007 received the 'not interested' message from 1004.
Sat Dec 12 21:36:48 EST 2020: Peer 1007 received the 'not interested' message from 1005.
Sat Dec 12 21:36:48 EST 2020: REQUEST to peer 1005.
Sat Dec 12 21:36:48 EST 2020: Peer 1007 received the 'not interested' message from 1003.
Sat Dec 12 21:36:48 EST 2020: Peer 1007 has downloaded the 'PIECE' 32 from 1005.Now the number of pieces it has is 43
Sat Dec 12 21:36:48 EST 2020: Peer 1007 received the 'not interested' message from 1001.
Sat Dec 12 21:36:48 EST 2020: Peer 1007 received the 'not interested' message from 1006.
Sat Dec 12 21:36:48 EST 2020: Peer 1007 received the 'not interested' message from 1002.
Sat Dec 12 21:36:48 EST 2020: Peer 1007 received the 'not interested' message from 1004.
Sat Dec 12 21:36:48 EST 2020: Peer 1007 received the 'not interested' message from 1005.
Sat Dec 12 21:36:48 EST 2020: REQUEST to peer 1001.
Sat Dec 12 21:36:48 EST 2020: Peer 1007 received the 'not interested' message from 1003.
Sat Dec 12 21:36:48 EST 2020: Peer 1007 has downloaded the 'PIECE' 35 from 1001.Now the number of pieces it has is 44
Sat Dec 12 21:36:48 EST 2020: Peer 1007 received the 'not interested' message from 1001.
Sat Dec 12 21:36:48 EST 2020: Peer 1007 received the 'not interested' message from 1006.
Sat Dec 12 21:36:48 EST 2020: Peer 1007 received the 'not interested' message from 1002.
Sat Dec 12 21:36:48 EST 2020: Peer 1007 received the 'not interested' message from 1004.
Sat Dec 12 21:36:48 EST 2020: Peer 1007 received the 'not interested' message from 1005.
Sat Dec 12 21:36:48 EST 2020: REQUEST to peer 1004.
Sat Dec 12 21:36:48 EST 2020: Peer 1007 received the 'not interested' message from 1003.
Sat Dec 12 21:36:48 EST 2020: Peer 1007 has downloaded the 'PIECE' 20 from 1004.Now the number of pieces it has is 45
Sat Dec 12 21:36:48 EST 2020: Peer 1007 received the 'not interested' message from 1001.
Sat Dec 12 21:36:48 EST 2020: Peer 1007 received the 'not interested' message from 1006.
Sat Dec 12 21:36:48 EST 2020: Peer 1007 received the 'not interested' message from 1002.
Sat Dec 12 21:36:48 EST 2020: Peer 1007 received the 'not interested' message from 1004.
Sat Dec 12 21:36:48 EST 2020: Peer 1007 received the 'not interested' message from 1005.
Sat Dec 12 21:36:48 EST 2020: REQUEST to peer 1002.
Sat Dec 12 21:36:48 EST 2020: Peer 1007 received the 'not interested' message from 1003.
Sat Dec 12 21:36:48 EST 2020: Peer 1007 has downloaded the 'PIECE' 43 from 1002.Now the number of pieces it has is 45
Sat Dec 12 21:36:48 EST 2020: Peer 1007 received the 'not interested' message from 1001.
Sat Dec 12 21:36:48 EST 2020: Peer 1007 received the 'not interested' message from 1006.
Sat Dec 12 21:36:48 EST 2020: Peer 1007 received the 'not interested' message from 1002.
Sat Dec 12 21:36:48 EST 2020: Peer 1007 received the 'not interested' message from 1004.
Sat Dec 12 21:36:48 EST 2020: Peer 1007 received the 'not interested' message from 1005.
Sat Dec 12 21:36:48 EST 2020: REQUEST to peer 1006.
Sat Dec 12 21:36:48 EST 2020: Peer 1007 received the 'not interested' message from 1003.
Sat Dec 12 21:36:48 EST 2020: Peer 1007 has downloaded the 'PIECE' 43 from 1006.Now the number of pieces it has is 45
Sat Dec 12 21:36:48 EST 2020: Peer 1007 received the 'not interested' message from 1001.
Sat Dec 12 21:36:48 EST 2020: Peer 1007 received the 'not interested' message from 1006.
Sat Dec 12 21:36:48 EST 2020: Peer 1007 received the 'not interested' message from 1002.
Sat Dec 12 21:36:48 EST 2020: Peer 1007 received the 'not interested' message from 1004.
Sat Dec 12 21:36:48 EST 2020: Peer 1007 received the 'not interested' message from 1005.
Sat Dec 12 21:36:48 EST 2020: REQUEST to peer 1003.
Sat Dec 12 21:36:48 EST 2020: Peer 1007 received the 'not interested' message from 1003.
Sat Dec 12 21:36:48 EST 2020: Peer 1007 has downloaded the 'PIECE' 45 from 1003.Now the number of pieces it has is 46
Sat Dec 12 21:36:48 EST 2020: Peer 1007 received the 'not interested' message from 1001.
Sat Dec 12 21:36:48 EST 2020: Peer 1007 received the 'not interested' message from 1006.
Sat Dec 12 21:36:48 EST 2020: Peer 1007 received the 'not interested' message from 1002.
Sat Dec 12 21:36:48 EST 2020: Peer 1007 received the 'not interested' message from 1004.
Sat Dec 12 21:36:48 EST 2020: Peer 1007 received the 'not interested' message from 1005.
Sat Dec 12 21:36:48 EST 2020: REQUEST to peer 1005.
Sat Dec 12 21:36:48 EST 2020: Peer 1007 received the 'not interested' message from 1003.
Sat Dec 12 21:36:48 EST 2020: Peer 1007 has downloaded the 'PIECE' 22 from 1005.Now the number of pieces it has is 47
Sat Dec 12 21:36:48 EST 2020: Peer 1007 received the 'not interested' message from 1001.
Sat Dec 12 21:36:48 EST 2020: Peer 1007 received the 'not interested' message from 1006.
Sat Dec 12 21:36:48 EST 2020: Peer 1007 received the 'not interested' message from 1002.
Sat Dec 12 21:36:48 EST 2020: Peer 1007 received the 'not interested' message from 1004.
Sat Dec 12 21:36:48 EST 2020: Peer 1007 received the 'not interested' message from 1005.
Sat Dec 12 21:36:48 EST 2020: REQUEST to peer 1001.
Sat Dec 12 21:36:48 EST 2020: Peer 1007 received the 'not interested' message from 1003.
Sat Dec 12 21:36:48 EST 2020: Peer 1007 has downloaded the 'PIECE' 25 from 1001.Now the number of pieces it has is 48
Sat Dec 12 21:36:48 EST 2020: Peer 1007 received the 'not interested' message from 1001.
Sat Dec 12 21:36:48 EST 2020: Peer 1007 received the 'not interested' message from 1006.
Sat Dec 12 21:36:48 EST 2020: Peer 1007 received the 'not interested' message from 1002.
Sat Dec 12 21:36:48 EST 2020: Peer 1007 received the 'not interested' message from 1004.
Sat Dec 12 21:36:48 EST 2020: Peer 1007 received the 'not interested' message from 1005.
Sat Dec 12 21:36:48 EST 2020: REQUEST to peer 1004.
Sat Dec 12 21:36:48 EST 2020: Peer 1007 received the 'not interested' message from 1003.
Sat Dec 12 21:36:48 EST 2020: Peer 1007 has downloaded the 'PIECE' 33 from 1004.Now the number of pieces it has is 49
Sat Dec 12 21:36:48 EST 2020: Peer 1007 received the 'not interested' message from 1001.
Sat Dec 12 21:36:48 EST 2020: Peer 1007 received the 'not interested' message from 1006.
Sat Dec 12 21:36:48 EST 2020: Peer 1007 received the 'not interested' message from 1002.
Sat Dec 12 21:36:48 EST 2020: Peer 1007 received the 'not interested' message from 1004.
Sat Dec 12 21:36:48 EST 2020: Peer 1007 received the 'not interested' message from 1005.
Sat Dec 12 21:36:48 EST 2020: REQUEST to peer 1002.
Sat Dec 12 21:36:48 EST 2020: Peer 1007 received the 'not interested' message from 1003.
Sat Dec 12 21:36:48 EST 2020: Peer 1007 has downloaded the 'PIECE' 59 from 1002.Now the number of pieces it has is 50
Sat Dec 12 21:36:48 EST 2020: Peer 1007 received the 'not interested' message from 1001.
Sat Dec 12 21:36:48 EST 2020: Peer 1007 received the 'not interested' message from 1006.
Sat Dec 12 21:36:48 EST 2020: Peer 1007 received the 'not interested' message from 1002.
Sat Dec 12 21:36:48 EST 2020: Peer 1007 received the 'not interested' message from 1004.
Sat Dec 12 21:36:48 EST 2020: Peer 1007 received the 'not interested' message from 1005.
Sat Dec 12 21:36:48 EST 2020: REQUEST to peer 1006.
Sat Dec 12 21:36:48 EST 2020: Peer 1007 received the 'not interested' message from 1003.
Sat Dec 12 21:36:48 EST 2020: Peer 1007 has downloaded the 'PIECE' 65 from 1006.Now the number of pieces it has is 51
Sat Dec 12 21:36:48 EST 2020: Peer 1007 received the 'not interested' message from 1001.
Sat Dec 12 21:36:48 EST 2020: Peer 1007 received the 'not interested' message from 1006.
Sat Dec 12 21:36:48 EST 2020: Peer 1007 received the 'not interested' message from 1002.
Sat Dec 12 21:36:48 EST 2020: Peer 1007 received the 'not interested' message from 1004.
Sat Dec 12 21:36:48 EST 2020: Peer 1007 received the 'not interested' message from 1005.
Sat Dec 12 21:36:48 EST 2020: REQUEST to peer 1003.
Sat Dec 12 21:36:48 EST 2020: Peer 1007 received the 'not interested' message from 1003.
Sat Dec 12 21:36:48 EST 2020: Peer 1007 received the 'not interested' message from 1001.
Sat Dec 12 21:36:48 EST 2020: Peer 1007 has downloaded the 'PIECE' 65 from 1003.Now the number of pieces it has is 51
Sat Dec 12 21:36:48 EST 2020: Peer 1007 received the 'not interested' message from 1006.
Sat Dec 12 21:36:49 EST 2020: Peer 1007 received the 'not interested' message from 1002.
Sat Dec 12 21:36:49 EST 2020: Peer 1007 received the 'not interested' message from 1004.
Sat Dec 12 21:36:49 EST 2020: Peer 1007 received the 'not interested' message from 1005.
Sat Dec 12 21:36:49 EST 2020: REQUEST to peer 1005.
Sat Dec 12 21:36:49 EST 2020: Peer 1007 received the 'not interested' message from 1003.
Sat Dec 12 21:36:49 EST 2020: Peer 1007 has downloaded the 'PIECE' 60 from 1005.Now the number of pieces it has is 52
Sat Dec 12 21:36:49 EST 2020: Peer 1007 received the 'not interested' message from 1001.
Sat Dec 12 21:36:49 EST 2020: Peer 1007 received the 'not interested' message from 1006.
Sat Dec 12 21:36:49 EST 2020: Peer 1007 received the 'not interested' message from 1002.
Sat Dec 12 21:36:49 EST 2020: Peer 1007 received the 'not interested' message from 1004.
Sat Dec 12 21:36:49 EST 2020: Peer 1007 received the 'not interested' message from 1005.
Sat Dec 12 21:36:49 EST 2020: REQUEST to peer 1001.
Sat Dec 12 21:36:49 EST 2020: Peer 1007 received the 'not interested' message from 1003.
Sat Dec 12 21:36:49 EST 2020: Peer 1007 has downloaded the 'PIECE' 0 from 1001.Now the number of pieces it has is 53
Sat Dec 12 21:36:49 EST 2020: Peer 1007 received the 'not interested' message from 1006.
Sat Dec 12 21:36:49 EST 2020: Peer 1007 received the 'not interested' message from 1001.
Sat Dec 12 21:36:49 EST 2020: Peer 1007 received the 'not interested' message from 1002.
Sat Dec 12 21:36:49 EST 2020: Peer 1007 received the 'not interested' message from 1004.
Sat Dec 12 21:36:49 EST 2020: Peer 1007 received the 'not interested' message from 1005.
Sat Dec 12 21:36:49 EST 2020: REQUEST to peer 1004.
Sat Dec 12 21:36:49 EST 2020: Peer 1007 received the 'not interested' message from 1003.
Sat Dec 12 21:36:49 EST 2020: Peer 1007 has downloaded the 'PIECE' 16 from 1004.Now the number of pieces it has is 54
Sat Dec 12 21:36:49 EST 2020: Peer 1007 received the 'not interested' message from 1001.
Sat Dec 12 21:36:49 EST 2020: Peer 1007 received the 'not interested' message from 1006.
Sat Dec 12 21:36:49 EST 2020: Peer 1007 received the 'not interested' message from 1002.
Sat Dec 12 21:36:49 EST 2020: Peer 1007 received the 'not interested' message from 1004.
Sat Dec 12 21:36:49 EST 2020: Peer 1007 received the 'not interested' message from 1005.
Sat Dec 12 21:36:49 EST 2020: REQUEST to peer 1002.
Sat Dec 12 21:36:49 EST 2020: Peer 1007 received the 'not interested' message from 1003.
Sat Dec 12 21:36:49 EST 2020: Peer 1007 has downloaded the 'PIECE' 36 from 1002.Now the number of pieces it has is 55
Sat Dec 12 21:36:49 EST 2020: Peer 1007 received the 'not interested' message from 1001.
Sat Dec 12 21:36:49 EST 2020: Peer 1007 received the 'not interested' message from 1006.
Sat Dec 12 21:36:49 EST 2020: Peer 1007 received the 'not interested' message from 1002.
Sat Dec 12 21:36:49 EST 2020: Peer 1007 is choked by 1004.
Sat Dec 12 21:36:49 EST 2020: Peer 1007 received the 'not interested' message from 1005.
Sat Dec 12 21:36:49 EST 2020: Peer 1007 received the 'not interested' message from 1004.
Sat Dec 12 21:36:49 EST 2020: Peer 1007 received the 'not interested' message from 1003.
Sat Dec 12 21:36:49 EST 2020: REQUEST to peer 1006.
Sat Dec 12 21:36:49 EST 2020: Peer 1007 has downloaded the 'PIECE' 28 from 1006.Now the number of pieces it has is 56
Sat Dec 12 21:36:49 EST 2020: Peer 1007 received the 'not interested' message from 1001.
Sat Dec 12 21:36:49 EST 2020: Peer 1007 received the 'not interested' message from 1006.
Sat Dec 12 21:36:49 EST 2020: Peer 1007 received the 'not interested' message from 1002.
Sat Dec 12 21:36:49 EST 2020: Peer 1007 received the 'not interested' message from 1004.
Sat Dec 12 21:36:49 EST 2020: Peer 1007 received the 'not interested' message from 1005.
Sat Dec 12 21:36:49 EST 2020: REQUEST to peer 1003.
Sat Dec 12 21:36:49 EST 2020: Peer 1007 received the 'not interested' message from 1003.
Sat Dec 12 21:36:49 EST 2020: Peer 1007 has downloaded the 'PIECE' 63 from 1003.Now the number of pieces it has is 57
Sat Dec 12 21:36:49 EST 2020: Peer 1007 received the 'not interested' message from 1001.
Sat Dec 12 21:36:49 EST 2020: Peer 1007 received the 'not interested' message from 1006.
Sat Dec 12 21:36:49 EST 2020: Peer 1007 received the 'not interested' message from 1002.
Sat Dec 12 21:36:49 EST 2020: Peer 1007 received the 'not interested' message from 1004.
Sat Dec 12 21:36:49 EST 2020: Peer 1007 received the 'not interested' message from 1005.
Sat Dec 12 21:36:49 EST 2020: Peer 1007 received the 'not interested' message from 1003.
Sat Dec 12 21:36:49 EST 2020: REQUEST to peer 1005.
Sat Dec 12 21:36:49 EST 2020: Peer 1007 has downloaded the 'PIECE' 63 from 1005.Now the number of pieces it has is 57
Sat Dec 12 21:36:49 EST 2020: Peer 1007 received the 'not interested' message from 1001.
Sat Dec 12 21:36:49 EST 2020: Peer 1007 received the 'not interested' message from 1006.
Sat Dec 12 21:36:49 EST 2020: Peer 1007 received the 'not interested' message from 1002.
Sat Dec 12 21:36:49 EST 2020: Peer 1007 received the 'not interested' message from 1004.
Sat Dec 12 21:36:49 EST 2020: REQUEST to peer 1001.
Sat Dec 12 21:36:49 EST 2020: Peer 1007 received the 'not interested' message from 1005.
Sat Dec 12 21:36:49 EST 2020: Peer 1007 received the 'not interested' message from 1003.
Sat Dec 12 21:36:49 EST 2020: Peer 1007 has downloaded the 'PIECE' 63 from 1001.Now the number of pieces it has is 57
Sat Dec 12 21:36:49 EST 2020: Peer 1007 received the 'not interested' message from 1001.
Sat Dec 12 21:36:49 EST 2020: Peer 1007 received the 'not interested' message from 1006.
Sat Dec 12 21:36:49 EST 2020: Peer 1007 received the 'not interested' message from 1002.
Sat Dec 12 21:36:49 EST 2020: Peer 1007 received the 'not interested' message from 1004.
Sat Dec 12 21:36:49 EST 2020: Peer 1007 received the 'not interested' message from 1005.
Sat Dec 12 21:36:49 EST 2020: REQUEST to peer 1004.
Sat Dec 12 21:36:49 EST 2020: Peer 1007 received the 'not interested' message from 1003.
Sat Dec 12 21:36:49 EST 2020: Peer 1007 has downloaded the 'PIECE' 46 from 1004.Now the number of pieces it has is 58
Sat Dec 12 21:36:49 EST 2020: Peer 1007 received the 'not interested' message from 1001.
Sat Dec 12 21:36:49 EST 2020: Peer 1007 received the 'not interested' message from 1006.
Sat Dec 12 21:36:49 EST 2020: Peer 1007 received the 'not interested' message from 1002.
Sat Dec 12 21:36:49 EST 2020: Peer 1007 received the 'not interested' message from 1004.
Sat Dec 12 21:36:49 EST 2020: Peer 1007 received the 'not interested' message from 1005.
Sat Dec 12 21:36:49 EST 2020: REQUEST to peer 1002.
Sat Dec 12 21:36:49 EST 2020: Peer 1007 received the 'not interested' message from 1003.
Sat Dec 12 21:36:49 EST 2020: Peer 1007 has downloaded the 'PIECE' 39 from 1002.Now the number of pieces it has is 59
Sat Dec 12 21:36:49 EST 2020: Peer 1007 received the 'not interested' message from 1001.
Sat Dec 12 21:36:49 EST 2020: Peer 1007 received the 'not interested' message from 1006.
Sat Dec 12 21:36:49 EST 2020: Peer 1007 received the 'not interested' message from 1002.
Sat Dec 12 21:36:49 EST 2020: Peer 1007 received the 'not interested' message from 1004.
Sat Dec 12 21:36:49 EST 2020: REQUEST to peer 1006.
Sat Dec 12 21:36:49 EST 2020: Peer 1007 received the 'not interested' message from 1005.
Sat Dec 12 21:36:49 EST 2020: Peer 1007 received the 'not interested' message from 1003.
Sat Dec 12 21:36:49 EST 2020: Peer 1007 has downloaded the 'PIECE' 10 from 1006.Now the number of pieces it has is 60
Sat Dec 12 21:36:49 EST 2020: Peer 1007 received the 'not interested' message from 1001.
Sat Dec 12 21:36:49 EST 2020: Peer 1007 received the 'not interested' message from 1006.
Sat Dec 12 21:36:49 EST 2020: Peer 1007 received the 'not interested' message from 1002.
Sat Dec 12 21:36:49 EST 2020: Peer 1007 received the 'not interested' message from 1004.
Sat Dec 12 21:36:49 EST 2020: Peer 1007 received the 'not interested' message from 1005.
Sat Dec 12 21:36:49 EST 2020: REQUEST to peer 1003.
Sat Dec 12 21:36:49 EST 2020: Peer 1007 received the 'not interested' message from 1003.
Sat Dec 12 21:36:49 EST 2020: Peer 1007 received the 'not interested' message from 1001.
Sat Dec 12 21:36:49 EST 2020: Peer 1007 has downloaded the 'PIECE' 39 from 1003.Now the number of pieces it has is 60
Sat Dec 12 21:36:49 EST 2020: Peer 1007 received the 'not interested' message from 1006.
Sat Dec 12 21:36:49 EST 2020: Peer 1007 received the 'not interested' message from 1002.
Sat Dec 12 21:36:49 EST 2020: Peer 1007 received the 'not interested' message from 1004.
Sat Dec 12 21:36:49 EST 2020: Peer 1007 received the 'not interested' message from 1005.
Sat Dec 12 21:36:49 EST 2020: REQUEST to peer 1005.
Sat Dec 12 21:36:49 EST 2020: Peer 1007 received the 'not interested' message from 1003.
Sat Dec 12 21:36:49 EST 2020: Peer 1007 has downloaded the 'PIECE' 31 from 1005.Now the number of pieces it has is 61
Sat Dec 12 21:36:49 EST 2020: Peer 1007 received the 'not interested' message from 1001.
Sat Dec 12 21:36:49 EST 2020: Peer 1007 received the 'not interested' message from 1006.
Sat Dec 12 21:36:49 EST 2020: Peer 1007 received the 'not interested' message from 1004.
Sat Dec 12 21:36:49 EST 2020: Peer 1007 received the 'not interested' message from 1002.
Sat Dec 12 21:36:49 EST 2020: Peer 1007 received the 'not interested' message from 1005.
Sat Dec 12 21:36:49 EST 2020: REQUEST to peer 1001.
Sat Dec 12 21:36:49 EST 2020: Peer 1007 received the 'not interested' message from 1003.
Sat Dec 12 21:36:49 EST 2020: Peer 1007 has downloaded the 'PIECE' 24 from 1001.Now the number of pieces it has is 62
Sat Dec 12 21:36:49 EST 2020: Peer 1007 received the 'not interested' message from 1006.
Sat Dec 12 21:36:49 EST 2020: Peer 1007 received the 'not interested' message from 1002.
Sat Dec 12 21:36:49 EST 2020: Peer 1007 received the 'not interested' message from 1001.
Sat Dec 12 21:36:49 EST 2020: Peer 1007 received the 'not interested' message from 1004.
Sat Dec 12 21:36:49 EST 2020: Peer 1007 received the 'not interested' message from 1005.
Sat Dec 12 21:36:49 EST 2020: REQUEST to peer 1004.
Sat Dec 12 21:36:49 EST 2020: Peer 1007 received the 'not interested' message from 1003.
Sat Dec 12 21:36:49 EST 2020: Peer 1007 has downloaded the 'PIECE' 24 from 1004.Now the number of pieces it has is 62
Sat Dec 12 21:36:49 EST 2020: Peer 1007 received the 'not interested' message from 1001.
Sat Dec 12 21:36:49 EST 2020: Peer 1007 received the 'not interested' message from 1006.
Sat Dec 12 21:36:49 EST 2020: Peer 1007 received the 'not interested' message from 1002.
Sat Dec 12 21:36:49 EST 2020: Peer 1007 received the 'not interested' message from 1004.
Sat Dec 12 21:36:49 EST 2020: Peer 1007 received the 'not interested' message from 1005.
Sat Dec 12 21:36:49 EST 2020: REQUEST to peer 1002.
Sat Dec 12 21:36:49 EST 2020: Peer 1007 received the 'not interested' message from 1003.
Sat Dec 12 21:36:49 EST 2020: Peer 1007 has downloaded the 'PIECE' 21 from 1002.Now the number of pieces it has is 63
Sat Dec 12 21:36:49 EST 2020: Peer 1007 received the 'not interested' message from 1001.
Sat Dec 12 21:36:49 EST 2020: Peer 1007 received the 'not interested' message from 1006.
Sat Dec 12 21:36:49 EST 2020: Peer 1007 received the 'not interested' message from 1002.
Sat Dec 12 21:36:49 EST 2020: Peer 1007 received the 'not interested' message from 1004.
Sat Dec 12 21:36:49 EST 2020: Peer 1007 received the 'not interested' message from 1005.
Sat Dec 12 21:36:49 EST 2020: REQUEST to peer 1006.
Sat Dec 12 21:36:49 EST 2020: Peer 1007 received the 'not interested' message from 1003.
Sat Dec 12 21:36:49 EST 2020: Peer 1007 has downloaded the 'PIECE' 19 from 1006.Now the number of pieces it has is 64
Sat Dec 12 21:36:49 EST 2020: Peer 1007 received the 'not interested' message from 1001.
Sat Dec 12 21:36:49 EST 2020: Peer 1007 received the 'not interested' message from 1006.
Sat Dec 12 21:36:49 EST 2020: Peer 1007 received the 'not interested' message from 1002.
Sat Dec 12 21:36:49 EST 2020: Peer 1007 received the 'not interested' message from 1004.
Sat Dec 12 21:36:49 EST 2020: Peer 1007 received the 'not interested' message from 1005.
Sat Dec 12 21:36:49 EST 2020: REQUEST to peer 1003.
Sat Dec 12 21:36:49 EST 2020: Peer 1007 received the 'not interested' message from 1003.
Sat Dec 12 21:36:49 EST 2020: Peer 1007 has downloaded the 'PIECE' 8 from 1003.Now the number of pieces it has is 65
Sat Dec 12 21:36:49 EST 2020: Peer 1007 received the 'not interested' message from 1001.
Sat Dec 12 21:36:49 EST 2020: Peer 1007 received the 'not interested' message from 1006.
Sat Dec 12 21:36:49 EST 2020: Peer 1007 received the 'not interested' message from 1002.
Sat Dec 12 21:36:49 EST 2020: Peer 1007 received the 'not interested' message from 1004.
Sat Dec 12 21:36:49 EST 2020: Peer 1007 received the 'not interested' message from 1005.
Sat Dec 12 21:36:49 EST 2020: REQUEST to peer 1005.
Sat Dec 12 21:36:49 EST 2020: Peer 1007 received the 'not interested' message from 1003.
Sat Dec 12 21:36:49 EST 2020: Peer 1007 has downloaded the 'PIECE' 53 from 1005.Now the number of pieces it has is 66
Sat Dec 12 21:36:49 EST 2020: Peer 1007 received the 'not interested' message from 1001.
Sat Dec 12 21:36:49 EST 2020: Peer 1007 received the 'not interested' message from 1006.
Sat Dec 12 21:36:49 EST 2020: Peer 1007 received the 'not interested' message from 1002.
Sat Dec 12 21:36:49 EST 2020: Peer 1007 received the 'not interested' message from 1004.
Sat Dec 12 21:36:49 EST 2020: Peer 1007 received the 'not interested' message from 1005.
Sat Dec 12 21:36:49 EST 2020: REQUEST to peer 1001.
Sat Dec 12 21:36:49 EST 2020: Peer 1007 received the 'not interested' message from 1003.
Sat Dec 12 21:36:49 EST 2020: Peer 1007 has downloaded the 'PIECE' 19 from 1001.Now the number of pieces it has is 66
Sat Dec 12 21:36:49 EST 2020: Peer 1007 received the 'not interested' message from 1001.
Sat Dec 12 21:36:49 EST 2020: Peer 1007 received the 'not interested' message from 1006.
Sat Dec 12 21:36:49 EST 2020: Peer 1007 received the 'not interested' message from 1002.
Sat Dec 12 21:36:49 EST 2020: Peer 1007 received the 'not interested' message from 1004.
Sat Dec 12 21:36:49 EST 2020: Peer 1007 received the 'not interested' message from 1005.
Sat Dec 12 21:36:49 EST 2020: REQUEST to peer 1004.
Sat Dec 12 21:36:49 EST 2020: Peer 1007 received the 'not interested' message from 1003.
Sat Dec 12 21:36:49 EST 2020: Peer 1007 has downloaded the 'PIECE' 53 from 1004.Now the number of pieces it has is 66
Sat Dec 12 21:36:49 EST 2020: Peer 1007 received the 'not interested' message from 1001.
Sat Dec 12 21:36:49 EST 2020: Peer 1007 received the 'not interested' message from 1006.
Sat Dec 12 21:36:49 EST 2020: Peer 1007 received the 'not interested' message from 1002.
Sat Dec 12 21:36:49 EST 2020: Peer 1007 received the 'not interested' message from 1004.
Sat Dec 12 21:36:49 EST 2020: Peer 1007 received the 'not interested' message from 1005.
Sat Dec 12 21:36:49 EST 2020: REQUEST to peer 1002.
Sat Dec 12 21:36:49 EST 2020: Peer 1007 received the 'not interested' message from 1003.
Sat Dec 12 21:36:49 EST 2020: Peer 1007 has downloaded the 'PIECE' 11 from 1002.Now the number of pieces it has is 67
Sat Dec 12 21:36:49 EST 2020: Peer 1007 received the 'not interested' message from 1001.
Sat Dec 12 21:36:49 EST 2020: Peer 1007 received the 'not interested' message from 1006.
Sat Dec 12 21:36:49 EST 2020: Peer 1007 has downloaded the complete file.
Sat Dec 12 21:36:49 EST 2020: Peer 1007 received the 'not interested' message from 1004.
Sat Dec 12 21:36:49 EST 2020: Peer 1007 received the 'not interested' message from 1005.
Sat Dec 12 21:36:49 EST 2020: Peer 1007 received the 'not interested' message from 1003.
Sat Dec 12 21:36:49 EST 2020: REQUEST to peer 1006.
Sat Dec 12 21:36:49 EST 2020: Peer 1007 has downloaded the 'PIECE' 53 from 1006.Now the number of pieces it has is 67
Sat Dec 12 21:36:49 EST 2020: Peer 1007 received the 'not interested' message from 1001.
Sat Dec 12 21:36:49 EST 2020: Peer 1007 has downloaded the complete file.
Sat Dec 12 21:36:49 EST 2020: Peer 1007 received the 'not interested' message from 1004.
Sat Dec 12 21:36:49 EST 2020: Peer 1007 received the 'not interested' message from 1005.
Sat Dec 12 21:36:49 EST 2020: REQUEST to peer 1003.
Sat Dec 12 21:36:49 EST 2020: Peer 1007 received the 'not interested' message from 1003.
Sat Dec 12 21:36:49 EST 2020: Peer 1007 has downloaded the 'PIECE' 11 from 1003.Now the number of pieces it has is 67
Sat Dec 12 21:36:49 EST 2020: Peer 1007 has downloaded the complete file.
Sat Dec 12 21:36:49 EST 2020: Peer 1007 received the 'not interested' message from 1001.
Sat Dec 12 21:36:49 EST 2020: Peer 1007 received the 'not interested' message from 1004.
Sat Dec 12 21:36:49 EST 2020: Peer 1007 received the 'not interested' message from 1005.
Sat Dec 12 21:36:49 EST 2020: REQUEST to peer 1005.
Sat Dec 12 21:36:49 EST 2020: Peer 1007 has downloaded the 'PIECE' 11 from 1005.Now the number of pieces it has is 67
Sat Dec 12 21:36:49 EST 2020: Peer 1007 received the 'not interested' message from 1001.
Sat Dec 12 21:36:49 EST 2020: Peer 1007 has downloaded the complete file.
Sat Dec 12 21:36:49 EST 2020: Peer 1007 received the 'not interested' message from 1004.
Sat Dec 12 21:36:49 EST 2020: REQUEST to peer 1001.
Sat Dec 12 21:36:49 EST 2020: Peer 1007 has downloaded the 'PIECE' 11 from 1001.Now the number of pieces it has is 67
Sat Dec 12 21:36:49 EST 2020: Peer 1007 has downloaded the complete file.
Sat Dec 12 21:36:49 EST 2020: Peer 1007 received the 'not interested' message from 1004.
Sat Dec 12 21:36:49 EST 2020: REQUEST to peer 1004.
Sat Dec 12 21:36:49 EST 2020: Peer 1007 has downloaded the 'PIECE' 11 from 1004.Now the number of pieces it has is 67
Sat Dec 12 21:36:49 EST 2020: Peer 1007 has downloaded the complete file.
Sat Dec 12 21:36:51 EST 2020: Peer 1007 is connected from Peer 1008.
Sat Dec 12 21:36:51 EST 2020: Peer 1007 received the 'interested' message from 1008.
Sat Dec 12 21:36:52 EST 2020: Peer 1007 has the preferred neighbors .
Sat Dec 12 21:36:52 EST 2020: Peer 1007 received the 'have' message from 1008 for the piece 65.
Sat Dec 12 21:36:53 EST 2020: Peer 1007 received the 'have' message from 1008 for the piece 15.
Sat Dec 12 21:36:53 EST 2020: Peer 1007 received the 'have' message from 1008 for the piece 15.
Sat Dec 12 21:36:53 EST 2020: Peer 1007 received the 'have' message from 1008 for the piece 8.
Sat Dec 12 21:36:53 EST 2020: Peer 1007 received the 'have' message from 1008 for the piece 66.
Sat Dec 12 21:36:54 EST 2020: Peer 1007 received the 'have' message from 1008 for the piece 66.
Sat Dec 12 21:36:54 EST 2020: Peer 1007 received the 'have' message from 1008 for the piece 12.
Sat Dec 12 21:36:54 EST 2020: Peer 1007 received the 'have' message from 1008 for the piece 6.
Sat Dec 12 21:36:54 EST 2020: Peer 1007 received the 'have' message from 1008 for the piece 64.
Sat Dec 12 21:36:54 EST 2020: Peer 1007 received the 'have' message from 1008 for the piece 30.
Sat Dec 12 21:36:54 EST 2020: Peer 1007 received the 'have' message from 1008 for the piece 33.
Sat Dec 12 21:36:54 EST 2020: Peer 1007 received the 'have' message from 1008 for the piece 3.
Sat Dec 12 21:36:54 EST 2020: Peer 1007 received the 'have' message from 1008 for the piece 59.
Sat Dec 12 21:36:54 EST 2020: Peer 1007 received the 'have' message from 1008 for the piece 0.
Sat Dec 12 21:36:54 EST 2020: Peer 1007 received the 'have' message from 1008 for the piece 20.
Sat Dec 12 21:36:54 EST 2020: Peer 1007 received the 'have' message from 1008 for the piece 29.
Sat Dec 12 21:36:54 EST 2020: Peer 1007 received the 'have' message from 1008 for the piece 0.
Sat Dec 12 21:36:54 EST 2020: Peer 1007 received the 'have' message from 1008 for the piece 34.
Sat Dec 12 21:36:54 EST 2020: Peer 1007 received the 'have' message from 1008 for the piece 13.
Sat Dec 12 21:36:54 EST 2020: Peer 1007 received the 'have' message from 1008 for the piece 40.
Sat Dec 12 21:36:54 EST 2020: Peer 1007 received the 'have' message from 1008 for the piece 4.
Sat Dec 12 21:36:54 EST 2020: Peer 1007 received the 'have' message from 1008 for the piece 37.
Sat Dec 12 21:36:54 EST 2020: Peer 1007 received the 'have' message from 1008 for the piece 5.
Sat Dec 12 21:36:54 EST 2020: Peer 1007 received the 'have' message from 1008 for the piece 27.
Sat Dec 12 21:36:54 EST 2020: Peer 1007 received the 'have' message from 1008 for the piece 21.
Sat Dec 12 21:36:54 EST 2020: Peer 1007 received the 'have' message from 1008 for the piece 38.
Sat Dec 12 21:36:54 EST 2020: Peer 1007 received the 'have' message from 1008 for the piece 36.
Sat Dec 12 21:36:54 EST 2020: Peer 1007 received the 'have' message from 1008 for the piece 24.
Sat Dec 12 21:36:54 EST 2020: Peer 1007 received the 'have' message from 1008 for the piece 32.
Sat Dec 12 21:36:54 EST 2020: Peer 1007 received the 'have' message from 1008 for the piece 17.
Sat Dec 12 21:36:54 EST 2020: Peer 1007 received the 'have' message from 1008 for the piece 11.
Sat Dec 12 21:36:54 EST 2020: Peer 1007 received the 'have' message from 1008 for the piece 35.
Sat Dec 12 21:36:54 EST 2020: Peer 1007 received the 'have' message from 1008 for the piece 61.
Sat Dec 12 21:36:54 EST 2020: Peer 1007 received the 'have' message from 1008 for the piece 7.
Sat Dec 12 21:36:54 EST 2020: Peer 1007 received the 'have' message from 1008 for the piece 49.
Sat Dec 12 21:36:54 EST 2020: Peer 1007 received the 'have' message from 1008 for the piece 46.
Sat Dec 12 21:36:54 EST 2020: Peer 1007 received the 'have' message from 1008 for the piece 53.
Sat Dec 12 21:36:54 EST 2020: Peer 1007 received the 'have' message from 1008 for the piece 51.
Sat Dec 12 21:36:54 EST 2020: Peer 1007 received the 'have' message from 1008 for the piece 49.
Sat Dec 12 21:36:54 EST 2020: Peer 1007 received the 'have' message from 1008 for the piece 25.
Sat Dec 12 21:36:54 EST 2020: Peer 1007 received the 'have' message from 1008 for the piece 63.
Sat Dec 12 21:36:54 EST 2020: Peer 1007 received the 'have' message from 1008 for the piece 16.
Sat Dec 12 21:36:54 EST 2020: Peer 1007 received the 'have' message from 1008 for the piece 1.
Sat Dec 12 21:36:54 EST 2020: Peer 1007 received the 'have' message from 1008 for the piece 26.
Sat Dec 12 21:36:54 EST 2020: Peer 1007 received the 'have' message from 1008 for the piece 1.
Sat Dec 12 21:36:54 EST 2020: Peer 1007 received the 'have' message from 1008 for the piece 47.
Sat Dec 12 21:36:54 EST 2020: Peer 1007 received the 'have' message from 1008 for the piece 44.
Sat Dec 12 21:36:54 EST 2020: Peer 1007 received the 'have' message from 1008 for the piece 31.
Sat Dec 12 21:36:54 EST 2020: Peer 1007 received the 'have' message from 1008 for the piece 42.
Sat Dec 12 21:36:54 EST 2020: Peer 1007 received the 'have' message from 1008 for the piece 41.
Sat Dec 12 21:36:54 EST 2020: Peer 1007 received the 'have' message from 1008 for the piece 57.
Sat Dec 12 21:36:54 EST 2020: Peer 1007 received the 'have' message from 1008 for the piece 41.
Sat Dec 12 21:36:54 EST 2020: Peer 1007 received the 'have' message from 1008 for the piece 31.
Sat Dec 12 21:36:54 EST 2020: Peer 1007 received the 'have' message from 1008 for the piece 60.
Sat Dec 12 21:36:54 EST 2020: Peer 1007 received the 'have' message from 1008 for the piece 18.
Sat Dec 12 21:36:54 EST 2020: Peer 1007 received the 'have' message from 1008 for the piece 18.
Sat Dec 12 21:36:54 EST 2020: Peer 1007 received the 'have' message from 1008 for the piece 58.
Sat Dec 12 21:36:54 EST 2020: Peer 1007 received the 'have' message from 1008 for the piece 57.
Sat Dec 12 21:36:54 EST 2020: Peer 1007 received the 'have' message from 1008 for the piece 23.
Sat Dec 12 21:36:54 EST 2020: Peer 1007 received the 'have' message from 1008 for the piece 50.
Sat Dec 12 21:36:54 EST 2020: Peer 1007 received the 'have' message from 1008 for the piece 2.
Sat Dec 12 21:36:54 EST 2020: Peer 1007 received the 'have' message from 1008 for the piece 39.
Sat Dec 12 21:36:55 EST 2020: Peer 1007 received the 'have' message from 1008 for the piece 39.
Sat Dec 12 21:36:55 EST 2020: Peer 1007 received the 'have' message from 1008 for the piece 14.
Sat Dec 12 21:36:55 EST 2020: Peer 1007 received the 'have' message from 1008 for the piece 54.
Sat Dec 12 21:36:55 EST 2020: Peer 1007 received the 'have' message from 1008 for the piece 10.
Sat Dec 12 21:36:55 EST 2020: Peer 1007 received the 'have' message from 1008 for the piece 54.
Sat Dec 12 21:36:55 EST 2020: Peer 1007 received the 'have' message from 1008 for the piece 55.
Sat Dec 12 21:36:55 EST 2020: Peer 1007 received the 'have' message from 1008 for the piece 19.
Sat Dec 12 21:36:55 EST 2020: Peer 1007 received the 'have' message from 1008 for the piece 43.
Sat Dec 12 21:36:55 EST 2020: Peer 1007 received the 'have' message from 1008 for the piece 48.
Sat Dec 12 21:36:55 EST 2020: Peer 1007 received the 'have' message from 1008 for the piece 45.
Sat Dec 12 21:36:55 EST 2020: Peer 1007 received the 'have' message from 1008 for the piece 28.
Sat Dec 12 21:36:55 EST 2020: Peer 1007 received the 'have' message from 1008 for the piece 52.
Sat Dec 12 21:36:55 EST 2020: Peer 1007 received the 'have' message from 1008 for the piece 19.
Sat Dec 12 21:36:55 EST 2020: Peer 1007 received the 'have' message from 1008 for the piece 45.
Sat Dec 12 21:36:55 EST 2020: Peer 1007 received the 'have' message from 1008 for the piece 43.
Sat Dec 12 21:36:55 EST 2020: Peer 1007 received the 'have' message from 1008 for the piece 62.
Sat Dec 12 21:36:55 EST 2020: Peer 1007 received the 'have' message from 1008 for the piece 62.
Sat Dec 12 21:36:55 EST 2020: Peer 1007 received the 'have' message from 1008 for the piece 62.
Sat Dec 12 21:36:55 EST 2020: Peer 1007 received the 'have' message from 1008 for the piece 52.
Sat Dec 12 21:36:55 EST 2020: Peer 1007 received the 'have' message from 1008 for the piece 9.
Sat Dec 12 21:36:55 EST 2020: Peer 1007 received the 'have' message from 1008 for the piece 9.
Sat Dec 12 21:36:55 EST 2020: Peer 1007 received the 'have' message from 1008 for the piece 9.
Sat Dec 12 21:36:55 EST 2020: Peer 1007 received the 'have' message from 1008 for the piece 22.
Sat Dec 12 21:36:55 EST 2020: Peer 1007 received the 'have' message from 1008 for the piece 56.
Sat Dec 12 21:36:55 EST 2020: Peer 1007 received the 'have' message from 1008 for the piece 9.
Sat Dec 12 21:36:55 EST 2020: Peer 1007 received the 'have' message from 1008 for the piece 9.
Sat Dec 12 21:36:55 EST 2020: Peer 1007 received the 'have' message from 1008 for the piece 56.
Sat Dec 12 21:36:55 EST 2020: Peer 1007 received the 'have' message from 1008 for the piece 56.
Sat Dec 12 21:36:55 EST 2020: Peer 1007 received the 'have' message from 1008 for the piece 56.
Sat Dec 12 21:36:55 EST 2020: Peer 1007 received the 'have' message from 1008 for the piece 56.
Sat Dec 12 21:36:57 EST 2020: Peer 1007 is connected from Peer 1009.
Sat Dec 12 21:36:58 EST 2020: Peer 1007 received the 'interested' message from 1009.
Sat Dec 12 21:36:58 EST 2020: Peer 1007 has the preferred neighbors .
Sat Dec 12 21:36:58 EST 2020: Peer 1007 received the 'have' message from 1009 for the piece 62.
Sat Dec 12 21:36:58 EST 2020: Peer 1007 received the 'have' message from 1009 for the piece 18.
Sat Dec 12 21:36:58 EST 2020: Peer 1007 received the 'have' message from 1009 for the piece 59.
Sat Dec 12 21:36:58 EST 2020: Peer 1007 received the 'have' message from 1009 for the piece 59.
Sat Dec 12 21:36:59 EST 2020: Peer 1007 received the 'have' message from 1009 for the piece 7.
Sat Dec 12 21:36:59 EST 2020: Peer 1007 received the 'have' message from 1009 for the piece 30.
Sat Dec 12 21:36:59 EST 2020: Peer 1007 received the 'have' message from 1009 for the piece 65.
Sat Dec 12 21:36:59 EST 2020: Peer 1007 received the 'have' message from 1009 for the piece 28.
Sat Dec 12 21:37:00 EST 2020: Peer 1007 received the 'have' message from 1009 for the piece 61.
Sat Dec 12 21:37:00 EST 2020: Peer 1007 received the 'have' message from 1009 for the piece 26.
Sat Dec 12 21:37:00 EST 2020: Peer 1007 received the 'have' message from 1009 for the piece 0.
Sat Dec 12 21:37:01 EST 2020: Peer 1007 received the 'have' message from 1009 for the piece 39.
Sat Dec 12 21:37:01 EST 2020: Peer 1007 has the optimistically unchoked neighbor 1009.
Sat Dec 12 21:37:01 EST 2020: Peer 1007 received the 'have' message from 1009 for the piece 3.
Sat Dec 12 21:37:01 EST 2020: Peer 1007 received the 'have' message from 1009 for the piece 57.
Sat Dec 12 21:37:01 EST 2020: Peer 1007 received the 'have' message from 1009 for the piece 60.
Sat Dec 12 21:37:01 EST 2020: Peer 1007 received the 'have' message from 1009 for the piece 55.
Sat Dec 12 21:37:01 EST 2020: Peer 1007 received the 'have' message from 1009 for the piece 16.
Sat Dec 12 21:37:01 EST 2020: Peer 1007 received the 'have' message from 1009 for the piece 54.
Sat Dec 12 21:37:01 EST 2020: Peer 1007 received the 'have' message from 1009 for the piece 33.
Sat Dec 12 21:37:02 EST 2020: Peer 1007 received the 'have' message from 1009 for the piece 4.
Sat Dec 12 21:37:02 EST 2020: Peer 1007 received the 'have' message from 1009 for the piece 45.
Sat Dec 12 21:37:02 EST 2020: Peer 1007 received the 'have' message from 1009 for the piece 6.
Sat Dec 12 21:37:02 EST 2020: Peer 1007 received the 'have' message from 1009 for the piece 15.
Sat Dec 12 21:37:02 EST 2020: Peer 1007 received the 'have' message from 1009 for the piece 64.
Sat Dec 12 21:37:02 EST 2020: Peer 1007 received the 'have' message from 1009 for the piece 34.
Sat Dec 12 21:37:02 EST 2020: Peer 1007 received the 'have' message from 1009 for the piece 33.
Sat Dec 12 21:37:03 EST 2020: Peer 1007 received the 'have' message from 1009 for the piece 36.
Sat Dec 12 21:37:03 EST 2020: Peer 1007 received the 'have' message from 1009 for the piece 48.
Sat Dec 12 21:37:03 EST 2020: Peer 1007 received the 'have' message from 1009 for the piece 45.
Sat Dec 12 21:37:03 EST 2020: Peer 1007 received the 'have' message from 1009 for the piece 38.
Sat Dec 12 21:37:03 EST 2020: Peer 1007 received the 'have' message from 1009 for the piece 22.
Sat Dec 12 21:37:04 EST 2020: Peer 1007 received the 'have' message from 1009 for the piece 37.
Sat Dec 12 21:37:04 EST 2020: Peer 1007 received the 'have' message from 1009 for the piece 20.
Sat Dec 12 21:37:04 EST 2020: Peer 1007 received the 'have' message from 1009 for the piece 45.
Sat Dec 12 21:37:04 EST 2020: Peer 1007 has the preferred neighbors .
Sat Dec 12 21:37:04 EST 2020: Peer 1007 received the 'have' message from 1009 for the piece 36.
Sat Dec 12 21:37:04 EST 2020: Peer 1007 received the 'have' message from 1009 for the piece 46.
Sat Dec 12 21:37:04 EST 2020: Peer 1007 received the 'have' message from 1009 for the piece 19.
Sat Dec 12 21:37:04 EST 2020: Peer 1007 received the 'have' message from 1009 for the piece 17.
Sat Dec 12 21:37:04 EST 2020: Peer 1007 received the 'have' message from 1009 for the piece 48.
Sat Dec 12 21:37:05 EST 2020: Peer 1007 received the 'have' message from 1009 for the piece 8.
Sat Dec 12 21:37:05 EST 2020: Peer 1007 received the 'have' message from 1009 for the piece 10.
Sat Dec 12 21:37:05 EST 2020: Peer 1007 received the 'have' message from 1009 for the piece 29.
Sat Dec 12 21:37:05 EST 2020: Peer 1007 received the 'have' message from 1009 for the piece 47.
Sat Dec 12 21:37:05 EST 2020: Peer 1007 received the 'have' message from 1009 for the piece 24.
Sat Dec 12 21:37:05 EST 2020: Peer 1007 received the 'have' message from 1009 for the piece 2.
Sat Dec 12 21:37:05 EST 2020: Peer 1007 received the 'have' message from 1009 for the piece 11.
Sat Dec 12 21:37:05 EST 2020: Peer 1007 received the 'have' message from 1009 for the piece 42.
Sat Dec 12 21:37:05 EST 2020: Peer 1007 received the 'have' message from 1009 for the piece 27.
Sat Dec 12 21:37:05 EST 2020: Peer 1007 received the 'have' message from 1009 for the piece 14.
Sat Dec 12 21:37:05 EST 2020: Peer 1007 received the 'have' message from 1009 for the piece 12.
Sat Dec 12 21:37:05 EST 2020: Peer 1007 received the 'have' message from 1009 for the piece 52.
Sat Dec 12 21:37:05 EST 2020: Peer 1007 received the 'have' message from 1009 for the piece 11.
Sat Dec 12 21:37:05 EST 2020: Peer 1007 received the 'have' message from 1009 for the piece 35.
Sat Dec 12 21:37:05 EST 2020: Peer 1007 received the 'have' message from 1009 for the piece 14.
Sat Dec 12 21:37:05 EST 2020: Peer 1007 received the 'have' message from 1009 for the piece 66.
Sat Dec 12 21:37:05 EST 2020: Peer 1007 received the 'have' message from 1009 for the piece 14.
Sat Dec 12 21:37:05 EST 2020: Peer 1007 received the 'have' message from 1009 for the piece 12.
Sat Dec 12 21:37:05 EST 2020: Peer 1007 received the 'have' message from 1009 for the piece 14.
Sat Dec 12 21:37:05 EST 2020: Peer 1007 received the 'have' message from 1009 for the piece 12.
Sat Dec 12 21:37:05 EST 2020: Peer 1007 received the 'have' message from 1009 for the piece 41.
Sat Dec 12 21:37:05 EST 2020: Peer 1007 received the 'have' message from 1009 for the piece 31.
Sat Dec 12 21:37:05 EST 2020: Peer 1007 received the 'have' message from 1009 for the piece 40.
Sat Dec 12 21:37:05 EST 2020: Peer 1007 received the 'have' message from 1009 for the piece 63.
Sat Dec 12 21:37:05 EST 2020: Peer 1007 received the 'have' message from 1009 for the piece 66.
Sat Dec 12 21:37:05 EST 2020: Peer 1007 received the 'have' message from 1009 for the piece 44.
Sat Dec 12 21:37:06 EST 2020: Peer 1007 received the 'have' message from 1009 for the piece 58.
Sat Dec 12 21:37:06 EST 2020: Peer 1007 received the 'have' message from 1009 for the piece 50.
Sat Dec 12 21:37:06 EST 2020: Peer 1007 has the optimistically unchoked neighbor 1009.
Sat Dec 12 21:37:06 EST 2020: Peer 1007 received the 'have' message from 1009 for the piece 25.
Sat Dec 12 21:37:06 EST 2020: Peer 1007 received the 'have' message from 1009 for the piece 63.
Sat Dec 12 21:37:06 EST 2020: Peer 1007 received the 'have' message from 1009 for the piece 63.
Sat Dec 12 21:37:06 EST 2020: Peer 1007 received the 'have' message from 1009 for the piece 49.
Sat Dec 12 21:37:07 EST 2020: Peer 1007 received the 'have' message from 1009 for the piece 49.
Sat Dec 12 21:37:07 EST 2020: Peer 1007 has the preferred neighbors .
Sat Dec 12 21:37:07 EST 2020: Peer 1007 received the 'have' message from 1009 for the piece 43.
Sat Dec 12 21:37:07 EST 2020: Peer 1007 received the 'have' message from 1009 for the piece 23.
Sat Dec 12 21:37:07 EST 2020: Peer 1007 received the 'have' message from 1009 for the piece 40.
Sat Dec 12 21:37:07 EST 2020: Peer 1007 received the 'have' message from 1009 for the piece 5.
Sat Dec 12 21:37:07 EST 2020: Peer 1007 received the 'have' message from 1009 for the piece 5.
Sat Dec 12 21:37:08 EST 2020: Peer 1007 received the 'have' message from 1009 for the piece 25.
Sat Dec 12 21:37:08 EST 2020: Peer 1007 received the 'have' message from 1009 for the piece 1.
Sat Dec 12 21:37:08 EST 2020: Peer 1007 received the 'have' message from 1009 for the piece 49.
Sat Dec 12 21:37:08 EST 2020: Peer 1007 received the 'have' message from 1009 for the piece 23.
Sat Dec 12 21:37:08 EST 2020: Peer 1007 received the 'have' message from 1009 for the piece 13.
Sat Dec 12 21:37:08 EST 2020: Peer 1007 received the 'have' message from 1009 for the piece 50.
Sat Dec 12 21:37:08 EST 2020: Peer 1007 received the 'have' message from 1009 for the piece 56.
Sat Dec 12 21:37:08 EST 2020: Peer 1007 received the 'have' message from 1009 for the piece 49.
Sat Dec 12 21:37:08 EST 2020: Peer 1007 received the 'have' message from 1009 for the piece 53.
Sat Dec 12 21:37:08 EST 2020: Peer 1007 received the 'have' message from 1009 for the piece 53.
Sat Dec 12 21:37:08 EST 2020: Peer 1007 received the 'have' message from 1009 for the piece 5.
Sat Dec 12 21:37:08 EST 2020: Peer 1007 received the 'have' message from 1009 for the piece 51.
Sat Dec 12 21:37:08 EST 2020: Peer 1007 received the 'have' message from 1009 for the piece 21.
Sat Dec 12 21:37:09 EST 2020: Peer 1007 received the 'have' message from 1009 for the piece 21.
Sat Dec 12 21:37:09 EST 2020: Peer 1007 received the 'have' message from 1009 for the piece 56.
Sat Dec 12 21:37:09 EST 2020: Peer 1007 received the 'have' message from 1009 for the piece 1.
Sat Dec 12 21:37:09 EST 2020: Peer 1007 received the 'have' message from 1009 for the piece 1.
Sat Dec 12 21:37:09 EST 2020: Peer 1007 received the 'have' message from 1009 for the piece 32.
Sat Dec 12 21:37:09 EST 2020: Peer 1007 received the 'have' message from 1009 for the piece 32.
Sat Dec 12 21:37:09 EST 2020: Peer 1007 received the 'have' message from 1009 for the piece 21.
Sat Dec 12 21:37:09 EST 2020: Peer 1007 received the 'have' message from 1009 for the piece 13.
Sat Dec 12 21:37:09 EST 2020: Peer 1007 received the 'have' message from 1009 for the piece 21.
Sat Dec 12 21:37:11 EST 2020: Peer 1007 has the optimistically unchoked neighbor 1009.
Sat Dec 12 21:37:13 EST 2020: Peer 1007 has the preferred neighbors .
Sat Dec 12 21:37:16 EST 2020: Peer 1007 has the optimistically unchoked neighbor 1009.
Sat Dec 12 21:37:19 EST 2020: Peer 1007 has the preferred neighbors .
Sat Dec 12 21:37:21 EST 2020: Peer 1007 has the optimistically unchoked neighbor 1009.
Sat Dec 12 21:37:22 EST 2020: Peer 1007 has the preferred neighbors .
Sat Dec 12 21:37:26 EST 2020: Peer 1007 has the optimistically unchoked neighbor 1009.
Sat Dec 12 21:37:28 EST 2020: Peer 1007 has the preferred neighbors .
Sat Dec 12 21:37:31 EST 2020: Peer 1007 has the optimistically unchoked neighbor 1009.
Sat Dec 12 21:37:34 EST 2020: Peer 1007 has the preferred neighbors .
Sat Dec 12 21:37:36 EST 2020: Peer 1007 has the optimistically unchoked neighbor 1009.
Sat Dec 12 21:37:37 EST 2020: Peer 1007 has the preferred neighbors .
Sat Dec 12 21:37:41 EST 2020: Peer 1007 has the optimistically unchoked neighbor 1009.
Sat Dec 12 21:37:43 EST 2020: Peer 1007 has the preferred neighbors .
Sat Dec 12 21:37:46 EST 2020: Peer 1007 has the optimistically unchoked neighbor 1009.
Sat Dec 12 21:37:49 EST 2020: Peer 1007 has the preferred neighbors .
Sat Dec 12 21:37:52 EST 2020: Peer 1007 has the optimistically unchoked neighbor 1009.
Sat Dec 12 21:37:52 EST 2020: Peer 1007 has the preferred neighbors .
Sat Dec 12 21:37:56 EST 2020: Peer 1007 has the optimistically unchoked neighbor 1009.
Sat Dec 12 21:37:58 EST 2020: Peer 1007 has the preferred neighbors .
Sat Dec 12 21:38:01 EST 2020: Peer 1007 has the optimistically unchoked neighbor 1009.
Sat Dec 12 21:38:01 EST 2020: Peer 1007 has the preferred neighbors .
Sat Dec 12 21:38:06 EST 2020: Peer 1007 has the optimistically unchoked neighbor 1009.
Sat Dec 12 21:38:07 EST 2020: Peer 1007 has the preferred neighbors .
Sat Dec 12 21:38:11 EST 2020: Peer 1007 has the optimistically unchoked neighbor 1009.
Sat Dec 12 21:38:13 EST 2020: Peer 1007 has the preferred neighbors .
Sat Dec 12 21:38:16 EST 2020: Peer 1007 has the optimistically unchoked neighbor 1009.
Sat Dec 12 21:38:19 EST 2020: Peer 1007 has the preferred neighbors .
Sat Dec 12 21:38:22 EST 2020: Peer 1007 has the optimistically unchoked neighbor 1009.
Sat Dec 12 21:38:22 EST 2020: Peer 1007 has the preferred neighbors .
Sat Dec 12 21:38:27 EST 2020: Peer 1007 has the optimistically unchoked neighbor 1009.
Sat Dec 12 21:38:28 EST 2020: Peer 1007 has the preferred neighbors .
Sat Dec 12 21:38:31 EST 2020: Peer 1007 has the optimistically unchoked neighbor 1009.
Sat Dec 12 21:38:34 EST 2020: Peer 1007 has the preferred neighbors .
Sat Dec 12 21:38:36 EST 2020: Peer 1007 has the optimistically unchoked neighbor 1009.
Sat Dec 12 21:38:37 EST 2020: Peer 1007 has the preferred neighbors .
Sat Dec 12 21:38:41 EST 2020: Peer 1007 has the optimistically unchoked neighbor 1009.
Sat Dec 12 21:38:43 EST 2020: Peer 1007 has the preferred neighbors .
Sat Dec 12 21:38:46 EST 2020: Peer 1007 has the optimistically unchoked neighbor 1009.
Sat Dec 12 21:38:49 EST 2020: Peer 1007 has the preferred neighbors .
Sat Dec 12 21:38:51 EST 2020: Peer 1007 has the optimistically unchoked neighbor 1009.
Sat Dec 12 21:38:52 EST 2020: Peer 1007 has the preferred neighbors .
Sat Dec 12 21:38:56 EST 2020: Peer 1007 has the optimistically unchoked neighbor 1009.
Sat Dec 12 21:38:58 EST 2020: Peer 1007 has the preferred neighbors .
Sat Dec 12 21:39:01 EST 2020: Peer 1007 has the optimistically unchoked neighbor 1009.
Sat Dec 12 21:39:01 EST 2020: Peer 1007 has the preferred neighbors .
Sat Dec 12 21:39:06 EST 2020: Peer 1007 has the optimistically unchoked neighbor 1009.
Sat Dec 12 21:39:07 EST 2020: Peer 1007 has the preferred neighbors .
Sat Dec 12 21:39:11 EST 2020: Peer 1007 has the optimistically unchoked neighbor 1009.
Sat Dec 12 21:39:13 EST 2020: Peer 1007 has the preferred neighbors .
Sat Dec 12 21:39:16 EST 2020: Peer 1007 has the optimistically unchoked neighbor 1009.
Sat Dec 12 21:39:19 EST 2020: Peer 1007 has the preferred neighbors .
Sat Dec 12 21:39:21 EST 2020: Peer 1007 has the optimistically unchoked neighbor 1009.
Sat Dec 12 21:39:22 EST 2020: Peer 1007 has the preferred neighbors .
Sat Dec 12 21:39:27 EST 2020: Peer 1007 has the optimistically unchoked neighbor 1009.
Sat Dec 12 21:39:28 EST 2020: Peer 1007 has the preferred neighbors .
Sat Dec 12 21:39:31 EST 2020: Peer 1007 has the optimistically unchoked neighbor 1009.
Sat Dec 12 21:39:34 EST 2020: Peer 1007 has the preferred neighbors .
Sat Dec 12 21:39:36 EST 2020: Peer 1007 has the optimistically unchoked neighbor 1009.
Sat Dec 12 21:39:37 EST 2020: Peer 1007 has the preferred neighbors .
Sat Dec 12 21:39:41 EST 2020: Peer 1007 has the optimistically unchoked neighbor 1009.
Sat Dec 12 21:39:43 EST 2020: Peer 1007 has the preferred neighbors .
Sat Dec 12 21:39:46 EST 2020: Peer 1007 has the optimistically unchoked neighbor 1009.
Sat Dec 12 21:39:49 EST 2020: Peer 1007 has the preferred neighbors .
Sat Dec 12 21:39:51 EST 2020: Peer 1007 has the optimistically unchoked neighbor 1009.
Sat Dec 12 21:39:52 EST 2020: Peer 1007 has the preferred neighbors .
Sat Dec 12 21:39:56 EST 2020: Peer 1007 has the optimistically unchoked neighbor 1009.
Sat Dec 12 21:39:58 EST 2020: Peer 1007 has the preferred neighbors .
Sat Dec 12 21:40:01 EST 2020: Peer 1007 has the optimistically unchoked neighbor 1009.
Sat Dec 12 21:40:04 EST 2020: Peer 1007 has the preferred neighbors .
Sat Dec 12 21:40:06 EST 2020: Peer 1007 has the optimistically unchoked neighbor 1009.
Sat Dec 12 21:40:07 EST 2020: Peer 1007 has the preferred neighbors .
Sat Dec 12 21:40:11 EST 2020: Peer 1007 has the optimistically unchoked neighbor 1009.
Sat Dec 12 21:40:13 EST 2020: Peer 1007 has the preferred neighbors .
Sat Dec 12 21:40:16 EST 2020: Peer 1007 has the optimistically unchoked neighbor 1009.
Sat Dec 12 21:40:19 EST 2020: Peer 1007 has the preferred neighbors .
Sat Dec 12 21:40:21 EST 2020: Peer 1007 has the optimistically unchoked neighbor 1009.
Sat Dec 12 21:40:22 EST 2020: Peer 1007 has the preferred neighbors .
Sat Dec 12 21:40:26 EST 2020: Peer 1007 has the optimistically unchoked neighbor 1009.
Sat Dec 12 21:40:28 EST 2020: Peer 1007 has the preferred neighbors .
Sat Dec 12 21:40:31 EST 2020: Peer 1007 has the optimistically unchoked neighbor 1009.
Sat Dec 12 21:40:34 EST 2020: Peer 1007 has the preferred neighbors .
Sat Dec 12 21:40:36 EST 2020: Peer 1007 has the optimistically unchoked neighbor 1009.
Sat Dec 12 21:40:37 EST 2020: Peer 1007 has the preferred neighbors .
Sat Dec 12 21:40:41 EST 2020: Peer 1007 has the optimistically unchoked neighbor 1009.
Sat Dec 12 21:40:43 EST 2020: Peer 1007 has the preferred neighbors .
Sat Dec 12 21:40:46 EST 2020: Peer 1007 has the optimistically unchoked neighbor 1009.
Sat Dec 12 21:40:49 EST 2020: Peer 1007 has the preferred neighbors .
Sat Dec 12 21:40:51 EST 2020: Peer 1007 has the optimistically unchoked neighbor 1009.
Sat Dec 12 21:40:52 EST 2020: Peer 1007 has the preferred neighbors .
Sat Dec 12 21:40:57 EST 2020: Peer 1007 has the optimistically unchoked neighbor 1009.
Sat Dec 12 21:40:58 EST 2020: Peer 1007 has the preferred neighbors .
Sat Dec 12 21:41:01 EST 2020: Peer 1007 has the optimistically unchoked neighbor 1009.
Sat Dec 12 21:41:04 EST 2020: Peer 1007 has the preferred neighbors .
Sat Dec 12 21:41:06 EST 2020: Peer 1007 has the optimistically unchoked neighbor 1009.
Sat Dec 12 21:41:07 EST 2020: Peer 1007 has the preferred neighbors .
Sat Dec 12 21:41:11 EST 2020: Peer 1007 has the optimistically unchoked neighbor 1009.
Sat Dec 12 21:41:13 EST 2020: Peer 1007 has the preferred neighbors .
Sat Dec 12 21:41:16 EST 2020: Peer 1007 has the optimistically unchoked neighbor 1009.
Sat Dec 12 21:41:19 EST 2020: Peer 1007 has the preferred neighbors .
Sat Dec 12 21:41:21 EST 2020: Peer 1007 has the optimistically unchoked neighbor 1009.
Sat Dec 12 21:41:22 EST 2020: Peer 1007 has the preferred neighbors .
Sat Dec 12 21:41:26 EST 2020: Peer 1007 has the optimistically unchoked neighbor 1009.
Sat Dec 12 21:41:28 EST 2020: Peer 1007 has the preferred neighbors .
Sat Dec 12 21:41:31 EST 2020: Peer 1007 has the optimistically unchoked neighbor 1009.
Sat Dec 12 21:41:34 EST 2020: Peer 1007 has the preferred neighbors .
Sat Dec 12 21:41:38 EST 2020: Peer 1007 has the optimistically unchoked neighbor 1009.
Sat Dec 12 21:41:40 EST 2020: Peer 1007 has the preferred neighbors .
Sat Dec 12 21:41:41 EST 2020: Peer 1007 has the optimistically unchoked neighbor 1009.
Sat Dec 12 21:41:43 EST 2020: Peer 1007 has the preferred neighbors .
Sat Dec 12 21:41:47 EST 2020: Peer 1007 has the optimistically unchoked neighbor 1009.
Sat Dec 12 21:42:06 EST 2020: Peer 1007 has the optimistically unchoked neighbor 1009.
Sat Dec 12 21:42:06 EST 2020: Peer 1007 has the preferred neighbors 1009.
Sat Dec 12 21:42:07 EST 2020: Peer 1007 has the preferred neighbors .
Sat Dec 12 21:42:11 EST 2020: Peer 1007 has the optimistically unchoked neighbor 1009.
Sat Dec 12 21:42:15 EST 2020: Peer 1007 has the preferred neighbors .
Sat Dec 12 21:42:23 EST 2020: Peer 1007 has the optimistically unchoked neighbor 1009.
Sat Dec 12 21:42:32 EST 2020: Peer 1007 has the preferred neighbors .
Sat Dec 12 21:42:41 EST 2020: Peer 1007 has the optimistically unchoked neighbor 1009.
Sat Dec 12 21:42:41 EST 2020: Peer 1007 has the preferred neighbors 1009.
Sat Dec 12 21:42:41 EST 2020: Peer 1007 has the optimistically unchoked neighbor 1009.
Sat Dec 12 21:42:41 EST 2020: Peer 1007 has the preferred neighbors .
Sat Dec 12 21:42:46 EST 2020: Peer 1007 has the optimistically unchoked neighbor 1009.
Sat Dec 12 21:42:49 EST 2020: Peer 1007 has the preferred neighbors .
Sat Dec 12 21:42:51 EST 2020: Peer 1007 has the optimistically unchoked neighbor 1009.
Sat Dec 12 21:42:52 EST 2020: Peer 1007 has the preferred neighbors .
Sat Dec 12 21:42:56 EST 2020: Peer 1007 has the optimistically unchoked neighbor 1009.
Sat Dec 12 21:42:58 EST 2020: Peer 1007 has the preferred neighbors .
Sat Dec 12 21:43:01 EST 2020: Peer 1007 has the optimistically unchoked neighbor 1009.
Sat Dec 12 21:43:04 EST 2020: Peer 1007 has the preferred neighbors .
Sat Dec 12 21:43:06 EST 2020: Peer 1007 has the optimistically unchoked neighbor 1009.
Sat Dec 12 21:43:07 EST 2020: Peer 1007 has the preferred neighbors .
Sat Dec 12 21:43:11 EST 2020: Peer 1007 has the optimistically unchoked neighbor 1009.
Sat Dec 12 21:43:13 EST 2020: Peer 1007 has the preferred neighbors .
Sat Dec 12 21:43:16 EST 2020: Peer 1007 has the optimistically unchoked neighbor 1009.
Sat Dec 12 21:43:19 EST 2020: Peer 1007 has the preferred neighbors .
Sat Dec 12 21:43:21 EST 2020: Peer 1007 has the optimistically unchoked neighbor 1009.
Sat Dec 12 21:43:22 EST 2020: Peer 1007 has the preferred neighbors .
Sat Dec 12 21:43:26 EST 2020: Peer 1007 has the optimistically unchoked neighbor 1009.
Sat Dec 12 21:43:28 EST 2020: Peer 1007 has the preferred neighbors .
Sat Dec 12 21:43:31 EST 2020: Peer 1007 has the optimistically unchoked neighbor 1009.
Sat Dec 12 21:43:34 EST 2020: Peer 1007 has the preferred neighbors .
Sat Dec 12 21:43:36 EST 2020: Peer 1007 has the optimistically unchoked neighbor 1009.
Sat Dec 12 21:43:37 EST 2020: Peer 1007 has the preferred neighbors .
Sat Dec 12 21:43:41 EST 2020: Peer 1007 has the optimistically unchoked neighbor 1009.
Sat Dec 12 21:43:43 EST 2020: Peer 1007 has the preferred neighbors .
Sat Dec 12 21:43:46 EST 2020: Peer 1007 has the optimistically unchoked neighbor 1009.
Sat Dec 12 21:43:49 EST 2020: Peer 1007 has the preferred neighbors .
Sat Dec 12 21:43:51 EST 2020: Peer 1007 has the optimistically unchoked neighbor 1009.
Sat Dec 12 21:43:52 EST 2020: Peer 1007 has the preferred neighbors .
Sat Dec 12 21:43:56 EST 2020: Peer 1007 has the optimistically unchoked neighbor 1009.
Sat Dec 12 21:43:58 EST 2020: Peer 1007 has the preferred neighbors .
Sat Dec 12 21:44:01 EST 2020: Peer 1007 has the optimistically unchoked neighbor 1009.
Sat Dec 12 21:44:04 EST 2020: Peer 1007 has the preferred neighbors .
Sat Dec 12 21:44:06 EST 2020: Peer 1007 has the optimistically unchoked neighbor 1009.
Sat Dec 12 21:44:07 EST 2020: Peer 1007 has the preferred neighbors .
Sat Dec 12 21:44:11 EST 2020: Peer 1007 has the optimistically unchoked neighbor 1009.
Sat Dec 12 21:44:13 EST 2020: Peer 1007 has the preferred neighbors .
Sat Dec 12 21:44:16 EST 2020: Peer 1007 has the optimistically unchoked neighbor 1009.
Sat Dec 12 21:44:16 EST 2020: Peer 1007 has the preferred neighbors .
Sat Dec 12 21:44:21 EST 2020: Peer 1007 has the optimistically unchoked neighbor 1009.
Sat Dec 12 21:44:22 EST 2020: Peer 1007 has the preferred neighbors .
Sat Dec 12 21:44:26 EST 2020: Peer 1007 has the optimistically unchoked neighbor 1009.
Sat Dec 12 21:44:28 EST 2020: Peer 1007 has the preferred neighbors .
Sat Dec 12 21:44:31 EST 2020: Peer 1007 has the optimistically unchoked neighbor 1009.
Sat Dec 12 21:44:47 EST 2020: Peer 1007 has the preferred neighbors 1009.
Sat Dec 12 21:44:47 EST 2020: Peer 1007 has the preferred neighbors .
Sat Dec 12 21:44:47 EST 2020: Peer 1007 has the optimistically unchoked neighbor 1009.
Sat Dec 12 21:44:48 EST 2020: Peer 1007 has the optimistically unchoked neighbor 1009.
Sat Dec 12 21:44:49 EST 2020: Peer 1007 has the preferred neighbors .
Sat Dec 12 21:44:51 EST 2020: Peer 1007 has the optimistically unchoked neighbor 1009.
Sat Dec 12 21:44:52 EST 2020: Peer 1007 has the preferred neighbors .
Sat Dec 12 21:44:57 EST 2020: Peer 1007 has the optimistically unchoked neighbor 1009.
Sat Dec 12 21:45:01 EST 2020: Peer 1007 has the optimistically unchoked neighbor 1009.
Sat Dec 12 21:45:01 EST 2020: Peer 1007 has the preferred neighbors 1009.
Sat Dec 12 21:45:01 EST 2020: Peer 1007 has the preferred neighbors .
Sat Dec 12 21:45:10 EST 2020: Peer 1007 has the optimistically unchoked neighbor 1009.
Sat Dec 12 21:45:10 EST 2020: Peer 1007 has the preferred neighbors .
Sat Dec 12 21:45:14 EST 2020: Peer 1007 has the optimistically unchoked neighbor 1009.
Sat Dec 12 21:45:19 EST 2020: Peer 1007 has the optimistically unchoked neighbor 1009.
Sat Dec 12 21:45:19 EST 2020: Peer 1007 has the preferred neighbors 1009.
Sat Dec 12 21:45:19 EST 2020: Peer 1007 has the preferred neighbors .
Sat Dec 12 21:45:24 EST 2020: Peer 1007 has the optimistically unchoked neighbor 1009.
Sat Dec 12 21:45:29 EST 2020: Peer 1007 has the preferred neighbors .
Sat Dec 12 21:45:34 EST 2020: Peer 1007 has the optimistically unchoked neighbor 1009.
Sat Dec 12 21:45:39 EST 2020: Peer 1007 has the optimistically unchoked neighbor 1009.
Sat Dec 12 21:45:39 EST 2020: Peer 1007 has the preferred neighbors 1009.
Sat Dec 12 21:45:45 EST 2020: Peer 1007 has the optimistically unchoked neighbor 1009.
Sat Dec 12 21:45:45 EST 2020: Peer 1007 has the preferred neighbors 1009.
Sat Dec 12 21:45:45 EST 2020: Peer 1007 has the preferred neighbors .
Sat Dec 12 21:45:50 EST 2020: Peer 1007 has the optimistically unchoked neighbor 1009.
Sat Dec 12 21:45:55 EST 2020: Peer 1007 has the optimistically unchoked neighbor 1009.
Sat Dec 12 21:45:55 EST 2020: Peer 1007 has the preferred neighbors 1009.
Sat Dec 12 21:45:55 EST 2020: Peer 1007 has the preferred neighbors .
Sat Dec 12 21:46:01 EST 2020: Peer 1007 has the optimistically unchoked neighbor 1009.
Sat Dec 12 21:46:07 EST 2020: Peer 1007 has the optimistically unchoked neighbor 1009.
Sat Dec 12 21:46:07 EST 2020: Peer 1007 has the preferred neighbors 1009.
Sat Dec 12 21:46:12 EST 2020: Peer 1007 has the optimistically unchoked neighbor 1009.
Sat Dec 12 21:46:12 EST 2020: Peer 1007 has the preferred neighbors 1009.
Sat Dec 12 21:46:12 EST 2020: Peer 1007 has the preferred neighbors .
Sat Dec 12 21:46:17 EST 2020: Peer 1007 has the optimistically unchoked neighbor 1009.
Sat Dec 12 21:46:17 EST 2020: Peer 1007 has the preferred neighbors .
Sat Dec 12 21:46:23 EST 2020: Peer 1007 has the optimistically unchoked neighbor 1009.
Sat Dec 12 21:46:23 EST 2020: Peer 1007 has the preferred neighbors .
Sat Dec 12 21:46:29 EST 2020: Peer 1007 has the optimistically unchoked neighbor 1009.
Sat Dec 12 21:46:34 EST 2020: Peer 1007 has the optimistically unchoked neighbor 1009.
Sat Dec 12 21:46:34 EST 2020: Peer 1007 has the preferred neighbors 1009.
Sat Dec 12 21:46:34 EST 2020: Peer 1007 has the preferred neighbors .
Sat Dec 12 21:46:38 EST 2020: Peer 1007 has the optimistically unchoked neighbor 1009.
Sat Dec 12 21:46:43 EST 2020: Peer 1007 has the optimistically unchoked neighbor 1009.
Sat Dec 12 21:46:43 EST 2020: Peer 1007 has the preferred neighbors 1009.
Sat Dec 12 21:46:43 EST 2020: Peer 1007 has the preferred neighbors .
Sat Dec 12 21:46:48 EST 2020: Peer 1007 has the optimistically unchoked neighbor 1009.
Sat Dec 12 21:46:52 EST 2020: Peer 1007 has the optimistically unchoked neighbor 1009.
Sat Dec 12 21:46:52 EST 2020: Peer 1007 has the preferred neighbors 1009.
Sat Dec 12 21:46:52 EST 2020: Peer 1007 has the preferred neighbors .
Sat Dec 12 21:46:57 EST 2020: Peer 1007 has the optimistically unchoked neighbor 1009.
Sat Dec 12 21:46:57 EST 2020: Peer 1007 has the preferred neighbors .
Sat Dec 12 21:47:02 EST 2020: Peer 1007 has the optimistically unchoked neighbor 1009.
Sat Dec 12 21:47:06 EST 2020: Peer 1007 has the preferred neighbors .
Sat Dec 12 21:47:11 EST 2020: Peer 1007 has the optimistically unchoked neighbor 1009.
Sat Dec 12 21:47:16 EST 2020: Peer 1007 has the optimistically unchoked neighbor 1009.
Sat Dec 12 21:47:16 EST 2020: Peer 1007 has the preferred neighbors 1009.
Sat Dec 12 21:47:16 EST 2020: Peer 1007 has the preferred neighbors .
Sat Dec 12 21:47:22 EST 2020: Peer 1007 has the optimistically unchoked neighbor 1009.
Sat Dec 12 21:47:22 EST 2020: Peer 1007 has the preferred neighbors .
Sat Dec 12 21:47:27 EST 2020: Peer 1007 has the optimistically unchoked neighbor 1009.
Sat Dec 12 21:47:33 EST 2020: Peer 1007 has the optimistically unchoked neighbor 1009.
Sat Dec 12 21:47:33 EST 2020: Peer 1007 has the preferred neighbors 1009.
Sat Dec 12 21:47:33 EST 2020: Peer 1007 has the preferred neighbors .
Sat Dec 12 21:47:38 EST 2020: Peer 1007 has the optimistically unchoked neighbor 1009.
Sat Dec 12 21:47:44 EST 2020: Peer 1007 has the optimistically unchoked neighbor 1009.
Sat Dec 12 21:47:44 EST 2020: Peer 1007 has the preferred neighbors 1009.
Sat Dec 12 21:47:44 EST 2020: Peer 1007 has the preferred neighbors .
Sat Dec 12 21:47:49 EST 2020: Peer 1007 has the optimistically unchoked neighbor 1009.
Sat Dec 12 21:47:54 EST 2020: Peer 1007 has the preferred neighbors 1009.
Sat Dec 12 21:47:54 EST 2020: Peer 1007 has the optimistically unchoked neighbor 1009.
Sat Dec 12 21:48:00 EST 2020: Peer 1007 has the preferred neighbors .
Sat Dec 12 21:48:05 EST 2020: Peer 1007 has the optimistically unchoked neighbor 1009.
Sat Dec 12 21:48:05 EST 2020: Peer 1007 has the preferred neighbors .
Sat Dec 12 21:48:11 EST 2020: Peer 1007 has the optimistically unchoked neighbor 1009.
Sat Dec 12 21:48:16 EST 2020: Peer 1007 has the preferred neighbors .
Sat Dec 12 21:48:22 EST 2020: Peer 1007 has the optimistically unchoked neighbor 1009.
Sat Dec 12 21:48:28 EST 2020: Peer 1007 has the optimistically unchoked neighbor 1009.
Sat Dec 12 21:48:28 EST 2020: Peer 1007 has the preferred neighbors 1009.
Sat Dec 12 21:48:28 EST 2020: Peer 1007 has the preferred neighbors .
Sat Dec 12 21:48:33 EST 2020: Peer 1007 has the optimistically unchoked neighbor 1009.
Sat Dec 12 21:48:39 EST 2020: Peer 1007 has the optimistically unchoked neighbor 1009.
Sat Dec 12 21:48:39 EST 2020: Peer 1007 has the preferred neighbors 1009.
Sat Dec 12 21:48:39 EST 2020: Peer 1007 has the preferred neighbors .
Sat Dec 12 21:48:45 EST 2020: Peer 1007 has the optimistically unchoked neighbor 1009.
Sat Dec 12 21:48:50 EST 2020: Peer 1007 has the preferred neighbors 1009.
Sat Dec 12 21:48:50 EST 2020: Peer 1007 has the optimistically unchoked neighbor 1009.
Sat Dec 12 21:48:50 EST 2020: Peer 1007 has the preferred neighbors .
Sat Dec 12 21:48:55 EST 2020: Peer 1007 has the optimistically unchoked neighbor 1009.
Sat Dec 12 21:49:00 EST 2020: Peer 1007 has the optimistically unchoked neighbor 1009.
Sat Dec 12 21:49:00 EST 2020: Peer 1007 has the preferred neighbors 1009.
Sat Dec 12 21:49:06 EST 2020: Peer 1007 has the preferred neighbors .
Sat Dec 12 21:49:11 EST 2020: Peer 1007 has the optimistically unchoked neighbor 1009.
Sat Dec 12 21:49:16 EST 2020: Peer 1007 has the preferred neighbors .
Sat Dec 12 21:49:22 EST 2020: Peer 1007 has the optimistically unchoked neighbor 1009.
Sat Dec 12 21:49:27 EST 2020: Peer 1007 has the preferred neighbors .
Sat Dec 12 21:49:32 EST 2020: Peer 1007 has the optimistically unchoked neighbor 1009.
Sat Dec 12 21:49:32 EST 2020: Peer 1007 has the preferred neighbors .
Sat Dec 12 21:49:44 EST 2020: Peer 1007 has the optimistically unchoked neighbor 1009.
Sat Dec 12 21:49:49 EST 2020: Peer 1007 has the optimistically unchoked neighbor 1009.
Sat Dec 12 21:49:49 EST 2020: Peer 1007 has the preferred neighbors 1009.
Sat Dec 12 21:49:49 EST 2020: Peer 1007 has the preferred neighbors .
Sat Dec 12 21:49:54 EST 2020: Peer 1007 has the optimistically unchoked neighbor 1009.
Sat Dec 12 21:50:00 EST 2020: Peer 1007 has the optimistically unchoked neighbor 1009.
Sat Dec 12 21:50:00 EST 2020: Peer 1007 has the preferred neighbors 1009.
Sat Dec 12 21:50:00 EST 2020: Peer 1007 has the preferred neighbors .
Sat Dec 12 21:50:11 EST 2020: Peer 1007 has the optimistically unchoked neighbor 1009.
Sat Dec 12 21:50:16 EST 2020: Peer 1007 has the preferred neighbors .
Sat Dec 12 21:50:16 EST 2020: Peer 1007 has the optimistically unchoked neighbor 1009.
Sat Dec 12 21:50:22 EST 2020: Peer 1007 has the preferred neighbors .
Sat Dec 12 21:50:43 EST 2020: Peer 1007 has the optimistically unchoked neighbor 1009.
Sat Dec 12 21:50:53 EST 2020: Peer 1007 has the optimistically unchoked neighbor 1009.
Sat Dec 12 21:50:49 EST 2020: Peer 1007 has the preferred neighbors 1009.
Sat Dec 12 21:50:53 EST 2020: Peer 1007 has the preferred neighbors .
Sat Dec 12 21:50:59 EST 2020: Peer 1007 has the optimistically unchoked neighbor 1009.
Sat Dec 12 21:51:04 EST 2020: Peer 1007 has the optimistically unchoked neighbor 1009.
Sat Dec 12 21:51:04 EST 2020: Peer 1007 has the preferred neighbors 1009.
Sat Dec 12 21:51:04 EST 2020: Peer 1007 has the preferred neighbors .
Sat Dec 12 21:51:09 EST 2020: Peer 1007 has the optimistically unchoked neighbor 1009.
Sat Dec 12 21:51:16 EST 2020: Peer 1007 has the optimistically unchoked neighbor 1009.
Sat Dec 12 21:51:16 EST 2020: Peer 1007 has the preferred neighbors 1009.
Sat Dec 12 21:51:16 EST 2020: Peer 1007 has the preferred neighbors .
Sat Dec 12 21:51:21 EST 2020: Peer 1007 has the optimistically unchoked neighbor 1009.
Sat Dec 12 21:51:26 EST 2020: Peer 1007 has the preferred neighbors .
Sat Dec 12 21:51:31 EST 2020: Peer 1007 has the optimistically unchoked neighbor 1009.
Sat Dec 12 21:51:31 EST 2020: Peer 1007 has the preferred neighbors .
Sat Dec 12 21:51:37 EST 2020: Peer 1007 has the optimistically unchoked neighbor 1009.
Sat Dec 12 21:51:42 EST 2020: Peer 1007 has the preferred neighbors .
Sat Dec 12 21:51:47 EST 2020: Peer 1007 has the optimistically unchoked neighbor 1009.
Sat Dec 12 21:51:47 EST 2020: Peer 1007 has the preferred neighbors .
